
muscle 5.1.linux64 [12f0e2]  396Gb RAM, 24 cores
Built Jan 13 2022 23:17:13
(C) Copyright 2004-2021 Robert C. Edgar.
https://drive5.com

Input: 14 seqs, avg length 381, max 411

00:00 3.9Mb  CPU has 24 cores, defaulting to 20 threads

WARNING: Max OMP threads 1

00:00 3.9Mb     1.1% Calc posteriors00:01 4.1Mb    12.1% Calc posteriors00:02 11Mb     56.0% Calc posteriors00:03 5.0Mb   100.0% Calc posteriors
00:03 11Mb      1.1% Consistency (1/2)00:03 11Mb    100.0% Consistency (1/2)
00:03 11Mb      1.1% Consistency (2/2)00:03 11Mb    100.0% Consistency (2/2)
00:03 11Mb      7.7% UPGMA5           00:03 11Mb    100.0% UPGMA5
00:03 11Mb      1.0% Refining00:03 11Mb    100.0% Refining
INFO:Malign:No identity filter
INFO:Malign:Star /work3/idamei/wzy/ssn-clusterings/2209121518/clusters/0014_93/seeds.txt
INFO:Malign:Star highlights 1
Read FASTA line_by_line from /work3/idamei/wzy/ssn-clusterings/2209121518/clusters/0014_93/sequences.afa 14 elements
INFO:Malign:No identity filter
INFO:Malign:Fasta contains 14 valid records
INFO:Malign:Aligned already
INFO:Malign:Align contains 14 valid records
FastTree Version 2.1.11 SSE3
Alignment: /work3/idamei/wzy/ssn-clusterings/2209121518/clusters/0014_93/sequences.afa
Amino acid distances: BLOSUM45 Joins: balanced Support: SH-like 1000
Search: Normal +NNI +SPR (2 rounds range 10) +ML-NNI opt-each=1
TopHits: 1.00*sqrtN close=default refresh=0.80
ML Model: Jones-Taylor-Thorton, CAT approximation with 20 rate categories
Initial topology in 0.00 seconds
Refining topology: 15 rounds ME-NNIs, 2 rounds ME-SPRs, 7 rounds ML-NNIs
Total branch-length 4.575 after 0.03 sec
ML-NNI round 1: LogLk = -8282.152 NNIs 2 max delta 5.69 Time 0.08
      0.10 seconds: Site likelihoods with rate category 13 of 20
Switched to using 20 rate categories (CAT approximation)
Rate categories were divided by 0.887 so that average rate = 1.0
CAT-based log-likelihoods may not be comparable across runs
Use -gamma for approximate but comparable Gamma(20) log-likelihoods
ML-NNI round 2: LogLk = -7810.938 NNIs 0 max delta 0.00 Time 0.15
Turning off heuristics for final round of ML NNIs (converged)
ML-NNI round 3: LogLk = -7808.973 NNIs 0 max delta 0.00 Time 0.21 (final)
      0.21 seconds: ML Lengths 1 of 11 splits
Optimize all lengths: LogLk = -7808.956 Time 0.23
Total time: 0.29 seconds Unique: 13/14 Bad splits: 0/10
