
muscle 5.1.linux64 [12f0e2]  396Gb RAM, 24 cores
Built Jan 13 2022 23:17:13
(C) Copyright 2004-2021 Robert C. Edgar.
https://drive5.com

Input: 23 seqs, avg length 431, max 450

00:00 3.9Mb  CPU has 24 cores, defaulting to 20 threads

WARNING: Max OMP threads 1

00:00 3.9Mb     0.4% Calc posteriors00:01 4.8Mb     4.3% Calc posteriors00:02 4.8Mb    13.4% Calc posteriors00:03 4.8Mb    22.5% Calc posteriors00:04 14Mb     31.2% Calc posteriors00:05 5.7Mb    39.9% Calc posteriors00:06 13Mb     49.4% Calc posteriors00:07 5.8Mb    58.5% Calc posteriors00:08 6.1Mb    67.6% Calc posteriors00:09 14Mb     76.3% Calc posteriors00:10 6.6Mb    85.0% Calc posteriors00:11 6.9Mb    93.7% Calc posteriors00:11 7.1Mb   100.0% Calc posteriors
00:11 7.1Mb     0.4% Consistency (1/2)00:11 12Mb    100.0% Consistency (1/2)
00:11 12Mb      0.4% Consistency (2/2)00:12 12Mb      4.7% Consistency (2/2)00:12 12Mb    100.0% Consistency (2/2)
00:12 12Mb      4.5% UPGMA5           00:12 12Mb    100.0% UPGMA5
00:12 12Mb      1.0% Refining00:12 13Mb    100.0% Refining
INFO:Malign:No identity filter
INFO:Malign:Star /work3/idamei/ssn-clusterings/2206011120/clusters/0023_102/seeds.txt
INFO:Malign:Star highlights 2
INFO:Malign:No identity filter
INFO:Malign:Fasta contains 23 valid records
INFO:Malign:Aligned already
INFO:Malign:Align contains 23 valid records
inputType: FASTA

