
muscle 5.1.linux64 [12f0e2]  396Gb RAM, 24 cores
Built Jan 13 2022 23:17:13
(C) Copyright 2004-2021 Robert C. Edgar.
https://drive5.com

Input: 25 seqs, avg length 449, max 463

00:00 3.9Mb  CPU has 24 cores, defaulting to 20 threads

WARNING: Max OMP threads 1

00:00 3.9Mb    0.33% Calc posteriors00:01 4.9Mb     6.3% Calc posteriors00:02 4.9Mb    13.3% Calc posteriors00:03 4.9Mb    20.0% Calc posteriors00:04 5.0Mb    27.0% Calc posteriors00:05 6.1Mb    34.0% Calc posteriors00:06 14Mb     41.3% Calc posteriors00:07 6.1Mb    48.0% Calc posteriors00:08 6.1Mb    55.0% Calc posteriors00:09 6.3Mb    62.0% Calc posteriors00:10 6.5Mb    68.7% Calc posteriors00:11 6.8Mb    75.7% Calc posteriors00:12 16Mb     83.0% Calc posteriors00:13 7.9Mb    90.0% Calc posteriors00:14 7.9Mb    97.7% Calc posteriors00:14 7.9Mb   100.0% Calc posteriors
00:14 7.9Mb    0.33% Consistency (1/2)00:14 12Mb    100.0% Consistency (1/2)
00:14 12Mb     0.33% Consistency (2/2)00:14 12Mb    100.0% Consistency (2/2)
00:14 12Mb      4.2% UPGMA5           00:14 12Mb    100.0% UPGMA5
00:14 12Mb      1.0% Refining00:15 13Mb     29.0% Refining00:15 14Mb    100.0% Refining
INFO:Malign:No identity filter
INFO:Malign:Star /work3/idamei/ssn-clusterings/2206020950/clusters/0025_69/seeds.txt
INFO:Malign:Star highlights 1
INFO:Malign:No identity filter
INFO:Malign:Fasta contains 25 valid records
INFO:Malign:Aligned already
INFO:Malign:Align contains 25 valid records
inputType: FASTA
================================================================================
WARNINGS

One or more weights was less than -50 bits.
To avoid such amino acid dominating the logo position, these was reduced to -50
bits.
To remove this warning you could try choosing the option of pseudo counts.
================================================================================

