
muscle 5.1.linux64 [12f0e2]  528Gb RAM, 24 cores
Built Jan 13 2022 23:17:13
(C) Copyright 2004-2021 Robert C. Edgar.
https://drive5.com

Input: 26 seqs, avg length 416, max 463

00:00 3.9Mb  CPU has 24 cores, defaulting to 20 threads

WARNING: Max OMP threads 1

00:00 3.9Mb    0.31% Calc posteriors00:01 4.9Mb     6.5% Calc posteriors00:02 4.9Mb    14.2% Calc posteriors00:03 5.0Mb    20.9% Calc posteriors00:04 5.8Mb    28.6% Calc posteriors00:05 14Mb     38.2% Calc posteriors00:06 14Mb     47.1% Calc posteriors00:07 14Mb     55.4% Calc posteriors00:08 15Mb     64.0% Calc posteriors00:09 15Mb     72.0% Calc posteriors00:10 16Mb     80.3% Calc posteriors00:11 16Mb     88.6% Calc posteriors00:12 8.2Mb    96.6% Calc posteriors00:12 15Mb    100.0% Calc posteriors
00:12 15Mb     0.31% Consistency (1/2)00:12 15Mb    100.0% Consistency (1/2)
00:12 15Mb     0.31% Consistency (2/2)00:13 15Mb     19.1% Consistency (2/2)00:13 15Mb    100.0% Consistency (2/2)
00:13 15Mb      4.0% UPGMA5           00:13 15Mb    100.0% UPGMA5
00:13 15Mb      1.0% Refining00:13 16Mb    100.0% Refining
INFO:Malign:No identity filter
INFO:Malign:Star /work3/idamei/ssn-clusterings/2206071104/clusters/0026_95/seeds.txt
INFO:Malign:Star highlights 2
INFO:Malign:No identity filter
INFO:Malign:Fasta contains 26 valid records
INFO:Malign:Aligned already
INFO:Malign:Align contains 26 valid records
inputType: FASTA
================================================================================
WARNINGS

One or more weights was less than -50 bits.
To avoid such amino acid dominating the logo position, these was reduced to -50
bits.
To remove this warning you could try choosing the option of pseudo counts.
================================================================================

