
muscle 5.1.linux64 [12f0e2]  792Gb RAM, 32 cores
Built Jan 13 2022 23:17:13
(C) Copyright 2004-2021 Robert C. Edgar.
https://drive5.com

Input: 17 seqs, avg length 439, max 469

00:00 3.9Mb  CPU has 32 cores, defaulting to 20 threads

WARNING: Max OMP threads 1

00:00 3.9Mb    0.74% Calc posteriors00:01 4.8Mb    14.7% Calc posteriors00:02 4.8Mb    33.1% Calc posteriors00:03 5.7Mb    50.7% Calc posteriors00:04 14Mb     69.1% Calc posteriors00:05 14Mb     86.8% Calc posteriors00:05 14Mb    100.0% Calc posteriors
00:05 14Mb     0.74% Consistency (1/2)00:05 14Mb    100.0% Consistency (1/2)
00:05 14Mb     0.74% Consistency (2/2)00:06 14Mb      5.9% Consistency (2/2)00:06 14Mb    100.0% Consistency (2/2)
00:06 14Mb      6.2% UPGMA5           00:06 14Mb    100.0% UPGMA5
00:06 14Mb      1.0% Refining00:06 14Mb    100.0% Refining
INFO:Malign:No identity filter
INFO:Malign:Star /work3/idamei/wzy/ssn-clusterings/2210041007/superclusterings/2210041009/superclusters/0017_1_103/seeds.txt
INFO:Malign:Star highlights 1 from comma-separated list
Read FASTA line_by_line from /work3/idamei/wzy/ssn-clusterings/2210041007/superclusterings/2210041009/superclusters/0017_1_103/sequences.afa 17 elements
INFO:Malign:No identity filter
INFO:Malign:Fasta contains 17 valid records
INFO:Malign:Aligned already
INFO:Malign:Align contains 17 valid records
FastTree Version 2.1.11 SSE3
Alignment: /work3/idamei/wzy/ssn-clusterings/2210041007/superclusterings/2210041009/superclusters/0017_1_103/sequences.afa
Amino acid distances: BLOSUM45 Joins: balanced Support: SH-like 1000
Search: Normal +NNI +SPR (2 rounds range 10) +ML-NNI opt-each=1
TopHits: 1.00*sqrtN close=default refresh=0.80
ML Model: Jones-Taylor-Thorton, CAT approximation with 20 rate categories
Initial topology in 0.00 seconds
Refining topology: 16 rounds ME-NNIs, 2 rounds ME-SPRs, 8 rounds ML-NNIs
Total branch-length 8.832 after 0.07 sec
ML-NNI round 1: LogLk = -15662.242 NNIs 2 max delta 2.10 Time 0.18
      0.18 seconds: Site likelihoods with rate category 1 of 20
Switched to using 20 rate categories (CAT approximation)
Rate categories were divided by 0.917 so that average rate = 1.0
CAT-based log-likelihoods may not be comparable across runs
Use -gamma for approximate but comparable Gamma(20) log-likelihoods
ML-NNI round 2: LogLk = -15040.992 NNIs 1 max delta 0.07 Time 0.28
Turning off heuristics for final round of ML NNIs (converged)
ML-NNI round 3: LogLk = -15036.535 NNIs 0 max delta 0.00 Time 0.38 (final)
      0.38 seconds: ML Lengths 1 of 14 splits
Optimize all lengths: LogLk = -15036.503 Time 0.41
Total time: 0.50 seconds Unique: 16/17 Bad splits: 0/13
