# hmmsearch :: search profile(s) against a sequence database
# HMMER 3.3.2 (Nov 2020); http://hmmer.org/
# Copyright (C) 2020 Howard Hughes Medical Institute.
# Freely distributed under the BSD open source license.
# - - - - - - - - - - - - - - - - - - - - - - - - - - - - - - - - - - - -
# query HMM file:                  data/wzy/ssn-clusterings/2206101141/clusters/0082_37/sequences.hmm
# target sequence database:        data/wzy/ssn-clusterings/2206101141/clusters/0009_155/sequences.fa
# - - - - - - - - - - - - - - - - - - - - - - - - - - - - - - - - - - - -

Query:       sequences  [M=410]
Scores for complete sequences (score includes all domains):
   --- full sequence ---   --- best 1 domain ---    -#dom-
    E-value  score  bias    E-value  score  bias    exp  N  Sequence       Description
    ------- ------ -----    ------- ------ -----   ---- --  --------       -----------
    1.4e-07   19.7   2.6    1.4e-07   19.7   2.6    2.6  2  WP_207737042.1  


Domain annotation for each sequence (and alignments):
>> WP_207737042.1  
   #    score  bias  c-Evalue  i-Evalue hmmfrom  hmm to    alifrom  ali to    envfrom  env to     acc
 ---   ------ ----- --------- --------- ------- -------    ------- -------    ------- -------    ----
   1 ?   -5.8  27.2      0.89         8      33     252 ..      33     255 ..       1     273 [. 0.51
   2 !   19.7   2.6   1.6e-08   1.4e-07     320     395 ..     321     397 ..     318     410 .. 0.60

  Alignments for each domain:
  == domain 1  score: -5.8 bits;  conditional E-value: 0.89
       sequences  33 asSlalGllvaslliillsllsikklkiskkklll....fvvlvvlllllhslliavleeaddvkpllSlvl.liiillaalllskrlsklseke 122
                     ++ l +G  v  +l+++l +l+ kk+k++  k+ l    ++ l++   ++++++++v    ++   ++S+++ + +i+++++ +  + ++l++++
  WP_207737042.1  33 LGILLFGPEVLGTLYLFL-ALAKKKFKVN--KVALrrknYSDLLLGCFVIYVIISVV----WSNWDIYSIIVrFRYIIMGCITYWVVHENLTDEV 120
                     555555655555565555.3333445443..33441111332333333444433444....4444566766625577788999999999****** PP

       sequences 123 lkkavkfllyillligilsvlri.kignyagkekpvfpFsEpShfA...Lvfapfliyslvls..skk.krllllilllllalllqn....ltll 206
                     ++k++++++++ +++ +l + +   +g ++ +++ +f F+     A   +++a  l++++++   ++   r++l++ l ++   +      ++ll
  WP_207737042.1 121 YRKIINIMCIAQIINFFLVLYQFfIMGINVDFANGIFGFTGYANAAqgsFCVALSLLAFVYYLdgTWHpMRSFLILGLSCVICAVSEikiyFVLL 215
                     *********999999999888887888899*********97544332223443333333333311333344444443333333333212224555 PP

       sequences 207 vgvllallifkrislllviilllvvllliiilesedlsYftsRLdf 252
                     v+ ++ ++ +++ s    i ++++       + +++l Yf  R+ +
  WP_207737042.1 216 VIGIIGIIAIRKNSFKERIRIIAIG------AVIVTLLYFAYRILL 255
                     5555555555333333222222222......222344555555555 PP

  == domain 2  score: 19.7 bits;  conditional E-value: 1.6e-08
       sequences 320 KlisEfGvlGillvllylflllksvlrlrkikkneeeskkeilaysiiiafli...elfvRGvGYFsptvfLlvaslll 395
                     K  +EfG++G+ll+l++lf +++++++ ++   + +++++   ay+ ++ ++i   +  +    Y++  +fL+++s+++
  WP_207737042.1 321 KSFAEFGFIGLLLILFFLFSIFWFYFAPKRKTLR-TQEQLFAAAYAGVALVAIvvwNCTFTRFAYLNF-FFLAISSVVW 397
                     7889**********************99997655.222222222222222221112344444555543.5555555555 PP



Internal pipeline statistics summary:
-------------------------------------
Query model(s):                            1  (410 nodes)
Target sequences:                          9  (3632 residues searched)
Passed MSV filter:                         9  (1); expected 0.2 (0.02)
Passed bias filter:                        2  (0.222222); expected 0.2 (0.02)
Passed Vit filter:                         2  (0.222222); expected 0.0 (0.001)
Passed Fwd filter:                         1  (0.111111); expected 0.0 (1e-05)
Initial search space (Z):                  9  [actual number of targets]
Domain search space  (domZ):               1  [number of targets reported over threshold]
# CPU time: 0.01u 0.00s 00:00:00.01 Elapsed: 00:00:00.00
# Mc/sec: 211.90
//
[ok]
