
muscle 5.1.linux64 [12f0e2]  396Gb RAM, 24 cores
Built Jan 13 2022 23:17:13
(C) Copyright 2004-2021 Robert C. Edgar.
https://drive5.com

Input: 21 seqs, avg length 441, max 458

00:00 3.9Mb  CPU has 24 cores, defaulting to 20 threads

WARNING: Max OMP threads 1

00:00 3.9Mb    0.48% Calc posteriors00:01 4.8Mb    10.0% Calc posteriors00:02 4.8Mb    22.4% Calc posteriors00:03 5.0Mb    34.8% Calc posteriors00:04 5.3Mb    47.1% Calc posteriors00:05 5.7Mb    59.5% Calc posteriors00:06 6.0Mb    72.4% Calc posteriors00:07 6.4Mb    85.2% Calc posteriors00:08 6.7Mb    98.6% Calc posteriors00:08 6.7Mb   100.0% Calc posteriors
00:08 15Mb     0.48% Consistency (1/2)00:08 15Mb    100.0% Consistency (1/2)
00:08 15Mb     0.48% Consistency (2/2)00:08 15Mb    100.0% Consistency (2/2)
00:08 15Mb      5.0% UPGMA5           00:08 15Mb    100.0% UPGMA5
00:08 15Mb      1.0% Refining00:08 15Mb    100.0% Refining
INFO:Malign:No identity filter
INFO:Malign:Star /work3/idamei/ssn-clusterings/2206021344/clusters/0021_219/seeds.txt
INFO:Malign:Star highlights 1
INFO:Malign:No identity filter
INFO:Malign:Fasta contains 21 valid records
INFO:Malign:Aligned already
INFO:Malign:Align contains 21 valid records
inputType: FASTA
================================================================================
WARNINGS

One or more weights was less than -50 bits.
To avoid such amino acid dominating the logo position, these was reduced to -50
bits.
To remove this warning you could try choosing the option of pseudo counts.
================================================================================

