# hmmsearch :: search profile(s) against a sequence database
# HMMER 3.3.2 (Nov 2020); http://hmmer.org/
# Copyright (C) 2020 Howard Hughes Medical Institute.
# Freely distributed under the BSD open source license.
# - - - - - - - - - - - - - - - - - - - - - - - - - - - - - - - - - - - -
# query HMM file:                  data/wzy/ssn-clusterings/2206101141/clusters/0024_25/sequences.hmm
# target sequence database:        data/wzy/ssn-clusterings/2206101141/clusters/0152_11/sequences.fa
# - - - - - - - - - - - - - - - - - - - - - - - - - - - - - - - - - - - -

Query:       sequences  [M=398]
Scores for complete sequences (score includes all domains):
   --- full sequence ---   --- best 1 domain ---    -#dom-
    E-value  score  bias    E-value  score  bias    exp  N  Sequence       Description
    ------- ------ -----    ------- ------ -----   ---- --  --------       -----------
  ------ inclusion threshold ------
      0.011    7.8  53.2     0.0082    8.3   4.1    2.1  2  CAI34124.1      
      0.011    7.8  53.2     0.0082    8.3   4.1    2.1  2  CAI34150.1      
      0.011    7.8  53.2     0.0082    8.3   4.1    2.1  2  WP_050218449.1  


Domain annotation for each sequence (and alignments):
>> CAI34124.1  
   #    score  bias  c-Evalue  i-Evalue hmmfrom  hmm to    alifrom  ali to    envfrom  env to     acc
 ---   ------ ----- --------- --------- ------- -------    ------- -------    ------- -------    ----
   1 ?    5.4  41.3    0.0012     0.063       3     258 ..       6     265 ..       3     283 .. 0.68
   2 ?    8.3   4.1   0.00016    0.0082     321     385 ..     335     402 ..     329     408 .. 0.78

  Alignments for each domain:
  == domain 1  score: 5.4 bits;  conditional E-value: 0.0012
   sequences   3 ikinklffvflsffliv..lsnsqvlvnlglssileylgylilllcilvsllknekkkkvkriilfliisvlfs.iGillqnlelstkikL..ilsmli 96 
                 i+i++l+++f+ + +i   l + +++ +  +++i   +++l+l+ + l  +l+++ +kk++r++l+l+ ++l++ i  +  n+++++ i    ++s++ 
  CAI34124.1   6 ITIRELIILFVLILFIFqnLLEKYFVYAQYIDEI---VALLFLIHYFLRVVLNKSISKKFSRLVLLLLTIILITlISNFWNNVQTNILIISidLFSIFK 101
                 6667666666555555411444445544444444...45555555555555566677788888877766666541566667777776654412599999 PP

   sequences  97 iaslallseklikslkdlrrisyaillgvllsti.lalisgislvtlavegigvslgfngGlqhkNyf.ai..tlL...asfillylsrkyekkkkkdk 188
                 ++++ l +++++++l + ++i+  il   ++s i l+++    ++++ + g g++  +  Gl    ++ ++  +++   ++f+lly  +k+   ++k++
  CAI34124.1 102 FIFIFLGAQSFLNDLTH-KEIKRIILRVYFISNIyLSVLIVLAFLNIFI-GLGMHQEYRYGLPTFSFIfGTpgQVInlsIIFLLLYQLNKL--YNSKNN 196
                 99***********9965.8899999999999865377777777777766.999*********98888524222344001344444444443..345677 PP

   sequences 189 lvlvlelililisnsrg.ayillvvFlliinldkikkikkkqrlvlvflivvvlilvlvllykkiilnses 258
                 l+ ++ ++l+l+s  ++ a++l +vF+ i+ l  i++i   +++vl +l   + ++v +  +k++ l+s++
  CAI34124.1 197 LIHLVLIFLLLLSTLKTrAIVLAIVFVYILYLFEIRNISSMKKRVLPVL--GLGAVVGFEQFKTYFLTSDT 265
                 77778888888998888578899****************9988887665..55566666667777777765 PP

  == domain 2  score: 8.3 bits;  conditional E-value: 0.00016
   sequences 321 nGllGlvgYiiiflkfikkilkiknsklkiivlsilivl...llSalvenYivnihlvfgvfcyllla 385
                  G+lG + Y++++l++++ +l++  ++ k+i +s++i +   +lS++  +Y    ++v + f+ +l+ 
  CAI34124.1 335 FGFLGGILYVFLLLDYFRLLLRVASINDKVIKTSVFIYIfnvVLSSIQSSYPGTNSMVITTFLICLIL 402
                 699**********999997777666666666666666543339********99999999999999875 PP

>> CAI34150.1  
   #    score  bias  c-Evalue  i-Evalue hmmfrom  hmm to    alifrom  ali to    envfrom  env to     acc
 ---   ------ ----- --------- --------- ------- -------    ------- -------    ------- -------    ----
   1 ?    5.4  41.3    0.0012     0.063       3     258 ..       6     265 ..       3     283 .. 0.68
   2 ?    8.3   4.1   0.00016    0.0082     321     385 ..     335     402 ..     329     408 .. 0.78

  Alignments for each domain:
  == domain 1  score: 5.4 bits;  conditional E-value: 0.0012
   sequences   3 ikinklffvflsffliv..lsnsqvlvnlglssileylgylilllcilvsllknekkkkvkriilfliisvlfs.iGillqnlelstkikL..ilsmli 96 
                 i+i++l+++f+ + +i   l + +++ +  +++i   +++l+l+ + l  +l+++ +kk++r++l+l+ ++l++ i  +  n+++++ i    ++s++ 
  CAI34150.1   6 ITIRELIILFVLILFIFqnLLEKYFVYAQYIDEI---VALLFLIHYFLRVVLNKSISKKFSRLVLLLLTIILITlISNFWNNVQTNILIISidLFSIFK 101
                 6667666666555555411444445544444444...45555555555555566677788888877766666541566667777776654412599999 PP

   sequences  97 iaslallseklikslkdlrrisyaillgvllsti.lalisgislvtlavegigvslgfngGlqhkNyf.ai..tlL...asfillylsrkyekkkkkdk 188
                 ++++ l +++++++l + ++i+  il   ++s i l+++    ++++ + g g++  +  Gl    ++ ++  +++   ++f+lly  +k+   ++k++
  CAI34150.1 102 FIFIFLGAQSFLNDLTH-KEIKRIILRVYFISNIyLSVLIVLAFLNIFI-GLGMHQEYRYGLPTFSFIfGTpgQVInlsIIFLLLYQLNKL--YNSKNN 196
                 99***********9965.8899999999999865377777777777766.999*********98888524222344001344444444443..345677 PP

   sequences 189 lvlvlelililisnsrg.ayillvvFlliinldkikkikkkqrlvlvflivvvlilvlvllykkiilnses 258
                 l+ ++ ++l+l+s  ++ a++l +vF+ i+ l  i++i   +++vl +l   + ++v +  +k++ l+s++
  CAI34150.1 197 LIHLVLIFLLLLSTLKTrAIVLAIVFVYILYLFEIRNISSMKKRVLPVL--GLGAVVGFEQFKTYFLTSDT 265
                 77778888888998888578899****************9988887665..55566666667777777765 PP

  == domain 2  score: 8.3 bits;  conditional E-value: 0.00016
   sequences 321 nGllGlvgYiiiflkfikkilkiknsklkiivlsilivl...llSalvenYivnihlvfgvfcyllla 385
                  G+lG + Y++++l++++ +l++  ++ k+i +s++i +   +lS++  +Y    ++v + f+ +l+ 
  CAI34150.1 335 FGFLGGILYVFLLLDYFRLLLRVASINDKVIKTSVFIYIfnvVLSSIQSSYPGTNSMVITTFLICLIL 402
                 699**********999997777666666666666666543339********99999999999999875 PP

>> WP_050218449.1  
   #    score  bias  c-Evalue  i-Evalue hmmfrom  hmm to    alifrom  ali to    envfrom  env to     acc
 ---   ------ ----- --------- --------- ------- -------    ------- -------    ------- -------    ----
   1 ?    5.4  41.3    0.0012     0.063       3     258 ..       6     265 ..       3     283 .. 0.68
   2 ?    8.3   4.1   0.00016    0.0082     321     385 ..     335     402 ..     329     408 .. 0.78

  Alignments for each domain:
  == domain 1  score: 5.4 bits;  conditional E-value: 0.0012
       sequences   3 ikinklffvflsffliv..lsnsqvlvnlglssileylgylilllcilvsllknekkkkvkriilfliisvlfs.iGillqnlelstkikL..il 92 
                     i+i++l+++f+ + +i   l + +++ +  +++i   +++l+l+ + l  +l+++ +kk++r++l+l+ ++l++ i  +  n+++++ i    ++
  WP_050218449.1   6 ITIRELIILFVLILFIFqnLLEKYFVYAQYIDEI---VALLFLIHYFLRVVLNKSISKKFSRLVLLLLTIILITlISNFWNNVQTNILIISidLF 97 
                     6667666666555555411444445544444444...4555555555555556667778888887776666654156666777777665441259 PP

       sequences  93 smliiaslallseklikslkdlrrisyaillgvllsti.lalisgislvtlavegigvslgfngGlqhkNyf.ai..tlL...asfillylsrky 180
                     s++ ++++ l +++++++l + ++i+  il   ++s i l+++    ++++ + g g++  +  Gl    ++ ++  +++   ++f+lly  +k+
  WP_050218449.1  98 SIFKFIFIFLGAQSFLNDLTH-KEIKRIILRVYFISNIyLSVLIVLAFLNIFI-GLGMHQEYRYGLPTFSFIfGTpgQVInlsIIFLLLYQLNKL 190
                     999999***********9965.8899999999999865377777777777766.999*********98888524222344001344444444443 PP

       sequences 181 ekkkkkdklvlvlelililisnsrg.ayillvvFlliinldkikkikkkqrlvlvflivvvlilvlvllykkiilnses 258
                        ++k++l+ ++ ++l+l+s  ++ a++l +vF+ i+ l  i++i   +++vl +l   + ++v +  +k++ l+s++
  WP_050218449.1 191 --YNSKNNLIHLVLIFLLLLSTLKTrAIVLAIVFVYILYLFEIRNISSMKKRVLPVL--GLGAVVGFEQFKTYFLTSDT 265
                     ..34567777778888888998888578899****************9988887665..55566666667777777765 PP

  == domain 2  score: 8.3 bits;  conditional E-value: 0.00016
       sequences 321 nGllGlvgYiiiflkfikkilkiknsklkiivlsilivl...llSalvenYivnihlvfgvfcyllla 385
                      G+lG + Y++++l++++ +l++  ++ k+i +s++i +   +lS++  +Y    ++v + f+ +l+ 
  WP_050218449.1 335 FGFLGGILYVFLLLDYFRLLLRVASINDKVIKTSVFIYIfnvVLSSIQSSYPGTNSMVITTFLICLIL 402
                     699**********999997777666666666666666543339********99999999999999875 PP



Internal pipeline statistics summary:
-------------------------------------
Query model(s):                            1  (398 nodes)
Target sequences:                        152  (62651 residues searched)
Passed MSV filter:                       143  (0.940789); expected 3.0 (0.02)
Passed bias filter:                        5  (0.0328947); expected 3.0 (0.02)
Passed Vit filter:                         5  (0.0328947); expected 0.2 (0.001)
Passed Fwd filter:                         3  (0.0197368); expected 0.0 (1e-05)
Initial search space (Z):                152  [actual number of targets]
Domain search space  (domZ):               3  [number of targets reported over threshold]
# CPU time: 0.01u 0.00s 00:00:00.01 Elapsed: 00:00:00.01
# Mc/sec: 2459.43
//
[ok]
