
muscle 5.1.linux64 [12f0e2]  396Gb RAM, 24 cores
Built Jan 13 2022 23:17:13
(C) Copyright 2004-2021 Robert C. Edgar.
https://drive5.com

Input: 30 seqs, avg length 415, max 426

00:00 3.9Mb  CPU has 24 cores, defaulting to 20 threads

WARNING: Max OMP threads 1

00:00 3.9Mb    0.23% Calc posteriors00:01 4.8Mb     4.6% Calc posteriors00:02 4.8Mb    10.3% Calc posteriors00:03 4.8Mb    16.1% Calc posteriors00:04 5.6Mb    22.5% Calc posteriors00:05 5.6Mb    28.7% Calc posteriors00:06 5.6Mb    35.4% Calc posteriors00:07 5.7Mb    42.5% Calc posteriors00:08 6.0Mb    49.9% Calc posteriors00:09 6.2Mb    56.1% Calc posteriors00:10 7.0Mb    63.7% Calc posteriors00:11 7.0Mb    71.3% Calc posteriors00:12 7.1Mb    78.6% Calc posteriors00:13 7.3Mb    86.0% Calc posteriors00:14 7.6Mb    92.9% Calc posteriors00:15 7.9Mb    99.3% Calc posteriors00:15 7.9Mb   100.0% Calc posteriors
00:15 7.9Mb    0.23% Consistency (1/2)00:15 13Mb    100.0% Consistency (1/2)
00:15 13Mb     0.23% Consistency (2/2)00:15 13Mb    100.0% Consistency (2/2)
00:15 13Mb      3.4% UPGMA5           00:15 13Mb    100.0% UPGMA5
00:15 13Mb      1.0% Refining00:15 14Mb    100.0% Refining
INFO:Malign:No identity filter
INFO:Malign:Star /work3/idamei/ssn-clusterings/2206070959/clusters/0030_22/seeds.txt
INFO:Malign:Star highlights 0
INFO:Malign:No identity filter
INFO:Malign:Fasta contains 30 valid records
INFO:Malign:Aligned already
INFO:Malign:Align contains 30 valid records
inputType: FASTA
================================================================================
WARNINGS

One or more weights was less than -50 bits.
To avoid such amino acid dominating the logo position, these was reduced to -50
bits.
To remove this warning you could try choosing the option of pseudo counts.
================================================================================

