
muscle 5.1.linux64 [12f0e2]  792Gb RAM, 32 cores
Built Jan 13 2022 23:17:13
(C) Copyright 2004-2021 Robert C. Edgar.
https://drive5.com

Input: 13 seqs, avg length 372, max 396

00:00 3.9Mb  CPU has 32 cores, defaulting to 20 threads

WARNING: Max OMP threads 1

00:00 3.9Mb     1.3% Calc posteriors00:01 4.6Mb    30.8% Calc posteriors00:02 4.6Mb    75.6% Calc posteriors00:02 5.2Mb   100.0% Calc posteriors
00:02 5.2Mb     1.3% Consistency (1/2)00:02 6.4Mb   100.0% Consistency (1/2)
00:02 6.4Mb     1.3% Consistency (2/2)00:02 6.4Mb   100.0% Consistency (2/2)
00:02 6.4Mb     8.3% UPGMA5           00:02 6.4Mb   100.0% UPGMA5
00:02 6.5Mb     1.0% Refining00:02 7.0Mb   100.0% Refining
/zhome/2b/2/141636/.lsbatch/1652281909.13557795.shell: line 31: /work3/garryg/bioP/bin/malign: No such file or directory
inputType: FASTA


muscle 5.1.linux64 [12f0e2]  792Gb RAM, 32 cores
Built Jan 13 2022 23:17:13
(C) Copyright 2004-2021 Robert C. Edgar.
https://drive5.com

Input: 13 seqs, avg length 372, max 396

00:00 3.9Mb  CPU has 32 cores, defaulting to 20 threads

WARNING: Max OMP threads 1

00:00 3.9Mb     1.3% Calc posteriors00:01 5.1Mb    12.8% Calc posteriors00:02 4.6Mb    59.0% Calc posteriors00:03 5.8Mb    98.7% Calc posteriors00:03 5.2Mb   100.0% Calc posteriors
00:03 5.2Mb     1.3% Consistency (1/2)00:03 6.4Mb   100.0% Consistency (1/2)
00:03 6.4Mb     1.3% Consistency (2/2)00:03 6.4Mb   100.0% Consistency (2/2)
00:03 6.4Mb     8.3% UPGMA5           00:03 6.4Mb   100.0% UPGMA5
00:03 6.5Mb     1.0% Refining00:03 7.0Mb   100.0% Refining
INFO:Malign:Fasta contains 13 valid records
INFO:Malign:Aligned already
INFO:Malign:Align contains 13 valid records
inputType: FASTA

