
muscle 5.1.linux64 [12f0e2]  264Gb RAM, 24 cores
Built Jan 13 2022 23:17:13
(C) Copyright 2004-2021 Robert C. Edgar.
https://drive5.com

Input: 4 seqs, avg length 370, max 385

00:00 3.9Mb  CPU has 24 cores, defaulting to 20 threads

WARNING: Max OMP threads 1

00:00 3.9Mb    16.7% Calc posteriors00:00 4.1Mb   100.0% Calc posteriors
00:00 9.6Mb    16.7% Consistency (1/2)00:00 9.6Mb   100.0% Consistency (1/2)
00:00 9.6Mb    16.7% Consistency (2/2)00:00 9.6Mb   100.0% Consistency (2/2)
00:00 9.6Mb    33.3% UPGMA5           00:00 9.6Mb   100.0% UPGMA5
00:00 9.6Mb     1.0% Refining00:01 9.6Mb    29.0% Refining00:01 9.6Mb   100.0% Refining
INFO:Malign:No identity filter
INFO:Malign:Star /work3/idamei/wzy/ssn-clusterings/2210041007/superclusterings/2210041009/superclusters/0004_1_197/seeds.txt
INFO:Malign:Star highlights 1 from comma-separated list
Read FASTA line_by_line from /work3/idamei/wzy/ssn-clusterings/2210041007/superclusterings/2210041009/superclusters/0004_1_197/sequences.afa 4 elements
INFO:Malign:No identity filter
INFO:Malign:Fasta contains 4 valid records
INFO:Malign:Aligned already
INFO:Malign:Align contains 4 valid records
FastTree Version 2.1.11 SSE3
Alignment: /work3/idamei/wzy/ssn-clusterings/2210041007/superclusterings/2210041009/superclusters/0004_1_197/sequences.afa
Amino acid distances: BLOSUM45 Joins: balanced Support: SH-like 1000
Search: Normal +NNI +SPR (2 rounds range 10) +ML-NNI opt-each=1
TopHits: 1.00*sqrtN close=default refresh=0.80
ML Model: Jones-Taylor-Thorton, CAT approximation with 20 rate categories
Initial topology in 0.00 seconds
Refining topology: 8 rounds ME-NNIs, 2 rounds ME-SPRs, 4 rounds ML-NNIs
Total branch-length 1.207 after 0.00 sec
ML-NNI round 1: LogLk = -2035.246 NNIs 1 max delta 1.15 Time 0.01
Switched to using 20 rate categories (CAT approximation)
Rate categories were divided by 0.710 so that average rate = 1.0
CAT-based log-likelihoods may not be comparable across runs
Use -gamma for approximate but comparable Gamma(20) log-likelihoods
ML-NNI round 2: LogLk = -1969.108 NNIs 0 max delta 0.00 Time 0.03
Turning off heuristics for final round of ML NNIs (converged)
ML-NNI round 3: LogLk = -1969.077 NNIs 0 max delta 0.00 Time 0.03 (final)
Optimize all lengths: LogLk = -1969.076 Time 0.04
Total time: 0.05 seconds Unique: 4/4 Bad splits: 0/1
