# hmmsearch :: search profile(s) against a sequence database
# HMMER 3.3.2 (Nov 2020); http://hmmer.org/
# Copyright (C) 2020 Howard Hughes Medical Institute.
# Freely distributed under the BSD open source license.
# - - - - - - - - - - - - - - - - - - - - - - - - - - - - - - - - - - - -
# query HMM file:                  data/wzy/ssn-clusterings/2206101141/clusters/0071_67/sequences.hmm
# target sequence database:        data/wzy/ssn-clusterings/2206101141/clusters/0018_141/sequences.fa
# - - - - - - - - - - - - - - - - - - - - - - - - - - - - - - - - - - - -

Query:       sequences  [M=419]
Scores for complete sequences (score includes all domains):
   --- full sequence ---   --- best 1 domain ---    -#dom-
    E-value  score  bias    E-value  score  bias    exp  N  Sequence       Description
    ------- ------ -----    ------- ------ -----   ---- --  --------       -----------
    2.8e-07   19.7  38.3    2.8e-07   19.7  38.3    2.1  2  WP_033680701.1  
    6.8e-07   18.4  36.1    6.8e-07   18.4  36.1    2.2  2  WP_054446405.1  
    8.1e-07   18.2  36.1    8.1e-07   18.2  36.1    2.2  2  CAI33561.1      
    8.1e-07   18.2  36.1    8.1e-07   18.2  36.1    2.2  2  CAI33585.1      
      1e-06   17.8  35.8      1e-06   17.8  35.8    2.2  2  VOG14504.1      
    1.1e-06   17.8  36.0    1.1e-06   17.8  36.0    2.2  2  CAI33610.1      
    2.1e-05   13.5  48.5    2.5e-06   16.6  36.1    2.1  2  VQM63531.1      
      3e-05   13.0  49.1    3.5e-06   16.1  36.6    2.1  2  QCO91949.1      
    3.1e-05   13.0  47.7    2.4e-06   16.6  34.4    2.2  2  WP_075231287.1  
    3.2e-05   12.9  47.4    3.8e-06   16.0  35.0    2.2  2  CAI33537.1      
    3.2e-05   12.9  47.4    3.8e-06   16.0  35.0    2.2  2  WP_050260163.1  


Domain annotation for each sequence (and alignments):
>> WP_033680701.1  
   #    score  bias  c-Evalue  i-Evalue hmmfrom  hmm to    alifrom  ali to    envfrom  env to     acc
 ---   ------ ----- --------- --------- ------- -------    ------- -------    ------- -------    ----
   1 !   19.7  38.3   1.7e-07   2.8e-07      32     313 ..      39     312 ..       6     318 .. 0.71
   2 ?    1.7   3.4     0.051     0.083     336     401 ..     344     405 ..     327     420 .. 0.52

  Alignments for each domain:
  == domain 1  score: 19.7 bits;  conditional E-value: 1.7e-07
       sequences  32 vllllllllvllsivlkkkirlsrevllviliyllvglfwslyGlln..gnpg....alrvltvyvvwpilflllalliskekilkalekvlila 120
                      +l+++l+++ll   l+k+i +++++l ++ i+++  ++  +y +l    np     +++ l+ + ++ +l ++ a+++ ++   k ++ +  ++
  WP_033680701.1  39 GILIIVLFILLLV-SLGKVIFVNKKLLYLAKILAMPTIVLFFYSVLLhlMNPVqfsgYFSRLSSMTIFGLLAIFQAMVVFQFFGQKVVDYT--FT 130
                     3333333333333.3699********99999988888888888887733466555558899999999999999999999995444444443..34 PP

       sequences 121 allislisllfilsslgllpeflrleldqnavigvhegyleltlpnissLifllpfllsllllskkkskisrllllillllgllavllsGRRall 215
                     a+ +s ++ +++ +s g l++f+ ++        +++ +le+      + +f+l +l  +++ +++        ++  +l+ l++ +ls  R+++
  WP_033680701.1 131 AISLSYLTSIIVAYSQGGLSQFILMLT----DDSFNGSVLEMHEVAPITALFILYYLYQYFIKENSF-----SAVFRKILIALIILFLSLKRIVF 216
                     555566666677888889999988877....455677788887666666667777888777777663.....34555678889999********* PP

       sequences 216 lvillspflalflallsk.kkkikiirkvlkillvfvvvvvllil.llynlnldklverilsafdfesdasnseRkeQfeaLikgflesp.llGs 307
                     l++l+++ + l++++++k  +k    rk+l +l +f +v++++i+ ++y+++  +++ ++ +      + ++ +R++  +   + ++  p ++G 
  WP_033680701.1 217 LSVLIIIPVFLVIYWYYKkVSKLGKERKILSLLNAFSLVFITGIFlYVYSIKS-GFIYTFIQEH----NINSMARTDLWKGIESTYSFTPiFMGR 306
                     *9999888888888888846688889999999999998766666526666665.5555555544....567777777666666666677745588 PP

       sequences 308 GlGava 313
                     G+G ++
  WP_033680701.1 307 GVGFAS 312
                     888765 PP

  == domain 2  score: 1.7 bits;  conditional E-value: 0.051
       sequences 336 tGlvGfllylllilwlllklikiikksserksfilallvGllsflianatNPYLskFdylwvlflP 401
                     +G+vG ++y++ +l+   k i  + k + +k  +++++  ++ +li    N  +    +lw+l l 
  WP_033680701.1 344 IGFVGLSIYFYTLLYRNAKRI--FVKIG-HKESFIYFVLTMFQMLIWFTDNISI-YHNFLWILNLL 405
                     455555555544433333222..22222.3344444455555666554444222.44555555333 PP

>> WP_054446405.1  
   #    score  bias  c-Evalue  i-Evalue hmmfrom  hmm to    alifrom  ali to    envfrom  env to     acc
 ---   ------ ----- --------- --------- ------- -------    ------- -------    ------- -------    ----
   1 !   18.4  36.1   4.2e-07   6.8e-07      31     313 ..      38     312 ..       5     318 .. 0.73
   2 ?    2.6   5.0     0.027     0.044      51     271 ..     331     399 ..     319     418 .. 0.46

  Alignments for each domain:
  == domain 1  score: 18.4 bits;  conditional E-value: 4.2e-07
       sequences  31 lvllllllllvllsivlkkkirlsrevllviliyllvglfwslyGllng..npg....alrvltvyvvwpilflllalliskekilkalekvlil 119
                     + +l+++l+++ll   ++k i +++++l ++ i+++  ++  ly +l +  np     +++ l+   ++ +l ++ a+++ ++   k ++ +  +
  WP_054446405.1  38 IGILIIMLFVLLLVG-RGKLIFVNKKLLYLAKILAIPTIVLFLYSVLLDvmNPVefngYFSRLSSTTIFGLLAIFQAIVVFQFFGQKVVDYT--F 129
                     446666666666665.7999****************99999999999864466555558888888888888888888888885444444333..3 PP

       sequences 120 aallislisllfilsslgllpeflrleldqnavigvhegyleltlpnissLifllpfllsllllskkkskisrllllillllgllavllsGRRal 214
                     +a+ +s ++ +++ ++ g l++f+ ++        +++ +le+      + +f+l +l  +++ +++       +++  +l+ l++ +ls  R++
  WP_054446405.1 130 TAISLSYLTSIIVAFRQGGLSQFILILT----DDSFNGSVLEMHEVAPITALFILYYLYKYFIKENSF-----SSVFYNILIALIILFLSLKRIV 215
                     4455566666666888899999999988....455677778877666666667777777777766663.....46777888999999******** PP

       sequences 215 llvillspflalflallsk.kkkikiirkvlkillvfvvvvvllil.llynlnldklverilsafdfesdasnseRkeQfeaLikgflesp.llG 306
                     ll++l+++ + l+++++ k  +k    rk+l +l +f ++++++i+ ++y+++ d ++  i +     ++ ++ +R++  +   + +  +p ++G
  WP_054446405.1 216 LLSVLIIIPVFLVIYWYDKkVSKLGKERKILSLLNIFSLIFITGIFlYVYSVKSDFIYTFIQE-----HNINSMARTDLWKGVESTYNFAPiFMG 305
                     ***999999999999998856688889999999999999656665437777777555554444.....356777777766666666666774558 PP

       sequences 307 sGlGava 313
                      G+G v+
  WP_054446405.1 306 RGIGFVT 312
                     8888776 PP

  == domain 2  score: 2.6 bits;  conditional E-value: 0.027
       sequences  51 irlsrevllviliyllvglfwslyGllngnpg....alrvltvyvvwpilflllalliskekilkalekvlilaallislisllfilsslgllpe 141
                     + ++ ++l +++ + +vglf+++y ll+ n++     +   + ++ + ++++ +++++                                     
  WP_054446405.1 331 MGIHNDILKYYIEIGFVGLFIYFYTLLYRNAKrifvKIGHKESFIYFVLIMFQMLIWFT------------------------------------ 389
                     55666666666666666666666666666655432111112222222222222222222.................................... PP

       sequences 142 flrleldqnavigvhegyleltlpnissLifllpfllsllllskkkskisrllllillllgllavllsGRRalllvillspflalflallskkkk 236
                                                                                                                    
  WP_054446405.1   - -----------------------------------------------------------------------------------------------   -
                     ............................................................................................... PP

       sequences 237 ikiirkvlkillvfvvvvvllilllynlnldklve 271
                                               n+++   + 
  WP_054446405.1 390 -------------------------DNISIYHNFL 399
                     .........................2222222222 PP

>> CAI33561.1  
   #    score  bias  c-Evalue  i-Evalue hmmfrom  hmm to    alifrom  ali to    envfrom  env to     acc
 ---   ------ ----- --------- --------- ------- -------    ------- -------    ------- -------    ----
   1 !   18.2  36.1   4.9e-07   8.1e-07      31     313 ..      38     312 ..       5     318 .. 0.72
   2 ?    2.6   5.0     0.027     0.044      51     271 ..     331     399 ..     319     418 .. 0.46

  Alignments for each domain:
  == domain 1  score: 18.2 bits;  conditional E-value: 4.9e-07
   sequences  31 lvllllllllvllsivlkkkirlsrevllviliyllvglfwslyGllng..npg....alrvltvyvvwpilflllalliskekilkalekvlilaall 123
                 + +l+++l+++ll   ++k i +++++l ++ i+++  ++  ly +l +  np     +++ l+   ++ +l ++ a+++ ++   k ++ +  ++a+ 
  CAI33561.1  38 IGILIIVLFVLLLVG-RGKLIFVNKKLLYLAKILAIPTIVLFLYSVLLDvmNPVefngYFSRLSSTTIFGLLAIFQAIVVFQFFGQKVVDYT--FTAIS 133
                 334444444444444.7999****************99999999999864466555558888888888888888888888885444444333..34455 PP

   sequences 124 islisllfilsslgllpeflrleldqnavigvhegyleltlpnissLifllpfllsllllskkkskisrllllillllgllavllsGRRalllvillsp 222
                 +s ++ +++ ++ g l++f+ ++        +++ +le+      + +f+l +l  +++ +++       +++  +l+ l++ +ls  R++ll++l+++
  CAI33561.1 134 LSYLTSIIVAFRQGGLSQFILILT----DDSFNGSVLEMHEVAPITALFILYYLYKYFIKENSF-----SSVFYNILIALIILFLSLKRIVLLSVLIII 223
                 566666666888899999999988....455677778877666666667777777777766663.....46777888999999***********99999 PP

   sequences 223 flalflallsk.kkkikiirkvlkillvfvvvvvllil.llynlnldklverilsafdfesdasnseRkeQfeaLikgflesp.llGsGlGava 313
                  + l+++++ k  +k    rk+l +l +f ++++++i+ ++y+++ d ++  i +     ++ ++ +R++  +   + +  +p ++G G+G v+
  CAI33561.1 224 PVFLVIYWYDKkVSKLGKERKILSLLNIFSLIFITGIFlYVYSVKSDFIYTFIQE-----HNINSMARTDLWKGVESTYNFAPiFMGRGIGFVT 312
                 9999999998856688889999999999999656665437777777555554444.....3567777777666666666667745588888776 PP

  == domain 2  score: 2.6 bits;  conditional E-value: 0.027
   sequences  51 irlsrevllviliyllvglfwslyGllngnpg....alrvltvyvvwpilflllalliskekilkalekvlilaallislisllfilsslgllpeflrl 145
                 + ++ ++l +++ + +vglf+++y ll+ n++     +   + ++ + ++++ +++++                                         
  CAI33561.1 331 MGIHNDILKYYIEIGFVGLFIYFYTLLYRNAKrifvKIGHKESFIYFVLIMFQMLIWFT---------------------------------------- 389
                 55666666666666666666666666666655432111112222222222222222222........................................ PP

   sequences 146 eldqnavigvhegyleltlpnissLifllpfllsllllskkkskisrllllillllgllavllsGRRalllvillspflalflallskkkkikiirkvl 244
                                                                                                                    
  CAI33561.1   - ---------------------------------------------------------------------------------------------------   -
                 ................................................................................................... PP

   sequences 245 killvfvvvvvllilllynlnldklve 271
                                   n+++   + 
  CAI33561.1 390 -----------------DNISIYHNFL 399
                 .................2222222222 PP

>> CAI33585.1  
   #    score  bias  c-Evalue  i-Evalue hmmfrom  hmm to    alifrom  ali to    envfrom  env to     acc
 ---   ------ ----- --------- --------- ------- -------    ------- -------    ------- -------    ----
   1 !   18.2  36.1   4.9e-07   8.1e-07      31     313 ..      38     312 ..       5     318 .. 0.72
   2 ?    2.6   5.0     0.027     0.044      51     271 ..     331     399 ..     319     418 .. 0.46

  Alignments for each domain:
  == domain 1  score: 18.2 bits;  conditional E-value: 4.9e-07
   sequences  31 lvllllllllvllsivlkkkirlsrevllviliyllvglfwslyGllng..npg....alrvltvyvvwpilflllalliskekilkalekvlilaall 123
                 + +l+++l+++ll   ++k i +++++l ++ i+++  ++  ly +l +  np     +++ l+   ++ +l ++ a+++ ++   k ++ +  ++a+ 
  CAI33585.1  38 IGILIIVLFVLLLVG-RGKLIFVNKKLLYLAKILAIPTIVLFLYSVLLDvmNPVefngYFSRLSSTTIFGLLAIFQAIVVFQFFGQKVVDYT--FTAIS 133
                 334444444444444.7999****************99999999999864466555558888888888888888888888885444444333..34455 PP

   sequences 124 islisllfilsslgllpeflrleldqnavigvhegyleltlpnissLifllpfllsllllskkkskisrllllillllgllavllsGRRalllvillsp 222
                 +s ++ +++ ++ g l++f+ ++        +++ +le+      + +f+l +l  +++ +++       +++  +l+ l++ +ls  R++ll++l+++
  CAI33585.1 134 LSYLTSIIVAFRQGGLSQFILILT----DDSFNGSVLEMHEVAPITALFILYYLYKYFIKENSF-----SSVFYNILIALIILFLSLKRIVLLSVLIII 223
                 566666666888899999999988....455677778877666666667777777777766663.....46777888999999***********99999 PP

   sequences 223 flalflallsk.kkkikiirkvlkillvfvvvvvllil.llynlnldklverilsafdfesdasnseRkeQfeaLikgflesp.llGsGlGava 313
                  + l+++++ k  +k    rk+l +l +f ++++++i+ ++y+++ d ++  i +     ++ ++ +R++  +   + +  +p ++G G+G v+
  CAI33585.1 224 PVFLVIYWYDKkVSKLGKERKILSLLNIFSLIFITGIFlYVYSVKSDFIYTFIQE-----HNINSMARTDLWKGVESTYNFAPiFMGRGIGFVT 312
                 9999999998856688889999999999999656665437777777555554444.....3567777777666666666667745588888776 PP

  == domain 2  score: 2.6 bits;  conditional E-value: 0.027
   sequences  51 irlsrevllviliyllvglfwslyGllngnpg....alrvltvyvvwpilflllalliskekilkalekvlilaallislisllfilsslgllpeflrl 145
                 + ++ ++l +++ + +vglf+++y ll+ n++     +   + ++ + ++++ +++++                                         
  CAI33585.1 331 MGIHNDILKYYIEIGFVGLFIYFYTLLYRNAKrifvKIGHKESFIYFVLIMFQMLIWFT---------------------------------------- 389
                 55666666666666666666666666666655432111112222222222222222222........................................ PP

   sequences 146 eldqnavigvhegyleltlpnissLifllpfllsllllskkkskisrllllillllgllavllsGRRalllvillspflalflallskkkkikiirkvl 244
                                                                                                                    
  CAI33585.1   - ---------------------------------------------------------------------------------------------------   -
                 ................................................................................................... PP

   sequences 245 killvfvvvvvllilllynlnldklve 271
                                   n+++   + 
  CAI33585.1 390 -----------------DNISIYHNFL 399
                 .................2222222222 PP

>> VOG14504.1  
   #    score  bias  c-Evalue  i-Evalue hmmfrom  hmm to    alifrom  ali to    envfrom  env to     acc
 ---   ------ ----- --------- --------- ------- -------    ------- -------    ------- -------    ----
   1 !   17.8  35.8   6.4e-07     1e-06      31     313 ..      38     312 ..       5     318 .. 0.72
   2 ?    3.4   4.3     0.016     0.026      54     277 ..     334     405 ..     319     424 .. 0.45

  Alignments for each domain:
  == domain 1  score: 17.8 bits;  conditional E-value: 6.4e-07
   sequences  31 lvllllllllvllsivlkkkirlsrevllviliyllvglfwslyGllng..npg....alrvltvyvvwpilflllalliskekilkalekvlilaall 123
                 + +l+++l+++ll   ++k i +++++l ++ i+++  ++  ly +l +  np     +++ l+   ++ +l ++ a+++ ++   k ++ +  ++a+ 
  VOG14504.1  38 IGILIIVLFVLLLVG-RGKLIFVNKKLLYLAKILAIPTIVLFLYSVLLDvmNPVefngYFSRLSSTTIFGLLAIFQAIVVFQFFGQKVVDYT--FTAIS 133
                 334444444444444.7999****************99999999999864466555558888888888888888888888885444444333..34455 PP

   sequences 124 islisllfilsslgllpeflrleldqnavigvhegyleltlpnissLifllpfllsllllskkkskisrllllillllgllavllsGRRalllvillsp 222
                 +s ++ +++ ++ g l++f+ ++        +++ +le+      + +f+l +l  +++ +++       +++  +l+ l++ +ls  R+++l++l+++
  VOG14504.1 134 LSYLTSIIVAFRQGGLSQFILILT----DDSFNGSVLEMHEVAPITALFILYYLYKYFIKENSF-----SSVFHNILIALIILFLSLKRIVFLSVLIII 223
                 566666666888899999999988....455677778877666666667777777777766663.....46777788999999************9999 PP

   sequences 223 flalflallsk.kkkikiirkvlkillvfvvvvvllil.llynlnldklverilsafdfesdasnseRkeQfeaLikgflesp.llGsGlGava 313
                  + l+++++ k  +k    rk+l +l +f ++++++i+ ++y+++ d ++  i +     ++ ++ +R++  +   + +  +p ++G G+G v+
  VOG14504.1 224 PVFLVIYWYDKkVSKLGKERKILSLLNIFSLIFITGIFlYVYSVKSDFIYTFIQE-----HNINSMARTDLWKGVESTYNFAPiFMGRGIGFVT 312
                 9999999998856688889999999999999656665437777777555554444.....3567777777666666666667745588888776 PP

  == domain 2  score: 3.4 bits;  conditional E-value: 0.016
   sequences  54 srevllviliyllvglfwslyGllngnpg....alrvltvyvvwpilflllalliskekilkalekvlilaallislisllfilsslgllpeflrleld 148
                 + ++l +++ + +vglf+++y ll+ n++     +   + ++ + ++++ ++++                                             
  VOG14504.1 334 HNDILKYYIEIGFVGLFIYFYTLLYRNAKrifvKIGHKESFIYFVLIMFQMLIW--------------------------------------------- 387
                 555555555555555555555555555543211111112222222222222222............................................. PP

   sequences 149 qnavigvhegyleltlpnissLifllpfllsllllskkkskisrllllillllgllavllsGRRalllvillspflalflallskkkkikiirkvlkil 247
                                                                                                                    
  VOG14504.1   - ---------------------------------------------------------------------------------------------------   -
                 ................................................................................................... PP

   sequences 248 lvfvvvvvllilllynlnldklverilsaf 277
                             ++ n+++   + +il+ +
  VOG14504.1 388 ------------FTDNISIYHNFLWILNLL 405
                 ............223333333333333333 PP

>> CAI33610.1  
   #    score  bias  c-Evalue  i-Evalue hmmfrom  hmm to    alifrom  ali to    envfrom  env to     acc
 ---   ------ ----- --------- --------- ------- -------    ------- -------    ------- -------    ----
   1 !   17.8  36.0   6.7e-07   1.1e-06      31     313 ..      38     312 ..       5     318 .. 0.71
   2 ?    2.6   4.8     0.026     0.043      52     272 ..     332     400 ..     319     418 .. 0.45

  Alignments for each domain:
  == domain 1  score: 17.8 bits;  conditional E-value: 6.7e-07
   sequences  31 lvllllllllvllsivlkkkirlsrevllviliyllvglfwslyGllng..npg....alrvltvyvvwpilflllalliskekilkalekvlilaall 123
                 + +l+++l+++ll   ++k i +++++l ++ i+++  ++  ly +l +  np     +++ l+   ++ +l ++ a+++ ++   k ++ +  ++a+ 
  CAI33610.1  38 IGILIIVLFVLLLVG-RGKLIFVNKKLLYLAKILAIPTIVLFLYSVLLDvmNPVefngYFSRLSSTTIFGLLAIFQAIVVFQFFGQKVVDYT--FTAIS 133
                 334444444444444.7999****************99999999999864466555558888888888888888888888885444444333..34455 PP

   sequences 124 islisllfilsslgllpeflrleldqnavigvhegyleltlpnissLifllpfllsllllskkkskisrllllillllgllavllsGRRalllvillsp 222
                 +s ++ +++ ++ g l++f+ ++        +++ +le+      + +f+l +l  +++ +++       +++  +l+ l++ +ls  R+++l++l+++
  CAI33610.1 134 LSYLTSIIVAFRQGGLSQFILILT----DDSFNGSVLEMHEVAPITALFILYYLYKYFIKENSF-----SSVFHNILIALIILFLSLKRIVFLSVLIII 223
                 566666666888899999999988....455677778877666666667777777777766663.....46777788999999************9999 PP

   sequences 223 flalflallsk.kkkikiirkvlkillvfvvvvvllil.llynlnldklverilsafdfesdasnseRkeQfeaLikgflesp.llGsGlGava 313
                  + l+++++ k  +k    rk+l +l +f ++++++i+ ++y+++ d ++  i +     ++ ++ +R++  +   + +  +p ++G G+G v+
  CAI33610.1 224 PVFLVIYWYDKkVSKLGKERKILSLLNIFSLIFITGIFfYVYSVKSDFIYTFIQE-----HNINSMARTDLWKGVESTYNFAPiFMGRGIGFVT 312
                 9999999998856678889999999999998666665535566665444443333.....3567777777666666666677745588888776 PP

  == domain 2  score: 2.6 bits;  conditional E-value: 0.026
   sequences  52 rlsrevllviliyllvglfwslyGllngnpg....alrvltvyvvwpilflllalliskekilkalekvlilaallislisllfilsslgllpeflrle 146
                  ++ ++l +++ + +vglf+++y ll+ n++     +   + ++ + ++++ +++++                                          
  CAI33610.1 332 GIHNDILKYYIEIGFVGLFIYFYTLLYRNAKrifvKIGHKESFIYFVLIMFQMLIWF------------------------------------------ 388
                 556666666666666666666666666665533211111222222222222222222.......................................... PP

   sequences 147 ldqnavigvhegyleltlpnissLifllpfllsllllskkkskisrllllillllgllavllsGRRalllvillspflalflallskkkkikiirkvlk 245
                                                                                                                    
  CAI33610.1   - ---------------------------------------------------------------------------------------------------   -
                 ................................................................................................... PP

   sequences 246 illvfvvvvvllilllynlnldklver 272
                                + n+++   + +
  CAI33610.1 389 ---------------TDNISIYHNFLW 400
                 ...............222222222222 PP

>> VQM63531.1  
   #    score  bias  c-Evalue  i-Evalue hmmfrom  hmm to    alifrom  ali to    envfrom  env to     acc
 ---   ------ ----- --------- --------- ------- -------    ------- -------    ------- -------    ----
   1 !   16.6  36.1   1.5e-06   2.5e-06      31     314 ..      38     313 ..       5     318 .. 0.73
   2 ?    2.8   4.4     0.023     0.037      49     121 ..     329     403 ..     319     418 .. 0.53

  Alignments for each domain:
  == domain 1  score: 16.6 bits;  conditional E-value: 1.5e-06
   sequences  31 lvllllllllvllsivlkkkirlsrevllviliyllvglfwslyGllng..npg....alrvltvyvvwpilflllalliskekilkalekvlilaall 123
                 + +l+ +l+++ll   ++k+i +++++l ++ i+++  ++  ly +l +  np     +++ l+   ++ +l ++ a+++ ++   k ++ +  ++a+ 
  VQM63531.1  38 IGILITVLFVLLLVG-RGKVIFVNKKLLYLAKILAIPTIVLFLYSVLLDvmNPVefngYFSRLSSTTIFGLLAIFQAIVVFQFFGQKVVDYT--FTAIS 133
                 334555555444444.799*****************9*999999999864466555558888888888888888888888885333333333..34455 PP

   sequences 124 islisllfilsslgllpeflrleldqnavigvhegyleltlpnissLifllpfllsllllskkkskisrllllillllgllavllsGRRalllvillsp 222
                 +s ++ +++ ++ g l++f+ ++        +++ +le+      + +f+l +l  +++ +++       l++  +l+ l++ +ls  R+++l++l+++
  VQM63531.1 134 LSYLTSIIVAFRQGGLSQFILMLT----DDSFNGSVLEMHEVAPITALFILYYLYKYFIKENSF-----SLVFRNILIALIILFLSLKRIVFLSVLIII 223
                 555666666888888999988877....455677778877666666667777777777766663.....4777789999999*************9999 PP

   sequences 223 flalflallsk.kkkikiirkvlkillvfvvvvvllil.llynlnldklverilsafdfesdasnseRkeQfeaLikgflesp.llGsGlGavad 314
                  + l+++++ k  +k    rk+l +l  f ++++++i+ ++y+l+  +++ ++ +      + ++ +R++  +   + ++ +p ++G G+G v++
  VQM63531.1 224 PVFLIIYWYDKkVSKLGKERKILSLLNSFSLIFITGIFlYVYSLKS-GFIYTFIQEH----NINSMARTDLWKGIESTYSFAPiFMGRGIGFVTK 313
                 9999999998856678889999999999998656665426677776.5555555544....5788888888888888888888556999998865 PP

  == domain 2  score: 2.8 bits;  conditional E-value: 0.023
   sequences  49 kkirlsrevllviliyllvglfwslyGllngnpg....alrv..ltvyvvwpilflllalliskekilkalekvlilaa 121
                 +   l+ ++l +++ + +vglf+++y ll+ n++           + ++ + ++++ +++++ +  ++++ +++l +  
  VQM63531.1 329 ESTGLHNDILKYYIEIGFVGLFIYFYTLLYRNAKrifvK--IghKESFIYFVLIMFQMLIWFTD--NISTYHNFLWILN 403
                 556677777777777788888888888887777653221..22122333333333333333322..3444444433333 PP

>> QCO91949.1  
   #    score  bias  c-Evalue  i-Evalue hmmfrom  hmm to    alifrom  ali to    envfrom  env to     acc
 ---   ------ ----- --------- --------- ------- -------    ------- -------    ------- -------    ----
   1 !   16.1  36.6   2.1e-06   3.5e-06      31     314 ..      38     313 ..       5     318 .. 0.73
   2 ?    2.8   4.6     0.024     0.039      49     121 ..     329     403 ..     319     417 .. 0.55

  Alignments for each domain:
  == domain 1  score: 16.1 bits;  conditional E-value: 2.1e-06
   sequences  31 lvllllllllvllsivlkkkirlsrevllviliyllvglfwslyGllng..npg....alrvltvyvvwpilflllalliskekilkalekvlilaall 123
                 + +l+ +l+++ll   ++k+i +++++l ++ i+++  ++  ly +l +  np     +++ l+   ++ +l ++ a+++ ++   k ++ +  ++a+ 
  QCO91949.1  38 IGILITVLFVLLLVG-RGKVIFVNKKLLYLAKILAIPTIVLFLYSVLLDvmNPVefngYFSRLSSTTIFGLLAIFQAIVVFQFFGQKVVDYT--FTAIS 133
                 334555555444444.799*****************9*999999999864466555558888888888888888888888885333333333..33444 PP

   sequences 124 islisllfilsslgllpeflrleldqnavigvhegyleltlpnissLifllpfllsllllskkkskisrllllillllgllavllsGRRalllvillsp 222
                 +s ++ +++ ++ g l++f+ ++        +++ +le+      + +f+l +l  +++ +++       l++  +l+ l++ +ls  R+++l++l+++
  QCO91949.1 134 LSYLTSIIVAFREGGLSQFILMLT----DASFNGSVLEMHEVAPITALFILYYLYKYFIKENSF-----SLVFRNILIALIILFLSLKRIVFLSVLIII 223
                 555555566777788889887777....567778889988776666677777877777766663.....4777789999999*************9999 PP

   sequences 223 flalflallsk.kkkikiirkvlkillvfvvvvvllil.llynlnldklverilsafdfesdasnseRkeQfeaLikgflesp.llGsGlGavad 314
                  + l+++++ k  +k    rk+l +l  f ++++++i+ ++y+++  +++ ++ +      + ++ +R++  +   + ++ +p ++G G+G v++
  QCO91949.1 224 PVFLVIYWYDKkVSKLGKERKILSLLNSFSLIFITGIFlYVYSVKS-GFIYTFIQEH----NINSMARTDLWKGIESTYSFAPiFMGRGIGFVTK 313
                 9999999998856677888999999999998666666525555554.6666666644....6788888888888888888888556999998865 PP

  == domain 2  score: 2.8 bits;  conditional E-value: 0.024
   sequences  49 kkirlsrevllviliyllvglfwslyGllngnpg....alrv.ltvyvvwpilflllalliskekilkalekvlilaa 121
                 +   l+ ++l +++ + +vglf+++y ll+ n++          +  +++ +l+++ +l++   +++++ +++l +  
  QCO91949.1 329 ESTGLHNDILKYYIEIGFVGLFIYFYTLLYRNAKrifvK--IgHKESFIYFVLIMFQVLIWFT-DNISTYHNFLWILN 403
                 566777888888888888888888888888887753221..2222233333333333333333.23444444443333 PP

>> WP_075231287.1  
   #    score  bias  c-Evalue  i-Evalue hmmfrom  hmm to    alifrom  ali to    envfrom  env to     acc
 ---   ------ ----- --------- --------- ------- -------    ------- -------    ------- -------    ----
   1 !   16.6  34.4   1.5e-06   2.4e-06      31     313 ..      38     312 ..       4     318 .. 0.72
   2 ?    2.2   5.3     0.036     0.058      50     117 ..     330     399 ..     319     419 .. 0.48

  Alignments for each domain:
  == domain 1  score: 16.6 bits;  conditional E-value: 1.5e-06
       sequences  31 lvllllllllvllsivlkkkirlsrevllviliyllvglfwslyGllng..npg....alrvltvyvvwpilflllalliskekilkalekvlil 119
                     + +l  +l+++ll   ++k+i +++++l ++ i+++  ++  ly +l +  np     +++ l+ + ++ +l ++ a+++ ++   k ++ +  +
  WP_075231287.1  38 IGILTTVLFVLLLVG-RGKVIFVNKKLLYLAKILAIPTIVLFLYSVLLDvmNPVeftgYFSRLSSMTIFGLLAIFQAIVVFQFFGPKVVDYT--F 129
                     334445555444444.799*****************9999999999986336556666999999***********99999996444444444..3 PP

       sequences 120 aallislisllfilsslgllpeflrleldqnavigvhegyleltlpnissLifllpfllsllllskkkskisrllllillllgllavllsGRRal 214
                     +a+ +s ++ +++ ++ g l++f+ ++        +++ +le+      + +f+l +l  +++ +++       +++  +l+ l++ +ls  R++
  WP_075231287.1 130 TAISLSYLTSIIVAYRQGGLSQFILMLT----DDSFNGSVLEMHEVAPITALFILYYLYKYFIKENSF-----SSVVRNILIALIILFLSLKRIV 215
                     4566666777777999999999998877....455677778877666666667777777777766663.....34556688889999******** PP

       sequences 215 llvillspflalflallsk.kkkikiirkvlkillvfvvvvvllil.llynlnldklverilsafdfesdasnseRkeQfeaLikgflesp.llG 306
                     +l++l+++ + l+++++++  +k    rk+l +l +f ++++++++ ++y+++  +++ ++ +      + ++ +R++  +     ++ +p ++G
  WP_075231287.1 216 FLSVLIIIPVFLVIYWYYQkVSKLGKERKILSLLNAFSLIFITGTFlYVYSIKS-GFIYTFIQEH----NINSMARTDLWKGIETTYSFAPiFMG 305
                     **9999888888888888746678888999999988888555554426666665.5555555434....56777777766666666677774558 PP

       sequences 307 sGlGava 313
                      G+G ++
  WP_075231287.1 306 RGIGFAS 312
                     8888765 PP

  == domain 2  score: 2.2 bits;  conditional E-value: 0.036
       sequences  50 kirlsrevllviliyllvglfwslyGllngnpg....alrvltvyvvwpilflllalliskekilkalekvl 117
                      + ++ ++l +++ + +vglf+++y ll+ n++     +   + ++ + ++++ +++++ +  +++  +++l
  WP_075231287.1 330 SMGIHNDILKYYIEIGFVGLFIYFYTLLYRNAKrifvKIGHKESFIYFVLIMFQMLIWFTD--NISIYHNFL 399
                     5566666666777777777777777777766664322111122222222232222233222..222222222 PP

>> CAI33537.1  
   #    score  bias  c-Evalue  i-Evalue hmmfrom  hmm to    alifrom  ali to    envfrom  env to     acc
 ---   ------ ----- --------- --------- ------- -------    ------- -------    ------- -------    ----
   1 !   16.0  35.0   2.3e-06   3.8e-06      31     314 ..      40     315 ..       2     320 .. 0.72
   2 ?    2.8   4.4     0.023     0.038      49     121 ..     331     405 ..     321     420 .. 0.53

  Alignments for each domain:
  == domain 1  score: 16.0 bits;  conditional E-value: 2.3e-06
   sequences  31 lvllllllllvllsivlkkkirlsrevllviliyllvglfwslyGllng..npg....alrvltvyvvwpilflllalliskekilkalekvlilaall 123
                 + +l+ +l+++ll   ++k i +++++l ++ i+++  ++  ly +l +  np     +++ l+   ++ +l ++ a+++ ++   k ++ +  ++a+ 
  CAI33537.1  40 IGILITVLFVLLLVG-RGKLIFVNKKLLYLAKILAIPTIVLFLYSVLLDvmNPVefdgYFSRLSSTTIFGLLAIFQAIVVFQFFGQKVVDYT--FTAIS 135
                 334444555444444.7999****************99999999999964466655557777888888888888888888775333333333..34455 PP

   sequences 124 islisllfilsslgllpeflrleldqnavigvhegyleltlpnissLifllpfllsllllskkkskisrllllillllgllavllsGRRalllvillsp 222
                 +s ++ +++ ++ g l++f+ ++        +++ +le+      + +f+l +l  +++ +++       +++  +l+ l++ +ls  R+++l++l+++
  CAI33537.1 136 LSYLTSIIVAFRQGGLSQFILMLT----DDSFNGSVLEMHEVAPITALFILYYLYKYFIKENSF-----SSVFRNILIALIILFLSLKRIVFLSVLIII 225
                 555566666888888999988877....455677778887666666667777777777766663.....45667788899999************9999 PP

   sequences 223 flalflallsk.kkkikiirkvlkillvfvvvvvllil.llynlnldklverilsafdfesdasnseRkeQfeaLikgflesp.llGsGlGavad 314
                  + l+++++ k  +k    rk+l +l  f ++++++i+ ++y+++  +++ ++ +      + ++ +R++  +   + ++ +p ++G G+G v++
  CAI33537.1 226 PVFLIIYWYDKkVSKLGKERKILSLLNSFSLIFITGIFlYVYSVKS-GFIYTFIQEH----NINSMARTDLWKGIESTYSFAPiFMGRGIGFVTK 315
                 9999999998856677888999999999998666666525555554.6666666644....6788888888888888888888556999998865 PP

  == domain 2  score: 2.8 bits;  conditional E-value: 0.023
   sequences  49 kkirlsrevllviliyllvglfwslyGllngnpg....alrv..ltvyvvwpilflllalliskekilkalekvlilaa 121
                 +   l+ ++l +++ + +vglf+++y ll+ n++           + ++ + ++++ +++++ +  ++++ +++l +  
  CAI33537.1 331 ESTGLHNDILKYYIEIGFVGLFIYFYTLLYRNAKrifvK--IghKESFIYFVLIMFQMLIWFTD--NISTYHNFLWILN 405
                 556677777777777788888888888887777653221..22122333333333333333322..3444444433333 PP

>> WP_050260163.1  
   #    score  bias  c-Evalue  i-Evalue hmmfrom  hmm to    alifrom  ali to    envfrom  env to     acc
 ---   ------ ----- --------- --------- ------- -------    ------- -------    ------- -------    ----
   1 !   16.0  35.0   2.3e-06   3.8e-06      31     314 ..      40     315 ..       2     320 .. 0.72
   2 ?    2.8   4.4     0.023     0.038      49     121 ..     331     405 ..     321     420 .. 0.53

  Alignments for each domain:
  == domain 1  score: 16.0 bits;  conditional E-value: 2.3e-06
       sequences  31 lvllllllllvllsivlkkkirlsrevllviliyllvglfwslyGllng..npg....alrvltvyvvwpilflllalliskekilkalekvlil 119
                     + +l+ +l+++ll   ++k i +++++l ++ i+++  ++  ly +l +  np     +++ l+   ++ +l ++ a+++ ++   k ++ +  +
  WP_050260163.1  40 IGILITVLFVLLLVG-RGKLIFVNKKLLYLAKILAIPTIVLFLYSVLLDvmNPVefdgYFSRLSSTTIFGLLAIFQAIVVFQFFGQKVVDYT--F 131
                     334444555444444.7999****************99999999999964466655557777888888888888888888775333333333..3 PP

       sequences 120 aallislisllfilsslgllpeflrleldqnavigvhegyleltlpnissLifllpfllsllllskkkskisrllllillllgllavllsGRRal 214
                     +a+ +s ++ +++ ++ g l++f+ ++        +++ +le+      + +f+l +l  +++ +++       +++  +l+ l++ +ls  R++
  WP_050260163.1 132 TAISLSYLTSIIVAFRQGGLSQFILMLT----DDSFNGSVLEMHEVAPITALFILYYLYKYFIKENSF-----SSVFRNILIALIILFLSLKRIV 217
                     4455555566666888888999988877....455677778887666666667777777777766663.....45667788899999******** PP

       sequences 215 llvillspflalflallsk.kkkikiirkvlkillvfvvvvvllil.llynlnldklverilsafdfesdasnseRkeQfeaLikgflesp.llG 306
                     +l++l+++ + l+++++ k  +k    rk+l +l  f ++++++i+ ++y+++  +++ ++ +      + ++ +R++  +   + ++ +p ++G
  WP_050260163.1 218 FLSVLIIIPVFLIIYWYDKkVSKLGKERKILSLLNSFSLIFITGIFlYVYSVKS-GFIYTFIQEH----NINSMARTDLWKGIESTYSFAPiFMG 307
                     ****99999999999998856677888999999999998666666525555554.6666666644....67888888888888888888885569 PP

       sequences 307 sGlGavad 314
                      G+G v++
  WP_050260163.1 308 RGIGFVTK 315
                     99998865 PP

  == domain 2  score: 2.8 bits;  conditional E-value: 0.023
       sequences  49 kkirlsrevllviliyllvglfwslyGllngnpg....alrv..ltvyvvwpilflllalliskekilkalekvlilaa 121
                     +   l+ ++l +++ + +vglf+++y ll+ n++           + ++ + ++++ +++++ +  ++++ +++l +  
  WP_050260163.1 331 ESTGLHNDILKYYIEIGFVGLFIYFYTLLYRNAKrifvK--IghKESFIYFVLIMFQMLIWFTD--NISTYHNFLWILN 405
                     556677777777777788888888888887777653221..22122333333333333333322..3444444433333 PP



Internal pipeline statistics summary:
-------------------------------------
Query model(s):                            1  (419 nodes)
Target sequences:                         18  (7583 residues searched)
Passed MSV filter:                        18  (1); expected 0.4 (0.02)
Passed bias filter:                       12  (0.666667); expected 0.4 (0.02)
Passed Vit filter:                        12  (0.666667); expected 0.0 (0.001)
Passed Fwd filter:                        11  (0.611111); expected 0.0 (1e-05)
Initial search space (Z):                 18  [actual number of targets]
Domain search space  (domZ):              11  [number of targets reported over threshold]
# CPU time: 0.02u 0.00s 00:00:00.02 Elapsed: 00:00:00.02
# Mc/sec: 130.49
//
[ok]
