
muscle 5.1.linux64 [12f0e2]  396Gb RAM, 24 cores
Built Jan 13 2022 23:17:13
(C) Copyright 2004-2021 Robert C. Edgar.
https://drive5.com

Input: 14 seqs, avg length 384, max 390

00:00 3.9Mb  CPU has 24 cores, defaulting to 20 threads

WARNING: Max OMP threads 1

00:00 3.9Mb     1.1% Calc posteriors00:01 4.7Mb    26.4% Calc posteriors00:02 4.7Mb    58.2% Calc posteriors00:03 4.8Mb    89.0% Calc posteriors00:03 4.9Mb   100.0% Calc posteriors
00:03 4.9Mb     1.1% Consistency (1/2)00:03 6.7Mb   100.0% Consistency (1/2)
00:03 6.7Mb     1.1% Consistency (2/2)00:03 6.7Mb   100.0% Consistency (2/2)
00:03 6.7Mb     7.7% UPGMA5           00:03 6.7Mb   100.0% UPGMA5
00:03 6.7Mb     1.0% Refining00:03 7.3Mb   100.0% Refining
INFO:Malign:No identity filter
INFO:Malign:Star /work3/idamei/ssn-clusterings/2206011120/clusters/0014_115/seeds.txt
INFO:Malign:Star highlights 2
INFO:Malign:No identity filter
INFO:Malign:Fasta contains 14 valid records
INFO:Malign:Aligned already
INFO:Malign:Align contains 14 valid records
inputType: FASTA


muscle 5.1.linux64 [12f0e2]  396Gb RAM, 24 cores
Built Jan 13 2022 23:17:13
(C) Copyright 2004-2021 Robert C. Edgar.
https://drive5.com

Input: 14 seqs, avg length 384, max 390

00:00 3.9Mb  CPU has 24 cores, defaulting to 20 threads

WARNING: Max OMP threads 1

00:00 3.9Mb     1.1% Calc posteriors00:01 4.1Mb     6.6% Calc posteriors00:02 4.7Mb    38.5% Calc posteriors00:03 4.7Mb    70.3% Calc posteriors00:03 4.9Mb   100.0% Calc posteriors
00:03 4.9Mb     1.1% Consistency (1/2)00:04 5.5Mb     2.2% Consistency (1/2)00:04 6.7Mb   100.0% Consistency (1/2)
00:04 6.7Mb     1.1% Consistency (2/2)00:04 6.7Mb   100.0% Consistency (2/2)
00:04 6.7Mb     7.7% UPGMA5           00:04 6.7Mb   100.0% UPGMA5
00:04 6.7Mb     1.0% Refining00:04 7.3Mb   100.0% Refining
INFO:Malign:No identity filter
INFO:Malign:Star /work3/idamei/ssn-clusterings/2206011120/clusters/0014_115/seeds.txt
INFO:Malign:Star highlights 2
INFO:Malign:No identity filter
INFO:Malign:Fasta contains 14 valid records
INFO:Malign:Aligned already
INFO:Malign:Align contains 14 valid records
inputType: FASTA

