
muscle 5.1.linux64 [12f0e2]  396Gb RAM, 24 cores
Built Jan 13 2022 23:17:13
(C) Copyright 2004-2021 Robert C. Edgar.
https://drive5.com

Input: 11 seqs, avg length 356, max 367

00:00 3.9Mb  CPU has 24 cores, defaulting to 20 threads

WARNING: Max OMP threads 1

00:00 3.9Mb     1.8% Calc posteriors00:01 4.6Mb    20.0% Calc posteriors00:02 4.6Mb    80.0% Calc posteriors00:02 9.7Mb   100.0% Calc posteriors
00:02 4.6Mb     1.8% Consistency (1/2)00:02 5.6Mb   100.0% Consistency (1/2)
00:02 5.6Mb     1.8% Consistency (2/2)00:02 5.6Mb   100.0% Consistency (2/2)
00:02 5.6Mb    10.0% UPGMA5           00:02 5.6Mb   100.0% UPGMA5
00:02 5.7Mb     1.0% Refining00:02 6.1Mb   100.0% Refining
INFO:Malign:No identity filter
INFO:Malign:Star /work3/idamei/ssn-clusterings/2206021344/clusters/0011_108/seeds.txt
INFO:Malign:Star highlights 1
INFO:Malign:No identity filter
INFO:Malign:Fasta contains 11 valid records
INFO:Malign:Aligned already
INFO:Malign:Align contains 11 valid records
inputType: FASTA
================================================================================
WARNINGS

One or more weights was less than -50 bits.
To avoid such amino acid dominating the logo position, these was reduced to -50
bits.
To remove this warning you could try choosing the option of pseudo counts.
================================================================================

