
muscle 5.1.linux64 [12f0e2]  396Gb RAM, 24 cores
Built Jan 13 2022 23:17:13
(C) Copyright 2004-2021 Robert C. Edgar.
https://drive5.com

Input: 15 seqs, avg length 380, max 391

00:00 3.9Mb  CPU has 24 cores, defaulting to 20 threads

WARNING: Max OMP threads 1

00:00 3.9Mb    0.95% Calc posteriors00:01 4.1Mb    12.4% Calc posteriors00:02 4.8Mb    39.0% Calc posteriors00:03 4.8Mb    66.7% Calc posteriors00:04 5.0Mb    94.3% Calc posteriors00:04 5.1Mb   100.0% Calc posteriors
00:04 5.1Mb    0.95% Consistency (1/2)00:04 6.8Mb   100.0% Consistency (1/2)
00:04 6.8Mb    0.95% Consistency (2/2)00:04 6.8Mb   100.0% Consistency (2/2)
00:04 6.8Mb     7.1% UPGMA5           00:04 6.8Mb   100.0% UPGMA5
00:04 7.0Mb     1.0% Refining00:04 7.8Mb   100.0% Refining
INFO:Malign:No identity filter
INFO:Malign:Star /work3/idamei/ssn-clusterings/2206011120/clusters/0015_42/seeds.txt
INFO:Malign:Star highlights 1
INFO:Malign:No identity filter
INFO:Malign:Fasta contains 15 valid records
INFO:Malign:Aligned already
INFO:Malign:Align contains 15 valid records
inputType: FASTA


muscle 5.1.linux64 [12f0e2]  131Gb RAM, 20 cores
Built Jan 13 2022 23:17:13
(C) Copyright 2004-2021 Robert C. Edgar.
https://drive5.com

Input: 15 seqs, avg length 380, max 391


WARNING: Max OMP threads 1

00:00 3.9Mb  CPU has 20 cores, running 1 threads
00:00 3.9Mb    0.95% Calc posteriors00:01 4.8Mb    24.8% Calc posteriors00:02 4.8Mb    56.2% Calc posteriors00:03 5.0Mb    88.6% Calc posteriors00:03 5.1Mb   100.0% Calc posteriors
00:03 5.1Mb    0.95% Consistency (1/2)00:03 6.8Mb   100.0% Consistency (1/2)
00:03 6.8Mb    0.95% Consistency (2/2)00:03 6.8Mb   100.0% Consistency (2/2)
00:03 6.8Mb     7.1% UPGMA5           00:03 6.8Mb   100.0% UPGMA5
00:03 7.0Mb     1.0% Refining00:03 7.8Mb   100.0% Refining
INFO:Malign:No identity filter
INFO:Malign:Star /work3/idamei/ssn-clusterings/2206011120/clusters/0015_42/seeds.txt
INFO:Malign:Star highlights 1
INFO:Malign:No identity filter
INFO:Malign:Fasta contains 15 valid records
INFO:Malign:Aligned already
INFO:Malign:Align contains 15 valid records
inputType: FASTA

