
muscle 5.1.linux64 [12f0e2]  396Gb RAM, 32 cores
Built Jan 13 2022 23:17:13
(C) Copyright 2004-2021 Robert C. Edgar.
https://drive5.com

Input: 16 seqs, avg length 392, max 402

00:00 3.9Mb  CPU has 32 cores, defaulting to 20 threads

WARNING: Max OMP threads 1

00:00 3.9Mb    0.83% Calc posteriors00:01 4.7Mb    24.2% Calc posteriors00:02 4.7Mb    55.0% Calc posteriors00:03 4.9Mb    87.5% Calc posteriors00:03 5.6Mb   100.0% Calc posteriors
00:03 5.6Mb    0.83% Consistency (1/2)00:03 6.9Mb   100.0% Consistency (1/2)
00:03 6.9Mb    0.83% Consistency (2/2)00:03 6.9Mb   100.0% Consistency (2/2)
00:03 6.9Mb     6.7% UPGMA5           00:03 6.9Mb   100.0% UPGMA5
00:03 7.0Mb     1.0% Refining00:03 7.8Mb   100.0% Refining
INFO:Malign:No identity filter
INFO:Malign:Star /work3/idamei/wzy/ssn-clusterings/2210041007/superclusterings/2210101123/superclusters/0016_1_37/seeds.txt
INFO:Malign:Star highlights 1 from comma-separated list
Read FASTA line_by_line from /work3/idamei/wzy/ssn-clusterings/2210041007/superclusterings/2210101123/superclusters/0016_1_37/sequences.afa 16 elements
INFO:Malign:No identity filter
INFO:Malign:Fasta contains 16 valid records
INFO:Malign:Aligned already
INFO:Malign:Align contains 16 valid records
FastTree Version 2.1.11 SSE3
Alignment: /work3/idamei/wzy/ssn-clusterings/2210041007/superclusterings/2210101123/superclusters/0016_1_37/sequences.afa
Amino acid distances: BLOSUM45 Joins: balanced Support: SH-like 1000
Search: Normal +NNI +SPR (2 rounds range 10) +ML-NNI opt-each=1
TopHits: 1.00*sqrtN close=default refresh=0.80
ML Model: Jones-Taylor-Thorton, CAT approximation with 20 rate categories
Initial topology in 0.00 seconds
Refining topology: 16 rounds ME-NNIs, 2 rounds ME-SPRs, 8 rounds ML-NNIs
Total branch-length 1.971 after 0.03 sec
ML-NNI round 1: LogLk = -4293.639 NNIs 1 max delta 0.07 Time 0.10
      0.10 seconds: Site likelihoods with rate category 1 of 20
Switched to using 20 rate categories (CAT approximation)
Rate categories were divided by 0.791 so that average rate = 1.0
CAT-based log-likelihoods may not be comparable across runs
Use -gamma for approximate but comparable Gamma(20) log-likelihoods
ML-NNI round 2: LogLk = -4094.025 NNIs 1 max delta 0.09 Time 0.17
Turning off heuristics for final round of ML NNIs (converged)
ML-NNI round 3: LogLk = -4092.238 NNIs 0 max delta 0.00 Time 0.24 (final)
      0.24 seconds: ML Lengths 1 of 13 splits
Optimize all lengths: LogLk = -4092.236 Time 0.27
Total time: 0.34 seconds Unique: 15/16 Bad splits: 0/12
