
muscle 5.1.linux64 [12f0e2]  792Gb RAM, 24 cores
Built Jan 13 2022 23:17:13
(C) Copyright 2004-2021 Robert C. Edgar.
https://drive5.com

Input: 12 seqs, avg length 390, max 391

00:00 3.9Mb  CPU has 24 cores, defaulting to 20 threads

WARNING: Max OMP threads 1

00:00 3.9Mb     1.5% Calc posteriors00:01 4.2Mb    48.5% Calc posteriors00:01 4.5Mb   100.0% Calc posteriors
00:01 4.5Mb     1.5% Consistency (1/2)00:01 5.7Mb   100.0% Consistency (1/2)
00:01 5.7Mb     1.5% Consistency (2/2)00:01 5.7Mb   100.0% Consistency (2/2)
00:01 5.7Mb     9.1% UPGMA5           00:01 5.7Mb   100.0% UPGMA5
00:01 5.9Mb     1.0% Refining00:02 5.9Mb     2.0% Refining00:02 6.3Mb   100.0% Refining
INFO:Malign:No identity filter
INFO:Malign:Star /work3/idamei/wzy/ssn-clusterings/2209140925/super-clusters/0012_1_103/seeds.txt
INFO:Malign:Star highlights 1 from comma-separated list
Read FASTA line_by_line from /work3/idamei/wzy/ssn-clusterings/2209140925/super-clusters/0012_1_103/sequences.afa 12 elements
INFO:Malign:No identity filter
INFO:Malign:Fasta contains 12 valid records
INFO:Malign:Aligned already
INFO:Malign:Align contains 12 valid records
FastTree Version 2.1.11 SSE3
Alignment: /work3/idamei/wzy/ssn-clusterings/2209140925/super-clusters/0012_1_103/sequences.afa
Amino acid distances: BLOSUM45 Joins: balanced Support: SH-like 1000
Search: Normal +NNI +SPR (2 rounds range 10) +ML-NNI opt-each=1
TopHits: 1.00*sqrtN close=default refresh=0.80
ML Model: Jones-Taylor-Thorton, CAT approximation with 20 rate categories
Initial topology in 0.00 seconds
Refining topology: 14 rounds ME-NNIs, 2 rounds ME-SPRs, 7 rounds ML-NNIs
Total branch-length 0.303 after 0.02 sec
ML-NNI round 1: LogLk = -1755.475 NNIs 1 max delta 0.00 Time 0.07
Switched to using 20 rate categories (CAT approximation)
Rate categories were divided by 0.706 so that average rate = 1.0
CAT-based log-likelihoods may not be comparable across runs
Use -gamma for approximate but comparable Gamma(20) log-likelihoods
      0.10 seconds: ML NNI round 2 of 7, 1 of 10 splits
ML-NNI round 2: LogLk = -1715.512 NNIs 1 max delta 0.00 Time 0.15
Turning off heuristics for final round of ML NNIs (converged)
ML-NNI round 3: LogLk = -1715.512 NNIs 0 max delta 0.00 Time 0.21 (final)
      0.20 seconds: ML Lengths 1 of 10 splits
Optimize all lengths: LogLk = -1715.512 Time 0.23
Total time: 0.29 seconds Unique: 12/12 Bad splits: 0/9
