
muscle 5.1.linux64 [12f0e2]  396Gb RAM, 32 cores
Built Jan 13 2022 23:17:13
(C) Copyright 2004-2021 Robert C. Edgar.
https://drive5.com

Input: 26 seqs, avg length 346, max 355

00:00 3.9Mb  CPU has 32 cores, defaulting to 20 threads

WARNING: Max OMP threads 1

00:00 3.9Mb    0.31% Calc posteriors00:01 4.6Mb    11.7% Calc posteriors00:02 4.6Mb    24.0% Calc posteriors00:03 5.0Mb    36.6% Calc posteriors00:04 5.3Mb    49.2% Calc posteriors00:05 5.9Mb    61.5% Calc posteriors00:06 5.9Mb    73.8% Calc posteriors00:07 6.2Mb    85.8% Calc posteriors00:08 6.6Mb    99.1% Calc posteriors00:08 6.6Mb   100.0% Calc posteriors
00:08 6.6Mb    0.31% Consistency (1/2)00:08 9.6Mb   100.0% Consistency (1/2)
00:08 9.6Mb    0.31% Consistency (2/2)00:08 10Mb    100.0% Consistency (2/2)
00:08 10Mb      4.0% UPGMA5           00:08 10Mb    100.0% UPGMA5
00:08 10Mb      1.0% Refining00:08 11Mb    100.0% Refining
INFO:Malign:No identity filter
INFO:Malign:Star /work3/idamei/ssn-clusterings/2206021344/clusters/0026_23/seeds.txt
INFO:Malign:Star highlights 4
INFO:Malign:No identity filter
INFO:Malign:Fasta contains 26 valid records
INFO:Malign:Aligned already
INFO:Malign:Align contains 26 valid records
inputType: FASTA
================================================================================
WARNINGS

One or more weights was less than -50 bits.
To avoid such amino acid dominating the logo position, these was reduced to -50
bits.
To remove this warning you could try choosing the option of pseudo counts.
================================================================================

