
muscle 5.1.linux64 [12f0e2]  396Gb RAM, 32 cores
Built Jan 13 2022 23:17:13
(C) Copyright 2004-2021 Robert C. Edgar.
https://drive5.com

Input: 22 seqs, avg length 394, max 422

00:00 3.9Mb  CPU has 32 cores, defaulting to 20 threads

WARNING: Max OMP threads 1

00:00 3.9Mb    0.43% Calc posteriors00:01 4.7Mb     3.9% Calc posteriors00:02 4.7Mb    15.6% Calc posteriors00:03 11Mb     28.6% Calc posteriors00:04 12Mb     40.7% Calc posteriors00:05 5.8Mb    52.8% Calc posteriors00:06 13Mb     64.9% Calc posteriors00:07 6.3Mb    76.6% Calc posteriors00:08 6.7Mb    88.7% Calc posteriors00:08 14Mb    100.0% Calc posteriors
00:08 14Mb     0.43% Consistency (1/2)00:09 14Mb     0.87% Consistency (1/2)00:09 14Mb    100.0% Consistency (1/2)
00:09 14Mb     0.43% Consistency (2/2)00:09 14Mb    100.0% Consistency (2/2)
00:09 14Mb      4.8% UPGMA5           00:09 14Mb    100.0% UPGMA5
00:09 14Mb      1.0% Refining00:09 14Mb    100.0% Refining
INFO:Malign:No identity filter
INFO:Malign:Star /work3/idamei/ssn-clusterings/2206071104/clusters/0022_80/seeds.txt
INFO:Malign:Star highlights 1
INFO:Malign:No identity filter
INFO:Malign:Fasta contains 22 valid records
INFO:Malign:Aligned already
INFO:Malign:Align contains 22 valid records
inputType: FASTA
================================================================================
WARNINGS

One or more weights was less than -50 bits.
To avoid such amino acid dominating the logo position, these was reduced to -50
bits.
To remove this warning you could try choosing the option of pseudo counts.
================================================================================

