
muscle 5.1.linux64 [12f0e2]  264Gb RAM, 24 cores
Built Jan 13 2022 23:17:13
(C) Copyright 2004-2021 Robert C. Edgar.
https://drive5.com

Input: 2 seqs, avg length 340, max 340

00:00 3.9Mb  CPU has 24 cores, defaulting to 20 threads

WARNING: Max OMP threads 1

00:00 3.9Mb   100.0% Calc posteriors
00:00 3.9Mb   100.0% UPGMA5         
INFO:Malign:No identity filter
INFO:Malign:Star /work3/idamei/wzy/ssn-clusterings/2208231113/clusters/0002_193/seeds.txt
INFO:Malign:Star highlights 1
Read FASTA line_by_line from /work3/idamei/wzy/ssn-clusterings/2208231113/clusters/0002_193/sequences.afa 2 elements
INFO:Malign:No identity filter
INFO:Malign:Fasta contains 2 valid records
INFO:Malign:Aligned already
INFO:Malign:Align contains 2 valid records
inputType: FASTA
================================================================================
WARNINGS

One or more weights was less than -50 bits.
To avoid such amino acid dominating the logo position, these was reduced to -50
bits.
To remove this warning you could try choosing the option of pseudo counts.
================================================================================

FastTree Version 2.1.11 SSE3
Alignment: /work3/idamei/wzy/ssn-clusterings/2208231113/clusters/0002_193/sequences.afa
Amino acid distances: BLOSUM45 Joins: balanced Support: SH-like 1000
Search: Normal +NNI +SPR (2 rounds range 10) +ML-NNI opt-each=1
TopHits: 1.00*sqrtN close=default refresh=0.80
ML Model: Jones-Taylor-Thorton, CAT approximation with 20 rate categories
Initial topology in 0.00 seconds
Refining topology: 0 rounds ME-NNIs, 2 rounds ME-SPRs, 0 rounds ML-NNIs
Total branch-length 0.000 after 0.00 sec
Total time: 0.00 seconds Unique: 1/2 Bad splits: 0/0
