
muscle 5.1.linux64 [12f0e2]  528Gb RAM, 24 cores
Built Jan 13 2022 23:17:13
(C) Copyright 2004-2021 Robert C. Edgar.
https://drive5.com

Input: 22 seqs, avg length 396, max 426

00:00 3.9Mb  CPU has 24 cores, defaulting to 20 threads

WARNING: Max OMP threads 1

00:00 3.9Mb    0.43% Calc posteriors00:01 4.7Mb    12.1% Calc posteriors00:02 4.7Mb    27.7% Calc posteriors00:03 4.9Mb    42.9% Calc posteriors00:04 5.8Mb    57.1% Calc posteriors00:05 13Mb     73.2% Calc posteriors00:06 13Mb     88.7% Calc posteriors00:06 13Mb    100.0% Calc posteriors
00:06 13Mb     0.43% Consistency (1/2)00:07 13Mb    100.0% Consistency (1/2)
00:07 13Mb     0.43% Consistency (2/2)00:07 13Mb    100.0% Consistency (2/2)
00:07 13Mb      4.8% UPGMA5           00:07 13Mb    100.0% UPGMA5
00:07 13Mb      1.0% Refining00:07 13Mb    100.0% Refining
INFO:Malign:No identity filter
INFO:Malign:Star /work3/idamei/ssn-clusterings/2206071104/clusters/0022_160/seeds.txt
INFO:Malign:Star highlights 6
INFO:Malign:No identity filter
INFO:Malign:Fasta contains 22 valid records
INFO:Malign:Aligned already
INFO:Malign:Align contains 22 valid records
inputType: FASTA
================================================================================
WARNINGS

One or more weights was less than -50 bits.
To avoid such amino acid dominating the logo position, these was reduced to -50
bits.
To remove this warning you could try choosing the option of pseudo counts.
================================================================================

