
muscle 5.1.linux64 [12f0e2]  396Gb RAM, 24 cores
Built Jan 13 2022 23:17:13
(C) Copyright 2004-2021 Robert C. Edgar.
https://drive5.com

Input: 27 seqs, avg length 341, max 408

00:00 3.9Mb  CPU has 24 cores, defaulting to 20 threads

WARNING: Max OMP threads 1

00:00 3.9Mb    0.28% Calc posteriors00:01 4.6Mb     8.8% Calc posteriors00:02 10Mb     19.9% Calc posteriors00:03 10Mb     31.1% Calc posteriors00:04 5.2Mb    42.2% Calc posteriors00:05 11Mb     51.9% Calc posteriors00:06 11Mb     62.7% Calc posteriors00:07 12Mb     74.6% Calc posteriors00:08 12Mb     88.3% Calc posteriors00:09 12Mb     99.4% Calc posteriors00:09 12Mb    100.0% Calc posteriors
00:09 12Mb     0.28% Consistency (1/2)00:09 12Mb    100.0% Consistency (1/2)
00:09 12Mb     0.28% Consistency (2/2)00:09 12Mb    100.0% Consistency (2/2)
00:09 12Mb      3.8% UPGMA5           00:09 12Mb    100.0% UPGMA5
00:09 12Mb      1.0% Refining00:09 12Mb    100.0% Refining
INFO:Malign:Fasta contains 27 valid records
INFO:Malign:Aligned already
INFO:Malign:Align contains 27 valid records

================================================================================
ERROR
Error occurred during parsing of your input file.
Unknown symbol (B) encountered in a sequence.

You could either remove the symbol, or provide a background frequencies for all
symbols.
================================================================================

