# hmmsearch :: search profile(s) against a sequence database
# HMMER 3.3.2 (Nov 2020); http://hmmer.org/
# Copyright (C) 2020 Howard Hughes Medical Institute.
# Freely distributed under the BSD open source license.
# - - - - - - - - - - - - - - - - - - - - - - - - - - - - - - - - - - - -
# query HMM file:                  data/wzy/ssn-clusterings/2206101141/clusters/0129_33/sequences.hmm
# target sequence database:        data/wzy/ssn-clusterings/2206101141/clusters/0003_183/sequences.fa
# - - - - - - - - - - - - - - - - - - - - - - - - - - - - - - - - - - - -

Query:       sequences  [M=393]
Scores for complete sequences (score includes all domains):
   --- full sequence ---   --- best 1 domain ---    -#dom-
    E-value  score  bias    E-value  score  bias    exp  N  Sequence     Description
    ------- ------ -----    ------- ------ -----   ---- --  --------     -----------
    6.8e-17   49.0  40.2    1.2e-16   48.2  40.2    1.4  1  EHZ5976391.1  
    1.6e-16   47.9  40.3    5.4e-16   46.1  40.2    1.9  1  HAV8330588.1  
    2.1e-16   47.5  40.6    6.4e-16   45.8  40.6    1.9  1  BAQ01659.1    


Domain annotation for each sequence (and alignments):
>> EHZ5976391.1  
   #    score  bias  c-Evalue  i-Evalue hmmfrom  hmm to    alifrom  ali to    envfrom  env to     acc
 ---   ------ ----- --------- --------- ------- -------    ------- -------    ------- -------    ----
   1 !   48.2  40.2   1.2e-16   1.2e-16      22     359 ..      32     370 ..       9     398 .. 0.65

  Alignments for each domain:
  == domain 1  score: 48.2 bits;  conditional E-value: 1.2e-16
     sequences  22 alvagliallvlayrlvkkkkkeivlpvdsl...lvilalillsvipllingtkdl....svllmYvkllilfilgiaiynvfyakenekeklvrdl 111
                   +l++ +i+ l+l+ r+     +++ l ++ +   ++ ++l +l     l+ gt+d+     +l  ++k+lil+i+ +    +++++++   ++ r +
  EHZ5976391.1  32 ELIVLCIMSLCLILRI-----NQVLLCIKPIsiiIFSYMLYVLLGATGLFSGTFDFfslrNILYPFIKALILVIFLFL--FLLKKTQTPLYDINRLI 121
                   4444444444444444.....44555555440004444444455556799*****84333466678888888886543..34554555555666666 PP

     sequences 112 kigivvqavvgvlallgvsfvidlalstnavlprfygsEqeYRLynltssafFqLsl..FyllllhfllaynakknklssilvflllviglisgRtf 206
                    +  ++  ++ v+ +++   v+   l++ ++ + + +     R   +   ++++ s+     +l++f l  +   +k++ i+  l+l+ +l sgRt 
  EHZ5976391.1 122 VLCFFIDSIFKVIEIMFP-SVVSAWLNIISI-DDWWKDTLGMRNLGFRGVSIYDYSVaaTLAVLIDFSLRSR---KKINFIIYPLVLLSALSSGRTG 213
                   666777777888888774.556666777664.4555555666766666666766666115566667766655...578899999999********** PP

     sequences 207 lllsvvsillyfkl...rylpalilfavlvlllalnlee....nkyvahalEpvinllsgkelvssstdtLvkkhLfiPtlkqlllG.dGlYyteeg 295
                   l++  +  l+yf     + +++ ++f++l+++l l++++    n+++++ +Ep++n+l+g+   + std+L+++hLf+P+   l +G  G+Y    g
  EHZ5976391.1 214 LVVIFIFTLVYFYRyapKIIISGFIFIILIMYLSLFHSNelihNQQLSWMFEPLLNILNGN-IETESTDDLLENHLFMPDNI-LGYGlWGQYGDMLG 308
                   ***********85435566777778999999998876532333899************975.6899*************963.33332467888899 PP

     sequences 296 syYggtDsGflRqiLYGGvlyllvcflvtayfvkkvalnWfdgswkfilstlvilsilnikaDt 359
                   s   g+DsG++  iLYGG + +++ +++++ ++     +  ++++k+ ++ ++ ++++ ik  +
  EHZ5976391.1 309 STIRGSDSGYILIILYGGWVGFIFFLICSFSYLLYAYIK--SQDKKLSIAIFFTFMLIMIKGPI 370
                   ******************776666666666555433333..23445555555555555555443 PP

>> HAV8330588.1  
   #    score  bias  c-Evalue  i-Evalue hmmfrom  hmm to    alifrom  ali to    envfrom  env to     acc
 ---   ------ ----- --------- --------- ------- -------    ------- -------    ------- -------    ----
   1 !   46.1  40.2   5.4e-16   5.4e-16      23     360 ..      33     371 ..      13     398 .. 0.65

  Alignments for each domain:
  == domain 1  score: 46.1 bits;  conditional E-value: 5.4e-16
     sequences  23 lvagliallvlayrlvkkkkkeivlpvdsllvilalillsvi...pllingtkdl....svllmYvkllilfilgiaiynvfyakenekeklvrdlk 112
                   l++ +i+ l+l+ r      +++ l ++ + +i+   +l v+     l+ gt+d+     +l  ++k+l+l+i+ +    +++++++   ++ r + 
  HAV8330588.1  33 LIVLCIMSLCLILR-----INQVLLCIKPISIIIFSYMLYVLlggTGLFSGTFDFfslrNILYPFIKALVLVIFLFL--FLLKKTQTPLYDINRLIL 122
                   33333333333333.....3556666666655554444444312267999999984333466677888888886543..345555555566666666 PP

     sequences 113 igivvqavvgvlallgvsfvidlalstnavlprfygsEqeYRLynltssafFqLsl..FyllllhfllaynakknklssilvflllviglisgRtfl 207
                   +  ++  ++ v+ +++   v+   l++ ++ + + +     R   +   ++++ s+     +l++f l  +   +k++ i+  l+l+ +l sgRt l
  HAV8330588.1 123 LCFFIDSIFKVIEIMFP-SVVSAWLNIISI-DDWWKDTLGMRNLGFRGVSIYDYSVaaTLAVLIDFSLRSR---KKINFIIYPLVLLSALSSGRTGL 214
                   77777788888888875.556666777664.4555555666666666666666666115566667766655...578899999999*********** PP

     sequences 208 llsvvsillyfkl...rylpalilfavlvlllalnlee....nkyvahalEpvinllsgkelvssstdtLvkkhLfiPtlkqlllG.dGlYyteegs 296
                   ++  +  l+yf     + +++ ++f++l+++l l++++    n+++++ +Ep++n+l+g+   + std+L+++hLf+P+   l +G  G+Y    gs
  HAV8330588.1 215 VVIFIFTLVYFYRyapKIIISGFIFIILIMYLSLFHSNelihNQQLSWMFEPLLNILNGN-IETESTDDLLENHLFMPDNI-LGYGlWGQYGDMLGS 309
                   **********85435566777778999999998876532333899************975.6899*************963.33332467888899* PP

     sequences 297 yYggtDsGflRqiLYGGvlyllvcflvtayfvkkvalnWfdgswkfilstlvilsilnikaDty 360
                      g+DsG++  iLYGG + +++ +++++ ++     +  ++++k+ ++ ++ ++++ ik  + 
  HAV8330588.1 310 TIRGSDSGYILIILYGGWVGFIFFLICSFSYLLYAYIK--SQDKKLSIAIFFTFMLIMIKGPII 371
                   *****************776666666666555433333..234555555555555555555432 PP

>> BAQ01659.1  
   #    score  bias  c-Evalue  i-Evalue hmmfrom  hmm to    alifrom  ali to    envfrom  env to     acc
 ---   ------ ----- --------- --------- ------- -------    ------- -------    ------- -------    ----
   1 !   45.8  40.6   6.4e-16   6.4e-16      23     359 ..      33     370 ..       9     398 .. 0.65

  Alignments for each domain:
  == domain 1  score: 45.8 bits;  conditional E-value: 6.4e-16
   sequences  23 lvagliallvlayrlvkkkkkeivlpvdsllvilalillsvi...pllingtkdl....svllmYvkllilfilgiaiynvfyakenekeklvrdlkig 114
                 l++ +i+ l+l+ r+     +++ l ++ + +i+   +l v+     l+ gt+d+     +l  ++k+l+l+i+ +    +++++++   ++ r + + 
  BAQ01659.1  33 LIVLCIMSLCLILRI-----NQVLLCIKPISIIIFSYMLYVLlggTGLFSGTFDFfslrNILYPFIKALVLVIFLFL--FLLKKTQTPLYDINRLILLC 124
                 344334334444333.....5566666666555544444443122679999*9984333466677888888886543..34555555556666666677 PP

   sequences 115 ivvqavvgvlallgvsfvidlalstnavlprfygsEqeYRLynltssafFqLsl..FyllllhfllaynakknklssilvflllviglisgRtflllsv 211
                  ++  ++ v+ +++   v+   l++ ++ + + +     R   +   ++++ s+     +l++f l  +   +k++ i+  l+l+ +l sgRt l++  
  BAQ01659.1 125 FFIDSIFKVIEIMFP-SVVSAWLNIISI-DDWWKDTLGMRNLGFRGVSIYDYSVaaTLAVLIDFSLRSR---KKINFIIYPLVLLSALSSGRTGLVVIF 218
                 777788888888875.556666777664.4555555666666666666666666115566667766655...578899999999*************** PP

   sequences 212 vsillyfkl...rylpalilfavlvlllalnlee....nkyvahalEpvinllsgkelvssstdtLvkkhLfiPtlkqlllG.dGlYyteegsyYggtD 302
                 +  l+yf     + +++ ++f++l+++l l++++    n+++++ +Ep++n+l+g+   + std+L+++hLf+P+   l +G  G+Y    gs   g+D
  BAQ01659.1 219 IFTLVYFYRyapKIIISGFIFIILIMYLSLFHSNelihNQQLSWMFEPLLNILNGN-IETESTDDLLENHLFMPDNI-LGYGlWGQYGDMLGSTIRGSD 315
                 ******85435566777778999999998876532333899************975.6899*************963.33332467888899******* PP

   sequences 303 sGflRqiLYGGvlyllvcflvtayfvkkvalnWfdgswkfilstlvilsilnikaDt 359
                 sG++  iLYGG + +++ +++++ ++     +  ++++k+ ++ ++ ++++ ik  +
  BAQ01659.1 316 SGYILIILYGGWVGFIFFLICSFSYLLYAYIK--SQDKKLSIAIFFTFMLIMIKGPI 370
                 ***********776666666666555433333..23445555555555555555443 PP



Internal pipeline statistics summary:
-------------------------------------
Query model(s):                            1  (393 nodes)
Target sequences:                          3  (1197 residues searched)
Passed MSV filter:                         3  (1); expected 0.1 (0.02)
Passed bias filter:                        3  (1); expected 0.1 (0.02)
Passed Vit filter:                         3  (1); expected 0.0 (0.001)
Passed Fwd filter:                         3  (1); expected 0.0 (1e-05)
Initial search space (Z):                  3  [actual number of targets]
Domain search space  (domZ):               3  [number of targets reported over threshold]
# CPU time: 0.02u 0.00s 00:00:00.02 Elapsed: 00:00:00.01
# Mc/sec: 24.20
//
[ok]
