
muscle 5.1.linux64 [12f0e2]  396Gb RAM, 32 cores
Built Jan 13 2022 23:17:13
(C) Copyright 2004-2021 Robert C. Edgar.
https://drive5.com

Input: 3 seqs, avg length 410, max 426

00:00 3.9Mb  CPU has 32 cores, defaulting to 20 threads

WARNING: Max OMP threads 1

00:00 3.9Mb    33.3% Calc posteriors00:00 11Mb    100.0% Calc posteriors
00:00 11Mb     33.3% Consistency (1/2)00:00 11Mb    100.0% Consistency (1/2)
00:00 11Mb     33.3% Consistency (2/2)00:00 11Mb    100.0% Consistency (2/2)
00:00 11Mb     50.0% UPGMA5           00:00 11Mb    100.0% UPGMA5
00:00 11Mb      1.0% Refining00:00 11Mb    100.0% Refining
/zhome/2b/2/141636/.lsbatch/1652281885.13557673.shell: line 31: /work3/garryg/bioP/bin/malign: No such file or directory
inputType: FASTA


muscle 5.1.linux64 [12f0e2]  792Gb RAM, 32 cores
Built Jan 13 2022 23:17:13
(C) Copyright 2004-2021 Robert C. Edgar.
https://drive5.com

Input: 3 seqs, avg length 410, max 426

00:00 3.9Mb  CPU has 32 cores, defaulting to 20 threads

WARNING: Max OMP threads 1

00:00 3.9Mb    33.3% Calc posteriors00:00 11Mb    100.0% Calc posteriors
00:00 11Mb     33.3% Consistency (1/2)00:00 11Mb    100.0% Consistency (1/2)
00:00 11Mb     33.3% Consistency (2/2)00:00 11Mb    100.0% Consistency (2/2)
00:00 11Mb     50.0% UPGMA5           00:00 11Mb    100.0% UPGMA5
00:00 11Mb      1.0% Refining00:01 11Mb     91.0% Refining00:01 11Mb    100.0% Refining
INFO:Malign:Fasta contains 3 valid records
INFO:Malign:Aligned already
INFO:Malign:Align contains 3 valid records
inputType: FASTA

