# hmmsearch :: search profile(s) against a sequence database
# HMMER 3.3.2 (Nov 2020); http://hmmer.org/
# Copyright (C) 2020 Howard Hughes Medical Institute.
# Freely distributed under the BSD open source license.
# - - - - - - - - - - - - - - - - - - - - - - - - - - - - - - - - - - - -
# query HMM file:                  data/wzy/ssn-clusterings/2206101141/clusters/0067_27/sequences.hmm
# target sequence database:        data/wzy/ssn-clusterings/2206101141/clusters/0002_197/sequences.fa
# - - - - - - - - - - - - - - - - - - - - - - - - - - - - - - - - - - - -

Query:       sequences  [M=396]
Scores for complete sequences (score includes all domains):
   --- full sequence ---   --- best 1 domain ---    -#dom-
    E-value  score  bias    E-value  score  bias    exp  N  Sequence       Description
    ------- ------ -----    ------- ------ -----   ---- --  --------       -----------
    3.4e-19   55.9  55.1    4.6e-19   55.5  55.1    1.1  1  WP_117280578.1  
    6.4e-19   55.0  56.2    8.6e-19   54.6  56.2    1.1  1  WP_125442707.1  


Domain annotation for each sequence (and alignments):
>> WP_117280578.1  
   #    score  bias  c-Evalue  i-Evalue hmmfrom  hmm to    alifrom  ali to    envfrom  env to     acc
 ---   ------ ----- --------- --------- ------- -------    ------- -------    ------- -------    ----
   1 !   55.5  55.1   4.6e-19   4.6e-19       1     389 [.       1     421 [.       1     427 [. 0.75

  Alignments for each domain:
  == domain 1  score: 55.5 bits;  conditional E-value: 4.6e-19
       sequences   1 MeylliillilllllfavlkkkdlfsPlvlttlvWllilllglflgdsl.yplseqfflslliWvlillisslltylllpkkkk....ikkelee 90 
                     M+y+l+i+l++l++ + ++  ++++ P ++ +l+ l+  +l+++++ +    ls++f++ +l  ++++l+  +l+ ++++kk+k    + kel+ 
  WP_117280578.1   1 MIYFLLIILFTLAT-MDIFLWRSFVKPSMILVLSFLFSSILIYINYRQWdVMLSTKFVFYVLSAIFSFLFAGFLVRIFCRKKDKnyegVLKELDL 94 
                     77877777554444.4488899************************9985678999999999999999999999999998887778885566777 PP

       sequences  91 skkifniyllisiilvplllyeiyk.vvgeggpenfflnLRlaalee..eeeleklgllkyvypliqalf....liellryskkskwklllilll 178
                     +     ++++i+ii+++++++  +k + ++++ +n++ ++   ++++  ++++   ++++++  ++++ f        +++ +++++  ++ +l 
  WP_117280578.1  95 NTHPSLFIFFITIICAVIYIILSLKdIQISFNLGNVLSQIYYKNVQHngSNSFVANQMMEIITGIAYISFfqilSARYIVKDRNRQTLNYINILT 189
                     7777777777777777766665555156889************9998434444455566666666665552211344566777777777888999 PP

       sequences 179 nllfaiatmgKlailtlilitlv..ily....ekkkikl......kkilillvvllilflllqllRsseseesstildflslYilsplvAfgtle 261
                      l+++i++  +  +l +i++ +v  il+    ++  ik       +k ++l+ ++++lf+ +  l++  s    ++ ++l++Y  s l  f+ + 
  WP_117280578.1 190 FLFICIVSTDRNIFLRFIIYAFVlwILFytksNQASIKSlnwkivRKSIFLIAIVIVLFYYFGKLKNYTS----DFQRVLGIYGGSGLYNFNLFI 280
                     9999999999999997776543311333111133445545533345555556666666666666666665....8*****************998 PP

       sequences 262 ek...sseqfGeytFrffYailnklglskie..pvetileyvyvPvpT......NvYTvlqPFykDFgylGVaffaliYGlffgllYkkakkg.n 344
                     +k   ++ ++G+ t+r++   l ++g+ ++   +++ + e++     T      N+Y++l PF +DFgy G ++  + +Gl+f +lY+ ++++ +
  WP_117280578.1 281 NKfipTNLKYGASTLRTLSDTLGTIGIINTPggTTSIFSEFIAFQSSTgfvyisNIYSALRPFVEDFGYCGMLIYPFCLGLLFEWLYEIVRRKaY 375
                     77677999*******************986522355678899888777777777**********************************9998846 PP

       sequences 345 nvalllYalllevlilqFfqEtlltnLsl.niqlvlllllvflltv 389
                     +++ ++Y++ +  l+   ++E+++  L l +i+ + ++ +++++ v
  WP_117280578.1 376 SFFWIFYSYSIYPLVYFAIEEQFFRRLHLgTIYEISWIAIFYIILV 421
                     79999********************997526666666666655544 PP

>> WP_125442707.1  
   #    score  bias  c-Evalue  i-Evalue hmmfrom  hmm to    alifrom  ali to    envfrom  env to     acc
 ---   ------ ----- --------- --------- ------- -------    ------- -------    ------- -------    ----
   1 !   54.6  56.2   8.6e-19   8.6e-19       1     389 [.       1     421 [.       1     427 [. 0.75

  Alignments for each domain:
  == domain 1  score: 54.6 bits;  conditional E-value: 8.6e-19
       sequences   1 MeylliillilllllfavlkkkdlfsPlvlttlvWllilllglflgdsl.yplseqfflslliWvlillisslltylllpkkkk....ikkelee 90 
                     M+y+l+i+l++l++ + ++  ++++ P ++ +l+ l+  +l+++++ +    ls++f++ +l  ++++l+  +l+ ++++kk+k    + kel+ 
  WP_125442707.1   1 MIYFLLIILFTLAT-MDIFLWRSFVKPSMILVLSFLFSSILIYINYRQWdVMLSTKFVFYVLSAIFSFLFAGFLVRIFCRKKDKnyegVLKELDL 94 
                     77877777554444.4488899************************9985678999999999999999999999999998887778885566777 PP

       sequences  91 skkifniyllisiilvplllyeiyk.vvgeggpenfflnLRlaalee..eeeleklgllkyvypliqalf....liellryskkskwklllilll 178
                     +     ++++i+ii+++++++  +k + ++++ +n++ ++   ++++  +++++  ++++++  ++++ f        +++ +++++  ++ +l 
  WP_125442707.1  95 NTHPSLFIFFITIICAVIYIILSLKdIQISFNLGNILSQIYYKNVQHngSNSFFANQMMEIITGIAYISFfqilSARYIVKDRNRQTLNYINILT 189
                     7777777777777777766665555156889************9998445556666777777777776662211344466677777777888899 PP

       sequences 179 nllfaiatmgKlailtlilitlv..ily....ekkkikl......kkilillvvllilflllqllRsseseesstildflslYilsplvAfgtle 261
                      l+++i++  +  +l +i++ +v  il+    ++  ik       +k ++l+ ++++lf+ +  l++  s    ++ ++l++Y  s l  f+ + 
  WP_125442707.1 190 FLFICIVSTDRNIFLRFIIYAFVlwILFytksNQASIKSlnwkivRKSIFLIAIVIVLFYYFGKLKNYTS----DFQRVLGIYGGSGLYNFNLFI 280
                     9999999999999997776543311333111133445545533345555556666666666666666665....8*****************998 PP

       sequences 262 ek...sseqfGeytFrffYailnklglskie..pvetileyvyvPvpT......NvYTvlqPFykDFgylGVaffaliYGlffgllYkkakkg.n 344
                     +k   ++ ++G+ t+r++   l ++g+ ++   +++ + e++     T      N+Y++l PF +DFgy G ++  + +Gl+f +lY+ ++++ +
  WP_125442707.1 281 NKfipTNLKYGASTLRTLSDTLGTIGIMNTSggTTSIFSEFIAFQSSTgfvyisNIYSALRPFVEDFGYCGMLIYPFCLGLLFEWLYEIVRRKaY 375
                     77677999******************9987632556678899888777777777**********************************9998846 PP

       sequences 345 nvalllYalllevlilqFfqEtlltnLsl.niqlvlllllvflltv 389
                     +++ ++Y++ +  l+   ++E+++  L l +i+ + ++ +++++ v
  WP_125442707.1 376 SFFWIFYSYSIYPLVYFAIEEQFFRRLHLgTIYEISWIAIFYIILV 421
                     79999********************997526666666666655544 PP



Internal pipeline statistics summary:
-------------------------------------
Query model(s):                            1  (396 nodes)
Target sequences:                          2  (858 residues searched)
Passed MSV filter:                         2  (1); expected 0.0 (0.02)
Passed bias filter:                        2  (1); expected 0.0 (0.02)
Passed Vit filter:                         2  (1); expected 0.0 (0.001)
Passed Fwd filter:                         2  (1); expected 0.0 (1e-05)
Initial search space (Z):                  2  [actual number of targets]
Domain search space  (domZ):               2  [number of targets reported over threshold]
# CPU time: 0.01u 0.00s 00:00:00.01 Elapsed: 00:00:00.01
# Mc/sec: 31.92
//
[ok]
