# hmmsearch :: search profile(s) against a sequence database
# HMMER 3.3.2 (Nov 2020); http://hmmer.org/
# Copyright (C) 2020 Howard Hughes Medical Institute.
# Freely distributed under the BSD open source license.
# - - - - - - - - - - - - - - - - - - - - - - - - - - - - - - - - - - - -
# query HMM file:                  data/wzy/ssn-clusterings/2206101141/clusters/0018_86/sequences.hmm
# target sequence database:        data/wzy/ssn-clusterings/2206101141/clusters/0009_161/sequences.fa
# - - - - - - - - - - - - - - - - - - - - - - - - - - - - - - - - - - - -

Query:       sequences  [M=410]
Scores for complete sequences (score includes all domains):
   --- full sequence ---   --- best 1 domain ---    -#dom-
    E-value  score  bias    E-value  score  bias    exp  N  Sequence     Description
    ------- ------ -----    ------- ------ -----   ---- --  --------     -----------
     0.0024    6.3  59.4     0.0038    5.6  59.4    1.3  1  HAU3265253.1  
     0.0029    6.0  59.1     0.0045    5.4  59.1    1.3  1  AFW04860.1    


Domain annotation for each sequence (and alignments):
>> HAU3265253.1  
   #    score  bias  c-Evalue  i-Evalue hmmfrom  hmm to    alifrom  ali to    envfrom  env to     acc
 ---   ------ ----- --------- --------- ------- -------    ------- -------    ------- -------    ----
   1 !    5.6  59.4   0.00083    0.0038      32     365 ..       5     336 ..       1     345 [. 0.60

  Alignments for each domain:
  == domain 1  score: 5.6 bits;  conditional E-value: 0.00083
     sequences  32 lyPLlsliligllSPllsklarklasl..lvlvfiilfyaslk..PFsDlaEYlnvYkeinaneidifsysRFGkGiEiliLvlmkvvgfisdgNeq 124
                   +  L++l  +gllS l +k + +++++  ++++f+ +  +s++    +D + Y ++Y+  n   i +   + +  G+E  + ++  + +        
  HAU3265253.1   5 FIILFFLSTLGLLS-LANKEKNNFSFFacFIICFFFIVLSSIRwdRGTDWSAYYEIYQATN--IIGVC-LKIYCIGVEPGFYFINWLFSSFYSYS-- 95 
                   45588899999999.344444444333113444555555676522468**********999..77764.688999***99888877766665544.. PP

     sequences 125 vfLlaiytlivillvlickkidkrfkllllllfflslgfvevnsYFlRqvlS..vvlllyaileis.kkkyvyfllsiisHlSavlnivvylvllla 218
                   +fL++  ++i+ l +l+  k ++++  + lll f     + +  + +Rq lS  + ll+y i +++ k++++  ll+++ H Sa++  +  lv  + 
  HAU3265253.1  96 FFLFFLACVIIPLKTLFFFK-KSEYPFIALLLYFS---ILVFDIFPVRQSLSssLCLLFYLIYKNHkKSSFLVALLALMVHYSAIIFFIGLLVCST- 187
                   45555555554444333333.35666555544443...344567789***973245667888866515579999***********98766666644. PP

     sequences 219 rkkkvkvvvillalligllvvlfilyrspiyslllskllnvssndkfs...tlplnyilittvnlvlillllskrkklkelesilfl....kefflf 308
                    kk+ k  v++++++i +l+++++ y  +   +l s++++ + n+k+      pl  +l    ++++++l  +    +  +++i++      +f+++
  HAU3265253.1 188 -KKIHKGKVVIFSIFILVLFFIVVKYPPE---ILSSRINDYIINQKVYsddITPLRNLLKCLDQIFIMFLCWR-LMLVGCVNKIILRlsifGSFLFI 279
                   .4445555555554433444444444333...34444444444444431113456666665556655555544.33333333333321111356666 PP

     sequences 309 lillkiPalsnRlglilfafsplfllpllksseikiks.kylllilllvinlvpllyl 365
                    ++l  P+l+ Rlgl+++ f+ + l +l+  ++ + +   yl+l+++  i l  ++  
  HAU3265253.1 280 SATLLAPQLA-RLGLFFVPFQIITLSSLILLFSKNSRLlAYLILVVYAAIKLNLIIRP 336
                   669999**96.**************998777666655449999999999987666554 PP

>> AFW04860.1  
   #    score  bias  c-Evalue  i-Evalue hmmfrom  hmm to    alifrom  ali to    envfrom  env to     acc
 ---   ------ ----- --------- --------- ------- -------    ------- -------    ------- -------    ----
   1 !    5.4  59.1     0.001    0.0045      32     365 ..       5     336 ..       1     345 [. 0.61

  Alignments for each domain:
  == domain 1  score: 5.4 bits;  conditional E-value: 0.001
   sequences  32 lyPLlsliligllSPllsklarklasl..lvlvfiilfyaslk..PFsDlaEYlnvYkeinaneidifsysRFGkGiEiliLvlmkvvgfisdgNeqvf 126
                 +  L++l  +gllS l +k + +++++  ++++f+ +  +s++    +D + Y ++Y+  n   i +   + +  G+E  + ++  + +        +f
  AFW04860.1   5 FIILFFLSTLGLLS-LANKEKNNFSFFacFIICFFFIVLSSIRwdRGTDWSAYYEIYQATN--IIGVC-LKIYCIGVEPGFYFINWLFSSFYSYS--FF 97 
                 45588899999999.344444444333113444555555676522468**********999..77764.688999***99888877766665544..45 PP

   sequences 127 LlaiytlivillvlickkidkrfkllllllfflslgfvevnsYFlRqvlS..vvlllyaileis.kkkyvyfllsiisHlSavlnivvylvlllarkkk 222
                 L++  ++i+ l +l+  k ++++  + lll f     + +  + +Rq lS  + ll+y i +++ k++++  ll+++ H Sa++  +  lv  +  kk+
  AFW04860.1  98 LFFLACVIIPLKTLFFFK-KSEYPFIALLLYFS---ILVFDIFPVRQSLSssLCLLFYLIYKNHkKSSFLVALLALMVHYSAIIFFIGLLVCST--KKI 190
                 555555554444333333.35666555544443...344567789***973245667888866515579999***********98776666644..444 PP

   sequences 223 vkvvvillalligllvvlfilyrspiyslllskllnvssndkfs...tlplnyilittvnlvlilllls.krkklkeles..ilflkefflflillkiP 315
                  k  v++++++i +l+++++ y  +   +l s++++ + n+k+      pl  +l    ++++++l  + +   + ++ +  + ++ +f+++ ++l  P
  AFW04860.1 191 HKGKVVIFSIFILVLFFIVVKYPPE---ILSSRINDYIINQKVYsddITPLRNLLKCLDQIFIMFLCWRlMLVGCVDKIIlrLSIFGSFLFISATLLAP 286
                 5555555554433444444444333...3444444444444443111346666676666666666655533333444444222222366666679999* PP

   sequences 316 alsnRlglilfafsplfllpllksseikiks.kylllilllvinlvpllyl 365
                 +l+ Rlgl+++ f+ + l +l+  ++ + +   yl+l+++  i l  ++  
  AFW04860.1 287 QLA-RLGLFFVPFQIITLSSLILLFSKNSRLlAYLILVVYAAIKLNLIIRP 336
                 *96.**************998777666655449999999999987666554 PP



Internal pipeline statistics summary:
-------------------------------------
Query model(s):                            1  (410 nodes)
Target sequences:                          9  (3229 residues searched)
Passed MSV filter:                         9  (1); expected 0.2 (0.02)
Passed bias filter:                        2  (0.222222); expected 0.2 (0.02)
Passed Vit filter:                         2  (0.222222); expected 0.0 (0.001)
Passed Fwd filter:                         2  (0.222222); expected 0.0 (1e-05)
Initial search space (Z):                  9  [actual number of targets]
Domain search space  (domZ):               2  [number of targets reported over threshold]
# CPU time: 0.01u 0.00s 00:00:00.01 Elapsed: 00:00:00.01
# Mc/sec: 99.08
//
[ok]
