
muscle 5.1.linux64 [12f0e2]  396Gb RAM, 24 cores
Built Jan 13 2022 23:17:13
(C) Copyright 2004-2021 Robert C. Edgar.
https://drive5.com

Input: 21 seqs, avg length 420, max 465

00:00 3.9Mb  CPU has 24 cores, defaulting to 20 threads

WARNING: Max OMP threads 1

00:01 3.9Mb    0.48% Calc posteriors00:02 12Mb     11.9% Calc posteriors00:03 12Mb     23.8% Calc posteriors00:04 4.9Mb    35.2% Calc posteriors00:05 13Mb     46.7% Calc posteriors00:06 13Mb     58.6% Calc posteriors00:07 5.8Mb    70.0% Calc posteriors00:08 15Mb     80.5% Calc posteriors00:09 14Mb     92.4% Calc posteriors00:09 6.7Mb   100.0% Calc posteriors
00:09 6.7Mb    0.48% Consistency (1/2)00:09 10Mb    100.0% Consistency (1/2)
00:09 10Mb     0.48% Consistency (2/2)00:10 10Mb     36.2% Consistency (2/2)00:10 10Mb    100.0% Consistency (2/2)
00:10 10Mb      5.0% UPGMA5           00:10 10Mb    100.0% UPGMA5
00:10 10Mb      1.0% Refining00:10 12Mb    100.0% Refining
INFO:Malign:No identity filter
INFO:Malign:Star /work3/idamei/ssn-clusterings/2206021344/clusters/0021_28/seeds.txt
INFO:Malign:Star highlights 0
INFO:Malign:No identity filter
INFO:Malign:Fasta contains 21 valid records
INFO:Malign:Aligned already
INFO:Malign:Align contains 21 valid records
inputType: FASTA
================================================================================
WARNINGS

One or more weights was less than -50 bits.
To avoid such amino acid dominating the logo position, these was reduced to -50
bits.
To remove this warning you could try choosing the option of pseudo counts.
================================================================================

