
muscle 5.1.linux64 [12f0e2]  396Gb RAM, 24 cores
Built Jan 13 2022 23:17:13
(C) Copyright 2004-2021 Robert C. Edgar.
https://drive5.com

Input: 17 seqs, avg length 401, max 424

00:00 3.9Mb  CPU has 24 cores, defaulting to 20 threads

WARNING: Max OMP threads 1

00:00 3.9Mb    0.74% Calc posteriors00:01 4.8Mb     8.1% Calc posteriors00:02 4.8Mb    28.7% Calc posteriors00:03 4.8Mb    48.5% Calc posteriors00:04 5.1Mb    68.4% Calc posteriors00:05 6.0Mb    87.5% Calc posteriors00:05 12Mb    100.0% Calc posteriors
00:05 12Mb     0.74% Consistency (1/2)00:05 12Mb    100.0% Consistency (1/2)
00:05 12Mb     0.74% Consistency (2/2)00:05 12Mb    100.0% Consistency (2/2)
00:05 12Mb      6.2% UPGMA5           00:05 12Mb    100.0% UPGMA5
00:05 12Mb      1.0% Refining00:06 12Mb     75.0% Refining00:06 12Mb    100.0% Refining
INFO:Malign:No identity filter
INFO:Malign:Star /work3/idamei/wzy/ssn-clusterings/2209121518/clusters/0017_67/seeds.txt
INFO:Malign:Star highlights 3
Read FASTA line_by_line from /work3/idamei/wzy/ssn-clusterings/2209121518/clusters/0017_67/sequences.afa 17 elements
INFO:Malign:No identity filter
INFO:Malign:Fasta contains 17 valid records
INFO:Malign:Aligned already
INFO:Malign:Align contains 17 valid records
FastTree Version 2.1.11 SSE3
Alignment: /work3/idamei/wzy/ssn-clusterings/2209121518/clusters/0017_67/sequences.afa
Amino acid distances: BLOSUM45 Joins: balanced Support: SH-like 1000
Search: Normal +NNI +SPR (2 rounds range 10) +ML-NNI opt-each=1
TopHits: 1.00*sqrtN close=default refresh=0.80
ML Model: Jones-Taylor-Thorton, CAT approximation with 20 rate categories
Initial topology in 0.00 seconds
Refining topology: 16 rounds ME-NNIs, 2 rounds ME-SPRs, 8 rounds ML-NNIs
Total branch-length 3.425 after 0.06 sec
ML-NNI round 1: LogLk = -7190.870 NNIs 0 max delta 0.00 Time 0.16
      0.15 seconds: Site likelihoods with rate category 1 of 20
Switched to using 20 rate categories (CAT approximation)
Rate categories were divided by 0.859 so that average rate = 1.0
CAT-based log-likelihoods may not be comparable across runs
Use -gamma for approximate but comparable Gamma(20) log-likelihoods
ML-NNI round 2: LogLk = -6850.187 NNIs 0 max delta 0.00 Time 0.24
Turning off heuristics for final round of ML NNIs (converged)
ML-NNI round 3: LogLk = -6849.117 NNIs 0 max delta 0.00 Time 0.34 (final)
      0.34 seconds: ML Lengths 1 of 15 splits
Optimize all lengths: LogLk = -6849.101 Time 0.38
Total time: 0.47 seconds Unique: 17/17 Bad splits: 0/14
