
muscle 5.1.linux64 [12f0e2]  792Gb RAM, 32 cores
Built Jan 13 2022 23:17:13
(C) Copyright 2004-2021 Robert C. Edgar.
https://drive5.com

Input: 15 seqs, avg length 445, max 496

00:01 3.9Mb  CPU has 32 cores, defaulting to 20 threads

WARNING: Max OMP threads 1

00:01 3.9Mb    0.95% Calc posteriors00:02 4.9Mb    23.8% Calc posteriors00:03 13Mb     47.6% Calc posteriors00:04 14Mb     71.4% Calc posteriors00:05 14Mb     98.1% Calc posteriors00:05 5.2Mb   100.0% Calc posteriors
00:05 14Mb     0.95% Consistency (1/2)00:05 14Mb    100.0% Consistency (1/2)
00:05 14Mb     0.95% Consistency (2/2)00:05 14Mb    100.0% Consistency (2/2)
00:05 14Mb      7.1% UPGMA5           00:05 14Mb    100.0% UPGMA5
00:05 14Mb      1.0% Refining00:05 14Mb    100.0% Refining
INFO:Malign:No identity filter
INFO:Malign:Star /work3/idamei/ssn-clusterings/2206011120/clusters/0015_73/seeds.txt
INFO:Malign:Star highlights 1
INFO:Malign:No identity filter
INFO:Malign:Fasta contains 15 valid records
INFO:Malign:Aligned already
INFO:Malign:Align contains 15 valid records
inputType: FASTA


muscle 5.1.linux64 [12f0e2]  131Gb RAM, 20 cores
Built Jan 13 2022 23:17:13
(C) Copyright 2004-2021 Robert C. Edgar.
https://drive5.com

Input: 15 seqs, avg length 445, max 496


WARNING: Max OMP threads 1

00:00 3.9Mb  CPU has 20 cores, running 1 threads
00:00 3.9Mb    0.95% Calc posteriors00:01 4.9Mb    16.2% Calc posteriors00:02 14Mb     41.9% Calc posteriors00:03 14Mb     67.6% Calc posteriors00:04 14Mb     95.2% Calc posteriors00:04 5.2Mb   100.0% Calc posteriors
00:04 14Mb     0.95% Consistency (1/2)00:04 14Mb    100.0% Consistency (1/2)
00:04 14Mb     0.95% Consistency (2/2)00:04 14Mb    100.0% Consistency (2/2)
00:04 14Mb      7.1% UPGMA5           00:04 14Mb    100.0% UPGMA5
00:04 14Mb      1.0% Refining00:04 14Mb    100.0% Refining
INFO:Malign:No identity filter
INFO:Malign:Star /work3/idamei/ssn-clusterings/2206011120/clusters/0015_73/seeds.txt
INFO:Malign:Star highlights 1
INFO:Malign:No identity filter
INFO:Malign:Fasta contains 15 valid records
INFO:Malign:Aligned already
INFO:Malign:Align contains 15 valid records
inputType: FASTA

