
muscle 5.1.linux64 [12f0e2]  396Gb RAM, 24 cores
Built Jan 13 2022 23:17:13
(C) Copyright 2004-2021 Robert C. Edgar.
https://drive5.com

Input: 20 seqs, avg length 395, max 410

00:00 3.9Mb  CPU has 24 cores, defaulting to 20 threads

WARNING: Max OMP threads 1

00:00 3.9Mb    0.53% Calc posteriors00:01 5.3Mb     3.7% Calc posteriors00:02 4.7Mb    22.6% Calc posteriors00:03 4.7Mb    41.6% Calc posteriors00:04 5.5Mb    58.9% Calc posteriors00:05 5.5Mb    76.3% Calc posteriors00:06 5.5Mb    93.2% Calc posteriors00:06 5.5Mb   100.0% Calc posteriors
00:06 5.5Mb    0.53% Consistency (1/2)00:06 8.0Mb   100.0% Consistency (1/2)
00:06 8.0Mb    0.53% Consistency (2/2)00:06 8.0Mb   100.0% Consistency (2/2)
00:06 8.0Mb     5.3% UPGMA5           00:06 8.0Mb   100.0% UPGMA5
00:06 8.0Mb     1.0% Refining00:06 8.9Mb   100.0% Refining
INFO:Malign:No identity filter
INFO:Malign:Star /work3/idamei/wzy/ssn-clusterings/2209161239/super-clusters/0020_1_108/seeds.txt
INFO:Malign:Star highlights 1 from comma-separated list
Read FASTA line_by_line from /work3/idamei/wzy/ssn-clusterings/2209161239/super-clusters/0020_1_108/sequences.afa 20 elements
INFO:Malign:No identity filter
INFO:Malign:Fasta contains 20 valid records
INFO:Malign:Aligned already
INFO:Malign:Align contains 20 valid records
FastTree Version 2.1.11 SSE3
Alignment: /work3/idamei/wzy/ssn-clusterings/2209161239/super-clusters/0020_1_108/sequences.afa
Amino acid distances: BLOSUM45 Joins: balanced Support: SH-like 1000
Search: Normal +NNI +SPR (2 rounds range 10) +ML-NNI opt-each=1
TopHits: 1.00*sqrtN close=default refresh=0.80
ML Model: Jones-Taylor-Thorton, CAT approximation with 20 rate categories
Initial topology in 0.00 seconds
Refining topology: 17 rounds ME-NNIs, 2 rounds ME-SPRs, 9 rounds ML-NNIs
Total branch-length 1.527 after 0.05 sec
ML-NNI round 1: LogLk = -4064.003 NNIs 3 max delta 0.01 Time 0.16
      0.16 seconds: Site likelihoods with rate category 1 of 20
Switched to using 20 rate categories (CAT approximation)
Rate categories were divided by 0.790 so that average rate = 1.0
CAT-based log-likelihoods may not be comparable across runs
Use -gamma for approximate but comparable Gamma(20) log-likelihoods
ML-NNI round 2: LogLk = -3851.063 NNIs 1 max delta 0.00 Time 0.29
Turning off heuristics for final round of ML NNIs (converged)
      0.29 seconds: ML NNI round 3 of 9, 1 of 18 splits
ML-NNI round 3: LogLk = -3850.737 NNIs 0 max delta 0.00 Time 0.40 (final)
      0.40 seconds: ML Lengths 1 of 18 splits
Optimize all lengths: LogLk = -3850.735 Time 0.44
Total time: 0.55 seconds Unique: 20/20 Bad splits: 0/17
