# hmmsearch :: search profile(s) against a sequence database
# HMMER 3.3.2 (Nov 2020); http://hmmer.org/
# Copyright (C) 2020 Howard Hughes Medical Institute.
# Freely distributed under the BSD open source license.
# - - - - - - - - - - - - - - - - - - - - - - - - - - - - - - - - - - - -
# query HMM file:                  data/wzy/ssn-clusterings/2206101141/clusters/0107_2/sequences.hmm
# target sequence database:        data/wzy/ssn-clusterings/2206101141/clusters/0004_191/sequences.fa
# - - - - - - - - - - - - - - - - - - - - - - - - - - - - - - - - - - - -

Query:       sequences  [M=412]
Scores for complete sequences (score includes all domains):
   --- full sequence ---   --- best 1 domain ---    -#dom-
    E-value  score  bias    E-value  score  bias    exp  N  Sequence     Description
    ------- ------ -----    ------- ------ -----   ---- --  --------     -----------
     0.0061    3.4  54.7    2.8e-06   14.4  33.7    2.2  2  EEV9868844.1  
  ------ inclusion threshold ------
       0.04    0.7  53.3    2.8e-05   11.1  33.0    2.2  2  AAZ85718.1    


Domain annotation for each sequence (and alignments):
>> EEV9868844.1  
   #    score  bias  c-Evalue  i-Evalue hmmfrom  hmm to    alifrom  ali to    envfrom  env to     acc
 ---   ------ ----- --------- --------- ------- -------    ------- -------    ------- -------    ----
   1 !   14.4  33.7   1.4e-06   2.8e-06      19     273 ..      13     270 ..       2     293 .. 0.55
   2 ?   -5.1  13.0       1.2       2.4       6      69 ..     357     418 ..     346     424 .. 0.48

  Alignments for each domain:
  == domain 1  score: 14.4 bits;  conditional E-value: 1.4e-06
     sequences  19 ipfilnssllllllglillllnikklkslikkkylylfllllllillsllstllngtyDfsflktlisnl..vslfaayflvsilkskkevsfkkil 113
                   i+ +++  ll++l++l +++l++  +k+++    l++  ++ +++ ++++  +  g y++s+  + i+ l  +s++a  +++  l++    ++k+ +
  EEV9868844.1  13 IVSFIHILLLIILFYLPFIFLKFGLRKKITHPPTLFC-AIFSFVLSMAYIAHITLGFYEISYESYAIYGLgnLSFIAGGMITDALNRR---NIKNST 105
                   2333444444444444444444444444444444433.34445555555666666667777766666553226677777777777765...455555 PP

     sequences 114 klivl...vfviQsiiiilaflspsfkelvqsfqkeseeaerl.esyggiRglglsGsqfFgla....iifglllillayllskekkkislilllil 202
                   +l+++   + ++ ++i  l + +p   +  ++ + +   +  l  +   iR  gl  +q+++      ii++ +l++++  + +  kki+++++++ 
  EEV9868844.1 106 QLVINkqaITLLKILIFTLLLYFPIAYSEFKHATPD---MP-LaLKILRIRERGL-EEQVYSTItnnmIILSSCLVMYMTFIFS-IKKINVYYYSLT 196
                   555550005555555555555555555544444444...33.3477889******.8888876412225556666666665554.678999999999 PP

     sequences 203 flliliagilag.RTtivGivlg.lvylllsskklkkiksallllilillllllflllllp.essseilekllp 273
                   f+l+++  +++g R +i+ i ++ ++++ll+++k +k ++++ll++ +++++l  l++++  ++  e+ e+ll 
  EEV9868844.1 197 FVLFCAYNFMTGtRAAIILISIAcIFIYLLNTNKNNKTSKLFLLSVGMTAIILGALVAIFMgKDGMERDESLLA 270
                   99999999999879999887766234445555555666677666664444444333333321334555554444 PP

  == domain 2  score: -5.1 bits;  conditional E-value: 1.2
     sequences   6 lvillflfifnikipfiln.ssllllllglillllnikklkslikkkylylfllllllillslls 69 
                   + ++lf+++++   ++++n    ++++l+ ++   n     +++++++++ +++++ +i+++ll+
  EEV9868844.1 357 VGVILFFLLYGTVCTILYNhGPGIVSVLVGYI---NATLCLNIFNEQVFINIIFTIKFICFLLLI 418
                   44566666777776666531222333332222...222222445555554444444444444443 PP

>> AAZ85718.1  
   #    score  bias  c-Evalue  i-Evalue hmmfrom  hmm to    alifrom  ali to    envfrom  env to     acc
 ---   ------ ----- --------- --------- ------- -------    ------- -------    ------- -------    ----
   1 ?   11.1  33.0   1.4e-05   2.8e-05      23     273 ..       4     257 ..       1     280 [. 0.59
   2 ?   -4.5  12.4      0.77       1.5       6      69 ..     344     405 ..     334     411 .. 0.48

  Alignments for each domain:
  == domain 1  score: 11.1 bits;  conditional E-value: 1.4e-05
   sequences  23 lnssllllllglillllnikklkslikkkylylfllllllillsllstllngtyDfsflktlisn..lvslfaayflvsilkskkevsfkkilklivlv 119
                 ++  ll++l++l +++l++  +k+++    l++  ++ +++ ++++  +  g y++s+  + i+    +s++a  +++  l++ + ++  +++     +
  AAZ85718.1   4 IHILLLIILFYLPFIFLKFGLRKKITHPPTLFC-AIFSFVLSMAYIAHITLGFYEISYESYAIYGlgNLSFIAGGMITDALNRRNIKNSTQLVINKQEI 101
                 455555555666655555555555555555444.34445555566666666677777777666552247777778888888775344445555555567 PP

   sequences 120 fviQsiiiilaflspsfkelvqsfqkeseeaerl.esyggiRglglsGsqfFgla....iifglllillayllskekkkislilllilflliliagila 213
                  ++ ++i  l + +p   +  ++ + +      l  +   iR  gl  +q+++      ii++ +l++++  + +  kki+++++++ f+l+++  +++
  AAZ85718.1 102 TLLKILIFTLLLYFPIAYSEFKHATPDMP----LaLKILRIRERGL-EEQVYSTItnnmIILSSCLVMYMTFIFS-IKKINVYYYSLTFVLFCAYNFMT 194
                 77777777777777777776666666633....3367889******.8888876412225556666666665554.67899999999999999999999 PP

   sequences 214 g.RTtivGivlg.lvylllsskklkkiksallllilillllllflllllp.essseilekllp 273
                 g R +i+ i ++ ++++ll+++k +k ++++ll++ +++++l  l++++  ++  e+ e+ll 
  AAZ85718.1 195 GtRAAIILISIAcIFIYLLNTNKNNKTSKLFLLSVGMTAIILGALVAIFMgKDGMERDESLLA 257
                 879999887766234445555555666677666664444444333333321334555554444 PP

  == domain 2  score: -4.5 bits;  conditional E-value: 0.77
   sequences   6 lvillflfifnikipfiln.ssllllllglillllnikklkslikkkylylfllllllillslls 69 
                 + ++lf+++++   ++++n    ++++l+ ++   n     +++++++++ +++++ +i+++ll+
  AAZ85718.1 344 VGVILFFLLYGTVCTILYNhGPGIVSVLVGYI---NATLCLNIFNEQVFINIIFTIKFICFLLLI 405
                 44566666777777776531222333332222...222222445555554444444444444443 PP



Internal pipeline statistics summary:
-------------------------------------
Query model(s):                            1  (412 nodes)
Target sequences:                          4  (1614 residues searched)
Passed MSV filter:                         4  (1); expected 0.1 (0.02)
Passed bias filter:                        4  (1); expected 0.1 (0.02)
Passed Vit filter:                         4  (1); expected 0.0 (0.001)
Passed Fwd filter:                         2  (0.5); expected 0.0 (1e-05)
Initial search space (Z):                  4  [actual number of targets]
Domain search space  (domZ):               2  [number of targets reported over threshold]
# CPU time: 0.01u 0.00s 00:00:00.01 Elapsed: 00:00:00.00
# Mc/sec: 102.02
//
[ok]
