
muscle 5.1.linux64 [12f0e2]  396Gb RAM, 32 cores
Built Jan 13 2022 23:17:13
(C) Copyright 2004-2021 Robert C. Edgar.
https://drive5.com

Input: 17 seqs, avg length 407, max 426

00:00 3.9Mb  CPU has 32 cores, defaulting to 20 threads

WARNING: Max OMP threads 1

00:00 3.9Mb    0.74% Calc posteriors00:01 4.7Mb    20.6% Calc posteriors00:02 4.7Mb    44.9% Calc posteriors00:03 4.8Mb    66.9% Calc posteriors00:04 5.7Mb    89.0% Calc posteriors00:04 5.7Mb   100.0% Calc posteriors
00:04 5.7Mb    0.74% Consistency (1/2)00:04 7.8Mb   100.0% Consistency (1/2)
00:04 7.8Mb    0.74% Consistency (2/2)00:04 7.8Mb   100.0% Consistency (2/2)
00:04 7.8Mb     6.2% UPGMA5           00:04 7.8Mb   100.0% UPGMA5
00:04 7.8Mb     1.0% Refining00:04 8.4Mb   100.0% Refining
/zhome/2b/2/141636/.lsbatch/1652281894.13557719.shell: line 31: /work3/garryg/bioP/bin/malign: No such file or directory
inputType: FASTA


muscle 5.1.linux64 [12f0e2]  396Gb RAM, 32 cores
Built Jan 13 2022 23:17:13
(C) Copyright 2004-2021 Robert C. Edgar.
https://drive5.com

Input: 17 seqs, avg length 407, max 426

00:00 3.9Mb  CPU has 32 cores, defaulting to 20 threads

WARNING: Max OMP threads 1

00:00 3.9Mb    0.74% Calc posteriors00:01 4.7Mb    21.3% Calc posteriors00:02 4.7Mb    46.3% Calc posteriors00:03 4.9Mb    69.9% Calc posteriors00:04 5.7Mb    91.2% Calc posteriors00:04 5.7Mb   100.0% Calc posteriors
00:04 5.7Mb    0.74% Consistency (1/2)00:04 7.8Mb   100.0% Consistency (1/2)
00:04 7.8Mb    0.74% Consistency (2/2)00:04 7.8Mb   100.0% Consistency (2/2)
00:04 7.8Mb     6.2% UPGMA5           00:04 7.8Mb   100.0% UPGMA5
00:04 7.8Mb     1.0% Refining00:04 8.4Mb   100.0% Refining
INFO:Malign:Fasta contains 17 valid records
INFO:Malign:Aligned already
INFO:Malign:Align contains 17 valid records
inputType: FASTA

