# hmmsearch :: search profile(s) against a sequence database
# HMMER 3.3.2 (Nov 2020); http://hmmer.org/
# Copyright (C) 2020 Howard Hughes Medical Institute.
# Freely distributed under the BSD open source license.
# - - - - - - - - - - - - - - - - - - - - - - - - - - - - - - - - - - - -
# query HMM file:                  data/wzy/ssn-clusterings/2206101141/clusters/0028_54/sequences.hmm
# target sequence database:        data/wzy/ssn-clusterings/2206101141/clusters/0014_19/sequences.fa
# - - - - - - - - - - - - - - - - - - - - - - - - - - - - - - - - - - - -

Query:       sequences  [M=367]
Scores for complete sequences (score includes all domains):
   --- full sequence ---   --- best 1 domain ---    -#dom-
    E-value  score  bias    E-value  score  bias    exp  N  Sequence   Description
    ------- ------ -----    ------- ------ -----   ---- --  --------   -----------
  ------ inclusion threshold ------
      0.097    1.4  54.7      0.041    2.7  52.4    1.5  1  CAI32973.1  
       0.21    0.3  56.0      0.067    2.0  53.3    1.5  1  CAI33029.1  


Domain annotation for each sequence (and alignments):
>> CAI32973.1  
   #    score  bias  c-Evalue  i-Evalue hmmfrom  hmm to    alifrom  ali to    envfrom  env to     acc
 ---   ------ ----- --------- --------- ------- -------    ------- -------    ------- -------    ----
   1 ?    2.7  52.4    0.0058     0.041      13     335 ..      16     349 ..       1     354 [. 0.69

  Alignments for each domain:
  == domain 1  score: 2.7 bits;  conditional E-value: 0.0058
   sequences  13 lllslfavgfrlllvfilllilslllsllklkas...lkallvlllillFlllvfviGldnle..lekflkalllillliilffilslkesveerkkll 106
                 +l s+f vg   +++++l  ++ l+++++++ +     k  l+ +l++lFl++  ++G++  +  l+ +   + ++ l+++l + l +   ++  ++l+
  CAI32973.1  16 FLPSFFTVGSMATIFTLLSTVIRLFVTIYHVPKVfsqYKVTLIDILVVLFLFFQVFVGVQSQTvnLNYIGGQFFFLGLYSFLKYFLLFD-CKTTIESLF 113
                 4445666654444444443444444433333333233666666678999999999***9998866888888999998888877777774.456666777 PP

   sequences 107 sffilgsiikvliiviYsylk...gvyGYgklldpfnkeeinSPlislqlalflilyvlfnksklsrklllilillllllsaiyLggRaffiiiviylt 202
                   fil++ ++v++  ++ +       +G ++l+  + +++i  P i + l  f++l  ++n  +    l  i+ l l+ + ++  ++ +++i  v++++
  CAI32973.1 114 LTFILFLCVQVITQLLFPVGFdslYPTGDNRLY-FLGRKNIATPYIIVGLGSFYLLNKKMN--EFI-SLKEIIFLGLFGILSFLTQSSTAIICYVLFIF 208
                 788888888888888877653344557999999.688999999998776654443333333..232.233455555666666778999*********99 PP

   sequences 203 lkii...knk.lkllilliliilgvliillfasdlnklnsliferfssrGLeSaRFsllkdglskfl.dyPfG.Glkvdasiys....giWfHNllLDs 291
                 ++++   +n  +  +++ i + +++ ++++f++ + +l+ +  + fs++   S R ++++ ++  f  ++ fG Gl++d +  +    ++  HN lLD+
  CAI32973.1 209 MRMLglkENIgKPYSLVSITVYICFSFSIIFSQ-STILSTF-TAIFSKNATFSGRINIWQLAIRIFEeNFWFGkGLNIDFNAWTngiiVNSAHNTLLDI 305
                 999866556666667777777777788888885.4444444.4568999999**************64799999999987665422215678******* PP

   sequences 292 aRvaGfialflllliliiisyilvkkknkkkky.fllflilliim 335
                     G+++ +l++++l+ + + +++ k+ k+ + +l+++++ i m
  CAI32973.1 306 LARTGIFPGILFVVVLLSLFLGKYRVKS-KTLLtMLISFMVYITM 349
                 ************9999888888888766.3333477777777776 PP

>> CAI33029.1  
   #    score  bias  c-Evalue  i-Evalue hmmfrom  hmm to    alifrom  ali to    envfrom  env to     acc
 ---   ------ ----- --------- --------- ------- -------    ------- -------    ------- -------    ----
   1 ?    2.0  53.3    0.0095     0.067      13     335 ..      17     350 ..       1     355 [. 0.68

  Alignments for each domain:
  == domain 1  score: 2.0 bits;  conditional E-value: 0.0095
   sequences  13 lllslfavgfrlllvfilllilslllsllklkas...lkallvlllillFlllvfviGldnle..lekflkalllillliilffilslkesveerkkll 106
                 +l s+f vg   +++++l  ++ l+++++++ +     k  l+ +l++lFl++  ++G++  +  l+ +   + ++ l+++l + l +   ++  ++l+
  CAI33029.1  17 FLPSFFTVGSMATIFTLLSTVIRLFVTIYHVPKVfsqYKVTLIDILVVLFLFFQVFVGVQSQTvnLNYIGGQFFFLGLYSFLKYFLLFD-CKTTIESLF 114
                 4445555554444444433344333333333332233666666678999999999***9998866888888999998888877777774.456666777 PP

   sequences 107 sffilgsiikvliiviYsylk...gvyGYgklldpfnkeeinSPlislqlalflilyvlfnksklsrklllilillllllsaiyLggRaffiiiviylt 202
                   fil++ ++v++  ++ +       +G ++l+  + +++i  P i + l  f++l  ++n  +    l  i+ l l+ + ++  ++ +++i  v++++
  CAI33029.1 115 LTFILFLCVQVITQLLFPVGFdslYPTGDNRLY-FLGRKNIATPYIIVGLGSFYLLNKKMN--EFI-SLKEIIFLGLFGILSFLTQSSTAIICYVLFIF 209
                 788888888888888877653344557999999.688999999998776654443333333..232.233455555666666778999*********99 PP

   sequences 203 lkii...knk.lkllilliliilgvliillfasdlnklnsliferfssrGLeSaRFsllkdglskfl.dyPfG.Glkvdasiys....giWfHNllLDs 291
                 ++++   +n  +  +++ i + +++ ++++f++ + +l+ +  + fs++   S R ++++ ++  f  ++ fG Gl++d +  +    ++  HN lLD+
  CAI33029.1 210 MRMLglkENIgKPYSLVSITVYICFSFSIIFSQ-STILSTF-TAIFSKNATFSGRINIWQLAIRIFEeNFWFGkGLNIDFNAWTngiiVNSAHNTLLDI 306
                 999866556666667777777777788888885.4444444.4568999999**************64799999999987665422215678******* PP

   sequences 292 aRvaGfialflllliliiisyilvkkknkkkky.fllflilliim 335
                     G+++ +l++++l+ + + +++ k+ k+ + +l+++++ i m
  CAI33029.1 307 LARTGIFPGILFVVVLLSLFLGKYRVKS-KTLLtMLISFMVYITM 350
                 ************9999888888888766.3333477777777776 PP



Internal pipeline statistics summary:
-------------------------------------
Query model(s):                            1  (367 nodes)
Target sequences:                         14  (5325 residues searched)
Passed MSV filter:                        14  (1); expected 0.3 (0.02)
Passed bias filter:                        3  (0.214286); expected 0.3 (0.02)
Passed Vit filter:                         3  (0.214286); expected 0.0 (0.001)
Passed Fwd filter:                         2  (0.142857); expected 0.0 (1e-05)
Initial search space (Z):                 14  [actual number of targets]
Domain search space  (domZ):               2  [number of targets reported over threshold]
# CPU time: 0.01u 0.00s 00:00:00.01 Elapsed: 00:00:00.01
# Mc/sec: 150.97
//
[ok]
