
muscle 5.1.linux64 [12f0e2]  396Gb RAM, 24 cores
Built Jan 13 2022 23:17:13
(C) Copyright 2004-2021 Robert C. Edgar.
https://drive5.com

Input: 10 seqs, avg length 452, max 459

00:00 3.9Mb  CPU has 24 cores, defaulting to 20 threads

WARNING: Max OMP threads 1

00:00 3.9Mb     2.2% Calc posteriors00:01 4.9Mb    44.4% Calc posteriors00:02 4.9Mb    86.7% Calc posteriors00:02 4.9Mb   100.0% Calc posteriors
00:02 4.9Mb     2.2% Consistency (1/2)00:02 6.5Mb   100.0% Consistency (1/2)
00:02 6.5Mb     2.2% Consistency (2/2)00:02 6.5Mb   100.0% Consistency (2/2)
00:02 6.5Mb    11.1% UPGMA5           00:02 6.5Mb   100.0% UPGMA5
00:02 6.5Mb     1.0% Refining00:02 6.9Mb   100.0% Refining
INFO:Malign:No identity filter
INFO:Malign:Star /work3/idamei/ssn-clusterings/2206011120/clusters/0010_47/seeds.txt
INFO:Malign:Star highlights 1
INFO:Malign:No identity filter
INFO:Malign:Fasta contains 10 valid records
INFO:Malign:Aligned already
INFO:Malign:Align contains 10 valid records
inputType: FASTA


muscle 5.1.linux64 [12f0e2]  396Gb RAM, 32 cores
Built Jan 13 2022 23:17:13
(C) Copyright 2004-2021 Robert C. Edgar.
https://drive5.com

Input: 10 seqs, avg length 452, max 459

00:00 3.9Mb  CPU has 32 cores, defaulting to 20 threads

WARNING: Max OMP threads 1

00:01 3.9Mb     2.2% Calc posteriors00:02 4.9Mb    57.8% Calc posteriors00:02 4.9Mb   100.0% Calc posteriors
00:02 4.9Mb     2.2% Consistency (1/2)00:02 6.5Mb   100.0% Consistency (1/2)
00:02 6.5Mb     2.2% Consistency (2/2)00:02 6.5Mb   100.0% Consistency (2/2)
00:02 6.5Mb    11.1% UPGMA5           00:02 6.5Mb   100.0% UPGMA5
00:02 6.5Mb     1.0% Refining00:02 6.9Mb   100.0% Refining
INFO:Malign:No identity filter
INFO:Malign:Star /work3/idamei/ssn-clusterings/2206011120/clusters/0010_47/seeds.txt
INFO:Malign:Star highlights 1
INFO:Malign:No identity filter
INFO:Malign:Fasta contains 10 valid records
INFO:Malign:Aligned already
INFO:Malign:Align contains 10 valid records
inputType: FASTA

