
muscle 5.1.linux64 [12f0e2]  396Gb RAM, 32 cores
Built Jan 13 2022 23:17:13
(C) Copyright 2004-2021 Robert C. Edgar.
https://drive5.com

Input: 4 seqs, avg length 300, max 398

00:00 3.9Mb  CPU has 32 cores, defaulting to 20 threads

WARNING: Max OMP threads 1

00:00 3.9Mb    16.7% Calc posteriors00:00 4.6Mb   100.0% Calc posteriors
00:00 4.6Mb    16.7% Consistency (1/2)00:00 5.3Mb   100.0% Consistency (1/2)
00:00 5.3Mb    16.7% Consistency (2/2)00:00 5.3Mb   100.0% Consistency (2/2)
00:00 5.3Mb    33.3% UPGMA5           00:00 5.3Mb   100.0% UPGMA5
00:00 5.3Mb     1.0% Refining00:00 5.3Mb   100.0% Refining
INFO:Malign:Fasta contains 4 valid records
INFO:Malign:Aligned already
INFO:Malign:Align contains 4 valid records

================================================================================
ERROR
Error occurred during parsing of your input file.
Unknown symbol ([) encountered in a sequence.

You could either remove the symbol, or provide a background frequencies for all
symbols.
================================================================================

