
muscle 5.1.linux64 [12f0e2]  396Gb RAM, 24 cores
Built Jan 13 2022 23:17:13
(C) Copyright 2004-2021 Robert C. Edgar.
https://drive5.com

Input: 26 seqs, avg length 429, max 450

00:00 3.9Mb  CPU has 24 cores, defaulting to 20 threads

WARNING: Max OMP threads 1

00:00 3.9Mb    0.31% Calc posteriors00:01 5.6Mb     5.2% Calc posteriors00:02 4.8Mb    12.3% Calc posteriors00:03 4.8Mb    19.1% Calc posteriors00:04 5.7Mb    26.2% Calc posteriors00:05 5.7Mb    32.6% Calc posteriors00:06 5.7Mb    39.4% Calc posteriors00:07 13Mb     47.1% Calc posteriors00:08 6.8Mb    53.8% Calc posteriors00:09 6.8Mb    60.9% Calc posteriors00:10 6.8Mb    67.4% Calc posteriors00:11 7.0Mb    74.8% Calc posteriors00:12 7.3Mb    81.5% Calc posteriors00:13 7.6Mb    88.3% Calc posteriors00:14 16Mb     95.4% Calc posteriors00:14 16Mb    100.0% Calc posteriors
00:14 16Mb     0.31% Consistency (1/2)00:15 16Mb     80.3% Consistency (1/2)00:15 16Mb    100.0% Consistency (1/2)
00:15 16Mb     0.31% Consistency (2/2)00:15 16Mb    100.0% Consistency (2/2)
00:15 16Mb      4.0% UPGMA5           00:15 16Mb    100.0% UPGMA5
00:15 16Mb      1.0% Refining00:15 16Mb    100.0% Refining
INFO:Malign:No identity filter
INFO:Malign:Star /work3/idamei/ssn-clusterings/2206020950/clusters/0026_31/seeds.txt
INFO:Malign:Star highlights 2
INFO:Malign:No identity filter
INFO:Malign:Fasta contains 26 valid records
INFO:Malign:Aligned already
INFO:Malign:Align contains 26 valid records
inputType: FASTA
================================================================================
WARNINGS

One or more weights was less than -50 bits.
To avoid such amino acid dominating the logo position, these was reduced to -50
bits.
To remove this warning you could try choosing the option of pseudo counts.
================================================================================

