
muscle 5.1.linux64 [12f0e2]  396Gb RAM, 24 cores
Built Jan 13 2022 23:17:13
(C) Copyright 2004-2021 Robert C. Edgar.
https://drive5.com

Input: 28 seqs, avg length 384, max 404

00:00 3.9Mb  CPU has 24 cores, defaulting to 20 threads

WARNING: Max OMP threads 1

00:00 3.9Mb    0.26% Calc posteriors00:01 4.7Mb     7.9% Calc posteriors00:02 5.5Mb    17.5% Calc posteriors00:03 5.5Mb    26.7% Calc posteriors00:04 6.1Mb    35.7% Calc posteriors00:05 6.5Mb    44.2% Calc posteriors00:06 6.9Mb    53.2% Calc posteriors00:07 7.4Mb    61.6% Calc posteriors00:08 8.0Mb    70.1% Calc posteriors00:09 8.5Mb    79.1% Calc posteriors00:10 8.9Mb    88.1% Calc posteriors00:11 9.8Mb    97.1% Calc posteriors00:11 9.8Mb   100.0% Calc posteriors
00:11 9.8Mb    0.26% Consistency (1/2)00:11 16Mb    100.0% Consistency (1/2)
00:11 16Mb     0.26% Consistency (2/2)00:12 16Mb      2.1% Consistency (2/2)00:12 16Mb    100.0% Consistency (2/2)
00:12 16Mb      3.7% UPGMA5           00:12 16Mb    100.0% UPGMA5
00:12 16Mb      1.0% Refining00:12 18Mb    100.0% Refining
INFO:Malign:No identity filter
INFO:Malign:Star /work3/idamei/wzy/ssn-clusterings/2209081049/super-clusters/0028_1_34/seeds.txt
INFO:Malign:Star highlights 1 from comma-separated list
Read FASTA line_by_line from /work3/idamei/wzy/ssn-clusterings/2209081049/super-clusters/0028_1_34/sequences.afa 28 elements
INFO:Malign:No identity filter
INFO:Malign:Fasta contains 28 valid records
INFO:Malign:Aligned already
INFO:Malign:Align contains 28 valid records
FastTree Version 2.1.11 SSE3
Alignment: /work3/idamei/wzy/ssn-clusterings/2209081049/super-clusters/0028_1_34/sequences.afa
Amino acid distances: BLOSUM45 Joins: balanced Support: SH-like 1000
Search: Normal +NNI +SPR (2 rounds range 10) +ML-NNI opt-each=1
TopHits: 1.00*sqrtN close=default refresh=0.80
ML Model: Jones-Taylor-Thorton, CAT approximation with 20 rate categories
Initial topology in 0.01 seconds
Refining topology: 19 rounds ME-NNIs, 2 rounds ME-SPRs, 10 rounds ML-NNIs
      0.10 seconds: ME NNI round 13 of 19, 1 of 26 splits
Total branch-length 8.681 after 0.11 sec
ML-NNI round 1: LogLk = -14664.379 NNIs 5 max delta 5.20 Time 0.28
      0.28 seconds: Site likelihoods with rate category 1 of 20
Switched to using 20 rate categories (CAT approximation)
Rate categories were divided by 0.913 so that average rate = 1.0
CAT-based log-likelihoods may not be comparable across runs
Use -gamma for approximate but comparable Gamma(20) log-likelihoods
ML-NNI round 2: LogLk = -14013.079 NNIs 0 max delta 0.00 Time 0.46
Turning off heuristics for final round of ML NNIs (converged)
      0.45 seconds: ML NNI round 3 of 10, 1 of 26 splits
ML-NNI round 3: LogLk = -14010.216 NNIs 1 max delta 0.02 Time 0.64 (final)
      0.63 seconds: ML Lengths 1 of 26 splits
Optimize all lengths: LogLk = -14010.106 Time 0.69
Total time: 0.83 seconds Unique: 28/28 Bad splits: 0/25
