
muscle 5.1.linux64 [12f0e2]  396Gb RAM, 24 cores
Built Jan 13 2022 23:17:13
(C) Copyright 2004-2021 Robert C. Edgar.
https://drive5.com

Input: 14 seqs, avg length 441, max 463

00:00 3.9Mb  CPU has 24 cores, defaulting to 20 threads

WARNING: Max OMP threads 1

00:00 3.9Mb     1.1% Calc posteriors00:01 4.8Mb     9.9% Calc posteriors00:02 4.8Mb    33.0% Calc posteriors00:03 4.8Mb    58.2% Calc posteriors00:04 13Mb     84.6% Calc posteriors00:04 13Mb    100.0% Calc posteriors
00:04 13Mb      1.1% Consistency (1/2)00:04 13Mb    100.0% Consistency (1/2)
00:04 13Mb      1.1% Consistency (2/2)00:04 13Mb    100.0% Consistency (2/2)
00:04 13Mb      7.7% UPGMA5           00:04 13Mb    100.0% UPGMA5
00:04 13Mb      1.0% Refining00:04 13Mb    100.0% Refining
INFO:Malign:No identity filter
INFO:Malign:Star /work3/idamei/wzy/ssn-clusterings/2210041007/superclusterings/2210041009/superclusters/0014_2_20/seeds.txt
INFO:Malign:Star highlights 1 from comma-separated list
Read FASTA line_by_line from /work3/idamei/wzy/ssn-clusterings/2210041007/superclusterings/2210041009/superclusters/0014_2_20/sequences.afa 14 elements
INFO:Malign:No identity filter
INFO:Malign:Fasta contains 14 valid records
INFO:Malign:Aligned already
INFO:Malign:Align contains 14 valid records
FastTree Version 2.1.11 SSE3
Alignment: /work3/idamei/wzy/ssn-clusterings/2210041007/superclusterings/2210041009/superclusters/0014_2_20/sequences.afa
Amino acid distances: BLOSUM45 Joins: balanced Support: SH-like 1000
Search: Normal +NNI +SPR (2 rounds range 10) +ML-NNI opt-each=1
TopHits: 1.00*sqrtN close=default refresh=0.80
ML Model: Jones-Taylor-Thorton, CAT approximation with 20 rate categories
Initial topology in 0.00 seconds
Refining topology: 15 rounds ME-NNIs, 2 rounds ME-SPRs, 7 rounds ML-NNIs
Total branch-length 4.396 after 0.04 sec
ML-NNI round 1: LogLk = -9434.007 NNIs 0 max delta 0.00 Time 0.12
      0.11 seconds: Site likelihoods with rate category 1 of 20
Switched to using 20 rate categories (CAT approximation)
Rate categories were divided by 0.888 so that average rate = 1.0
CAT-based log-likelihoods may not be comparable across runs
Use -gamma for approximate but comparable Gamma(20) log-likelihoods
ML-NNI round 2: LogLk = -8977.819 NNIs 0 max delta 0.00 Time 0.17
Turning off heuristics for final round of ML NNIs (converged)
ML-NNI round 3: LogLk = -8973.609 NNIs 0 max delta 0.00 Time 0.24 (final)
      0.24 seconds: ML Lengths 1 of 11 splits
Optimize all lengths: LogLk = -8973.482 Time 0.27
Total time: 0.34 seconds Unique: 13/14 Bad splits: 0/10
