
muscle 5.1.linux64 [12f0e2]  528Gb RAM, 24 cores
Built Jan 13 2022 23:17:13
(C) Copyright 2004-2021 Robert C. Edgar.
https://drive5.com

Input: 21 seqs, avg length 373, max 390

00:00 3.9Mb  CPU has 24 cores, defaulting to 20 threads

WARNING: Max OMP threads 1

00:00 3.9Mb    0.48% Calc posteriors00:01 4.8Mb    11.0% Calc posteriors00:02 4.8Mb    24.3% Calc posteriors00:03 4.8Mb    39.0% Calc posteriors00:04 5.1Mb    53.3% Calc posteriors00:05 5.4Mb    69.0% Calc posteriors00:06 5.7Mb    84.8% Calc posteriors00:07 6.1Mb   100.0% Calc posteriors
00:07 6.1Mb    0.48% Consistency (1/2)00:07 8.9Mb   100.0% Consistency (1/2)
00:07 8.9Mb    0.48% Consistency (2/2)00:07 8.9Mb   100.0% Consistency (2/2)
00:07 8.9Mb     5.0% UPGMA5           00:07 8.9Mb   100.0% UPGMA5
00:07 9.1Mb     1.0% Refining00:07 10Mb    100.0% Refining
INFO:Malign:No identity filter
INFO:Malign:Star /work3/idamei/ssn-clusterings/2206071104/clusters/0021_9/seeds.txt
INFO:Malign:Star highlights 1
INFO:Malign:No identity filter
INFO:Malign:Fasta contains 21 valid records
INFO:Malign:Aligned already
INFO:Malign:Align contains 21 valid records
inputType: FASTA
================================================================================
WARNINGS

One or more weights was less than -50 bits.
To avoid such amino acid dominating the logo position, these was reduced to -50
bits.
To remove this warning you could try choosing the option of pseudo counts.
================================================================================

