
muscle 5.1.linux64 [12f0e2]  396Gb RAM, 24 cores
Built Jan 13 2022 23:17:13
(C) Copyright 2004-2021 Robert C. Edgar.
https://drive5.com

Input: 16 seqs, avg length 395, max 406

00:00 3.9Mb  CPU has 24 cores, defaulting to 20 threads

WARNING: Max OMP threads 1

00:00 3.9Mb    0.83% Calc posteriors00:01 11Mb      8.3% Calc posteriors00:02 4.7Mb    30.0% Calc posteriors00:03 4.7Mb    50.8% Calc posteriors00:04 4.8Mb    70.0% Calc posteriors00:05 5.0Mb    90.8% Calc posteriors00:05 5.1Mb   100.0% Calc posteriors
00:05 5.1Mb    0.83% Consistency (1/2)00:05 7.1Mb   100.0% Consistency (1/2)
00:05 7.1Mb    0.83% Consistency (2/2)00:05 7.1Mb   100.0% Consistency (2/2)
00:05 7.1Mb     6.7% UPGMA5           00:05 7.1Mb   100.0% UPGMA5
00:05 7.2Mb     1.0% Refining00:05 8.1Mb   100.0% Refining
/zhome/2b/2/141636/.lsbatch/1652281881.13557656.shell: line 31: /work3/garryg/bioP/bin/malign: No such file or directory
inputType: FASTA


muscle 5.1.linux64 [12f0e2]  396Gb RAM, 32 cores
Built Jan 13 2022 23:17:13
(C) Copyright 2004-2021 Robert C. Edgar.
https://drive5.com

Input: 16 seqs, avg length 395, max 406

00:00 3.9Mb  CPU has 32 cores, defaulting to 20 threads

WARNING: Max OMP threads 1

00:00 3.9Mb    0.83% Calc posteriors00:01 4.7Mb    23.3% Calc posteriors00:02 4.7Mb    50.0% Calc posteriors00:03 4.8Mb    75.0% Calc posteriors00:03 5.1Mb   100.0% Calc posteriors
00:04 5.1Mb    0.83% Consistency (1/2)00:04 7.1Mb   100.0% Consistency (1/2)
00:04 7.1Mb    0.83% Consistency (2/2)00:04 7.1Mb   100.0% Consistency (2/2)
00:04 7.1Mb     6.7% UPGMA5           00:04 7.1Mb   100.0% UPGMA5
00:04 7.2Mb     1.0% Refining00:04 8.1Mb   100.0% Refining
INFO:Malign:Fasta contains 16 valid records
INFO:Malign:Aligned already
INFO:Malign:Align contains 16 valid records
inputType: FASTA

