
muscle 5.1.linux64 [12f0e2]  396Gb RAM, 24 cores
Built Jan 13 2022 23:17:13
(C) Copyright 2004-2021 Robert C. Edgar.
https://drive5.com

Input: 32 seqs, avg length 382, max 420

00:00 3.9Mb  CPU has 24 cores, defaulting to 20 threads

WARNING: Max OMP threads 1

00:00 3.9Mb     0.2% Calc posteriors00:01 4.8Mb     5.8% Calc posteriors00:02 4.8Mb    13.9% Calc posteriors00:03 5.2Mb    22.0% Calc posteriors00:04 5.6Mb    29.4% Calc posteriors00:05 6.0Mb    37.5% Calc posteriors00:06 12Mb     45.0% Calc posteriors00:07 6.9Mb    52.8% Calc posteriors00:08 14Mb     60.9% Calc posteriors00:09 15Mb     67.9% Calc posteriors00:10 15Mb     75.8% Calc posteriors00:11 15Mb     83.5% Calc posteriors00:12 9.8Mb    90.5% Calc posteriors00:13 16Mb     97.6% Calc posteriors00:13 9.8Mb   100.0% Calc posteriors
00:13 9.8Mb     0.2% Consistency (1/2)00:13 17Mb    100.0% Consistency (1/2)
00:13 17Mb      0.2% Consistency (2/2)00:14 17Mb     24.8% Consistency (2/2)00:14 17Mb    100.0% Consistency (2/2)
00:14 17Mb      3.2% UPGMA5           00:14 17Mb    100.0% UPGMA5
00:14 17Mb      1.0% Refining00:14 19Mb    100.0% Refining
INFO:Malign:No identity filter
INFO:Malign:Star /work3/idamei/wzy/ssn-clusterings/2209140925/super-clusters/0032_1_185/seeds.txt
INFO:Malign:Star highlights 1 from comma-separated list
Read FASTA line_by_line from /work3/idamei/wzy/ssn-clusterings/2209140925/super-clusters/0032_1_185/sequences.afa 32 elements
INFO:Malign:No identity filter
INFO:Malign:Fasta contains 32 valid records
INFO:Malign:Aligned already
INFO:Malign:Align contains 32 valid records
FastTree Version 2.1.11 SSE3
Alignment: /work3/idamei/wzy/ssn-clusterings/2209140925/super-clusters/0032_1_185/sequences.afa
Amino acid distances: BLOSUM45 Joins: balanced Support: SH-like 1000
Search: Normal +NNI +SPR (2 rounds range 10) +ML-NNI opt-each=1
TopHits: 1.00*sqrtN close=default refresh=0.80
ML Model: Jones-Taylor-Thorton, CAT approximation with 20 rate categories
Initial topology in 0.01 seconds
Refining topology: 19 rounds ME-NNIs, 2 rounds ME-SPRs, 10 rounds ML-NNIs
      0.10 seconds: ME NNI round 13 of 19, 1 of 27 splits
Total branch-length 7.670 after 0.11 sec
ML-NNI round 1: LogLk = -14569.538 NNIs 4 max delta 3.73 Time 0.27
      0.27 seconds: Site likelihoods with rate category 1 of 20
Switched to using 20 rate categories (CAT approximation)
Rate categories were divided by 0.941 so that average rate = 1.0
CAT-based log-likelihoods may not be comparable across runs
Use -gamma for approximate but comparable Gamma(20) log-likelihoods
ML-NNI round 2: LogLk = -13825.108 NNIs 2 max delta 0.10 Time 0.43
Turning off heuristics for final round of ML NNIs (converged)
      0.43 seconds: ML NNI round 3 of 10, 1 of 27 splits
ML-NNI round 3: LogLk = -13822.383 NNIs 1 max delta 0.01 Time 0.59 (final)
      0.58 seconds: ML Lengths 1 of 27 splits
Optimize all lengths: LogLk = -13822.235 Time 0.64
Total time: 0.78 seconds Unique: 29/32 Bad splits: 0/26
