# hmmsearch :: search profile(s) against a sequence database
# HMMER 3.3.2 (Nov 2020); http://hmmer.org/
# Copyright (C) 2020 Howard Hughes Medical Institute.
# Freely distributed under the BSD open source license.
# - - - - - - - - - - - - - - - - - - - - - - - - - - - - - - - - - - - -
# query HMM file:                  data/wzy/ssn-clusterings/2206101141/clusters/0026_41/sequences.hmm
# target sequence database:        data/wzy/ssn-clusterings/2206101141/clusters/0014_55/sequences.fa
# - - - - - - - - - - - - - - - - - - - - - - - - - - - - - - - - - - - -

Query:       sequences  [M=423]
Scores for complete sequences (score includes all domains):
   --- full sequence ---   --- best 1 domain ---    -#dom-
    E-value  score  bias    E-value  score  bias    exp  N  Sequence       Description
    ------- ------ -----    ------- ------ -----   ---- --  --------       -----------
    9.9e-07   17.7  44.4    9.9e-07   17.7  44.4    1.9  2  WP_061554685.1  
    0.00015   10.5  52.6    2.9e-06   16.1  43.7    1.9  2  WP_103009952.1  
  ------ inclusion threshold ------
      0.013    4.1  61.3    0.00022    9.9  51.1    2.6  2  HBC0587495.1    
      0.017    3.7  60.4    0.00016   10.4  49.1    2.7  2  ACA24852.1      
      0.018    3.7  60.5    0.00053    8.7  50.8    2.8  2  WP_106509388.1  
      0.019    3.6  61.0    0.00022    9.9  49.9    2.7  2  ACA24840.1      


Domain annotation for each sequence (and alignments):
>> WP_061554685.1  
   #    score  bias  c-Evalue  i-Evalue hmmfrom  hmm to    alifrom  ali to    envfrom  env to     acc
 ---   ------ ----- --------- --------- ------- -------    ------- -------    ------- -------    ----
   1 ?   -1.0   1.4      0.19      0.45     137     169 ..       7      39 ..       1      55 [. 0.55
   2 !   17.7  44.4   4.2e-07   9.9e-07     126     404 ..      78     363 ..      73     373 .. 0.63

  Alignments for each domain:
  == domain 1  score: -1.0 bits;  conditional E-value: 0.19
       sequences 137 vvlllilvlkikkkyklklkelllLlalvliff 169
                      vlll+++  i+ ++k +++ ++lL +++++ff
  WP_061554685.1   7 YVLLLSMLGLIDVSTKNSKNAIVLLQGILIVFF 39 
                     333333444445555444445555555555554 PP

  == domain 2  score: 17.7 bits;  conditional E-value: 4.2e-07
       sequences 126 yllkllyillqvvlllilvlkikkkykl.klkelllLlalvliffKllallnllRQgyaSlfill....aifsegkkkvlflliaclFHlSalvi 215
                     y+l + y l+q ++++++ +   k +   + k ++ L++++++   ++   +  RQ +a   ++l     i  + k  +l++l+a+lFH+Sal++
  WP_061554685.1  78 YFLDINYWLFQAFITIVVFFALLKFFRYyTDKYVFCLSGFFIL--SFGFNAEAIRQVLALAVVCLgyvqLINRNYKAFYLYVLLAALFHVSALIV 170
                     999999************9999999986133444445555544..556666899***9999988732224555666689999************* PP

       sequences 216 yplvnfvlkkkslkkllllilvlivlavfvlfsvkils....lilldivlleKlkyalskindeelikqslv.ksikallYlvpllllsilakvk 305
                      ++  ++ +k+ +k +++++++  +++++ + +++ l     +i+ ++ ++eK+ +     n  +++  sl+ k ++ + Y + l+  +   + +
  WP_061554685.1 171 IIVPLYLKNKNWTKITRFACIIGTLSLLIDFYFIDYLIgffsMIS-ENRFVEKILWYGDSSNAGSVLTFSLIfKILVMICYELTLIKSNGKENDN 264
                     **********99999999987655554444444443333341555.99999***99999999888887776515555566633333333322222 PP

       sequences 306 k.kdklfyslllivvfv.lslsflPglsiRv...fmpilaillGylYfsvflktkvklrllililillllnfnwllsselyyyryplfssePfYy 395
                     k +++++ sl+ i++f+ ++l+    +s+R+   f+p + il+ y+        k++ r++i i++l+l+ + ++ + e  y++ + f+ +  Y+
  WP_061554685.1 265 KiNENFILSLVYILLFIdIFLGRYGTISSRLdvyFTPAFLILIIYMLNR----VKFHGRVFIYIIFLILFFVIFYRFTENSYFK-EQFEPYRNYI 354
                     2133355554444444335666677888886444566666666555444....4444455555555555533333333333333.4566666688 PP

       sequences 396 ldslfeese 404
                     ++s++++ +
  WP_061554685.1 355 ISSVIYDDS 363
                     888777665 PP

>> WP_103009952.1  
   #    score  bias  c-Evalue  i-Evalue hmmfrom  hmm to    alifrom  ali to    envfrom  env to     acc
 ---   ------ ----- --------- --------- ------- -------    ------- -------    ------- -------    ----
   1 ?   -0.4   1.5      0.13      0.31     137     169 ..       7      39 ..       1      53 [. 0.62
   2 !   16.1  43.7   1.3e-06   2.9e-06     126     402 ..      78     361 ..      71     373 .. 0.64

  Alignments for each domain:
  == domain 1  score: -0.4 bits;  conditional E-value: 0.13
       sequences 137 vvlllilvlkikkkyklklkelllLlalvliff 169
                      vlll+++  i+ ++k +++ ++lL +++++ff
  WP_103009952.1   7 YVLLLSILGLIDVSTKNSKNTIILLQGILIVFF 39 
                     344444444566666666666666666666665 PP

  == domain 2  score: 16.1 bits;  conditional E-value: 1.3e-06
       sequences 126 yllkllyillqvvlllilvlkikkkykl.klkelllLlalvliffKllallnllRQgyaSlfill....aifsegkkkvlflliaclFHlSalvi 215
                     yll + y l+q +++l++ +   k +   + k ++ L++++++ f  +   +  RQ +a   ++l     i  ++k  ++++++a+lFH+Sal++
  WP_103009952.1  78 YLLDINYWLFQAFITLVVFFALLKFFRYyTDKYVFCLSGFFILAF--GFNAEAIRQVLALAIVCLgyvqLINRNNKVFYVYVFLAALFHVSALIV 170
                     99999*********9999999999998514444555555555555..5556789**9999999873332455566668999************** PP

       sequences 216 yplvnfvlkkkslkkllllilvlivlav..fvlfsvkils..lilldivlleKlkyalskindeelikqslvksi.kallYlvpllllsilakvk 305
                      ++  ++ +k  +k +++++++  +l++  f ++ + i    +i+  + ++eK+ +     n  +++  sl+ +i + + Y ++l   +   +  
  WP_103009952.1 171 IIVPLYLRNKTWIKITKIVCIIGTLLLLidFHFIDYLISLfsMIS-GNRFVEKILWYGDSSNAGSVLTFSLIFKIlVVICYELILGKTQRKESNY 264
                     **************9999997654444401444444333341554.7889999999999888888887776554404444533332222222222 PP

       sequences 306 kkdk.lfyslllivvfv.lslsflPglsiRv...fmpilaillGylYfsvflktkvklrllililillllnfnwllsselyyyryplfssePfYy 395
                     + ++ ++ sl+ i++f+ ++l+    +s+R+   f+p + il+ y+   + ++ +v + +++lil++l++   + + +++y++  + f+ +  Y+
  WP_103009952.1 265 NVNEgFILSLVYILLFIdIFLGRYGTISSRLdvyFTPAFLILIVYMLNRIKFHGRVFIYIIFLILFFLIF---YRFTENSYFK--EQFEPYRNYI 354
                     3333455555555544436677778899997555778888888776666655566555555555555555...3333333322..3344444466 PP

       sequences 396 ldslfee 402
                     + s++++
  WP_103009952.1 355 VASVIYD 361
                     6655555 PP

>> HBC0587495.1  
   #    score  bias  c-Evalue  i-Evalue hmmfrom  hmm to    alifrom  ali to    envfrom  env to     acc
 ---   ------ ----- --------- --------- ------- -------    ------- -------    ------- -------    ----
   1 ?   -6.4   8.2         6        14     317     322 ..      40      45 ..       1      86 [. 0.36
   2 ?    9.9  51.1   9.6e-05   0.00022     128     401 ..      84     365 ..      58     374 .. 0.64

  Alignments for each domain:
  == domain 1  score: -6.4 bits;  conditional E-value: 6
     sequences 317 ivvfvl 322
                   ++v  +
  HBC0587495.1  40 LLVTFI 45 
                   111122 PP

  == domain 2  score: 9.9 bits;  conditional E-value: 9.6e-05
     sequences 128 lkllyillqvvlllilvlkikkkyklklkelllLlalvliffKllallnllRQgyaSlfillai..fsegkk.kvlfl.liaclFHlSalviyplvn 220
                   + + y + q +++ +l++  k+ ++ ++k+ l+ +++++ ++ +  + +  RQ +a   il+a   f +gkk ++  l ++ac+FH+Sa+++++l+ 
  HBC0587495.1  84 FLMGYWIYQALITAVLIICLKTFFEKNTKNYLFCIGFFF-LYQFIFVTEAIRQIIALSIILVAYkkFYDGKKlQFHMLtILACSFHISAVIVFILIP 179
                   56778888889999999999******9999999888766.5899999******9998777777434777777677554278***************9 PP

     sequences 221 fvlkkkslkkllllilvlivlavfvlfsvkilslilldiv...lleKlkyals.kindeelikqslvksikallYlvpllllsilakvk......kk 307
                   f+ k +++  l++l++v +vla+f +  v+ l ++l+ ++    +eK+ +  +     + l ++ ++k+++ ll+ + +  ++  +  +       +
  HBC0587495.1 180 FL-KRRNIYILKILTIVGLVLAIFSVYPVDYLIQLLSLLPaggYIEKIRWYSQdDYAGSVLTFSLIFKVFVVLLFDYRFKSIKSHS--QslinarAY 273
                   96.77888899999999999999999999988865533331114666665433023333333444445555555544443333322..111111123 PP

     sequences 308 dklfyslllivvfvlslsflPglsiRvfmpilaillGylYfsvflk.tkvkl.rllililillllnfnwllsselyyyryplfssePfYyldslfe 401
                   d +  s++l++ + + l+ +  +s+R+   +++i + ++  + +++ +k  + r ++++++++ +++n+l +   + y ++ f s    y+ ++++
  HBC0587495.1 274 DFIYTSVYLMIFMDVYLGRFGTISTRLD--VYFIPCFLIALNHLINeHKQGVsRFIFFFIVMVYFTINYLSIM--NGYYFEKFYSPYQNYITEFLN 365
                   3355555566666666677777888863..3333333333444444366666255555556666666665555..555566666666666666655 PP

>> ACA24852.1  
   #    score  bias  c-Evalue  i-Evalue hmmfrom  hmm to    alifrom  ali to    envfrom  env to     acc
 ---   ------ ----- --------- --------- ------- -------    ------- -------    ------- -------    ----
   1 ?   -6.3   7.7         6        14     233     320 ..      33      43 ..       1      84 [. 0.39
   2 ?   10.4  49.1   6.7e-05   0.00016     128     401 ..      84     365 ..      76     374 .. 0.63

  Alignments for each domain:
  == domain 1  score: -6.3 bits;  conditional E-value: 6
   sequences 233 llilvlivlavfvlfsvkilslilldivlleKlkyalskindeelikqslvksikallYlvpllllsilakvkkkdklfyslllivvf 320
                 l+i+++++                                                                             +v 
  ACA24852.1  33 LYIILFSL-----------------------------------------------------------------------------LVT 43 
                 11111111.............................................................................111 PP

  == domain 2  score: 10.4 bits;  conditional E-value: 6.7e-05
   sequences 128 lkllyillqvvlllilvlkikkkyklklkelllLlalvliffKllallnllRQgyaSlfillai..fsegkk.kvlfl.liaclFHlSalviyplvnfv 222
                 + + y + q +++ +l++  k+ ++ ++k+ l+ +++++ ++ +  + +  RQ +a   il+a   f +gkk ++  l ++ac+FH+Sa+++++l+ f+
  ACA24852.1  84 FLMGYWIYQALITAVLIICLKTFFEKNTKNYLFCIGFFF-LYQFIFVTEAIRQIIALSIILVAYkkFYDGKKlQFHMLtILACSFHISAVIVFILIPFL 181
                 56789999999999999999*******999999888866.5899999******9998777777434777777677554278***************996 PP

   sequences 223 lkkkslkkllllilvlivlavfvlfsvkilslilldiv...lleKlkyals.kindeelikqslvksikallYlvpllllsilakvk......kkdklf 311
                  k +++  l++l++v +vla+f +  v+ l ++l+ ++    +eK+ +  +     + l ++ ++k+++ ll+ + +  ++     +       +d + 
  ACA24852.1 182 -KRRNIYILKILTIVGLVLAIFSVYPVDYLIQLLSLLPaggYIEKIRWYSQdDYAGSVLTFSLVFKVFVVLLFDYRFKSIKSHG--QslinarAYDFIY 277
                 .77888899999999999999999999988865533331114666665433023333333444445555555544443333222..1111111334455 PP

   sequences 312 yslllivvfvlslsflPglsiRvfmpilaillGylYfsvflk.tkvkl.rllililillllnfnwllsselyyyryplfssePfYyldslfe 401
                  s++l++ + + l+ +  +s+R+   +++i + ++  + +++ +k  + r ++++++++ +++n+l +   + y ++ f s    y+ ++++
  ACA24852.1 278 TSVYLMIFMDVYLGRFGTISTRLD--VYFIPCFLIALNHLINeHKQGVsRFIFFFVVMVYFTINYLSIM--NGYYFEKFYSPYQNYITEFLN 365
                 666666666667777788888863..3333333333444444366665255555666666666665555..555566666656666666655 PP

>> WP_106509388.1  
   #    score  bias  c-Evalue  i-Evalue hmmfrom  hmm to    alifrom  ali to    envfrom  env to     acc
 ---   ------ ----- --------- --------- ------- -------    ------- -------    ------- -------    ----
   1 ?   -5.8   7.3       5.7        13     317     322 ..      40      45 ..       1      86 [. 0.39
   2 ?    8.7  50.8   0.00023   0.00053     128     401 ..      84     365 ..      75     374 .. 0.63

  Alignments for each domain:
  == domain 1  score: -5.8 bits;  conditional E-value: 5.7
       sequences 317 ivvfvl 322
                     ++v  +
  WP_106509388.1  40 LLVTFI 45 
                     111112 PP

  == domain 2  score: 8.7 bits;  conditional E-value: 0.00023
       sequences 128 lkllyillqvvlllilvlkikkkyklklkelllLlalvliffKllallnllRQgyaSlfillai..fsegkk.kvlfl.liaclFHlSalviypl 218
                     + + y + q +++ +l++  k+ ++ ++k+ l+ +++++ ++ +  + +  RQ +a   il+a   f +gkk ++  l ++ac+FH+Sa+++++l
  WP_106509388.1  84 FLMGYWIYQALITAVLIICLKTFFEKNTKNYLFCIGFFF-LYQFIFVTEAIRQIIALSIILVAYkkFYDGKKlQFHMLtILACSFHISAVIVFIL 177
                     56789999999999999999*******999999888866.5899999******9998777777434777777677554278************** PP

       sequences 219 vnfvlkkkslkkllllilvlivlavfvlfsvkilslilldiv...lleKlkyalskindeelikqslvksikallYlvpllllsilakvk..... 305
                     + f+ k +++  l++l++v +vla+f +  v+ l ++l+ ++    +eK+ +     +++++  + l  s++  +++v l+ + + + +k     
  WP_106509388.1 178 IPFL-KRRNIYILKILTIVGLVLAIFSVYPVDYLIQLLSLLPaggYIEKIRWY----SQDDYAGSVLTFSLVFKVFVVLLFDYRFKS-IKshgqs 266
                     *996.778888999999999999999999999888655333311146666654....444444444444444444444443332222.2212221 PP

       sequences 306 .....kkdklfyslllivvfvlslsflPglsiRvfmpilaillGylYfsvflk.tkvkl.rllililillllnfnwllsselyyyryplfssePf 393
                           +d +  s++l++ + + l+ +  +s+R+   +++i + ++  + +++ +k  + r ++++++++ +++n+l +   + y ++ f s   
  WP_106509388.1 267 linarAYDFIYASVYLMIFMDVYLGRFGTISTRLD--VYFIPCFLIALNHLINeHKQGVsRFIFFFVVMVYFTINYLSIM--NGYYFEKFYSPYQ 357
                     11111333355566666666666777777888863..3333333333444444366665255555666666666665555..5555666666566 PP

       sequences 394 Yyldslfe 401
                      y+ ++++
  WP_106509388.1 358 NYITEFLN 365
                     66666655 PP

>> ACA24840.1  
   #    score  bias  c-Evalue  i-Evalue hmmfrom  hmm to    alifrom  ali to    envfrom  env to     acc
 ---   ------ ----- --------- --------- ------- -------    ------- -------    ------- -------    ----
   1 ?   -6.2   7.9         6        14     232     321 ..      32      44 ..       1      87 [. 0.39
   2 ?    9.9  49.9   9.5e-05   0.00022     128     401 ..      84     365 ..      75     374 .. 0.63

  Alignments for each domain:
  == domain 1  score: -6.2 bits;  conditional E-value: 6
   sequences 232 lllilvlivlavfvlfsvkilslilldivlleKlkyalskindeelikqslvksikallYlvpllllsilakvkkkdklfyslllivvfv 321
                 ll+i+++++                                                                             +v  
  ACA24840.1  32 LLYIILFSL-----------------------------------------------------------------------------LVTF 44 
                 111111111.............................................................................1111 PP

  == domain 2  score: 9.9 bits;  conditional E-value: 9.5e-05
   sequences 128 lkllyillqvvlllilvlkikkkyklklkelllLlalvliffKllallnllRQgyaSlfillai..fsegkk.kvlfl.liaclFHlSalviyplvnfv 222
                 + + y + q +++ +l++  k+ ++ ++k+ l+ +++++ ++ +  + +  RQ +a   il+a   f +gkk ++  l ++ac+FH+Sa+++++l+ f+
  ACA24840.1  84 FLMGYWIYQALITAVLIICLKTFFEKNTKNYLFCIGFFF-LYQFIFVTETIRQIIALSIILVAYkkFYDGKKlQFHMLtILACSFHISAVIVFILIPFL 181
                 56789999999999999999*******999999888876.58999999*****9998777777434777777677554278***************996 PP

   sequences 223 lkkkslkkllllilvlivlavfvlfsvkilslilldiv...lleKlkyals.kindeelikqslvksikallYlvpllllsilakvk......kkdklf 311
                  k +++  l++l++v +vla+f +  v+ l ++l+ ++    +eK+ +  +     + l ++ ++k+++ ll+ + +  ++     +       +d + 
  ACA24840.1 182 -KRRNIYILKILTIVGLVLAIFSVYPVDYLIQLLSLLPaggYIEKIRWYSQdDYAGSVLTFSLVFKVFVVLLFDYRFKSIKSHG--QslinarAYDFIY 277
                 .77888899999999999999999999988865533331114666665433023333333444445555555544443333222..1111111334455 PP

   sequences 312 yslllivvfvlslsflPglsiRvfmpilaillGylYfsvflk.tkvkl.rllililillllnfnwllsselyyyryplfssePfYyldslfe 401
                  s++l++ + + l+ +  +s+R+   +++i + ++  + +++ +k  + r ++++++++ +++n+l +   + y ++ f s    y+ ++++
  ACA24840.1 278 TSVYLMIFMDVYLGRFGTISTRLD--VYFIPCFLIALNHLINeHKQGVsRFIFFFVVMVYFTINYLSIM--NGYYFEKFYSPYQNYITEFLN 365
                 666666666667777788888863..3333333333444444366665255555666666666665555..555566666656666666655 PP



Internal pipeline statistics summary:
-------------------------------------
Query model(s):                            1  (423 nodes)
Target sequences:                         14  (5372 residues searched)
Passed MSV filter:                        14  (1); expected 0.3 (0.02)
Passed bias filter:                       10  (0.714286); expected 0.3 (0.02)
Passed Vit filter:                        10  (0.714286); expected 0.0 (0.001)
Passed Fwd filter:                         7  (0.5); expected 0.0 (1e-05)
Initial search space (Z):                 14  [actual number of targets]
Domain search space  (domZ):               6  [number of targets reported over threshold]
# CPU time: 0.04u 0.00s 00:00:00.04 Elapsed: 00:00:00.04
# Mc/sec: 56.11
//
[ok]
