
muscle 5.1.linux64 [12f0e2]  792Gb RAM, 32 cores
Built Jan 13 2022 23:17:13
(C) Copyright 2004-2021 Robert C. Edgar.
https://drive5.com

Input: 19 seqs, avg length 412, max 450

00:00 3.9Mb  CPU has 32 cores, defaulting to 20 threads

WARNING: Max OMP threads 1

00:00 3.9Mb    0.58% Calc posteriors00:01 4.9Mb    15.8% Calc posteriors00:02 4.9Mb    42.1% Calc posteriors00:03 4.9Mb    60.8% Calc posteriors00:04 5.1Mb    77.8% Calc posteriors00:05 6.0Mb    95.3% Calc posteriors00:05 6.0Mb   100.0% Calc posteriors
00:05 6.0Mb    0.58% Consistency (1/2)00:05 7.6Mb   100.0% Consistency (1/2)
00:05 7.6Mb    0.58% Consistency (2/2)00:05 8.4Mb   100.0% Consistency (2/2)
00:05 8.4Mb     5.6% UPGMA5           00:05 8.4Mb   100.0% UPGMA5
00:05 8.4Mb     1.0% Refining00:05 8.9Mb   100.0% Refining
INFO:Malign:Fasta contains 19 valid records
INFO:Malign:Aligned already
INFO:Malign:Align contains 19 valid records

================================================================================
ERROR
Error occurred during parsing of your input file.
Unknown symbol ([) encountered in a sequence.

You could either remove the symbol, or provide a background frequencies for all
symbols.
================================================================================

