
muscle 5.1.linux64 [12f0e2]  280Gb RAM, 24 cores
Built Jan 13 2022 23:17:13
(C) Copyright 2004-2021 Robert C. Edgar.
https://drive5.com

Input: 18 seqs, avg length 410, max 448

00:00 3.9Mb  CPU has 24 cores, defaulting to 20 threads

WARNING: Max OMP threads 1

00:00 3.9Mb    0.65% Calc posteriors00:01 4.9Mb    15.7% Calc posteriors00:02 4.9Mb    34.6% Calc posteriors00:03 12Mb     51.6% Calc posteriors00:04 6.0Mb    69.9% Calc posteriors00:05 6.0Mb    87.6% Calc posteriors00:05 6.1Mb   100.0% Calc posteriors
00:05 6.1Mb    0.65% Consistency (1/2)00:05 9.0Mb   100.0% Consistency (1/2)
00:05 9.0Mb    0.65% Consistency (2/2)00:06 9.0Mb     1.3% Consistency (2/2)00:06 9.0Mb   100.0% Consistency (2/2)
00:06 9.0Mb     5.9% UPGMA5           00:06 9.0Mb   100.0% UPGMA5
00:06 9.3Mb     1.0% Refining00:06 11Mb    100.0% Refining
INFO:Malign:No identity filter
INFO:Malign:Star /work3/idamei/wzy/ssn-clusterings/2210041007/superclusterings/2210041009/superclusters/0018_1_111/seeds.txt
INFO:Malign:Star highlights 1 from comma-separated list
Read FASTA line_by_line from /work3/idamei/wzy/ssn-clusterings/2210041007/superclusterings/2210041009/superclusters/0018_1_111/sequences.afa 18 elements
INFO:Malign:No identity filter
INFO:Malign:Fasta contains 18 valid records
INFO:Malign:Aligned already
INFO:Malign:Align contains 18 valid records
FastTree Version 2.1.11 SSE3
Alignment: /work3/idamei/wzy/ssn-clusterings/2210041007/superclusterings/2210041009/superclusters/0018_1_111/sequences.afa
Amino acid distances: BLOSUM45 Joins: balanced Support: SH-like 1000
Search: Normal +NNI +SPR (2 rounds range 10) +ML-NNI opt-each=1
TopHits: 1.00*sqrtN close=default refresh=0.80
ML Model: Jones-Taylor-Thorton, CAT approximation with 20 rate categories
Initial topology in 0.01 seconds
Refining topology: 17 rounds ME-NNIs, 2 rounds ME-SPRs, 8 rounds ML-NNIs
Total branch-length 6.680 after 0.09 sec
      0.11 seconds: ML NNI round 1 of 8, 1 of 16 splits
ML-NNI round 1: LogLk = -11924.782 NNIs 1 max delta 5.52 Time 0.21
      0.21 seconds: Site likelihoods with rate category 2 of 20
Switched to using 20 rate categories (CAT approximation)
Rate categories were divided by 0.873 so that average rate = 1.0
CAT-based log-likelihoods may not be comparable across runs
Use -gamma for approximate but comparable Gamma(20) log-likelihoods
ML-NNI round 2: LogLk = -11363.583 NNIs 2 max delta 2.19 Time 0.36
      0.36 seconds: ML NNI round 3 of 8, 1 of 16 splits
ML-NNI round 3: LogLk = -11361.504 NNIs 1 max delta 0.32 Time 0.48
      0.48 seconds: ML NNI round 4 of 8, 1 of 16 splits
ML-NNI round 4: LogLk = -11360.360 NNIs 1 max delta 1.13 Time 0.54
ML-NNI round 5: LogLk = -11360.359 NNIs 0 max delta 0.00 Time 0.57
Turning off heuristics for final round of ML NNIs (converged)
ML-NNI round 6: LogLk = -11359.266 NNIs 0 max delta 0.00 Time 0.71 (final)
      0.70 seconds: ML Lengths 1 of 16 splits
Optimize all lengths: LogLk = -11359.234 Time 0.75
Total time: 0.86 seconds Unique: 18/18 Bad splits: 0/15
