# hmmsearch :: search profile(s) against a sequence database
# HMMER 3.3.2 (Nov 2020); http://hmmer.org/
# Copyright (C) 2020 Howard Hughes Medical Institute.
# Freely distributed under the BSD open source license.
# - - - - - - - - - - - - - - - - - - - - - - - - - - - - - - - - - - - -
# query HMM file:                  data/wzy/ssn-clusterings/2206101141/clusters/0119_39/sequences.hmm
# target sequence database:        data/wzy/ssn-clusterings/2206101141/clusters/0004_204/sequences.fa
# - - - - - - - - - - - - - - - - - - - - - - - - - - - - - - - - - - - -

Query:       sequences  [M=414]
Scores for complete sequences (score includes all domains):
   --- full sequence ---   --- best 1 domain ---    -#dom-
    E-value  score  bias    E-value  score  bias    exp  N  Sequence       Description
    ------- ------ -----    ------- ------ -----   ---- --  --------       -----------
  ------ inclusion threshold ------
       0.68   -3.6  60.7     0.0076    2.8  24.5    3.1  3  AHB32386.1      
       0.96   -4.1  61.2     0.0031    4.1  23.0    3.2  3  WP_086391195.1  
        2.6   -5.5  56.1      0.003    4.2  23.1    3.1  3  WP_223235463.1  


Domain annotation for each sequence (and alignments):
>> AHB32386.1  
   #    score  bias  c-Evalue  i-Evalue hmmfrom  hmm to    alifrom  ali to    envfrom  env to     acc
 ---   ------ ----- --------- --------- ------- -------    ------- -------    ------- -------    ----
   1 ?    2.8  24.5    0.0057    0.0076      15     141 ..       8     130 ..       2     157 .. 0.66
   2 ?    2.1  14.3    0.0095     0.013      44     119 ..     150     221 ..     136     248 .. 0.44
   3 ?    1.5   7.5     0.014     0.018      47     125 ..     320     374 ..     297     383 .. 0.40

  Alignments for each domain:
  == domain 1  score: 2.8 bits;  conditional E-value: 0.0057
   sequences  15 eyllalliilncnsvyvlssgsnylilillllliilvlllllskklskkki.kkllililiyllyllifllvsssnlksflilflvllpllllyflllv 112
                  y+la l++l+    +++++  +   l ++ + i++++++ l+ +++   + k+ +i+il+++ ++l+++ +  +n  +++i +l l++ll++ f++++
  AHB32386.1   8 LYILASLLVLSG--AFYSIDFLKVISLGVFGVCIFIFFVFALTGNKNNLILdKSGIICILFIFSFVLMLISAALNNAVDLFIGVL-LFLLLVINFSIFN 103
                 588999999984..56666666665554444444444445555554444441455666655555555555555556666664444.788888889999* PP

   sequences 113 kknelkellkkfsnivviiAiiSLffWlf 141
                  ++  +++++k +++ ++i  i L+ + f
  AHB32386.1 104 LNKACFDFFDKPVKLTFLI--ITLINFSF 130
                 **************99986..55555555 PP

  == domain 2  score: 2.1 bits;  conditional E-value: 0.0095
   sequences  44 lllliilvlllllskklskkkikkllililiyllyllifllvsssnlksflilflvllpllllyflllvkknelke 119
                 + +l +l   +ll k  ++k  kk+ ++ l+++++l +fl + s++  sf++ +l +l++l+lyf+++ + n  k 
  AHB32386.1 150 YAMLSFLSTGILLDKAYNSKG-KKIDYY-LLLIILLSTFLTLVSNSRISFISSCL-CLIVLFLYFMIN-SFNLKKG 221
                 344444444456665544432.222222.22333333333333455566664444.555555555552.1111222 PP

  == domain 3  score: 1.5 bits;  conditional E-value: 0.014
   sequences  47 liilvlllllskklskkkikkllililiyllyllifllvsssnlksflilflvllpllllyflllvkknelkellkkfs 125
                 + +++++++  + ++ k+i+++ i+   +++++++fl +s+s                         +++++  +  ++
  AHB32386.1 320 FFAITVVFVAFNVFNPKNIRSYGITP-SFICFSFLFLSISESM-----------------------INKTIFFCFLMIV 374
                 11111112222334444444433322.3333333333333333.......................3333333333333 PP

>> WP_086391195.1  
   #    score  bias  c-Evalue  i-Evalue hmmfrom  hmm to    alifrom  ali to    envfrom  env to     acc
 ---   ------ ----- --------- --------- ------- -------    ------- -------    ------- -------    ----
   1 ?    4.1  23.0    0.0023    0.0031      15     137 ..       8     126 ..       2     141 .. 0.64
   2 ?    1.7  15.0     0.012     0.016      43     119 ..     149     221 ..     133     247 .. 0.47
   3 ?    1.5   7.5     0.014     0.018      47     125 ..     320     374 ..     297     383 .. 0.40

  Alignments for each domain:
  == domain 1  score: 4.1 bits;  conditional E-value: 0.0023
       sequences  15 eyllalliilncnsvyvlssgsnylilillllliilvlllllskklskkki.kkllililiyllyllifllvsssnlksflilflvllpllllyf 108
                      y+la l++l+    +++++  +   l ++ + i++++++ l+ +++   + k+ +i+il+++ ++l+++ +  +n  +++i +l l++ll++ f
  WP_086391195.1   8 LYILASLLVLSG--AFYSIDFLKVISLGVFGVCIFIFFVFALTGNKNNLILdKSGIICILFIFSFVLMLISAALNNAVDLFIGVL-LFLLLVINF 99 
                     588999999984..56666666665554444444444445555554444441455666655555555555555556666664444.788888889 PP

       sequences 109 lllvkknelkellkkfsnivviiAiiSLf 137
                     ++++ ++  +++++k +++ ++i  i L+
  WP_086391195.1 100 SIFNLNKACFDFFDKPVKLTFLI--ITLI 126
                     999***************99886..4444 PP

  == domain 2  score: 1.7 bits;  conditional E-value: 0.012
       sequences  43 llllliilvlllllskklskkkikkllililiyllyllifllvsssnlksflilflvllpllllyflllvkknelke 119
                     ++ +l +l   +ll k  ++k + k+ +++l+++l++ +++lv s++  sf++ +l +l++l+lyf+++ + n  k 
  WP_086391195.1 149 IYAMLSFLSTGILLDKAYNSKGK-KIDYYFLLIILLSTFLTLV-SNSRISFISSCL-CLIVLFLYFMIN-SFNLKKG 221
                     44445555555666666554433.3333333333333333344.455567774444.666666666652.2222222 PP

  == domain 3  score: 1.5 bits;  conditional E-value: 0.014
       sequences  47 liilvlllllskklskkkikkllililiyllyllifllvsssnlksflilflvllpllllyflllvkknelkellkkfs 125
                     + +++++++  + ++ k+i+++ i+   +++++++fl +s+s                         +++++  +  ++
  WP_086391195.1 320 FFAITVVFVAFNVFNPKNIRSYGITP-SFICFSFLFLSISESM-----------------------INKTIFFCFLMIV 374
                     11111112222334444444433322.3333333333333333.......................3333333333333 PP

>> WP_223235463.1  
   #    score  bias  c-Evalue  i-Evalue hmmfrom  hmm to    alifrom  ali to    envfrom  env to     acc
 ---   ------ ----- --------- --------- ------- -------    ------- -------    ------- -------    ----
   1 ?    4.2  23.1    0.0022     0.003      15     137 ..       8     126 ..       2     140 .. 0.64
   2 ?    2.4  14.3    0.0075      0.01      44     120 ..     150     222 ..     133     249 .. 0.45
   3 ?   -0.5   2.7     0.057     0.076      69     105 ..     317     353 ..     300     356 .] 0.56

  Alignments for each domain:
  == domain 1  score: 4.2 bits;  conditional E-value: 0.0022
       sequences  15 eyllalliilncnsvyvlssgsnylilillllliilvlllllskklskkki.kkllililiyllyllifllvsssnlksflilflvllpllllyf 108
                      y+la l++l+    +++++  +   l ++ + i++++++ l+ +++   + k+ +i+il+++ ++l+++ +  +n  +++i +l l++ll++ f
  WP_223235463.1   8 LYILASLLVLSG--AFYSIDFLKVISLGVFGVCIFIFFVFALTGNKNNLILdKSGIICILFIFSFVLMLISAALNNAVDLFIGVL-LFLLLVINF 99 
                     588999999984..56666666665554444444444445555554444441455666655555555555555556666664444.788888889 PP

       sequences 109 lllvkknelkellkkfsnivviiAiiSLf 137
                     ++++ ++  +++++k +++ ++i  i L+
  WP_223235463.1 100 SIFNLNKACFDFFDKPVKLTFLI--ITLI 126
                     999***************99886..4444 PP

  == domain 2  score: 2.4 bits;  conditional E-value: 0.0075
       sequences  44 lllliilvlllllskklskkkikkllililiyllyllifllvsssnlksflilflvllpllllyflllvkknelkel 120
                     + +l +l   +ll k  ++k  kk+ ++ l+++++l +fl + s++  sf++ +l +l++l+lyf+++ + n  k +
  WP_223235463.1 150 YAMLSFLSTGILLDKAYNSKG-KKIDYY-LLLIILLSTFLTLVSNSRISFISSCL-CLIVLFLYFMIN-SFNLKKGI 222
                     444444444456665544432.222222.22333333333333455566664444.555555555542.11111222 PP

  == domain 3  score: -0.5 bits;  conditional E-value: 0.057
       sequences  69 lililiyllyllifllvsssnlksflilflvllplll 105
                        ++ ++++++ f++++++n+ s+ i+  ++++ +l
  WP_223235463.1 317 SCSFFAITVVFVAFNVFNPKNIRSYGITPSFICFSFL 353
                     3334455556666666666666666655444444444 PP



Internal pipeline statistics summary:
-------------------------------------
Query model(s):                            1  (414 nodes)
Target sequences:                          4  (1481 residues searched)
Passed MSV filter:                         4  (1); expected 0.1 (0.02)
Passed bias filter:                        3  (0.75); expected 0.1 (0.02)
Passed Vit filter:                         3  (0.75); expected 0.0 (0.001)
Passed Fwd filter:                         3  (0.75); expected 0.0 (1e-05)
Initial search space (Z):                  4  [actual number of targets]
Domain search space  (domZ):               3  [number of targets reported over threshold]
# CPU time: 0.02u 0.00s 00:00:00.02 Elapsed: 00:00:00.01
# Mc/sec: 34.85
//
[ok]
