
muscle 5.1.linux64 [12f0e2]  396Gb RAM, 24 cores
Built Jan 13 2022 23:17:13
(C) Copyright 2004-2021 Robert C. Edgar.
https://drive5.com

Input: 23 seqs, avg length 413, max 472

00:00 3.9Mb  CPU has 24 cores, defaulting to 20 threads

WARNING: Max OMP threads 1

00:00 3.9Mb     0.4% Calc posteriors00:01 4.8Mb     8.7% Calc posteriors00:02 13Mb     19.4% Calc posteriors00:03 4.8Mb    30.0% Calc posteriors00:04 12Mb     42.3% Calc posteriors00:05 13Mb     53.8% Calc posteriors00:06 5.6Mb    64.0% Calc posteriors00:07 14Mb     75.1% Calc posteriors00:08 14Mb     85.4% Calc posteriors00:09 14Mb     94.5% Calc posteriors00:09 7.3Mb   100.0% Calc posteriors
00:09 7.3Mb     0.4% Consistency (1/2)00:09 9.9Mb   100.0% Consistency (1/2)
00:09 9.9Mb     0.4% Consistency (2/2)00:09 9.9Mb   100.0% Consistency (2/2)
00:10 9.9Mb     4.5% UPGMA5           00:10 9.9Mb   100.0% UPGMA5
00:10 10Mb      1.0% Refining00:10 11Mb    100.0% Refining
INFO:Malign:No identity filter
INFO:Malign:Star /work3/idamei/ssn-clusterings/2206020950/clusters/0023_129/seeds.txt
INFO:Malign:Star highlights 1
INFO:Malign:No identity filter
INFO:Malign:Fasta contains 23 valid records
INFO:Malign:Aligned already
INFO:Malign:Align contains 23 valid records
inputType: FASTA
================================================================================
WARNINGS

One or more weights was less than -50 bits.
To avoid such amino acid dominating the logo position, these was reduced to -50
bits.
To remove this warning you could try choosing the option of pseudo counts.
================================================================================

