# hmmsearch :: search profile(s) against a sequence database
# HMMER 3.3.2 (Nov 2020); http://hmmer.org/
# Copyright (C) 2020 Howard Hughes Medical Institute.
# Freely distributed under the BSD open source license.
# - - - - - - - - - - - - - - - - - - - - - - - - - - - - - - - - - - - -
# query HMM file:                  data/wzy/ssn-clusterings/2206101141/clusters/0066_12/sequences.hmm
# target sequence database:        data/wzy/ssn-clusterings/2206101141/clusters/0017_177/sequences.fa
# - - - - - - - - - - - - - - - - - - - - - - - - - - - - - - - - - - - -

Query:       sequences  [M=365]
Scores for complete sequences (score includes all domains):
   --- full sequence ---   --- best 1 domain ---    -#dom-
    E-value  score  bias    E-value  score  bias    exp  N  Sequence       Description
    ------- ------ -----    ------- ------ -----   ---- --  --------       -----------
  ------ inclusion threshold ------
      0.067    2.3  55.2       0.62   -0.8  54.0    2.4  1  WP_150581997.1  
       0.39   -0.2  47.6        6.6   -4.2  47.6    2.5  1  WP_139225449.1  


Domain annotation for each sequence (and alignments):
>> WP_150581997.1  
   #    score  bias  c-Evalue  i-Evalue hmmfrom  hmm to    alifrom  ali to    envfrom  env to     acc
 ---   ------ ----- --------- --------- ------- -------    ------- -------    ------- -------    ----
   1 ?   -0.8  54.0     0.073      0.62       9     341 ..      14     377 ..       1     387 [. 0.67

  Alignments for each domain:
  == domain 1  score: -0.8 bits;  conditional E-value: 0.073
       sequences   9 ssillllllfsgfy.in.llpisPvYilfillilllfllll..kkikisklillllif..iiyliliqlf...lnseistvlnliisillliivv 94 
                     ++ ++l+++  + y ++ l  i   Y ++ l+i+ ++ l++  kkik++++    li+  +iy++ i++    +++e  +v++    + ++++v+
  WP_150581997.1  14 TKDYILVTVAAAAYlLHmLRNITELYAVIPLVISATCCLFYlsKKIKVDSTGCCALIIfiLIYFLPIFYSflwYPNESYMVSFGR-YLYIIPFVF 107
                     4568888999999978877789999998877777665555567999999987333332235555555555344555555555544.333444444 PP

       sequences  95 ellkklskkkrkkilkkfilisiillileliiRilnpdleyvekl..eeleglfyaYKvnSimYeDSNfvglvilsllflllylkkekkkklkli 187
                      ++   ++++++ +  ++++++ ++++l ++  +++     +++    ++++++ ++   S++ +     g+++   l +++++ ++k ++  + 
  WP_150581997.1 108 LCI---YAISNIAVFLYLLKLYSAFIVLGGFSIFYQIVFGPISWFpdASEREGLVRFS--SLAGSL-TAYGIFAGLALPIIYFIFENKFIR-LFS 195
                     444...4556667777777777777777776666666666555656656666666665..443221.234555555555544444444444.667 PP

       sequences 188 lllllillllTfSRAAiialilfliilvlkk...skvikil..sllillilllvlil...............fllsilssDgSFnSKF..yiiel 260
                     l+++li++l+T+ +AAi+ + lfli+l+l+    +k +ki+  +++il+i+++++++               +     +sD+SF   +   +  l
  WP_150581997.1 196 LFTVLIAMLCTLQKAAIVNIALFLIFLFLSGaviNK-LKIIgfVVFILPIAVFTFYYldvsyvvatvdnilrLKEGSGASDVSFSQSIldRMWLL 289
                     7999999********************997534355.555411456666777777779***9999999888666677899****64332234445 PP

       sequences 261 aikylksasllnilfGvGlgnteeviGi....gAHNifvtlllEtGiiGlilfllllvyllik...lkkksliillpfliaglSlfsa 341
                       + ++   l+ +++GvG+   +  +G      AHN ++ ll+  Gi+ l+ f  +++++l++   lk ++    +p+ +  +Slf +
  WP_150581997.1 290 PSQLYNLHGLEGMIYGVGMVGGSGTLGFpeypMAHNGVFDLLFIGGILNLLAFSAMVFFVLFRlkkLKRYCSPYGFPLKVLKVSLFVY 377
                     5678888999*****************866668*******************988887777761125566666779999998888865 PP

>> WP_139225449.1  
   #    score  bias  c-Evalue  i-Evalue hmmfrom  hmm to    alifrom  ali to    envfrom  env to     acc
 ---   ------ ----- --------- --------- ------- -------    ------- -------    ------- -------    ----
   1 ?   -4.2  47.6      0.77       6.6      14     324 ..      27     362 ..      18     408 .. 0.66

  Alignments for each domain:
  == domain 1  score: -4.2 bits;  conditional E-value: 0.77
       sequences  14 llllfsgfy.in.llpisPvYilfillilllfllll...kkikisklillllif.....iiyliliqlflnseistvlnliisillliivvellk 98 
                      l+l +gfy ++ l  i+Pv+ ++  l+++   +l+   + ++ s +++l++ f     + ++++ + f +++++  ++ +  +++++++  +l 
  WP_139225449.1  27 CLVLAVGFYcLHvLRNINPVFAVLGPLFSVFGCFLVgrrSGYDGSGILVLSF-FalsscLPIIYSYFWFPDEQYAQAIFRY-YYMVPVFL-FFLT 118
                     578899***9998899*******98888887777777333344444444444.2566543333334444667777777777.34555554.4455 PP

       sequences  99 klskkkrkkilkkfilisiillileliiRilnpdleyvekleeleglfyaYKvnSimYeDSNfvglvilsllflllylkkekkkklklillllli 193
                      l++++ + +l ++++++i l +l l+  +++   +  + + + ++++ +Y   S++ +     g++ ++ l +l++++++  +   +++ll+ +
  WP_139225449.1 119 ALRSEELLLLLFRVYVVFICLGALSLVFQVMHGPISWFS-EASSRDGLVRYS--SLVGS-LTAYGVYSVFALPMLVFFSSK--FVRAIVFLLIAV 207
                     566688888888888999999999999999998888433.355555666665..44322.236799999999998888654..555799999*** PP

       sequences 194 llllTfSRAAiialilfliilvlkkskvikils..llillilllvlil................fllsilssDgS.FnSKFyiiela.ikylksa 268
                      +ll++ +AA++ l++f+ii+++  s ++k+++    ++li+ +v+++                +  +++ +D    +S ++ + l     ++s 
  WP_139225449.1 208 GMLLSLQKAAVVNLLVFFIIYFFYGSVRVKLMLlaAAVMLIISVVISYflnvpylvsvvdnifrLNENAVVTDYTvMESILQRVWLLpSVLYESY 302
                     ***********************965554444411223333333333367777777777766664445555554313444443333302346677 PP

       sequences 269 sllnilfGvGlgnteeviGi....gAHNifvtlllEtGiiGlilfllllvylliklkkks 324
                       + +l GvGl  ++  +G       HN ++ ll+  G++  ++f+   + +++++++++
  WP_139225449.1 303 GPEGMLWGVGLVGASGTLGFenypMSHNGIFDLLFVGGVFNCMVFIACACWMWVRIRQYT 362
                     777888888888888888874444578888888888888888888888888888876655 PP



Internal pipeline statistics summary:
-------------------------------------
Query model(s):                            1  (365 nodes)
Target sequences:                         17  (6778 residues searched)
Passed MSV filter:                        17  (1); expected 0.3 (0.02)
Passed bias filter:                        4  (0.235294); expected 0.3 (0.02)
Passed Vit filter:                         4  (0.235294); expected 0.0 (0.001)
Passed Fwd filter:                         2  (0.117647); expected 0.0 (1e-05)
Initial search space (Z):                 17  [actual number of targets]
Domain search space  (domZ):               2  [number of targets reported over threshold]
# CPU time: 0.01u 0.00s 00:00:00.01 Elapsed: 00:00:00.01
# Mc/sec: 161.67
//
[ok]
