
muscle 5.1.linux64 [12f0e2]  396Gb RAM, 24 cores
Built Jan 13 2022 23:17:13
(C) Copyright 2004-2021 Robert C. Edgar.
https://drive5.com

Input: 18 seqs, avg length 382, max 391

00:00 3.9Mb  CPU has 24 cores, defaulting to 20 threads

WARNING: Max OMP threads 1

00:00 3.9Mb    0.65% Calc posteriors00:01 4.7Mb    18.3% Calc posteriors00:02 11Mb     39.9% Calc posteriors00:03 4.8Mb    62.1% Calc posteriors00:04 11Mb     86.3% Calc posteriors00:04 11Mb    100.0% Calc posteriors
00:04 11Mb     0.65% Consistency (1/2)00:04 11Mb    100.0% Consistency (1/2)
00:04 11Mb     0.65% Consistency (2/2)00:04 11Mb    100.0% Consistency (2/2)
00:04 11Mb      5.9% UPGMA5           00:04 11Mb    100.0% UPGMA5
00:04 11Mb      1.0% Refining00:04 11Mb    100.0% Refining
INFO:Malign:No identity filter
INFO:Malign:Star /work3/idamei/ssn-clusterings/2206020950/clusters/0018_15/seeds.txt
INFO:Malign:Star highlights 3
INFO:Malign:No identity filter
INFO:Malign:Fasta contains 18 valid records
INFO:Malign:Aligned already
INFO:Malign:Align contains 18 valid records
inputType: FASTA
================================================================================
WARNINGS

One or more weights was less than -50 bits.
To avoid such amino acid dominating the logo position, these was reduced to -50
bits.
To remove this warning you could try choosing the option of pseudo counts.
================================================================================

