
muscle 5.1.linux64 [12f0e2]  396Gb RAM, 32 cores
Built Jan 13 2022 23:17:13
(C) Copyright 2004-2021 Robert C. Edgar.
https://drive5.com

Input: 19 seqs, avg length 395, max 425

00:00 3.9Mb  CPU has 32 cores, defaulting to 20 threads

WARNING: Max OMP threads 1

00:00 3.9Mb    0.58% Calc posteriors00:01 4.3Mb    19.3% Calc posteriors00:02 4.6Mb    39.2% Calc posteriors00:03 5.0Mb    60.2% Calc posteriors00:04 5.3Mb    79.5% Calc posteriors00:04 5.6Mb   100.0% Calc posteriors
00:05 5.7Mb    0.58% Consistency (1/2)00:05 8.3Mb   100.0% Consistency (1/2)
00:05 8.3Mb    0.58% Consistency (2/2)00:05 8.3Mb   100.0% Consistency (2/2)
00:05 8.3Mb     5.6% UPGMA5           00:05 8.3Mb   100.0% UPGMA5
00:05 8.3Mb     1.0% Refining00:05 9.2Mb   100.0% Refining
INFO:Malign:No identity filter
INFO:Malign:Star /work3/idamei/ssn-clusterings/2206011120/clusters/0019_35/seeds.txt
INFO:Malign:Star highlights 1
INFO:Malign:No identity filter
INFO:Malign:Fasta contains 19 valid records
INFO:Malign:Aligned already
INFO:Malign:Align contains 19 valid records
inputType: FASTA


muscle 5.1.linux64 [12f0e2]  131Gb RAM, 20 cores
Built Jan 13 2022 23:17:13
(C) Copyright 2004-2021 Robert C. Edgar.
https://drive5.com

Input: 19 seqs, avg length 395, max 425


WARNING: Max OMP threads 1

00:00 3.9Mb  CPU has 20 cores, running 1 threads
00:00 3.9Mb    0.58% Calc posteriors00:01 10Mb      7.0% Calc posteriors00:02 11Mb     27.5% Calc posteriors00:03 11Mb     48.0% Calc posteriors00:04 12Mb     69.0% Calc posteriors00:05 5.5Mb    90.1% Calc posteriors00:05 5.6Mb   100.0% Calc posteriors
00:05 5.7Mb    0.58% Consistency (1/2)00:05 8.3Mb   100.0% Consistency (1/2)
00:05 8.3Mb    0.58% Consistency (2/2)00:05 8.3Mb   100.0% Consistency (2/2)
00:05 8.3Mb     5.6% UPGMA5           00:05 8.3Mb   100.0% UPGMA5
00:05 8.3Mb     1.0% Refining00:05 9.2Mb   100.0% Refining
INFO:Malign:No identity filter
INFO:Malign:Star /work3/idamei/ssn-clusterings/2206011120/clusters/0019_35/seeds.txt
INFO:Malign:Star highlights 1
INFO:Malign:No identity filter
INFO:Malign:Fasta contains 19 valid records
INFO:Malign:Aligned already
INFO:Malign:Align contains 19 valid records
inputType: FASTA

