
muscle 5.1.linux64 [12f0e2]  792Gb RAM, 32 cores
Built Jan 13 2022 23:17:13
(C) Copyright 2004-2021 Robert C. Edgar.
https://drive5.com

Input: 17 seqs, avg length 407, max 440

00:00 3.9Mb  CPU has 32 cores, defaulting to 20 threads

WARNING: Max OMP threads 1

00:00 3.9Mb    0.74% Calc posteriors00:01 4.7Mb    13.2% Calc posteriors00:02 11Mb     35.3% Calc posteriors00:03 11Mb     58.1% Calc posteriors00:04 13Mb     80.1% Calc posteriors00:05 5.5Mb   100.0% Calc posteriors
00:05 5.5Mb    0.74% Consistency (1/2)00:05 8.2Mb   100.0% Consistency (1/2)
00:05 8.2Mb    0.74% Consistency (2/2)00:05 8.2Mb   100.0% Consistency (2/2)
00:05 8.2Mb     6.2% UPGMA5           00:05 8.2Mb   100.0% UPGMA5
00:05 8.2Mb     1.0% Refining00:05 9.0Mb   100.0% Refining
INFO:Malign:No identity filter
INFO:Malign:Star /work3/idamei/ssn-clusterings/2206021344/clusters/0017_103/seeds.txt
INFO:Malign:Star highlights 2
INFO:Malign:No identity filter
INFO:Malign:Fasta contains 17 valid records
INFO:Malign:Aligned already
INFO:Malign:Align contains 17 valid records
inputType: FASTA
================================================================================
WARNINGS

One or more weights was less than -50 bits.
To avoid such amino acid dominating the logo position, these was reduced to -50
bits.
To remove this warning you could try choosing the option of pseudo counts.
================================================================================

