
muscle 5.1.linux64 [12f0e2]  131Gb RAM, 20 cores
Built Jan 13 2022 23:17:13
(C) Copyright 2004-2021 Robert C. Edgar.
https://drive5.com

Input: 9 seqs, avg length 379, max 382


WARNING: Max OMP threads 1

00:00 3.9Mb  CPU has 20 cores, running 1 threads
00:00 3.9Mb     2.8% Calc posteriors00:01 4.7Mb    33.3% Calc posteriors00:01 4.7Mb   100.0% Calc posteriors
00:01 4.7Mb     2.8% Consistency (1/2)00:01 5.2Mb   100.0% Consistency (1/2)
00:01 5.2Mb     2.8% Consistency (2/2)00:01 5.2Mb   100.0% Consistency (2/2)
00:01 5.2Mb    12.5% UPGMA5           00:01 5.2Mb   100.0% UPGMA5
00:01 5.4Mb     1.0% Refining00:01 5.8Mb   100.0% Refining
INFO:Malign:No identity filter
INFO:Malign:Star /work3/idamei/wzy/ssn-clusterings/2210041007/superclusterings/2210041009/superclusters/0009_1_198/seeds.txt
INFO:Malign:Star highlights 1 from comma-separated list
Read FASTA line_by_line from /work3/idamei/wzy/ssn-clusterings/2210041007/superclusterings/2210041009/superclusters/0009_1_198/sequences.afa 9 elements
INFO:Malign:No identity filter
INFO:Malign:Fasta contains 9 valid records
INFO:Malign:Aligned already
INFO:Malign:Align contains 9 valid records
FastTree Version 2.1.11 SSE3
Alignment: /work3/idamei/wzy/ssn-clusterings/2210041007/superclusterings/2210041009/superclusters/0009_1_198/sequences.afa
Amino acid distances: BLOSUM45 Joins: balanced Support: SH-like 1000
Search: Normal +NNI +SPR (2 rounds range 10) +ML-NNI opt-each=1
TopHits: 1.00*sqrtN close=default refresh=0.80
ML Model: Jones-Taylor-Thorton, CAT approximation with 20 rate categories
Initial topology in 0.00 seconds
Refining topology: 13 rounds ME-NNIs, 2 rounds ME-SPRs, 6 rounds ML-NNIs
Total branch-length 0.920 after 0.01 sec
ML-NNI round 1: LogLk = -3036.927 NNIs 0 max delta 0.00 Time 0.05
Switched to using 20 rate categories (CAT approximation)
Rate categories were divided by 0.749 so that average rate = 1.0
CAT-based log-likelihoods may not be comparable across runs
Use -gamma for approximate but comparable Gamma(20) log-likelihoods
ML-NNI round 2: LogLk = -2874.134 NNIs 0 max delta 0.00 Time 0.08
Turning off heuristics for final round of ML NNIs (converged)
ML-NNI round 3: LogLk = -2874.029 NNIs 0 max delta 0.00 Time 0.12 (final)
      0.11 seconds: ML Lengths 1 of 7 splits
Optimize all lengths: LogLk = -2874.022 Time 0.13
Total time: 0.17 seconds Unique: 9/9 Bad splits: 0/6
