
muscle 5.1.linux64 [12f0e2]  396Gb RAM, 24 cores
Built Jan 13 2022 23:17:13
(C) Copyright 2004-2021 Robert C. Edgar.
https://drive5.com

Input: 10 seqs, avg length 342, max 346

00:00 3.9Mb  CPU has 24 cores, defaulting to 20 threads

WARNING: Max OMP threads 1

00:00 3.9Mb     2.2% Calc posteriors00:01 4.6Mb    86.7% Calc posteriors00:01 4.6Mb   100.0% Calc posteriors
00:01 4.6Mb     2.2% Consistency (1/2)00:01 5.5Mb   100.0% Consistency (1/2)
00:01 5.5Mb     2.2% Consistency (2/2)00:01 5.5Mb   100.0% Consistency (2/2)
00:01 5.5Mb    11.1% UPGMA5           00:01 5.5Mb   100.0% UPGMA5
00:01 5.5Mb     1.0% Refining00:01 5.8Mb   100.0% Refining
INFO:Malign:No identity filter
INFO:Malign:Star /work3/idamei/wzy/ssn-clusterings/2209081049/super-clusters/0010_1_60/seeds.txt
INFO:Malign:Star highlights 1 from comma-separated list
Read FASTA line_by_line from /work3/idamei/wzy/ssn-clusterings/2209081049/super-clusters/0010_1_60/sequences.afa 10 elements
INFO:Malign:No identity filter
INFO:Malign:Fasta contains 10 valid records
INFO:Malign:Aligned already
INFO:Malign:Align contains 10 valid records
FastTree Version 2.1.11 SSE3
Alignment: /work3/idamei/wzy/ssn-clusterings/2209081049/super-clusters/0010_1_60/sequences.afa
Amino acid distances: BLOSUM45 Joins: balanced Support: SH-like 1000
Search: Normal +NNI +SPR (2 rounds range 10) +ML-NNI opt-each=1
TopHits: 1.00*sqrtN close=default refresh=0.80
ML Model: Jones-Taylor-Thorton, CAT approximation with 20 rate categories
Initial topology in 0.00 seconds
Refining topology: 13 rounds ME-NNIs, 2 rounds ME-SPRs, 6 rounds ML-NNIs
Total branch-length 1.393 after 0.01 sec
ML-NNI round 1: LogLk = -2993.789 NNIs 1 max delta 0.00 Time 0.05
Switched to using 20 rate categories (CAT approximation)
Rate categories were divided by 0.767 so that average rate = 1.0
CAT-based log-likelihoods may not be comparable across runs
Use -gamma for approximate but comparable Gamma(20) log-likelihoods
ML-NNI round 2: LogLk = -2871.839 NNIs 0 max delta 0.00 Time 0.09
Turning off heuristics for final round of ML NNIs (converged)
ML-NNI round 3: LogLk = -2871.697 NNIs 0 max delta 0.00 Time 0.13 (final)
      0.12 seconds: ML Lengths 1 of 7 splits
Optimize all lengths: LogLk = -2871.689 Time 0.14
Total time: 0.18 seconds Unique: 9/10 Bad splits: 0/6
