
muscle 5.1.linux64 [12f0e2]  396Gb RAM, 24 cores
Built Jan 13 2022 23:17:13
(C) Copyright 2004-2021 Robert C. Edgar.
https://drive5.com

Input: 27 seqs, avg length 431, max 450

00:01 3.9Mb  CPU has 24 cores, defaulting to 20 threads

WARNING: Max OMP threads 1

00:01 3.9Mb    0.28% Calc posteriors00:02 4.9Mb    10.3% Calc posteriors00:03 4.9Mb    20.2% Calc posteriors00:04 4.9Mb    29.9% Calc posteriors00:05 5.2Mb    39.6% Calc posteriors00:06 12Mb     48.4% Calc posteriors00:07 6.6Mb    56.7% Calc posteriors00:08 6.6Mb    66.4% Calc posteriors00:09 13Mb     76.4% Calc posteriors00:10 6.6Mb    86.6% Calc posteriors00:11 6.9Mb    95.4% Calc posteriors00:11 7.0Mb   100.0% Calc posteriors
00:11 7.1Mb    0.28% Consistency (1/2)00:11 11Mb    100.0% Consistency (1/2)
00:11 11Mb     0.28% Consistency (2/2)00:11 11Mb    100.0% Consistency (2/2)
00:11 11Mb      3.8% UPGMA5           00:11 11Mb    100.0% UPGMA5
00:11 12Mb      1.0% Refining00:11 13Mb    100.0% Refining
INFO:Malign:No identity filter
INFO:Malign:Star /work3/idamei/ssn-clusterings/2206020950/clusters/0027_187/seeds.txt
INFO:Malign:Star highlights 7
INFO:Malign:No identity filter
INFO:Malign:Fasta contains 27 valid records
INFO:Malign:Aligned already
INFO:Malign:Align contains 27 valid records
inputType: FASTA
================================================================================
WARNINGS

One or more weights was less than -50 bits.
To avoid such amino acid dominating the logo position, these was reduced to -50
bits.
To remove this warning you could try choosing the option of pseudo counts.
================================================================================

