
muscle 5.1.linux64 [12f0e2]  131Gb RAM, 20 cores
Built Jan 13 2022 23:17:13
(C) Copyright 2004-2021 Robert C. Edgar.
https://drive5.com

Input: 16 seqs, avg length 435, max 464


WARNING: Max OMP threads 1

00:00 3.9Mb  CPU has 20 cores, running 1 threads
00:00 3.9Mb    0.83% Calc posteriors00:01 4.9Mb    20.0% Calc posteriors00:02 4.9Mb    43.3% Calc posteriors00:03 4.9Mb    67.5% Calc posteriors00:04 5.8Mb    93.3% Calc posteriors00:04 14Mb    100.0% Calc posteriors
00:04 14Mb     0.83% Consistency (1/2)00:04 14Mb    100.0% Consistency (1/2)
00:04 14Mb     0.83% Consistency (2/2)00:04 14Mb    100.0% Consistency (2/2)
00:04 14Mb      6.7% UPGMA5           00:04 14Mb    100.0% UPGMA5
00:04 14Mb      1.0% Refining00:04 14Mb    100.0% Refining
INFO:Malign:Star None
INFO:Malign:Star highlights 0
INFO:Malign:Fasta contains 16 valid records
INFO:Malign:Aligned already
INFO:Malign:Align contains 16 valid records
inputType: FASTA
/work3/idamei/bin/seq2logo-2.1/etc/Seq2Logo_module.py:379: RuntimeWarning: invalid value encountered in divide
  self.f /= np.sum(self.f,1)[np.newaxis].T # [np.newaxis].T ==> convert 1d array to transposed 2d array
================================================================================
WARNINGS

One or more positions had no data associated. (nan found at [row, col] = )
These positions was removed from the logo.
Please fix your input file. Every position should contain data.
================================================================================

