
muscle 5.1.linux64 [12f0e2]  528Gb RAM, 24 cores
Built Jan 13 2022 23:17:13
(C) Copyright 2004-2021 Robert C. Edgar.
https://drive5.com

Input: 14 seqs, avg length 489, max 515

00:00 3.9Mb  CPU has 24 cores, defaulting to 20 threads

WARNING: Max OMP threads 1

00:00 3.9Mb     1.1% Calc posteriors00:01 5.1Mb    17.6% Calc posteriors00:02 5.1Mb    39.6% Calc posteriors00:03 5.1Mb    59.3% Calc posteriors00:04 16Mb     80.2% Calc posteriors00:04 16Mb    100.0% Calc posteriors
00:04 16Mb      1.1% Consistency (1/2)00:05 16Mb     34.1% Consistency (1/2)00:05 16Mb    100.0% Consistency (1/2)
00:05 16Mb      1.1% Consistency (2/2)00:05 16Mb    100.0% Consistency (2/2)
00:05 16Mb      7.7% UPGMA5           00:05 16Mb    100.0% UPGMA5
00:05 16Mb      1.0% Refining00:05 16Mb    100.0% Refining
INFO:Malign:No identity filter
INFO:Malign:Star /work3/idamei/wzy/ssn-clusterings/2210041007/superclusterings/2210041009/superclusters/0014_1_35/seeds.txt
INFO:Malign:Star highlights 1 from comma-separated list
Read FASTA line_by_line from /work3/idamei/wzy/ssn-clusterings/2210041007/superclusterings/2210041009/superclusters/0014_1_35/sequences.afa 14 elements
INFO:Malign:No identity filter
INFO:Malign:Fasta contains 14 valid records
INFO:Malign:Aligned already
INFO:Malign:Align contains 14 valid records
FastTree Version 2.1.11 SSE3
Alignment: /work3/idamei/wzy/ssn-clusterings/2210041007/superclusterings/2210041009/superclusters/0014_1_35/sequences.afa
Amino acid distances: BLOSUM45 Joins: balanced Support: SH-like 1000
Search: Normal +NNI +SPR (2 rounds range 10) +ML-NNI opt-each=1
TopHits: 1.00*sqrtN close=default refresh=0.80
ML Model: Jones-Taylor-Thorton, CAT approximation with 20 rate categories
Initial topology in 0.00 seconds
Refining topology: 15 rounds ME-NNIs, 2 rounds ME-SPRs, 8 rounds ML-NNIs
Total branch-length 5.320 after 0.06 sec
ML-NNI round 1: LogLk = -10777.633 NNIs 2 max delta 4.09 Time 0.16
      0.16 seconds: Site likelihoods with rate category 1 of 20
Switched to using 20 rate categories (CAT approximation)
Rate categories were divided by 0.878 so that average rate = 1.0
CAT-based log-likelihoods may not be comparable across runs
Use -gamma for approximate but comparable Gamma(20) log-likelihoods
ML-NNI round 2: LogLk = -10325.798 NNIs 1 max delta 0.13 Time 0.28
      0.27 seconds: ML NNI round 3 of 8, 1 of 12 splits
ML-NNI round 3: LogLk = -10325.710 NNIs 0 max delta 0.00 Time 0.31
Turning off heuristics for final round of ML NNIs (converged)
ML-NNI round 4: LogLk = -10325.610 NNIs 0 max delta 0.00 Time 0.41 (final)
      0.41 seconds: ML Lengths 1 of 12 splits
Optimize all lengths: LogLk = -10325.607 Time 0.44
Total time: 0.53 seconds Unique: 14/14 Bad splits: 0/11
