
muscle 5.1.linux64 [12f0e2]  131Gb RAM, 20 cores
Built Jan 13 2022 23:17:13
(C) Copyright 2004-2021 Robert C. Edgar.
https://drive5.com

Input: 28 seqs, avg length 431, max 450


WARNING: Max OMP threads 1

00:00 3.9Mb  CPU has 20 cores, running 1 threads
00:00 3.9Mb    0.26% Calc posteriors00:01 4.9Mb     6.3% Calc posteriors00:02 4.9Mb    14.6% Calc posteriors00:03 4.9Mb    22.8% Calc posteriors00:04 5.1Mb    31.5% Calc posteriors00:05 5.3Mb    39.4% Calc posteriors00:06 12Mb     47.1% Calc posteriors00:07 6.6Mb    54.0% Calc posteriors00:08 6.6Mb    61.6% Calc posteriors00:09 6.6Mb    70.1% Calc posteriors00:10 13Mb     78.6% Calc posteriors00:11 7.0Mb    87.3% Calc posteriors00:12 7.3Mb    95.0% Calc posteriors00:12 7.4Mb   100.0% Calc posteriors
00:12 7.4Mb    0.26% Consistency (1/2)00:12 12Mb    100.0% Consistency (1/2)
00:12 12Mb     0.26% Consistency (2/2)00:12 12Mb    100.0% Consistency (2/2)
00:12 12Mb      3.7% UPGMA5           00:12 12Mb    100.0% UPGMA5
00:13 12Mb      1.0% Refining00:13 13Mb    100.0% Refining
INFO:Malign:No identity filter
INFO:Malign:Star /work3/idamei/wzy/ssn-clusterings/2210041007/superclusterings/2210041009/superclusters/0028_1_146/seeds.txt
INFO:Malign:Star highlights 1 from comma-separated list
Read FASTA line_by_line from /work3/idamei/wzy/ssn-clusterings/2210041007/superclusterings/2210041009/superclusters/0028_1_146/sequences.afa 28 elements
INFO:Malign:No identity filter
INFO:Malign:Fasta contains 28 valid records
INFO:Malign:Aligned already
INFO:Malign:Align contains 28 valid records
FastTree Version 2.1.11 SSE3
Alignment: /work3/idamei/wzy/ssn-clusterings/2210041007/superclusterings/2210041009/superclusters/0028_1_146/sequences.afa
Amino acid distances: BLOSUM45 Joins: balanced Support: SH-like 1000
Search: Normal +NNI +SPR (2 rounds range 10) +ML-NNI opt-each=1
TopHits: 1.00*sqrtN close=default refresh=0.80
ML Model: Jones-Taylor-Thorton, CAT approximation with 20 rate categories
Initial topology in 0.01 seconds
Refining topology: 18 rounds ME-NNIs, 2 rounds ME-SPRs, 9 rounds ML-NNIs
Total branch-length 3.882 after 0.09 sec
      0.12 seconds: ML NNI round 1 of 9, 1 of 22 splits
ML-NNI round 1: LogLk = -8906.425 NNIs 3 max delta 2.35 Time 0.23
      0.23 seconds: Site likelihoods with rate category 1 of 20
Switched to using 20 rate categories (CAT approximation)
Rate categories were divided by 0.887 so that average rate = 1.0
CAT-based log-likelihoods may not be comparable across runs
Use -gamma for approximate but comparable Gamma(20) log-likelihoods
ML-NNI round 2: LogLk = -8403.000 NNIs 1 max delta 0.00 Time 0.40
Turning off heuristics for final round of ML NNIs (converged)
      0.39 seconds: ML NNI round 3 of 9, 1 of 22 splits
ML-NNI round 3: LogLk = -8398.542 NNIs 0 max delta 0.00 Time 0.55 (final)
      0.54 seconds: ML Lengths 1 of 22 splits
Optimize all lengths: LogLk = -8398.522 Time 0.59
Total time: 0.72 seconds Unique: 24/28 Bad splits: 0/21
