
muscle 5.1.linux64 [12f0e2]  264Gb RAM, 24 cores
Built Jan 13 2022 23:17:13
(C) Copyright 2004-2021 Robert C. Edgar.
https://drive5.com

Input: 16 seqs, avg length 436, max 480

00:00 3.9Mb  CPU has 24 cores, defaulting to 20 threads

WARNING: Max OMP threads 1

00:00 3.9Mb    0.83% Calc posteriors00:01 5.6Mb    12.5% Calc posteriors00:02 4.8Mb    33.3% Calc posteriors00:03 5.0Mb    52.5% Calc posteriors00:04 14Mb     71.7% Calc posteriors00:05 5.9Mb    91.7% Calc posteriors00:05 14Mb    100.0% Calc posteriors
00:05 5.9Mb    0.83% Consistency (1/2)00:05 9.0Mb   100.0% Consistency (1/2)
00:05 9.0Mb    0.83% Consistency (2/2)00:05 9.0Mb   100.0% Consistency (2/2)
00:05 9.0Mb     6.7% UPGMA5           00:05 9.0Mb   100.0% UPGMA5
00:05 9.4Mb     1.0% Refining00:05 11Mb    100.0% Refining
INFO:Malign:No identity filter
INFO:Malign:Star /work3/idamei/ssn-clusterings/2206071104/clusters/0016_67/seeds.txt
INFO:Malign:Star highlights 1
INFO:Malign:No identity filter
INFO:Malign:Fasta contains 16 valid records
INFO:Malign:Aligned already
INFO:Malign:Align contains 16 valid records
inputType: FASTA
================================================================================
WARNINGS

One or more weights was less than -50 bits.
To avoid such amino acid dominating the logo position, these was reduced to -50
bits.
To remove this warning you could try choosing the option of pseudo counts.
================================================================================

