
muscle 5.1.linux64 [12f0e2]  396Gb RAM, 24 cores
Built Jan 13 2022 23:17:13
(C) Copyright 2004-2021 Robert C. Edgar.
https://drive5.com

Input: 24 seqs, avg length 373, max 390

00:00 3.9Mb  CPU has 24 cores, defaulting to 20 threads

WARNING: Max OMP threads 1

00:00 3.9Mb    0.36% Calc posteriors00:01 5.2Mb     2.9% Calc posteriors00:02 4.6Mb    13.4% Calc posteriors00:03 4.7Mb    24.6% Calc posteriors00:04 4.9Mb    35.9% Calc posteriors00:05 11Mb     46.7% Calc posteriors00:06 5.5Mb    58.3% Calc posteriors00:07 5.7Mb    69.6% Calc posteriors00:08 12Mb     81.2% Calc posteriors00:09 6.3Mb    93.1% Calc posteriors00:09 6.5Mb   100.0% Calc posteriors
00:09 6.5Mb    0.36% Consistency (1/2)00:09 9.9Mb   100.0% Consistency (1/2)
00:09 9.9Mb    0.36% Consistency (2/2)00:09 9.9Mb   100.0% Consistency (2/2)
00:09 9.9Mb     4.3% UPGMA5           00:09 9.9Mb   100.0% UPGMA5
00:09 9.9Mb     1.0% Refining00:10 10Mb     39.0% Refining00:10 11Mb    100.0% Refining
INFO:Malign:No identity filter
INFO:Malign:Star /work3/idamei/ssn-clusterings/2206070959/clusters/0024_362/seeds.txt
INFO:Malign:Star highlights 0
INFO:Malign:No identity filter
INFO:Malign:Fasta contains 24 valid records
INFO:Malign:Aligned already
INFO:Malign:Align contains 24 valid records
inputType: FASTA
================================================================================
WARNINGS

One or more weights was less than -50 bits.
To avoid such amino acid dominating the logo position, these was reduced to -50
bits.
To remove this warning you could try choosing the option of pseudo counts.
================================================================================

