
muscle 5.1.linux64 [12f0e2]  528Gb RAM, 24 cores
Built Jan 13 2022 23:17:13
(C) Copyright 2004-2021 Robert C. Edgar.
https://drive5.com

Input: 21 seqs, avg length 394, max 468

00:00 3.9Mb  CPU has 24 cores, defaulting to 20 threads

WARNING: Max OMP threads 1

00:00 3.9Mb    0.48% Calc posteriors00:01 11Mb     11.0% Calc posteriors00:02 12Mb     26.2% Calc posteriors00:03 12Mb     41.0% Calc posteriors00:04 13Mb     55.2% Calc posteriors00:05 13Mb     68.6% Calc posteriors00:06 13Mb     82.9% Calc posteriors00:07 14Mb     95.7% Calc posteriors00:07 7.5Mb   100.0% Calc posteriors
00:07 14Mb     0.48% Consistency (1/2)00:07 14Mb    100.0% Consistency (1/2)
00:07 14Mb     0.48% Consistency (2/2)00:07 14Mb    100.0% Consistency (2/2)
00:07 14Mb      5.0% UPGMA5           00:07 14Mb    100.0% UPGMA5
00:07 14Mb      1.0% Refining00:07 14Mb    100.0% Refining
INFO:Malign:No identity filter
INFO:Malign:Star /work3/idamei/ssn-clusterings/2206071104/clusters/0021_73/seeds.txt
INFO:Malign:Star highlights 3
INFO:Malign:No identity filter
INFO:Malign:Fasta contains 21 valid records
INFO:Malign:Aligned already
INFO:Malign:Align contains 21 valid records
inputType: FASTA
================================================================================
WARNINGS

One or more weights was less than -50 bits.
To avoid such amino acid dominating the logo position, these was reduced to -50
bits.
To remove this warning you could try choosing the option of pseudo counts.
================================================================================

