
muscle 5.1.linux64 [12f0e2]  396Gb RAM, 24 cores
Built Jan 13 2022 23:17:13
(C) Copyright 2004-2021 Robert C. Edgar.
https://drive5.com

Input: 22 seqs, avg length 466, max 491

00:00 3.9Mb  CPU has 24 cores, defaulting to 20 threads

WARNING: Max OMP threads 1

00:00 3.9Mb    0.43% Calc posteriors00:01 4.9Mb     8.7% Calc posteriors00:02 4.9Mb    19.0% Calc posteriors00:03 4.9Mb    26.8% Calc posteriors00:04 5.1Mb    34.6% Calc posteriors00:05 5.3Mb    42.9% Calc posteriors00:06 6.4Mb    50.6% Calc posteriors00:07 6.4Mb    58.4% Calc posteriors00:08 6.4Mb    66.2% Calc posteriors00:09 6.4Mb    74.0% Calc posteriors00:10 6.7Mb    82.7% Calc posteriors00:11 6.9Mb    91.3% Calc posteriors00:12 7.1Mb    99.1% Calc posteriors00:12 7.2Mb   100.0% Calc posteriors
00:12 7.2Mb    0.43% Consistency (1/2)00:12 11Mb    100.0% Consistency (1/2)
00:12 11Mb     0.43% Consistency (2/2)00:12 11Mb    100.0% Consistency (2/2)
00:12 11Mb      4.8% UPGMA5           00:12 11Mb    100.0% UPGMA5
00:12 12Mb      1.0% Refining00:12 14Mb    100.0% Refining
INFO:Malign:No identity filter
INFO:Malign:Star /work3/idamei/ssn-clusterings/2206070959/clusters/0022_99/seeds.txt
INFO:Malign:Star highlights 1
INFO:Malign:No identity filter
INFO:Malign:Fasta contains 22 valid records
INFO:Malign:Aligned already
INFO:Malign:Align contains 22 valid records
inputType: FASTA
================================================================================
WARNINGS

One or more weights was less than -50 bits.
To avoid such amino acid dominating the logo position, these was reduced to -50
bits.
To remove this warning you could try choosing the option of pseudo counts.
================================================================================

