
muscle 5.1.linux64 [12f0e2]  396Gb RAM, 32 cores
Built Jan 13 2022 23:17:13
(C) Copyright 2004-2021 Robert C. Edgar.
https://drive5.com

Input: 30 seqs, avg length 328, max 406

00:00 3.9Mb  CPU has 32 cores, defaulting to 20 threads

WARNING: Max OMP threads 1

00:00 3.9Mb    0.23% Calc posteriors00:01 5.2Mb     7.6% Calc posteriors00:02 4.9Mb    22.1% Calc posteriors00:03 5.2Mb    30.8% Calc posteriors00:04 5.7Mb    44.6% Calc posteriors00:05 6.0Mb    53.1% Calc posteriors00:06 6.6Mb    68.5% Calc posteriors00:07 6.9Mb    76.1% Calc posteriors00:08 7.3Mb    86.4% Calc posteriors00:09 7.6Mb    95.6% Calc posteriors00:09 7.8Mb   100.0% Calc posteriors
00:09 7.8Mb    0.23% Consistency (1/2)00:10 11Mb     53.6% Consistency (1/2)00:10 13Mb    100.0% Consistency (1/2)
00:10 13Mb     0.23% Consistency (2/2)00:10 13Mb    100.0% Consistency (2/2)
00:10 13Mb      3.4% UPGMA5           00:10 13Mb    100.0% UPGMA5
00:10 13Mb      1.0% Refining00:10 14Mb    100.0% Refining
INFO:Malign:Fasta contains 30 valid records
INFO:Malign:Aligned already
INFO:Malign:Align contains 30 valid records

================================================================================
ERROR
Error occurred during parsing of your input file.
The error was caused by the use of an unknown symbol.
15'm--ono---o-x-----------------------------------------------------------------
^
 (Line 9)

To fix this problem, try checking your input file for symbols which are not in
the provided alphabet.
Alphabet: ARNDCQEGHILKMFPSTWYV
Gaps:     _-.*
Unknown:  X
================================================================================

