# fasta_read from STDIN
# Read 921 fasta entries from (--)
# chunk 0 filename ./chunk00.fa
# chunk 1 filename ./chunk01.fa
# chunk 2 filename ./chunk02.fa
# chunk 3 filename ./chunk03.fa
# chunk 4 filename ./chunk04.fa
# chunk 5 filename ./chunk05.fa
# chunk 6 filename ./chunk06.fa
# chunk 7 filename ./chunk07.fa
# chunk 8 filename ./chunk08.fa
# chunk 9 filename ./chunk09.fa
Wrote 0 HAD4881642.1 to chunk 0
Wrote 1 WP_122031904.1 to chunk 1
Wrote 2 WP_001528174.1 to chunk 2
Wrote 3 WP_048590430.1 to chunk 3
Wrote 4 EAW1960657.1 to chunk 4
Wrote 5 EBV3277904.1 to chunk 5
Wrote 6 WP_023244617.1 to chunk 6
Wrote 7 WP_183059667.1 to chunk 7
Wrote 8 EBB8130165.1 to chunk 8
Wrote 9 EAQ9871007.1 to chunk 9
Wrote 10 CQG55514.1 to chunk 0
Wrote 11 EAA0561281.1 to chunk 1
Wrote 12 EBD2100980.1 to chunk 2
Wrote 13 EDT7371422.1 to chunk 3
Wrote 14 EAN6293566.1 to chunk 4
Wrote 15 EHC44090.1 to chunk 5
Wrote 16 ECE6309060.1 to chunk 6
Wrote 17 EBF8291866.1 to chunk 7
Wrote 18 ECQ6564386.1 to chunk 8
Wrote 19 MJU49868.1 to chunk 9
Wrote 20 HAK2055613.1 to chunk 0
Wrote 21 EAA6032327.1 to chunk 1
Wrote 22 WP_088729884.1 to chunk 2
Wrote 23 EAB6844323.1 to chunk 3
Wrote 24 WP_076933349.1 to chunk 4
Wrote 25 WP_079797743.1 to chunk 5
Wrote 26 EEC5266494.1 to chunk 6
Wrote 27 WP_135247513.1 to chunk 7
Wrote 28 EBH1045968.1 to chunk 8
Wrote 29 ERN78768.1 to chunk 9
Wrote 30 EBS4305915.1 to chunk 0
Wrote 31 EEO4318921.1 to chunk 1
Wrote 32 ECN7186921.1 to chunk 2
Wrote 33 WP_203436883.1 to chunk 3
Wrote 34 ECE0402094.1 to chunk 4
Wrote 35 WP_219141493.1 to chunk 5
Wrote 36 ECG8608329.1 to chunk 6
Wrote 37 EBS6395608.1 to chunk 7
Wrote 38 HAD9328028.1 to chunk 8
Wrote 39 QUZ88912.1 to chunk 9
Wrote 40 EHF9645171.1 to chunk 0
Wrote 41 EBQ2673642.1 to chunk 1
Wrote 42 ECF6028171.1 to chunk 2
Wrote 43 ECI5563488.1 to chunk 3
Wrote 44 EBA9359220.1 to chunk 4
Wrote 45 EBM0567047.1 to chunk 5
Wrote 46 EAB3274834.1 to chunk 6
Wrote 47 WP_086125834.1 to chunk 7
Wrote 48 EBN6297163.1 to chunk 8
Wrote 49 EAR9992574.1 to chunk 9
Wrote 50 EBH1168412.1 to chunk 0
Wrote 51 ECE6304162.1 to chunk 1
Wrote 52 EBS0796161.1 to chunk 2
Wrote 53 EAA3200128.1 to chunk 3
Wrote 54 EBS2230553.1 to chunk 4
Wrote 55 WP_046093824.1 to chunk 5
Wrote 56 EAB8207481.1 to chunk 6
Wrote 57 EAQ2765894.1 to chunk 7
Wrote 58 EDS5954813.1 to chunk 8
Wrote 59 ECD4879849.1 to chunk 9
Wrote 60 ECU6669787.1 to chunk 0
Wrote 61 EAA0892576.1 to chunk 1
Wrote 62 EBP0097367.1 to chunk 2
Wrote 63 WP_061377051.1 to chunk 3
Wrote 64 HAU3359906.1 to chunk 4
Wrote 65 EAA2344793.1 to chunk 5
Wrote 66 WP_076935867.1 to chunk 6
Wrote 67 EDH1736209.1 to chunk 7
Wrote 68 EBX6303328.1 to chunk 8
Wrote 69 EHG3458901.1 to chunk 9
Wrote 70 WP_047605385.1 to chunk 0
Wrote 71 EAP4932858.1 to chunk 1
Wrote 72 EAO0387665.1 to chunk 2
Wrote 73 ECC1692152.1 to chunk 3
Wrote 74 EAZ5150948.1 to chunk 4
Wrote 75 ECC1561564.1 to chunk 5
Wrote 76 EEF1801400.1 to chunk 6
Wrote 77 EAA7242300.1 to chunk 7
Wrote 78 EAX8474034.1 to chunk 8
Wrote 79 WP_079811305.1 to chunk 9
Wrote 80 EAO4572091.1 to chunk 0
Wrote 81 HAK5800609.1 to chunk 1
Wrote 82 WP_079796002.1 to chunk 2
Wrote 83 EBY4540677.1 to chunk 3
Wrote 84 EAT2151964.1 to chunk 4
Wrote 85 EAQ4450660.1 to chunk 5
Wrote 86 WP_111768847.1 to chunk 6
Wrote 87 EDW0108332.1 to chunk 7
Wrote 88 EAW3207578.1 to chunk 8
Wrote 89 WP_079793912.1 to chunk 9
Wrote 90 EGU6736580.1 to chunk 0
Wrote 91 ECG8591176.1 to chunk 1
Wrote 92 SUG86027.1 to chunk 2
Wrote 93 AAM48160.1 to chunk 3
Wrote 94 WP_012908137.1 to chunk 4
Wrote 95 WP_059239873.1 to chunk 5
Wrote 96 EFK3196723.1 to chunk 6
Wrote 97 WP_149534861.1 to chunk 7
Wrote 98 WP_059256899.1 to chunk 8
Wrote 99 WP_204619818.1 to chunk 9
Wrote 100 EFH7841643.1 to chunk 0
Wrote 101 EFN7883758.1 to chunk 1
Wrote 102 EGI6811578.1 to chunk 2
Wrote 103 EGM3825858.1 to chunk 3
Wrote 104 WP_000954406.1 to chunk 4
Wrote 105 WP_040062345.1 to chunk 5
Wrote 106 WP_085461461.1 to chunk 6
Wrote 107 WP_000954414.1 to chunk 7
Wrote 108 WP_135488556.1 to chunk 8
Wrote 109 EHD2967163.1 to chunk 9
Wrote 110 WP_050486503.1 to chunk 0
Wrote 111 WP_130261174.1 to chunk 1
Wrote 112 WP_096944438.1 to chunk 2
Wrote 113 WP_138158988.1 to chunk 3
Wrote 114 WP_224688775.1 to chunk 4
Wrote 115 WP_182258284.1 to chunk 5
Wrote 116 WP_180562886.1 to chunk 6
Wrote 117 WP_191774643.1 to chunk 7
Wrote 118 AXM04103.1 to chunk 8
Wrote 119 NMW28097.1 to chunk 9
Wrote 120 WP_016249407.1 to chunk 0
Wrote 121 WP_219064814.1 to chunk 1
Wrote 122 WP_108476523.1 to chunk 2
Wrote 123 WP_002436710.1 to chunk 3
Wrote 124 WP_148052025.1 to chunk 4
Wrote 125 WP_200046859.1 to chunk 5
Wrote 126 WP_200012429.1 to chunk 6
Wrote 127 WP_155574597.1 to chunk 7
Wrote 128 WP_103928752.1 to chunk 8
Wrote 129 WP_166879342.1 to chunk 9
Wrote 130 CAD7562982.1 to chunk 0
Wrote 131 WP_100194898.1 to chunk 1
Wrote 132 WP_153690728.1 to chunk 2
Wrote 133 EGT0645891.1 to chunk 3
Wrote 134 WP_137362535.1 to chunk 4
Wrote 135 WP_165463285.1 to chunk 5
Wrote 136 WP_112036620.1 to chunk 6
Wrote 137 WP_096923917.1 to chunk 7
Wrote 138 WP_105275442.1 to chunk 8
Wrote 139 WP_098737297.1 to chunk 9
Wrote 140 EFU9425128.1 to chunk 0
Wrote 141 WP_023308467.1 to chunk 1
Wrote 142 EFM6336446.1 to chunk 2
Wrote 143 WP_032105598.1 to chunk 3
Wrote 144 EHM8777220.1 to chunk 4
Wrote 145 WP_137502940.1 to chunk 5
Wrote 146 WP_021541444.1 to chunk 6
Wrote 147 HAH8648594.1 to chunk 7
Wrote 148 EGK9461209.1 to chunk 8
Wrote 149 EHE9875608.1 to chunk 9
Wrote 150 EIF5111523.1 to chunk 0
Wrote 151 WP_033804351.1 to chunk 1
Wrote 152 WP_212478167.1 to chunk 2
Wrote 153 KGB05824.1 to chunk 3
Wrote 154 WP_216375881.1 to chunk 4
Wrote 155 MBE1400524.1 to chunk 5
Wrote 156 WP_166995783.1 to chunk 6
Wrote 157 WP_008457457.1 to chunk 7
Wrote 158 WP_045780902.1 to chunk 8
Wrote 159 STC76653.1 to chunk 9
Wrote 160 MBS5774565.1 to chunk 0
Wrote 161 HAT1570369.1 to chunk 1
Wrote 162 AJR01464.1 to chunk 2
Wrote 163 WP_008815775.1 to chunk 3
Wrote 164 WP_130994685.1 to chunk 4
Wrote 165 WP_115104100.1 to chunk 5
Wrote 166 WP_096385921.1 to chunk 6
Wrote 167 WP_130970780.1 to chunk 7
Wrote 168 WP_149227546.1 to chunk 8
Wrote 169 WP_166492668.1 to chunk 9
Wrote 170 WP_172722764.1 to chunk 0
Wrote 171 WP_086113320.1 to chunk 1
Wrote 172 WP_046449017.1 to chunk 2
Wrote 173 WP_072308197.1 to chunk 3
Wrote 174 WP_131390397.1 to chunk 4
Wrote 175 WP_130986247.1 to chunk 5
Wrote 176 WP_182929822.1 to chunk 6
Wrote 177 WP_106878235.1 to chunk 7
Wrote 178 WP_024547461.1 to chunk 8
Wrote 179 QCT19259.1 to chunk 9
Wrote 180 WP_214086483.1 to chunk 0
Wrote 181 MBD2784802.1 to chunk 1
Wrote 182 WP_132353344.1 to chunk 2
Wrote 183 WP_081738194.1 to chunk 3
Wrote 184 WP_099113045.1 to chunk 4
Wrote 185 WP_166304449.1 to chunk 5
Wrote 186 WP_034249249.1 to chunk 6
Wrote 187 KOY61332.1 to chunk 7
Wrote 188 WP_131020330.1 to chunk 8
Wrote 189 WP_081858305.1 to chunk 9
Wrote 190 WP_038223683.1 to chunk 0
Wrote 191 WP_038215945.1 to chunk 1
Wrote 192 WP_082111196.1 to chunk 2
Wrote 193 WP_198672783.1 to chunk 3
Wrote 194 WP_180559175.1 to chunk 4
Wrote 195 WP_166287583.1 to chunk 5
Wrote 196 WP_038247837.1 to chunk 6
Wrote 197 WP_082300982.1 to chunk 7
Wrote 198 WP_092521231.1 to chunk 8
Wrote 199 WP_082303666.1 to chunk 9
Wrote 200 EDH2826581.1 to chunk 0
Wrote 201 WP_082302883.1 to chunk 1
Wrote 202 WP_113041881.1 to chunk 2
Wrote 203 WP_088372674.1 to chunk 3
Wrote 204 EQC00723.1 to chunk 4
Wrote 205 WP_012990589.1 to chunk 5
Wrote 206 MCA6222198.1 to chunk 6
Wrote 207 WP_038197828.1 to chunk 7
Wrote 208 WP_228863885.1 to chunk 8
Wrote 209 WP_099136476.1 to chunk 9
Wrote 210 WP_099139067.1 to chunk 0
Wrote 211 WP_214067488.1 to chunk 1
Wrote 212 MBD2812496.1 to chunk 2
Wrote 213 WP_214087644.1 to chunk 3
Wrote 214 PQQ29191.1 to chunk 4
Wrote 215 CBA75604.1 to chunk 5
Wrote 216 WP_228857987.1 to chunk 6
Wrote 217 PAV06972.1 to chunk 7
Wrote 218 WP_052708327.1 to chunk 8
Wrote 219 SFU90809.1 to chunk 9
Wrote 220 WP_048275709.1 to chunk 0
Wrote 221 WP_038219686.1 to chunk 1
Wrote 222 WP_125895043.1 to chunk 2
Wrote 223 WP_189760044.1 to chunk 3
Wrote 224 WP_166185063.1 to chunk 4
Wrote 225 RKS60278.1 to chunk 5
Wrote 226 WP_110889117.1 to chunk 6
Wrote 227 WP_099117353.1 to chunk 7
Wrote 228 WP_110592785.1 to chunk 8
Wrote 229 WP_166267130.1 to chunk 9
Wrote 230 WP_193851528.1 to chunk 0
Wrote 231 WP_099142310.1 to chunk 1
Wrote 232 WP_198642152.1 to chunk 2
Wrote 233 EIL2810232.1 to chunk 3
Wrote 234 WP_166686671.1 to chunk 4
Wrote 235 WP_198634092.1 to chunk 5
Wrote 236 WP_099131901.1 to chunk 6
Wrote 237 WP_082302506.1 to chunk 7
Wrote 238 WP_047768689.1 to chunk 8
Wrote 239 MCB6146339.1 to chunk 9
Wrote 240 WP_226693308.1 to chunk 0
Wrote 241 WP_126462632.1 to chunk 1
Wrote 242 WP_074024296.1 to chunk 2
Wrote 243 WP_004265133.1 to chunk 3
Wrote 244 WP_040132600.1 to chunk 4
Wrote 245 WP_064515016.1 to chunk 5
Wrote 246 WP_169923510.1 to chunk 6
Wrote 247 WP_196724847.1 to chunk 7
Wrote 248 WP_196715743.1 to chunk 8
Wrote 249 WP_008913606.1 to chunk 9
Wrote 250 HAT3903853.1 to chunk 0
Wrote 251 WP_102780905.1 to chunk 1
Wrote 252 WP_162120865.1 to chunk 2
Wrote 253 WP_004924256.1 to chunk 3
Wrote 254 WP_204191597.1 to chunk 4
Wrote 255 WP_079517223.1 to chunk 5
Wrote 256 KFC98464.1 to chunk 6
Wrote 257 WP_036979188.1 to chunk 7
Wrote 258 WP_194212500.1 to chunk 8
Wrote 259 MBG2711337.1 to chunk 9
Wrote 260 WP_036967010.1 to chunk 0
Wrote 261 WP_110027381.1 to chunk 1
Wrote 262 WP_112308431.1 to chunk 2
Wrote 263 WP_020455744.1 to chunk 3
Wrote 264 WP_060555069.1 to chunk 4
Wrote 265 OAT50284.1 to chunk 5
Wrote 266 WP_109850251.1 to chunk 6
Wrote 267 MBG3081424.1 to chunk 7
Wrote 268 WP_223672810.1 to chunk 8
Wrote 269 MBI6251627.1 to chunk 9
Wrote 270 WP_161749722.1 to chunk 0
Wrote 271 WP_023583388.1 to chunk 1
Wrote 272 WP_109419620.1 to chunk 2
Wrote 273 WP_164530234.1 to chunk 3
Wrote 274 WP_227336238.1 to chunk 4
Wrote 275 WP_180558456.1 to chunk 5
Wrote 276 WP_196566855.1 to chunk 6
Wrote 277 WP_099073919.1 to chunk 7
Wrote 278 WP_107033667.1 to chunk 8
Wrote 279 WP_087803796.1 to chunk 9
Wrote 280 WP_198622600.1 to chunk 0
Wrote 281 WP_115370572.1 to chunk 1
Wrote 282 WP_115168207.1 to chunk 2
Wrote 283 MBG3020175.1 to chunk 3
Wrote 284 WP_161680990.1 to chunk 4
Wrote 285 WP_109848251.1 to chunk 5
Wrote 286 WP_196715123.1 to chunk 6
Wrote 287 WP_109398504.1 to chunk 7
Wrote 288 WP_159242253.1 to chunk 8
Wrote 289 WP_036971870.1 to chunk 9
Wrote 290 WP_154601297.1 to chunk 0
Wrote 291 MTC70964.1 to chunk 1
Wrote 292 MBG2882956.1 to chunk 2
Wrote 293 WP_069366888.1 to chunk 3
Wrote 294 MBG2925201.1 to chunk 4
Wrote 295 WP_206448959.1 to chunk 5
Wrote 296 WP_049212116.1 to chunk 6
Wrote 297 WP_063691888.1 to chunk 7
Wrote 298 WP_185166537.1 to chunk 8
Wrote 299 WP_049196624.1 to chunk 9
Wrote 300 WP_036908584.1 to chunk 0
Wrote 301 MBG6028481.1 to chunk 1
Wrote 302 WP_049194951.1 to chunk 2
Wrote 303 WP_175215578.1 to chunk 3
Wrote 304 WP_212647294.1 to chunk 4
Wrote 305 MBS6208764.1 to chunk 5
Wrote 306 KAA8713245.1 to chunk 6
Wrote 307 WP_174815447.1 to chunk 7
Wrote 308 WP_196538601.1 to chunk 8
Wrote 309 HBC6251955.1 to chunk 9
Wrote 310 EGS5720068.1 to chunk 0
Wrote 311 WP_165469437.1 to chunk 1
Wrote 312 WP_126656202.1 to chunk 2
Wrote 313 WP_151250861.1 to chunk 3
Wrote 314 WP_066749675.1 to chunk 4
Wrote 315 MBI6465053.1 to chunk 5
Wrote 316 WP_109409855.1 to chunk 6
Wrote 317 MBG5956728.1 to chunk 7
Wrote 318 WP_175216251.1 to chunk 8
Wrote 319 WP_159298338.1 to chunk 9
Wrote 320 HAU5008481.1 to chunk 0
Wrote 321 WP_224059615.1 to chunk 1
Wrote 322 WP_152964403.1 to chunk 2
Wrote 323 WP_165121969.1 to chunk 3
Wrote 324 HAU5527002.1 to chunk 4
Wrote 325 WP_071425568.1 to chunk 5
Wrote 326 WP_109394413.1 to chunk 6
Wrote 327 WP_064497226.1 to chunk 7
Wrote 328 WP_161734620.1 to chunk 8
Wrote 329 WP_198631817.1 to chunk 9
Wrote 330 MBG3016713.1 to chunk 0
Wrote 331 WP_098941488.1 to chunk 1
Wrote 332 WP_104836118.1 to chunk 2
Wrote 333 WP_196727584.1 to chunk 3
Wrote 334 WP_072070459.1 to chunk 4
Wrote 335 WP_123822469.1 to chunk 5
Wrote 336 WP_109373379.1 to chunk 6
Wrote 337 MBG2871695.1 to chunk 7
Wrote 338 WP_099823145.1 to chunk 8
Wrote 339 WP_198620310.1 to chunk 9
Wrote 340 WP_194951549.1 to chunk 0
Wrote 341 WP_210813268.1 to chunk 1
Wrote 342 WP_109406977.1 to chunk 2
Wrote 343 WP_198626403.1 to chunk 3
Wrote 344 WP_047255857.1 to chunk 4
Wrote 345 WP_193016671.1 to chunk 5
Wrote 346 WP_027311918.1 to chunk 6
Wrote 347 WP_110185635.1 to chunk 7
Wrote 348 MBP8821869.1 to chunk 8
Wrote 349 MBL8410088.1 to chunk 9
Wrote 350 WP_108444336.1 to chunk 0
Wrote 351 QAA94721.1 to chunk 1
Wrote 352 WP_133481155.1 to chunk 2
Wrote 353 WP_029221345.1 to chunk 3
Wrote 354 OQP73611.1 to chunk 4
Wrote 355 WP_184407983.1 to chunk 5
Wrote 356 WP_104599393.1 to chunk 6
Wrote 357 WP_053045961.1 to chunk 7
Wrote 358 WP_167763607.1 to chunk 8
Wrote 359 WP_043087495.1 to chunk 9
Wrote 360 WP_119128116.1 to chunk 0
Wrote 361 WP_228327017.1 to chunk 1
Wrote 362 WP_126946389.1 to chunk 2
Wrote 363 WP_184551777.1 to chunk 3
Wrote 364 WP_104575563.1 to chunk 4
Wrote 365 WP_102583982.1 to chunk 5
Wrote 366 WP_104593637.1 to chunk 6
Wrote 367 WP_104575062.1 to chunk 7
Wrote 368 WP_104555138.1 to chunk 8
Wrote 369 WP_039518578.1 to chunk 9
Wrote 370 WP_228600047.1 to chunk 0
Wrote 371 WP_104644445.1 to chunk 1
Wrote 372 WP_113931988.1 to chunk 2
Wrote 373 WP_104535483.1 to chunk 3
Wrote 374 WP_104589486.1 to chunk 4
Wrote 375 WP_128415981.1 to chunk 5
Wrote 376 WP_011517284.1 to chunk 6
Wrote 377 WP_186424865.1 to chunk 7
Wrote 378 MBV8270929.1 to chunk 8
Wrote 379 WP_101680913.1 to chunk 9
Wrote 380 WP_092290579.1 to chunk 0
Wrote 381 WP_092134928.1 to chunk 1
Wrote 382 WP_211943222.1 to chunk 2
Wrote 383 WP_081092599.1 to chunk 3
Wrote 384 WP_130389408.1 to chunk 4
Wrote 385 WP_227459053.1 to chunk 5
Wrote 386 WP_144198012.1 to chunk 6
Wrote 387 WP_066731766.1 to chunk 7
Wrote 388 CAG9169569.1 to chunk 8
Wrote 389 WP_153950288.1 to chunk 9
Wrote 390 WP_150372615.1 to chunk 0
Wrote 391 WP_115953696.1 to chunk 1
Wrote 392 WP_092601554.1 to chunk 2
Wrote 393 WP_170301879.1 to chunk 3
Wrote 394 WP_183035564.1 to chunk 4
Wrote 395 WP_006158381.1 to chunk 5
Wrote 396 WP_222201595.1 to chunk 6
Wrote 397 WP_188705138.1 to chunk 7
Wrote 398 WP_045787316.1 to chunk 8
Wrote 399 WP_184101603.1 to chunk 9
Wrote 400 WP_229678828.1 to chunk 0
Wrote 401 WP_222239763.1 to chunk 1
Wrote 402 WP_099207424.1 to chunk 2
Wrote 403 WP_064508127.1 to chunk 3
Wrote 404 WP_218196987.1 to chunk 4
Wrote 405 WP_053513456.1 to chunk 5
Wrote 406 WP_017166864.1 to chunk 6
Wrote 407 WP_209244078.1 to chunk 7
Wrote 408 WP_076056895.1 to chunk 8
Wrote 409 WP_054318896.1 to chunk 9
Wrote 410 WP_162287450.1 to chunk 0
Wrote 411 WP_101362326.1 to chunk 1
Wrote 412 WP_104607163.1 to chunk 2
Wrote 413 WP_058563837.1 to chunk 3
Wrote 414 WP_078561346.1 to chunk 4
Wrote 415 WP_039441655.1 to chunk 5
Wrote 416 WP_148649105.1 to chunk 6
Wrote 417 WP_215056121.1 to chunk 7
Wrote 418 WP_053501611.1 to chunk 8
Wrote 419 MBC7501989.1 to chunk 9
Wrote 420 WP_229018857.1 to chunk 0
Wrote 421 WP_005921928.1 to chunk 1
Wrote 422 WP_104621208.1 to chunk 2
Wrote 423 WP_011257497.1 to chunk 3
Wrote 424 WP_064629706.1 to chunk 4
Wrote 425 WP_039579574.1 to chunk 5
Wrote 426 WP_152670168.1 to chunk 6
Wrote 427 WP_152566225.1 to chunk 7
Wrote 428 TFW04744.1 to chunk 8
Wrote 429 KRB11487.1 to chunk 9
Wrote 430 WP_206233558.1 to chunk 0
Wrote 431 WP_057972862.1 to chunk 1
Wrote 432 WP_131659093.1 to chunk 2
Wrote 433 WP_138654293.1 to chunk 3
Wrote 434 WP_064748180.1 to chunk 4
Wrote 435 WP_163961178.1 to chunk 5
Wrote 436 WP_104603754.1 to chunk 6
Wrote 437 WP_115050829.1 to chunk 7
Wrote 438 WP_023905379.1 to chunk 8
Wrote 439 ALN88165.1 to chunk 9
Wrote 440 WP_210762350.1 to chunk 0
Wrote 441 WP_208588136.1 to chunk 1
Wrote 442 WP_049468269.1 to chunk 2
Wrote 443 WP_104550014.1 to chunk 3
Wrote 444 WP_002809348.1 to chunk 4
Wrote 445 WP_223483485.1 to chunk 5
Wrote 446 WP_036245436.1 to chunk 6
Wrote 447 RZA35610.1 to chunk 7
Wrote 448 WP_229655712.1 to chunk 8
Wrote 449 WP_036215802.1 to chunk 9
Wrote 450 WP_043094557.1 to chunk 0
Wrote 451 WP_115529040.1 to chunk 1
Wrote 452 EZP44743.1 to chunk 2
Wrote 453 WP_222391091.1 to chunk 3
Wrote 454 WP_152247056.1 to chunk 4
Wrote 455 WP_152182274.1 to chunk 5
Wrote 456 WP_104615700.1 to chunk 6
Wrote 457 WP_160945562.1 to chunk 7
Wrote 458 MBI1891637.1 to chunk 8
Wrote 459 WP_038272822.1 to chunk 9
Wrote 460 WP_164092883.1 to chunk 0
Wrote 461 WP_153753264.1 to chunk 1
Wrote 462 WP_108758953.1 to chunk 2
Wrote 463 WP_180165634.1 to chunk 3
Wrote 464 WP_229291409.1 to chunk 4
Wrote 465 WP_096144953.1 to chunk 5
Wrote 466 MCA0300593.1 to chunk 6
Wrote 467 WP_225764977.1 to chunk 7
Wrote 468 WP_184447287.1 to chunk 8
Wrote 469 WP_105165051.1 to chunk 9
Wrote 470 WP_053494591.1 to chunk 0
Wrote 471 HCT27726.1 to chunk 1
Wrote 472 WP_125075775.1 to chunk 2
Wrote 473 OGS97757.1 to chunk 3
Wrote 474 HBK45979.1 to chunk 4
Wrote 475 VUN53530.1 to chunk 5
Wrote 476 QLQ27386.1 to chunk 6
Wrote 477 WP_116864051.1 to chunk 7
Wrote 478 WP_005419601.1 to chunk 8
Wrote 479 WP_075676084.1 to chunk 9
Wrote 480 WP_162111247.1 to chunk 0
Wrote 481 VUQ39952.1 to chunk 1
Wrote 482 WP_017909259.1 to chunk 2
Wrote 483 WP_057637850.1 to chunk 3
Wrote 484 MCC4593651.1 to chunk 4
Wrote 485 WP_209249278.1 to chunk 5
Wrote 486 WP_014038631.1 to chunk 6
Wrote 487 MBD9369962.1 to chunk 7
Wrote 488 WP_164115728.1 to chunk 8
Wrote 489 WP_193055036.1 to chunk 9
Wrote 490 VUP39904.1 to chunk 0
Wrote 491 WP_209032167.1 to chunk 1
Wrote 492 MBN5172276.1 to chunk 2
Wrote 493 WP_180868928.1 to chunk 3
Wrote 494 VUL70541.1 to chunk 4
Wrote 495 WP_164283252.1 to chunk 5
Wrote 496 WP_207522855.1 to chunk 6
Wrote 497 WP_150453044.1 to chunk 7
Wrote 498 MBW8776242.1 to chunk 8
Wrote 499 MBC7573603.1 to chunk 9
Wrote 500 EKU83226.1 to chunk 0
Wrote 501 WP_187574128.1 to chunk 1
Wrote 502 WP_045728586.1 to chunk 2
Wrote 503 CAH0212000.1 to chunk 3
Wrote 504 KAF1014994.1 to chunk 4
Wrote 505 WP_185741942.1 to chunk 5
Wrote 506 VUR31162.1 to chunk 6
Wrote 507 HDZ49551.1 to chunk 7
Wrote 508 ETE32993.1 to chunk 8
Wrote 509 WP_061478127.1 to chunk 9
Wrote 510 WP_100439939.1 to chunk 0
Wrote 511 WP_004085490.1 to chunk 1
Wrote 512 VUM73313.1 to chunk 2
Wrote 513 WP_229434600.1 to chunk 3
Wrote 514 WP_100554224.1 to chunk 4
Wrote 515 WP_207234062.1 to chunk 5
Wrote 516 AAO28682.1 to chunk 6
Wrote 517 MBC7415071.1 to chunk 7
Wrote 518 WP_229219005.1 to chunk 8
Wrote 519 WP_171082896.1 to chunk 9
Wrote 520 WP_108757803.1 to chunk 0
Wrote 521 WP_175485544.1 to chunk 1
Wrote 522 EED37464.1 to chunk 2
Wrote 523 MCA1248337.1 to chunk 3
Wrote 524 WP_121040268.1 to chunk 4
Wrote 525 WP_183556425.1 to chunk 5
Wrote 526 MBC7453460.1 to chunk 6
Wrote 527 TFW33452.1 to chunk 7
Wrote 528 WP_193461096.1 to chunk 8
Wrote 529 WP_148255544.1 to chunk 9
Wrote 530 MBN5025397.1 to chunk 0
Wrote 531 RMW94736.1 to chunk 1
Wrote 532 WP_100732290.1 to chunk 2
Wrote 533 NGO90752.1 to chunk 3
Wrote 534 VUK16527.1 to chunk 4
Wrote 535 WP_093288495.1 to chunk 5
Wrote 536 WP_161006654.1 to chunk 6
Wrote 537 WP_081138291.1 to chunk 7
Wrote 538 VUP82546.1 to chunk 8
Wrote 539 TXF97935.1 to chunk 9
Wrote 540 WP_166749417.1 to chunk 0
Wrote 541 WP_108751608.1 to chunk 1
Wrote 542 MBD8541206.1 to chunk 2
Wrote 543 WP_142743005.1 to chunk 3
Wrote 544 WP_227813842.1 to chunk 4
Wrote 545 WP_163839177.1 to chunk 5
Wrote 546 RNF28823.1 to chunk 6
Wrote 547 WP_057497201.1 to chunk 7
Wrote 548 WP_091872968.1 to chunk 8
Wrote 549 WP_188640566.1 to chunk 9
Wrote 550 WP_131144101.1 to chunk 0
Wrote 551 HJD44249.1 to chunk 1
Wrote 552 WP_047324504.1 to chunk 2
Wrote 553 NYI20422.1 to chunk 3
Wrote 554 WP_084286615.1 to chunk 4
Wrote 555 WP_171703209.1 to chunk 5
Wrote 556 WP_135200497.1 to chunk 6
Wrote 557 WP_003480823.1 to chunk 7
Wrote 558 WP_211524642.1 to chunk 8
Wrote 559 WP_176988074.1 to chunk 9
Wrote 560 WP_185748671.1 to chunk 0
Wrote 561 WP_018915477.1 to chunk 1
Wrote 562 WP_133013323.1 to chunk 2
Wrote 563 WP_080341520.1 to chunk 3
Wrote 564 WP_157744794.1 to chunk 4
Wrote 565 WP_093294963.1 to chunk 5
Wrote 566 WP_227407823.1 to chunk 6
Wrote 567 KRG69365.1 to chunk 7
Wrote 568 HAU79337.1 to chunk 8
Wrote 569 MPS34295.1 to chunk 9
Wrote 570 NIJ69487.1 to chunk 0
Wrote 571 ROQ45597.1 to chunk 1
Wrote 572 WP_162123536.1 to chunk 2
Wrote 573 WP_155466594.1 to chunk 3
Wrote 574 BCB70749.1 to chunk 4
Wrote 575 WP_213262887.1 to chunk 5
Wrote 576 WP_211519815.1 to chunk 6
Wrote 577 WP_229467281.1 to chunk 7
Wrote 578 WP_221301499.1 to chunk 8
Wrote 579 KTG27069.1 to chunk 9
Wrote 580 GED47069.1 to chunk 0
Wrote 581 MBE2292178.1 to chunk 1
Wrote 582 ADV26098.1 to chunk 2
Wrote 583 WP_111638658.1 to chunk 3
Wrote 584 WP_053836994.1 to chunk 4
Wrote 585 BCA92442.1 to chunk 5
Wrote 586 HAT32646.1 to chunk 6
Wrote 587 WP_003467856.1 to chunk 7
Wrote 588 WP_123645669.1 to chunk 8
Wrote 589 WP_038485987.1 to chunk 9
Wrote 590 WP_206256707.1 to chunk 0
Wrote 591 NLB30100.1 to chunk 1
Wrote 592 WP_064542919.1 to chunk 2
Wrote 593 WP_025583996.1 to chunk 3
Wrote 594 WP_169464890.1 to chunk 4
Wrote 595 KAF0284696.1 to chunk 5
Wrote 596 WP_229446294.1 to chunk 6
Wrote 597 WP_095604579.1 to chunk 7
Wrote 598 WP_137314511.1 to chunk 8
Wrote 599 WP_055770702.1 to chunk 9
Wrote 600 WP_205115913.1 to chunk 0
Wrote 601 WP_133505057.1 to chunk 1
Wrote 602 WP_104937850.1 to chunk 2
Wrote 603 WP_077734477.1 to chunk 3
Wrote 604 WP_053834130.1 to chunk 4
Wrote 605 WP_087105765.1 to chunk 5
Wrote 606 WP_115710483.1 to chunk 6
Wrote 607 WP_115680899.1 to chunk 7
Wrote 608 WP_227842173.1 to chunk 8
Wrote 609 MBB4127386.1 to chunk 9
Wrote 610 WP_139382021.1 to chunk 0
Wrote 611 WP_132942395.1 to chunk 1
Wrote 612 WP_162251405.1 to chunk 2
Wrote 613 OZB52571.1 to chunk 3
Wrote 614 WP_040042427.1 to chunk 4
Wrote 615 WP_192311983.1 to chunk 5
Wrote 616 WP_094290126.1 to chunk 6
Wrote 617 WP_174077037.1 to chunk 7
Wrote 618 MBW8373043.1 to chunk 8
Wrote 619 WP_209724360.1 to chunk 9
Wrote 620 WP_160865690.1 to chunk 0
Wrote 621 WP_106373861.1 to chunk 1
Wrote 622 WP_104486637.1 to chunk 2
Wrote 623 WP_048618509.1 to chunk 3
Wrote 624 WP_116600684.1 to chunk 4
Wrote 625 WP_112774438.1 to chunk 5
Wrote 626 MBC7684522.1 to chunk 6
Wrote 627 WP_046978995.1 to chunk 7
Wrote 628 WP_228321747.1 to chunk 8
Wrote 629 WP_116346266.1 to chunk 9
Wrote 630 WP_176140804.1 to chunk 0
Wrote 631 WP_013957707.1 to chunk 1
Wrote 632 MBE0464332.1 to chunk 2
Wrote 633 NMM36684.1 to chunk 3
Wrote 634 WP_211535114.1 to chunk 4
Wrote 635 WP_045757035.1 to chunk 5
Wrote 636 WP_179567695.1 to chunk 6
Wrote 637 HBP42285.1 to chunk 7
Wrote 638 MBO9717679.1 to chunk 8
Wrote 639 WP_228893734.1 to chunk 9
Wrote 640 WP_192085213.1 to chunk 0
Wrote 641 WP_101101485.1 to chunk 1
Wrote 642 WP_219861242.1 to chunk 2
Wrote 643 WP_044630565.1 to chunk 3
Wrote 644 WP_159309238.1 to chunk 4
Wrote 645 WP_090181258.1 to chunk 5
Wrote 646 WP_076567900.1 to chunk 6
Wrote 647 MAO62809.1 to chunk 7
Wrote 648 RZL30639.1 to chunk 8
Wrote 649 MBP6138287.1 to chunk 9
Wrote 650 RZJ62383.1 to chunk 0
Wrote 651 WP_161021432.1 to chunk 1
Wrote 652 NRR29069.1 to chunk 2
Wrote 653 WP_047822111.1 to chunk 3
Wrote 654 AVI62909.1 to chunk 4
Wrote 655 WP_193846784.1 to chunk 5
Wrote 656 SFR88137.1 to chunk 6
Wrote 657 SNY96737.1 to chunk 7
Wrote 658 WP_089040812.1 to chunk 8
Wrote 659 WP_162249889.1 to chunk 9
Wrote 660 EJE49442.1 to chunk 0
Wrote 661 WP_139527015.1 to chunk 1
Wrote 662 MBT9512179.1 to chunk 2
Wrote 663 TWI48399.1 to chunk 3
Wrote 664 NCT72623.1 to chunk 4
Wrote 665 WP_182622311.1 to chunk 5
Wrote 666 WP_161038051.1 to chunk 6
Wrote 667 WP_193053735.1 to chunk 7
Wrote 668 WP_192094415.1 to chunk 8
Wrote 669 WP_221480060.1 to chunk 9
Wrote 670 WP_045767986.1 to chunk 0
Wrote 671 WP_084241858.1 to chunk 1
Wrote 672 WP_089715783.1 to chunk 2
Wrote 673 WP_142085357.1 to chunk 3
Wrote 674 WP_133493111.1 to chunk 4
Wrote 675 MAP35175.1 to chunk 5
Wrote 676 WP_114133434.1 to chunk 6
Wrote 677 WP_051690172.1 to chunk 7
Wrote 678 WP_135205241.1 to chunk 8
Wrote 679 WP_141243468.1 to chunk 9
Wrote 680 WP_176302861.1 to chunk 0
Wrote 681 MBB3192201.1 to chunk 1
Wrote 682 WP_127038613.1 to chunk 2
Wrote 683 WP_179673815.1 to chunk 3
Wrote 684 WP_115468102.1 to chunk 4
Wrote 685 MBP6395771.1 to chunk 5
Wrote 686 MBN8800887.1 to chunk 6
Wrote 687 WP_171515677.1 to chunk 7
Wrote 688 SEG44964.1 to chunk 8
Wrote 689 RWA52693.1 to chunk 9
Wrote 690 WP_161033775.1 to chunk 0
Wrote 691 WP_162433571.1 to chunk 1
Wrote 692 GEK45908.1 to chunk 2
Wrote 693 WP_099762319.1 to chunk 3
Wrote 694 WP_212653313.1 to chunk 4
Wrote 695 KRG60061.1 to chunk 5
Wrote 696 WP_227875119.1 to chunk 6
Wrote 697 WP_083025565.1 to chunk 7
Wrote 698 WP_130503642.1 to chunk 8
Wrote 699 NVM82862.1 to chunk 9
Wrote 700 SUA50733.1 to chunk 0
Wrote 701 WP_013659836.1 to chunk 1
Wrote 702 WP_155433043.1 to chunk 2
Wrote 703 WP_043487574.1 to chunk 3
Wrote 704 WP_083907504.1 to chunk 4
Wrote 705 WP_218385966.1 to chunk 5
Wrote 706 NLP31737.1 to chunk 6
Wrote 707 WP_218339137.1 to chunk 7
Wrote 708 WP_082753346.1 to chunk 8
Wrote 709 NYD96608.1 to chunk 9
Wrote 710 WP_183675403.1 to chunk 0
Wrote 711 WP_227390157.1 to chunk 1
Wrote 712 WP_080530782.1 to chunk 2
Wrote 713 WP_094441789.1 to chunk 3
Wrote 714 WP_172421286.1 to chunk 4
Wrote 715 WP_208005697.1 to chunk 5
Wrote 716 WP_153956467.1 to chunk 6
Wrote 717 WP_052043522.1 to chunk 7
Wrote 718 SUA66449.1 to chunk 8
Wrote 719 WP_125750022.1 to chunk 9
Wrote 720 WP_161051844.1 to chunk 0
Wrote 721 GHH58663.1 to chunk 1
Wrote 722 MBT3175212.1 to chunk 2
Wrote 723 PTT43318.1 to chunk 3
Wrote 724 WP_171732275.1 to chunk 4
Wrote 725 WP_203132461.1 to chunk 5
Wrote 726 MBC7513038.1 to chunk 6
Wrote 727 MPQ57252.1 to chunk 7
Wrote 728 WP_222562842.1 to chunk 8
Wrote 729 WP_167408813.1 to chunk 9
Wrote 730 MBP7607808.1 to chunk 0
Wrote 731 WP_108617892.1 to chunk 1
Wrote 732 WP_102705231.1 to chunk 2
Wrote 733 NUT14617.1 to chunk 3
Wrote 734 WP_094871712.1 to chunk 4
Wrote 735 WP_115020229.1 to chunk 5
Wrote 736 QJD89668.1 to chunk 6
Wrote 737 WP_176672091.1 to chunk 7
Wrote 738 WP_132045445.1 to chunk 8
Wrote 739 WP_230714931.1 to chunk 9
Wrote 740 WP_050463525.1 to chunk 0
Wrote 741 AMD00102.1 to chunk 1
Wrote 742 WP_099378137.1 to chunk 2
Wrote 743 WP_176285783.1 to chunk 3
Wrote 744 WP_182808903.1 to chunk 4
Wrote 745 WP_223136109.1 to chunk 5
Wrote 746 PJI99590.1 to chunk 6
Wrote 747 WP_047394988.1 to chunk 7
Wrote 748 WP_183741215.1 to chunk 8
Wrote 749 PZQ29543.1 to chunk 9
Wrote 750 MBX9833218.1 to chunk 0
Wrote 751 GEK48966.1 to chunk 1
Wrote 752 WP_163504363.1 to chunk 2
Wrote 753 WP_181514493.1 to chunk 3
Wrote 754 WP_169716397.1 to chunk 4
Wrote 755 WP_016784071.1 to chunk 5
Wrote 756 MBN9628179.1 to chunk 6
Wrote 757 WP_136979572.1 to chunk 7
Wrote 758 PYZ99570.1 to chunk 8
Wrote 759 HBA33152.1 to chunk 9
Wrote 760 WP_108626321.1 to chunk 0
Wrote 761 RTZ43191.1 to chunk 1
Wrote 762 WP_099409614.1 to chunk 2
Wrote 763 WP_101145061.1 to chunk 3
Wrote 764 WP_157314396.1 to chunk 4
Wrote 765 WP_132979369.1 to chunk 5
Wrote 766 MBR9829731.1 to chunk 6
Wrote 767 WP_228114371.1 to chunk 7
Wrote 768 KYZ84680.1 to chunk 8
Wrote 769 WP_099731516.1 to chunk 9
Wrote 770 WP_210535506.1 to chunk 0
Wrote 771 WP_217966424.1 to chunk 1
Wrote 772 WP_170202748.1 to chunk 2
Wrote 773 WP_229210595.1 to chunk 3
Wrote 774 AON55882.1 to chunk 4
Wrote 775 MBA4721687.1 to chunk 5
Wrote 776 WP_082522299.1 to chunk 6
Wrote 777 WP_096237679.1 to chunk 7
Wrote 778 HBN53223.1 to chunk 8
Wrote 779 WP_151096873.1 to chunk 9
Wrote 780 MBB3143487.1 to chunk 0
Wrote 781 WP_082879252.1 to chunk 1
Wrote 782 SDC35459.1 to chunk 2
Wrote 783 WP_013235512.1 to chunk 3
Wrote 784 WP_024972425.1 to chunk 4
Wrote 785 TFH86527.1 to chunk 5
Wrote 786 WP_121941696.1 to chunk 6
Wrote 787 KAB8059896.1 to chunk 7
Wrote 788 WP_108192886.1 to chunk 8
Wrote 789 WP_092713959.1 to chunk 9
Wrote 790 WP_219114973.1 to chunk 0
Wrote 791 KAA0014350.1 to chunk 1
Wrote 792 WP_197451014.1 to chunk 2
Wrote 793 WP_092744620.1 to chunk 3
Wrote 794 WP_230019772.1 to chunk 4
Wrote 795 SHN92648.1 to chunk 5
Wrote 796 PHS70778.1 to chunk 6
Wrote 797 WP_127061319.1 to chunk 7
Wrote 798 ERS06983.1 to chunk 8
Wrote 799 WP_037028423.1 to chunk 9
Wrote 800 WP_108117608.1 to chunk 0
Wrote 801 WP_203100905.1 to chunk 1
Wrote 802 WP_071075670.1 to chunk 2
Wrote 803 CDW93261.1 to chunk 3
Wrote 804 WP_064606207.1 to chunk 4
Wrote 805 TWG39410.1 to chunk 5
Wrote 806 WP_167374828.1 to chunk 6
Wrote 807 WP_139041602.1 to chunk 7
Wrote 808 WP_012353596.1 to chunk 8
Wrote 809 WP_065859024.1 to chunk 9
Wrote 810 KYZ85957.1 to chunk 0
Wrote 811 WP_133562184.1 to chunk 1
Wrote 812 MBL7090247.1 to chunk 2
Wrote 813 CEP36891.1 to chunk 3
Wrote 814 WP_014420526.1 to chunk 4
Wrote 815 SOC02131.1 to chunk 5
Wrote 816 WP_210556364.1 to chunk 6
Wrote 817 WP_211444025.1 to chunk 7
Wrote 818 WP_188630389.1 to chunk 8
Wrote 819 WP_140520110.1 to chunk 9
Wrote 820 WP_170833003.1 to chunk 0
Wrote 821 WP_048931921.1 to chunk 1
Wrote 822 PMR70720.1 to chunk 2
Wrote 823 WP_143322954.1 to chunk 3
Wrote 824 WP_049723497.1 to chunk 4
Wrote 825 WP_162404548.1 to chunk 5
Wrote 826 WP_114574015.1 to chunk 6
Wrote 827 WP_062801481.1 to chunk 7
Wrote 828 WP_147214630.1 to chunk 8
Wrote 829 WP_048898842.1 to chunk 9
Wrote 830 WP_154206567.1 to chunk 0
Wrote 831 WP_140396848.1 to chunk 1
Wrote 832 WP_009241144.1 to chunk 2
Wrote 833 WP_053935796.1 to chunk 3
Wrote 834 WP_093310301.1 to chunk 4
Wrote 835 WP_082641049.1 to chunk 5
Wrote 836 TAM27565.1 to chunk 6
Wrote 837 WP_202651897.1 to chunk 7
Wrote 838 WP_082966127.1 to chunk 8
Wrote 839 WP_197021016.1 to chunk 9
Wrote 840 WP_087720972.1 to chunk 0
Wrote 841 MSQ58115.1 to chunk 1
Wrote 842 EUC71716.1 to chunk 2
Wrote 843 MBH1982938.1 to chunk 3
Wrote 844 WP_226955249.1 to chunk 4
Wrote 845 WP_073212287.1 to chunk 5
Wrote 846 WP_111984849.1 to chunk 6
Wrote 847 GGK09320.1 to chunk 7
Wrote 848 MBW8897739.1 to chunk 8
Wrote 849 WP_168786490.1 to chunk 9
Wrote 850 WP_013795047.1 to chunk 0
Wrote 851 WP_163560930.1 to chunk 1
Wrote 852 WP_199761710.1 to chunk 2
Wrote 853 WP_115687771.1 to chunk 3
Wrote 854 WP_084173548.1 to chunk 4
Wrote 855 WP_022523700.1 to chunk 5
Wrote 856 MBP2138880.1 to chunk 6
Wrote 857 KJJ95006.1 to chunk 7
Wrote 858 WP_209539219.1 to chunk 8
Wrote 859 TDR33142.1 to chunk 9
Wrote 860 WP_092432948.1 to chunk 0
Wrote 861 WP_212560443.1 to chunk 1
Wrote 862 TQV62036.1 to chunk 2
Wrote 863 WP_124514064.1 to chunk 3
Wrote 864 MBP9644403.1 to chunk 4
Wrote 865 WP_075793166.1 to chunk 5
Wrote 866 MCE2594015.1 to chunk 6
Wrote 867 WP_180669095.1 to chunk 7
Wrote 868 WP_220407385.1 to chunk 8
Wrote 869 WP_067217415.1 to chunk 9
Wrote 870 WP_082856527.1 to chunk 0
Wrote 871 WP_168051849.1 to chunk 1
Wrote 872 ODU73814.1 to chunk 2
Wrote 873 WP_092969313.1 to chunk 3
Wrote 874 WP_189465776.1 to chunk 4
Wrote 875 AFU44030.1 to chunk 5
Wrote 876 ATG74600.1 to chunk 6
Wrote 877 MBY7915568.1 to chunk 7
Wrote 878 WP_188156973.1 to chunk 8
Wrote 879 WP_166864412.1 to chunk 9
Wrote 880 WP_162218358.1 to chunk 0
Wrote 881 WP_010808307.1 to chunk 1
Wrote 882 WP_020209875.1 to chunk 2
Wrote 883 WP_211251279.1 to chunk 3
Wrote 884 WP_014293018.1 to chunk 4
Wrote 885 WP_217345645.1 to chunk 5
Wrote 886 AAO71288.1 to chunk 6
Wrote 887 AAV79366.1 to chunk 7
Wrote 888 ACF62503.1 to chunk 8
Wrote 889 ACF69468.1 to chunk 9
Wrote 890 ACF92659.1 to chunk 0
Wrote 891 CAR61594.1 to chunk 1
Wrote 892 ACH77456.1 to chunk 2
Wrote 893 CAR39498.1 to chunk 3
Wrote 894 CAR10296.1 to chunk 4
Wrote 895 BAI33254.1 to chunk 5
Wrote 896 AAL22572.1 to chunk 6
Wrote 897 AAL76923.1 to chunk 7
Wrote 898 ADU91200.1 to chunk 8
Wrote 899 EGC72795.1 to chunk 9
Wrote 900 WP_005318160.1 to chunk 0
Wrote 901 AAL77359.1 to chunk 1
Wrote 902 CBW75858.1 to chunk 2
Wrote 903 AAC69671.1 to chunk 3
Wrote 904 AAC69682.1 to chunk 4
Wrote 905 CAG73082.1 to chunk 5
Wrote 906 AAB18599.1 to chunk 6
Wrote 907 CBA19033.1 to chunk 7
Wrote 908 AAC69648.1 to chunk 8
Wrote 909 AAS22256.1 to chunk 9
Wrote 910 NP_462613.1 to chunk 0
Wrote 911 AAC69661.1 to chunk 1
Wrote 912 CAR46213.1 to chunk 2
Wrote 913 EFE51464.1 to chunk 3
Wrote 914 AAG08384.1 to chunk 4
Wrote 915 BAH65745.1 to chunk 5
Wrote 916 AAL77364.1 to chunk 6
Wrote 917 WP_011670128.1 to chunk 7
Wrote 918 AAS22257.1 to chunk 8
Wrote 919 AAA24524.1 to chunk 9
Wrote 920 AAA27206.1 to chunk 0
# Elapsed 0.000 cpu 0 real seconds
