
muscle 5.1.linux64 [12f0e2]  396Gb RAM, 32 cores
Built Jan 13 2022 23:17:13
(C) Copyright 2004-2021 Robert C. Edgar.
https://drive5.com

Input: 14 seqs, avg length 380, max 384

00:00 3.9Mb  CPU has 32 cores, defaulting to 20 threads

WARNING: Max OMP threads 1

00:00 3.9Mb     1.1% Calc posteriors00:01 4.6Mb    41.8% Calc posteriors00:02 4.6Mb    83.5% Calc posteriors00:02 5.3Mb   100.0% Calc posteriors
00:02 5.3Mb     1.1% Consistency (1/2)00:02 6.5Mb   100.0% Consistency (1/2)
00:02 6.5Mb     1.1% Consistency (2/2)00:02 6.5Mb   100.0% Consistency (2/2)
00:02 6.5Mb     7.7% UPGMA5           00:02 6.5Mb   100.0% UPGMA5
00:02 6.5Mb     1.0% Refining00:02 7.1Mb   100.0% Refining
INFO:Malign:No identity filter
INFO:Malign:Star /work3/idamei/ssn-clusterings/2206011120/clusters/0014_84/seeds.txt
INFO:Malign:Star highlights 4
INFO:Malign:No identity filter
INFO:Malign:Fasta contains 14 valid records
INFO:Malign:Aligned already
INFO:Malign:Align contains 14 valid records
inputType: FASTA

