
muscle 5.1.linux64 [12f0e2]  396Gb RAM, 24 cores
Built Jan 13 2022 23:17:13
(C) Copyright 2004-2021 Robert C. Edgar.
https://drive5.com

Input: 17 seqs, avg length 477, max 514

00:00 3.9Mb  CPU has 24 cores, defaulting to 20 threads

WARNING: Max OMP threads 1

00:00 3.9Mb    0.74% Calc posteriors00:01 5.1Mb    11.8% Calc posteriors00:02 5.1Mb    29.4% Calc posteriors00:03 5.1Mb    47.1% Calc posteriors00:04 5.4Mb    65.4% Calc posteriors00:05 5.7Mb    82.4% Calc posteriors00:06 6.8Mb    99.3% Calc posteriors00:06 16Mb    100.0% Calc posteriors
00:06 17Mb     0.74% Consistency (1/2)00:06 17Mb    100.0% Consistency (1/2)
00:06 17Mb     0.74% Consistency (2/2)00:06 17Mb    100.0% Consistency (2/2)
00:06 17Mb      6.2% UPGMA5           00:06 17Mb    100.0% UPGMA5
00:06 17Mb      1.0% Refining00:06 17Mb    100.0% Refining
INFO:Malign:No identity filter
INFO:Malign:Star /work3/idamei/wzy/ssn-clusterings/2209140925/super-clusters/0017_1_144/seeds.txt
INFO:Malign:Star highlights 1 from comma-separated list
Read FASTA line_by_line from /work3/idamei/wzy/ssn-clusterings/2209140925/super-clusters/0017_1_144/sequences.afa 17 elements
INFO:Malign:No identity filter
INFO:Malign:Fasta contains 17 valid records
INFO:Malign:Aligned already
INFO:Malign:Align contains 17 valid records
FastTree Version 2.1.11 SSE3
Alignment: /work3/idamei/wzy/ssn-clusterings/2209140925/super-clusters/0017_1_144/sequences.afa
Amino acid distances: BLOSUM45 Joins: balanced Support: SH-like 1000
Search: Normal +NNI +SPR (2 rounds range 10) +ML-NNI opt-each=1
TopHits: 1.00*sqrtN close=default refresh=0.80
ML Model: Jones-Taylor-Thorton, CAT approximation with 20 rate categories
Initial topology in 0.00 seconds
Refining topology: 16 rounds ME-NNIs, 2 rounds ME-SPRs, 8 rounds ML-NNIs
Total branch-length 4.733 after 0.05 sec
ML-NNI round 1: LogLk = -10003.907 NNIs 4 max delta 1.78 Time 0.15
      0.15 seconds: Site likelihoods with rate category 1 of 20
Switched to using 20 rate categories (CAT approximation)
Rate categories were divided by 0.838 so that average rate = 1.0
CAT-based log-likelihoods may not be comparable across runs
Use -gamma for approximate but comparable Gamma(20) log-likelihoods
ML-NNI round 2: LogLk = -9621.131 NNIs 0 max delta 0.00 Time 0.28
Turning off heuristics for final round of ML NNIs (converged)
      0.27 seconds: ML NNI round 3 of 8, 1 of 13 splits
ML-NNI round 3: LogLk = -9621.079 NNIs 0 max delta 0.00 Time 0.37 (final)
Optimize all lengths: LogLk = -9621.068 Time 0.40
Total time: 0.48 seconds Unique: 15/17 Bad splits: 0/12
