
muscle 5.1.linux64 [12f0e2]  396Gb RAM, 24 cores
Built Jan 13 2022 23:17:13
(C) Copyright 2004-2021 Robert C. Edgar.
https://drive5.com

Input: 7 seqs, avg length 431, max 469

00:00 3.9Mb  CPU has 24 cores, defaulting to 20 threads

WARNING: Max OMP threads 1

00:00 3.9Mb     4.8% Calc posteriors00:01 4.9Mb    14.3% Calc posteriors00:01 4.9Mb   100.0% Calc posteriors
00:01 13Mb      4.8% Consistency (1/2)00:01 13Mb    100.0% Consistency (1/2)
00:01 13Mb      4.8% Consistency (2/2)00:01 13Mb    100.0% Consistency (2/2)
00:01 13Mb     16.7% UPGMA5           00:01 13Mb    100.0% UPGMA5
00:01 13Mb      1.0% Refining00:01 13Mb    100.0% Refining
INFO:Malign:No identity filter
INFO:Malign:Star /work3/idamei/ssn-clusterings/2206070959/clusters/0007_84/seeds.txt
INFO:Malign:Star highlights 0
INFO:Malign:No identity filter
INFO:Malign:Fasta contains 7 valid records
INFO:Malign:Aligned already
INFO:Malign:Align contains 7 valid records
inputType: FASTA
================================================================================
WARNINGS

One or more weights was less than -50 bits.
To avoid such amino acid dominating the logo position, these was reduced to -50
bits.
To remove this warning you could try choosing the option of pseudo counts.
================================================================================

