
muscle 5.1.linux64 [12f0e2]  396Gb RAM, 24 cores
Built Jan 13 2022 23:17:13
(C) Copyright 2004-2021 Robert C. Edgar.
https://drive5.com

Input: 9 seqs, avg length 347, max 356

00:00 3.9Mb  CPU has 24 cores, defaulting to 20 threads

WARNING: Max OMP threads 1

00:00 3.9Mb     2.8% Calc posteriors00:01 4.5Mb    86.1% Calc posteriors00:01 4.5Mb   100.0% Calc posteriors
00:01 4.5Mb     2.8% Consistency (1/2)00:01 5.5Mb   100.0% Consistency (1/2)
00:01 5.5Mb     2.8% Consistency (2/2)00:01 5.5Mb   100.0% Consistency (2/2)
00:01 5.5Mb    12.5% UPGMA5           00:01 5.5Mb   100.0% UPGMA5
00:01 5.5Mb     1.0% Refining00:01 5.9Mb   100.0% Refining
INFO:Malign:No identity filter
INFO:Malign:Star /work3/idamei/wzy/ssn-clusterings/2209121518/clusters/0009_122/seeds.txt
INFO:Malign:Star highlights 3
Read FASTA line_by_line from /work3/idamei/wzy/ssn-clusterings/2209121518/clusters/0009_122/sequences.afa 9 elements
INFO:Malign:No identity filter
INFO:Malign:Fasta contains 9 valid records
INFO:Malign:Aligned already
INFO:Malign:Align contains 9 valid records
FastTree Version 2.1.11 SSE3
Alignment: /work3/idamei/wzy/ssn-clusterings/2209121518/clusters/0009_122/sequences.afa
Amino acid distances: BLOSUM45 Joins: balanced Support: SH-like 1000
Search: Normal +NNI +SPR (2 rounds range 10) +ML-NNI opt-each=1
TopHits: 1.00*sqrtN close=default refresh=0.80
ML Model: Jones-Taylor-Thorton, CAT approximation with 20 rate categories
Initial topology in 0.00 seconds
Refining topology: 12 rounds ME-NNIs, 2 rounds ME-SPRs, 6 rounds ML-NNIs
Total branch-length 1.926 after 0.01 sec
ML-NNI round 1: LogLk = -3174.892 NNIs 1 max delta 0.88 Time 0.04
Switched to using 20 rate categories (CAT approximation)
Rate categories were divided by 0.783 so that average rate = 1.0
CAT-based log-likelihoods may not be comparable across runs
Use -gamma for approximate but comparable Gamma(20) log-likelihoods
ML-NNI round 2: LogLk = -3051.055 NNIs 0 max delta 0.00 Time 0.07
Turning off heuristics for final round of ML NNIs (converged)
ML-NNI round 3: LogLk = -3050.915 NNIs 0 max delta 0.00 Time 0.10 (final)
Optimize all lengths: LogLk = -3050.914 Time 0.11
Total time: 0.13 seconds Unique: 8/9 Bad splits: 0/5
