
muscle 5.1.linux64 [12f0e2]  792Gb RAM, 32 cores
Built Jan 13 2022 23:17:13
(C) Copyright 2004-2021 Robert C. Edgar.
https://drive5.com

Input: 33 seqs, avg length 344, max 362

00:00 3.9Mb  CPU has 32 cores, defaulting to 20 threads

WARNING: Max OMP threads 1

00:00 3.9Mb    0.19% Calc posteriors00:01 4.5Mb     6.6% Calc posteriors00:02 5.1Mb    14.4% Calc posteriors00:03 5.1Mb    22.0% Calc posteriors00:04 5.4Mb    29.5% Calc posteriors00:05 5.8Mb    36.7% Calc posteriors00:06 6.2Mb    43.8% Calc posteriors00:07 6.5Mb    50.8% Calc posteriors00:08 7.3Mb    58.0% Calc posteriors00:09 7.3Mb    65.3% Calc posteriors00:10 7.6Mb    72.9% Calc posteriors00:11 8.3Mb    79.9% Calc posteriors00:12 8.3Mb    86.9% Calc posteriors00:13 9.2Mb    93.8% Calc posteriors00:13 9.2Mb   100.0% Calc posteriors
00:13 9.2Mb    0.19% Consistency (1/2)00:14 10Mb     11.7% Consistency (1/2)00:14 14Mb    100.0% Consistency (1/2)
00:14 14Mb     0.19% Consistency (2/2)00:14 14Mb    100.0% Consistency (2/2)
00:14 14Mb      3.1% UPGMA5           00:14 14Mb    100.0% UPGMA5
00:14 15Mb      1.0% Refining00:14 17Mb    100.0% Refining
INFO:Malign:No identity filter
INFO:Malign:Star /work3/idamei/ssn-clusterings/2206071104/clusters/0033_138/seeds.txt
INFO:Malign:Star highlights 3
INFO:Malign:No identity filter
INFO:Malign:Fasta contains 33 valid records
INFO:Malign:Aligned already
INFO:Malign:Align contains 33 valid records
inputType: FASTA
================================================================================
WARNINGS

One or more weights was less than -50 bits.
To avoid such amino acid dominating the logo position, these was reduced to -50
bits.
To remove this warning you could try choosing the option of pseudo counts.
================================================================================

