
muscle 5.1.linux64 [12f0e2]  396Gb RAM, 24 cores
Built Jan 13 2022 23:17:13
(C) Copyright 2004-2021 Robert C. Edgar.
https://drive5.com

Input: 17 seqs, avg length 404, max 429

00:00 3.9Mb  CPU has 24 cores, defaulting to 20 threads

WARNING: Max OMP threads 1

00:00 3.9Mb    0.74% Calc posteriors00:01 4.8Mb    22.1% Calc posteriors00:02 11Mb     42.6% Calc posteriors00:03 12Mb     64.7% Calc posteriors00:04 5.7Mb    87.5% Calc posteriors00:04 13Mb    100.0% Calc posteriors
00:04 13Mb     0.74% Consistency (1/2)00:04 13Mb    100.0% Consistency (1/2)
00:04 13Mb     0.74% Consistency (2/2)00:04 13Mb    100.0% Consistency (2/2)
00:04 13Mb      6.2% UPGMA5           00:04 13Mb    100.0% UPGMA5
00:04 13Mb      1.0% Refining00:04 13Mb    100.0% Refining
INFO:Malign:No identity filter
INFO:Malign:Star /work3/idamei/ssn-clusterings/2206011120/clusters/0017_6/seeds.txt
INFO:Malign:Star highlights 1
INFO:Malign:No identity filter
INFO:Malign:Fasta contains 17 valid records
INFO:Malign:Aligned already
INFO:Malign:Align contains 17 valid records
inputType: FASTA

