
muscle 5.1.linux64 [12f0e2]  792Gb RAM, 24 cores
Built Jan 13 2022 23:17:13
(C) Copyright 2004-2021 Robert C. Edgar.
https://drive5.com

Input: 21 seqs, avg length 427, max 437

00:00 3.9Mb  CPU has 24 cores, defaulting to 20 threads

WARNING: Max OMP threads 1

00:00 3.9Mb    0.48% Calc posteriors00:01 4.8Mb    10.0% Calc posteriors00:02 4.8Mb    21.9% Calc posteriors00:03 4.8Mb    34.3% Calc posteriors00:04 5.8Mb    46.2% Calc posteriors00:05 5.8Mb    57.1% Calc posteriors00:06 5.8Mb    68.1% Calc posteriors00:07 6.7Mb    79.0% Calc posteriors00:08 6.7Mb    89.5% Calc posteriors00:08 6.7Mb   100.0% Calc posteriors
00:08 6.7Mb    0.48% Consistency (1/2)00:09 7.4Mb    0.95% Consistency (1/2)00:09 10Mb    100.0% Consistency (1/2)
00:09 10Mb     0.48% Consistency (2/2)00:09 10Mb    100.0% Consistency (2/2)
00:09 10Mb      5.0% UPGMA5           00:09 10Mb    100.0% UPGMA5
00:09 10Mb      1.0% Refining00:09 11Mb    100.0% Refining
INFO:Malign:No identity filter
INFO:Malign:Star /work3/idamei/wzy/ssn-clusterings/2209081049/super-clusters/0021_1_95/seeds.txt
INFO:Malign:Star highlights 1 from comma-separated list
Read FASTA line_by_line from /work3/idamei/wzy/ssn-clusterings/2209081049/super-clusters/0021_1_95/sequences.afa 21 elements
INFO:Malign:No identity filter
INFO:Malign:Fasta contains 21 valid records
INFO:Malign:Aligned already
INFO:Malign:Align contains 21 valid records
FastTree Version 2.1.11 SSE3
Alignment: /work3/idamei/wzy/ssn-clusterings/2209081049/super-clusters/0021_1_95/sequences.afa
Amino acid distances: BLOSUM45 Joins: balanced Support: SH-like 1000
Search: Normal +NNI +SPR (2 rounds range 10) +ML-NNI opt-each=1
TopHits: 1.00*sqrtN close=default refresh=0.80
ML Model: Jones-Taylor-Thorton, CAT approximation with 20 rate categories
Initial topology in 0.01 seconds
Refining topology: 17 rounds ME-NNIs, 2 rounds ME-SPRs, 9 rounds ML-NNIs
Total branch-length 5.407 after 0.09 sec
      0.12 seconds: ML NNI round 1 of 9, 1 of 18 splits
ML-NNI round 1: LogLk = -11514.325 NNIs 2 max delta 3.94 Time 0.22
      0.22 seconds: Site likelihoods with rate category 1 of 20
Switched to using 20 rate categories (CAT approximation)
Rate categories were divided by 0.912 so that average rate = 1.0
CAT-based log-likelihoods may not be comparable across runs
Use -gamma for approximate but comparable Gamma(20) log-likelihoods
ML-NNI round 2: LogLk = -10943.785 NNIs 0 max delta 0.00 Time 0.34
Turning off heuristics for final round of ML NNIs (converged)
      0.34 seconds: ML NNI round 3 of 9, 1 of 18 splits
ML-NNI round 3: LogLk = -10939.006 NNIs 0 max delta 0.00 Time 0.47 (final)
      0.47 seconds: ML Lengths 1 of 18 splits
Optimize all lengths: LogLk = -10938.599 Time 0.51
Total time: 0.63 seconds Unique: 20/21 Bad splits: 0/17
