
muscle 5.1.linux64 [12f0e2]  396Gb RAM, 24 cores
Built Jan 13 2022 23:17:13
(C) Copyright 2004-2021 Robert C. Edgar.
https://drive5.com

Input: 29 seqs, avg length 432, max 450

00:00 3.9Mb  CPU has 24 cores, defaulting to 20 threads

WARNING: Max OMP threads 1

00:00 3.9Mb    0.25% Calc posteriors00:01 4.9Mb     6.7% Calc posteriors00:02 4.9Mb    16.3% Calc posteriors00:03 5.0Mb    26.1% Calc posteriors00:04 5.3Mb    36.0% Calc posteriors00:05 5.7Mb    45.1% Calc posteriors00:06 6.7Mb    52.5% Calc posteriors00:07 6.7Mb    61.1% Calc posteriors00:08 6.8Mb    70.4% Calc posteriors00:09 14Mb     80.8% Calc posteriors00:10 7.5Mb    90.6% Calc posteriors00:11 7.8Mb   100.0% Calc posteriors
00:11 7.8Mb    0.25% Consistency (1/2)00:11 13Mb    100.0% Consistency (1/2)
00:11 13Mb     0.25% Consistency (2/2)00:11 13Mb    100.0% Consistency (2/2)
00:11 13Mb      3.6% UPGMA5           00:11 13Mb    100.0% UPGMA5
00:11 13Mb      1.0% Refining00:11 14Mb    100.0% Refining
INFO:Malign:No identity filter
INFO:Malign:Star /work3/idamei/wzy/ssn-clusterings/2209081049/super-clusters/0029_1_65/seeds.txt
INFO:Malign:Star highlights 1 from comma-separated list
Read FASTA line_by_line from /work3/idamei/wzy/ssn-clusterings/2209081049/super-clusters/0029_1_65/sequences.afa 29 elements
INFO:Malign:No identity filter
INFO:Malign:Fasta contains 29 valid records
INFO:Malign:Aligned already
INFO:Malign:Align contains 29 valid records
FastTree Version 2.1.11 SSE3
Alignment: /work3/idamei/wzy/ssn-clusterings/2209081049/super-clusters/0029_1_65/sequences.afa
Amino acid distances: BLOSUM45 Joins: balanced Support: SH-like 1000
Search: Normal +NNI +SPR (2 rounds range 10) +ML-NNI opt-each=1
TopHits: 1.00*sqrtN close=default refresh=0.80
ML Model: Jones-Taylor-Thorton, CAT approximation with 20 rate categories
Initial topology in 0.01 seconds
Refining topology: 19 rounds ME-NNIs, 2 rounds ME-SPRs, 9 rounds ML-NNIs
Total branch-length 4.124 after 0.08 sec
      0.10 seconds: ML NNI round 1 of 9, 1 of 23 splits
ML-NNI round 1: LogLk = -9598.383 NNIs 2 max delta 2.35 Time 0.20
      0.20 seconds: Site likelihoods with rate category 4 of 20
Switched to using 20 rate categories (CAT approximation)
Rate categories were divided by 0.906 so that average rate = 1.0
CAT-based log-likelihoods may not be comparable across runs
Use -gamma for approximate but comparable Gamma(20) log-likelihoods
ML-NNI round 2: LogLk = -9058.450 NNIs 0 max delta 0.00 Time 0.33
Turning off heuristics for final round of ML NNIs (converged)
      0.33 seconds: ML NNI round 3 of 9, 1 of 23 splits
ML-NNI round 3: LogLk = -9055.439 NNIs 0 max delta 0.00 Time 0.45 (final)
      0.45 seconds: ML Lengths 1 of 23 splits
Optimize all lengths: LogLk = -9055.355 Time 0.49
Total time: 0.60 seconds Unique: 25/29 Bad splits: 0/22
