
muscle 5.1.linux64 [12f0e2]  396Gb RAM, 24 cores
Built Jan 13 2022 23:17:13
(C) Copyright 2004-2021 Robert C. Edgar.
https://drive5.com

Input: 22 seqs, avg length 392, max 442

00:00 3.9Mb  CPU has 24 cores, defaulting to 20 threads

WARNING: Max OMP threads 1

00:00 3.9Mb    0.43% Calc posteriors00:01 4.7Mb    10.4% Calc posteriors00:02 12Mb     22.5% Calc posteriors00:03 13Mb     33.3% Calc posteriors00:04 13Mb     44.6% Calc posteriors00:05 13Mb     57.1% Calc posteriors00:06 14Mb     69.7% Calc posteriors00:07 14Mb     82.3% Calc posteriors00:08 14Mb     95.7% Calc posteriors00:08 14Mb    100.0% Calc posteriors
00:08 14Mb     0.43% Consistency (1/2)00:08 14Mb    100.0% Consistency (1/2)
00:08 14Mb     0.43% Consistency (2/2)00:09 14Mb     60.6% Consistency (2/2)00:09 14Mb    100.0% Consistency (2/2)
00:09 14Mb      4.8% UPGMA5           00:09 14Mb    100.0% UPGMA5
00:09 14Mb      1.0% Refining00:09 14Mb    100.0% Refining
INFO:Malign:No identity filter
INFO:Malign:Star /work3/idamei/wzy/ssn-clusterings/2209121518/clusters/0022_51/seeds.txt
INFO:Malign:Star highlights 2
Read FASTA line_by_line from /work3/idamei/wzy/ssn-clusterings/2209121518/clusters/0022_51/sequences.afa 22 elements
INFO:Malign:No identity filter
INFO:Malign:Fasta contains 22 valid records
INFO:Malign:Aligned already
INFO:Malign:Align contains 22 valid records
FastTree Version 2.1.11 SSE3
Alignment: /work3/idamei/wzy/ssn-clusterings/2209121518/clusters/0022_51/sequences.afa
Amino acid distances: BLOSUM45 Joins: balanced Support: SH-like 1000
Search: Normal +NNI +SPR (2 rounds range 10) +ML-NNI opt-each=1
TopHits: 1.00*sqrtN close=default refresh=0.80
ML Model: Jones-Taylor-Thorton, CAT approximation with 20 rate categories
Ignored unknown character X (seen 3 times)
Initial topology in 0.01 seconds
Refining topology: 18 rounds ME-NNIs, 2 rounds ME-SPRs, 9 rounds ML-NNIs
      0.10 seconds: ME NNI round 13 of 18, 1 of 19 splits
Total branch-length 9.505 after 0.11 sec
ML-NNI round 1: LogLk = -15118.994 NNIs 2 max delta 1.81 Time 0.27
      0.27 seconds: Site likelihoods with rate category 1 of 20
Switched to using 20 rate categories (CAT approximation)
Rate categories were divided by 0.917 so that average rate = 1.0
CAT-based log-likelihoods may not be comparable across runs
Use -gamma for approximate but comparable Gamma(20) log-likelihoods
ML-NNI round 2: LogLk = -14354.614 NNIs 1 max delta 1.04 Time 0.42
      0.41 seconds: ML NNI round 3 of 9, 1 of 19 splits
ML-NNI round 3: LogLk = -14354.606 NNIs 0 max delta 0.00 Time 0.46
Turning off heuristics for final round of ML NNIs (converged)
ML-NNI round 4: LogLk = -14349.540 NNIs 1 max delta 1.40 Time 0.62 (final)
      0.62 seconds: ML Lengths 1 of 19 splits
Optimize all lengths: LogLk = -14349.405 Time 0.67
Total time: 0.81 seconds Unique: 21/22 Bad splits: 0/18
