
muscle 5.1.linux64 [12f0e2]  396Gb RAM, 32 cores
Built Jan 13 2022 23:17:13
(C) Copyright 2004-2021 Robert C. Edgar.
https://drive5.com

Input: 23 seqs, avg length 399, max 410

00:00 3.9Mb  CPU has 32 cores, defaulting to 20 threads

WARNING: Max OMP threads 1

00:00 3.9Mb     0.4% Calc posteriors00:01 4.7Mb     1.2% Calc posteriors00:02 4.7Mb    14.2% Calc posteriors00:03 4.7Mb    26.9% Calc posteriors00:04 5.0Mb    38.7% Calc posteriors00:05 5.3Mb    51.0% Calc posteriors00:06 5.6Mb    62.8% Calc posteriors00:07 6.4Mb    74.3% Calc posteriors00:08 6.4Mb    85.8% Calc posteriors00:09 6.5Mb    97.2% Calc posteriors00:09 6.6Mb   100.0% Calc posteriors
00:09 6.6Mb     0.4% Consistency (1/2)00:09 9.8Mb   100.0% Consistency (1/2)
00:09 10Mb      0.4% Consistency (2/2)00:09 10Mb    100.0% Consistency (2/2)
00:09 10Mb      4.5% UPGMA5           00:09 10Mb    100.0% UPGMA5
00:09 10Mb      1.0% Refining00:09 12Mb    100.0% Refining
INFO:Malign:No identity filter
INFO:Malign:Star /work3/idamei/wzy/ssn-clusterings/2210041007/superclusterings/2210101123/superclusters/0023_1_29/seeds.txt
INFO:Malign:Star highlights 1 from comma-separated list
Read FASTA line_by_line from /work3/idamei/wzy/ssn-clusterings/2210041007/superclusterings/2210101123/superclusters/0023_1_29/sequences.afa 23 elements
INFO:Malign:No identity filter
INFO:Malign:Fasta contains 23 valid records
INFO:Malign:Aligned already
INFO:Malign:Align contains 23 valid records
FastTree Version 2.1.11 SSE3
Alignment: /work3/idamei/wzy/ssn-clusterings/2210041007/superclusterings/2210101123/superclusters/0023_1_29/sequences.afa
Amino acid distances: BLOSUM45 Joins: balanced Support: SH-like 1000
Search: Normal +NNI +SPR (2 rounds range 10) +ML-NNI opt-each=1
TopHits: 1.00*sqrtN close=default refresh=0.80
ML Model: Jones-Taylor-Thorton, CAT approximation with 20 rate categories
Initial topology in 0.01 seconds
Refining topology: 18 rounds ME-NNIs, 2 rounds ME-SPRs, 9 rounds ML-NNIs
Total branch-length 7.237 after 0.09 sec
      0.12 seconds: ML NNI round 1 of 9, 1 of 21 splits
ML-NNI round 1: LogLk = -13502.704 NNIs 0 max delta 0.00 Time 0.22
      0.22 seconds: Site likelihoods with rate category 1 of 20
Switched to using 20 rate categories (CAT approximation)
Rate categories were divided by 0.927 so that average rate = 1.0
CAT-based log-likelihoods may not be comparable across runs
Use -gamma for approximate but comparable Gamma(20) log-likelihoods
ML-NNI round 2: LogLk = -12889.382 NNIs 0 max delta 0.00 Time 0.32
Turning off heuristics for final round of ML NNIs (converged)
ML-NNI round 3: LogLk = -12881.052 NNIs 0 max delta 0.00 Time 0.45 (final)
      0.45 seconds: ML Lengths 1 of 21 splits
Optimize all lengths: LogLk = -12881.003 Time 0.49
Total time: 0.61 seconds Unique: 23/23 Bad splits: 0/20
