
muscle 5.1.linux64 [12f0e2]  396Gb RAM, 24 cores
Built Jan 13 2022 23:17:13
(C) Copyright 2004-2021 Robert C. Edgar.
https://drive5.com

Input: 22 seqs, avg length 368, max 384

00:00 3.9Mb  CPU has 24 cores, defaulting to 20 threads

WARNING: Max OMP threads 1

00:00 3.9Mb    0.43% Calc posteriors00:01 4.6Mb     8.7% Calc posteriors00:02 4.6Mb    21.6% Calc posteriors00:03 4.9Mb    33.3% Calc posteriors00:04 5.6Mb    45.0% Calc posteriors00:05 5.6Mb    56.3% Calc posteriors00:06 5.8Mb    67.1% Calc posteriors00:07 6.1Mb    78.8% Calc posteriors00:08 6.3Mb    90.5% Calc posteriors00:08 13Mb    100.0% Calc posteriors
00:08 13Mb     0.43% Consistency (1/2)00:09 13Mb     67.1% Consistency (1/2)00:09 13Mb    100.0% Consistency (1/2)
00:09 13Mb     0.43% Consistency (2/2)00:09 13Mb    100.0% Consistency (2/2)
00:09 13Mb      4.8% UPGMA5           00:09 13Mb    100.0% UPGMA5
00:09 13Mb      1.0% Refining00:09 13Mb    100.0% Refining
INFO:Malign:No identity filter
INFO:Malign:Star /work3/idamei/ssn-clusterings/2206071104/clusters/0022_58/seeds.txt
INFO:Malign:Star highlights 3
INFO:Malign:No identity filter
INFO:Malign:Fasta contains 22 valid records
INFO:Malign:Aligned already
INFO:Malign:Align contains 22 valid records
inputType: FASTA
================================================================================
WARNINGS

One or more weights was less than -50 bits.
To avoid such amino acid dominating the logo position, these was reduced to -50
bits.
To remove this warning you could try choosing the option of pseudo counts.
================================================================================

