
muscle 5.1.linux64 [12f0e2]  396Gb RAM, 24 cores
Built Jan 13 2022 23:17:13
(C) Copyright 2004-2021 Robert C. Edgar.
https://drive5.com

Input: 10 seqs, avg length 481, max 514

00:00 3.9Mb  CPU has 24 cores, defaulting to 20 threads

WARNING: Max OMP threads 1

00:00 3.9Mb     2.2% Calc posteriors00:01 5.0Mb    33.3% Calc posteriors00:02 5.0Mb    75.6% Calc posteriors00:02 5.0Mb   100.0% Calc posteriors
00:02 15Mb      2.2% Consistency (1/2)00:02 15Mb    100.0% Consistency (1/2)
00:02 15Mb      2.2% Consistency (2/2)00:02 15Mb    100.0% Consistency (2/2)
00:02 15Mb     11.1% UPGMA5           00:02 15Mb    100.0% UPGMA5
00:02 15Mb      1.0% Refining00:02 15Mb    100.0% Refining
INFO:Malign:No identity filter
INFO:Malign:Star /work3/idamei/ssn-clusterings/2206011120/clusters/0010_31/seeds.txt
INFO:Malign:Star highlights 3
INFO:Malign:No identity filter
INFO:Malign:Fasta contains 10 valid records
INFO:Malign:Aligned already
INFO:Malign:Align contains 10 valid records
inputType: FASTA


muscle 5.1.linux64 [12f0e2]  264Gb RAM, 24 cores
Built Jan 13 2022 23:17:13
(C) Copyright 2004-2021 Robert C. Edgar.
https://drive5.com

Input: 10 seqs, avg length 481, max 514

00:00 3.9Mb  CPU has 24 cores, defaulting to 20 threads

WARNING: Max OMP threads 1

00:00 3.9Mb     2.2% Calc posteriors00:01 4.1Mb    13.3% Calc posteriors00:02 5.0Mb    57.8% Calc posteriors00:03 5.0Mb   100.0% Calc posteriors
00:03 15Mb      2.2% Consistency (1/2)00:03 15Mb    100.0% Consistency (1/2)
00:03 15Mb      2.2% Consistency (2/2)00:03 15Mb    100.0% Consistency (2/2)
00:03 15Mb     11.1% UPGMA5           00:03 15Mb    100.0% UPGMA5
00:03 15Mb      1.0% Refining00:03 15Mb    100.0% Refining
INFO:Malign:No identity filter
INFO:Malign:Star /work3/idamei/ssn-clusterings/2206011120/clusters/0010_31/seeds.txt
INFO:Malign:Star highlights 3
INFO:Malign:No identity filter
INFO:Malign:Fasta contains 10 valid records
INFO:Malign:Aligned already
INFO:Malign:Align contains 10 valid records
inputType: FASTA

