
muscle 5.1.linux64 [12f0e2]  396Gb RAM, 24 cores
Built Jan 13 2022 23:17:13
(C) Copyright 2004-2021 Robert C. Edgar.
https://drive5.com

Input: 16 seqs, avg length 436, max 480

00:01 3.9Mb  CPU has 24 cores, defaulting to 20 threads

WARNING: Max OMP threads 1

00:01 3.9Mb    0.83% Calc posteriors00:02 4.8Mb    24.2% Calc posteriors00:03 4.8Mb    46.7% Calc posteriors00:04 14Mb     69.2% Calc posteriors00:05 15Mb     93.3% Calc posteriors00:05 14Mb    100.0% Calc posteriors
00:05 5.9Mb    0.83% Consistency (1/2)00:05 9.0Mb   100.0% Consistency (1/2)
00:05 9.0Mb    0.83% Consistency (2/2)00:05 9.0Mb   100.0% Consistency (2/2)
00:05 9.0Mb     6.7% UPGMA5           00:05 9.0Mb   100.0% UPGMA5
00:05 9.4Mb     1.0% Refining00:05 11Mb    100.0% Refining
INFO:Malign:No identity filter
INFO:Malign:Star /work3/idamei/wzy/ssn-clusterings/2209081049/super-clusters/0016_1_103/seeds.txt
INFO:Malign:Star highlights 1 from comma-separated list
Read FASTA line_by_line from /work3/idamei/wzy/ssn-clusterings/2209081049/super-clusters/0016_1_103/sequences.afa 16 elements
INFO:Malign:No identity filter
INFO:Malign:Fasta contains 16 valid records
INFO:Malign:Aligned already
INFO:Malign:Align contains 16 valid records
FastTree Version 2.1.11 SSE3
Alignment: /work3/idamei/wzy/ssn-clusterings/2209081049/super-clusters/0016_1_103/sequences.afa
Amino acid distances: BLOSUM45 Joins: balanced Support: SH-like 1000
Search: Normal +NNI +SPR (2 rounds range 10) +ML-NNI opt-each=1
TopHits: 1.00*sqrtN close=default refresh=0.80
ML Model: Jones-Taylor-Thorton, CAT approximation with 20 rate categories
Initial topology in 0.00 seconds
Refining topology: 16 rounds ME-NNIs, 2 rounds ME-SPRs, 8 rounds ML-NNIs
Total branch-length 7.802 after 0.06 sec
ML-NNI round 1: LogLk = -14423.772 NNIs 1 max delta 0.99 Time 0.16
      0.15 seconds: Site likelihoods with rate category 1 of 20
Switched to using 20 rate categories (CAT approximation)
Rate categories were divided by 0.899 so that average rate = 1.0
CAT-based log-likelihoods may not be comparable across runs
Use -gamma for approximate but comparable Gamma(20) log-likelihoods
ML-NNI round 2: LogLk = -13761.569 NNIs 1 max delta 0.83 Time 0.24
ML-NNI round 3: LogLk = -13761.559 NNIs 0 max delta 0.00 Time 0.27
Turning off heuristics for final round of ML NNIs (converged)
      0.26 seconds: ML NNI round 4 of 8, 1 of 13 splits
ML-NNI round 4: LogLk = -13759.158 NNIs 0 max delta 0.00 Time 0.36 (final)
Optimize all lengths: LogLk = -13759.123 Time 0.39
Total time: 0.47 seconds Unique: 15/16 Bad splits: 0/12
