
muscle 5.1.linux64 [12f0e2]  792Gb RAM, 32 cores
Built Jan 13 2022 23:17:13
(C) Copyright 2004-2021 Robert C. Edgar.
https://drive5.com

Input: 10 seqs, avg length 312, max 346

00:00 3.9Mb  CPU has 32 cores, defaulting to 20 threads

WARNING: Max OMP threads 1

00:00 3.9Mb     2.2% Calc posteriors00:01 3.9Mb     4.4% Calc posteriors00:01 5.4Mb   100.0% Calc posteriors
00:01 4.5Mb     2.2% Consistency (1/2)00:01 5.4Mb   100.0% Consistency (1/2)
00:01 5.4Mb     2.2% Consistency (2/2)00:01 5.4Mb   100.0% Consistency (2/2)
00:01 5.4Mb    11.1% UPGMA5           00:01 5.4Mb   100.0% UPGMA5
00:02 5.4Mb     1.0% Refining00:02 5.8Mb   100.0% Refining
/zhome/2b/2/141636/.lsbatch/1652281898.13557739.shell: line 31: /work3/garryg/bioP/bin/malign: No such file or directory

================================================================================
ERROR
Error occurred during parsing of your input file.
Unknown symbol (O) encountered in a sequence.

You could either remove the symbol, or provide a background frequencies for all
symbols.
================================================================================


muscle 5.1.linux64 [12f0e2]  792Gb RAM, 32 cores
Built Jan 13 2022 23:17:13
(C) Copyright 2004-2021 Robert C. Edgar.
https://drive5.com

Input: 10 seqs, avg length 312, max 346

00:00 3.9Mb  CPU has 32 cores, defaulting to 20 threads

WARNING: Max OMP threads 1

00:00 3.9Mb     2.2% Calc posteriors00:01 4.5Mb    77.8% Calc posteriors00:01 5.4Mb   100.0% Calc posteriors
00:01 4.5Mb     2.2% Consistency (1/2)00:01 5.4Mb   100.0% Consistency (1/2)
00:01 5.4Mb     2.2% Consistency (2/2)00:01 5.4Mb   100.0% Consistency (2/2)
00:01 5.4Mb    11.1% UPGMA5           00:01 5.4Mb   100.0% UPGMA5
00:01 5.4Mb     1.0% Refining00:01 5.8Mb   100.0% Refining
INFO:Malign:Fasta contains 10 valid records
INFO:Malign:Aligned already
INFO:Malign:Align contains 10 valid records

================================================================================
ERROR
Error occurred during parsing of your input file.
Unknown symbol (O) encountered in a sequence.

You could either remove the symbol, or provide a background frequencies for all
symbols.
================================================================================

