
muscle 5.1.linux64 [12f0e2]  131Gb RAM, 20 cores
Built Jan 13 2022 23:17:13
(C) Copyright 2004-2021 Robert C. Edgar.
https://drive5.com

Input: 14 seqs, avg length 395, max 416


WARNING: Max OMP threads 1

00:00 3.9Mb  CPU has 20 cores, running 1 threads
00:00 3.9Mb     1.1% Calc posteriors00:01 4.1Mb    14.3% Calc posteriors00:02 4.9Mb    48.4% Calc posteriors00:03 5.0Mb    85.7% Calc posteriors00:03 5.2Mb   100.0% Calc posteriors
00:03 5.2Mb     1.1% Consistency (1/2)00:03 7.1Mb   100.0% Consistency (1/2)
00:03 7.1Mb     1.1% Consistency (2/2)00:03 7.1Mb   100.0% Consistency (2/2)
00:03 7.1Mb     7.7% UPGMA5           00:03 7.1Mb   100.0% UPGMA5
00:03 7.3Mb     1.0% Refining00:03 8.1Mb   100.0% Refining
INFO:Malign:No identity filter
INFO:Malign:Star /work3/idamei/wzy/ssn-clusterings/2210041007/superclusterings/2210041009/superclusters/0014_1_33/seeds.txt
INFO:Malign:Star highlights 1 from comma-separated list
Read FASTA line_by_line from /work3/idamei/wzy/ssn-clusterings/2210041007/superclusterings/2210041009/superclusters/0014_1_33/sequences.afa 14 elements
INFO:Malign:No identity filter
INFO:Malign:Fasta contains 14 valid records
INFO:Malign:Aligned already
INFO:Malign:Align contains 14 valid records
FastTree Version 2.1.11 SSE3
Alignment: /work3/idamei/wzy/ssn-clusterings/2210041007/superclusterings/2210041009/superclusters/0014_1_33/sequences.afa
Amino acid distances: BLOSUM45 Joins: balanced Support: SH-like 1000
Search: Normal +NNI +SPR (2 rounds range 10) +ML-NNI opt-each=1
TopHits: 1.00*sqrtN close=default refresh=0.80
ML Model: Jones-Taylor-Thorton, CAT approximation with 20 rate categories
Initial topology in 0.00 seconds
Refining topology: 15 rounds ME-NNIs, 2 rounds ME-SPRs, 8 rounds ML-NNIs
Total branch-length 4.332 after 0.04 sec
ML-NNI round 1: LogLk = -7298.732 NNIs 2 max delta 5.16 Time 0.11
      0.11 seconds: Site likelihoods with rate category 1 of 20
Switched to using 20 rate categories (CAT approximation)
Rate categories were divided by 0.854 so that average rate = 1.0
CAT-based log-likelihoods may not be comparable across runs
Use -gamma for approximate but comparable Gamma(20) log-likelihoods
ML-NNI round 2: LogLk = -7027.718 NNIs 0 max delta 0.00 Time 0.20
Turning off heuristics for final round of ML NNIs (converged)
ML-NNI round 3: LogLk = -7026.932 NNIs 0 max delta 0.00 Time 0.27 (final)
      0.26 seconds: ML Lengths 1 of 12 splits
Optimize all lengths: LogLk = -7026.913 Time 0.29
Total time: 0.36 seconds Unique: 14/14 Bad splits: 0/11
