
muscle 5.1.linux64 [12f0e2]  396Gb RAM, 24 cores
Built Jan 13 2022 23:17:13
(C) Copyright 2004-2021 Robert C. Edgar.
https://drive5.com

Input: 24 seqs, avg length 344, max 355

00:00 3.9Mb  CPU has 24 cores, defaulting to 20 threads

WARNING: Max OMP threads 1

00:00 3.9Mb    0.36% Calc posteriors00:01 4.5Mb    10.9% Calc posteriors00:02 9.9Mb    24.3% Calc posteriors00:03 5.1Mb    37.3% Calc posteriors00:04 5.2Mb    50.0% Calc posteriors00:05 5.5Mb    62.3% Calc posteriors00:06 6.1Mb    75.7% Calc posteriors00:07 6.6Mb    89.1% Calc posteriors00:07 6.7Mb   100.0% Calc posteriors
00:07 6.7Mb    0.36% Consistency (1/2)00:08 8.6Mb    54.7% Consistency (1/2)00:08 9.6Mb   100.0% Consistency (1/2)
00:08 9.6Mb    0.36% Consistency (2/2)00:08 9.6Mb   100.0% Consistency (2/2)
00:08 9.6Mb     4.3% UPGMA5           00:08 9.6Mb   100.0% UPGMA5
00:08 9.6Mb     1.0% Refining00:08 11Mb    100.0% Refining
INFO:Malign:No identity filter
INFO:Malign:Star /work3/idamei/ssn-clusterings/2206011120/clusters/0024_26/seeds.txt
INFO:Malign:Star highlights 2
INFO:Malign:No identity filter
INFO:Malign:Fasta contains 24 valid records
INFO:Malign:Aligned already
INFO:Malign:Align contains 24 valid records
inputType: FASTA

