
muscle 5.1.linux64 [12f0e2]  396Gb RAM, 24 cores
Built Jan 13 2022 23:17:13
(C) Copyright 2004-2021 Robert C. Edgar.
https://drive5.com

Input: 15 seqs, avg length 371, max 409

00:00 3.9Mb  CPU has 24 cores, defaulting to 20 threads

WARNING: Max OMP threads 1

00:00 3.9Mb    0.95% Calc posteriors00:01 4.7Mb    24.8% Calc posteriors00:02 4.7Mb    55.2% Calc posteriors00:03 5.4Mb    84.8% Calc posteriors00:03 5.7Mb   100.0% Calc posteriors
00:03 5.7Mb    0.95% Consistency (1/2)00:03 6.6Mb   100.0% Consistency (1/2)
00:03 6.6Mb    0.95% Consistency (2/2)00:03 6.6Mb   100.0% Consistency (2/2)
00:03 6.6Mb     7.1% UPGMA5           00:03 6.6Mb   100.0% UPGMA5
00:03 6.8Mb     1.0% Refining00:03 7.6Mb   100.0% Refining
INFO:Malign:Fasta contains 15 valid records
INFO:Malign:Aligned already
INFO:Malign:Align contains 15 valid records

================================================================================
ERROR
Error occurred during parsing of your input file.
Unknown symbol ([) encountered in a sequence.

You could either remove the symbol, or provide a background frequencies for all
symbols.
================================================================================

