
muscle 5.1.linux64 [12f0e2]  528Gb RAM, 24 cores
Built Jan 13 2022 23:17:13
(C) Copyright 2004-2021 Robert C. Edgar.
https://drive5.com

Input: 16 seqs, avg length 423, max 447

00:00 3.9Mb  CPU has 24 cores, defaulting to 20 threads

WARNING: Max OMP threads 1

00:00 3.9Mb    0.83% Calc posteriors00:01 4.8Mb    10.8% Calc posteriors00:02 4.8Mb    32.5% Calc posteriors00:03 4.8Mb    53.3% Calc posteriors00:04 5.2Mb    73.3% Calc posteriors00:05 13Mb     97.5% Calc posteriors00:05 13Mb    100.0% Calc posteriors
00:05 13Mb     0.83% Consistency (1/2)00:05 13Mb    100.0% Consistency (1/2)
00:05 13Mb     0.83% Consistency (2/2)00:05 13Mb    100.0% Consistency (2/2)
00:05 13Mb      6.7% UPGMA5           00:05 13Mb    100.0% UPGMA5
00:05 13Mb      1.0% Refining00:05 13Mb    100.0% Refining
INFO:Malign:No identity filter
INFO:Malign:Star /work3/idamei/wzy/ssn-clusterings/2210041007/superclusterings/2210101123/superclusters/0016_2_21/seeds.txt
INFO:Malign:Star highlights 1 from comma-separated list
Read FASTA line_by_line from /work3/idamei/wzy/ssn-clusterings/2210041007/superclusterings/2210101123/superclusters/0016_2_21/sequences.afa 16 elements
INFO:Malign:No identity filter
INFO:Malign:Fasta contains 16 valid records
INFO:Malign:Aligned already
INFO:Malign:Align contains 16 valid records
FastTree Version 2.1.11 SSE3
Alignment: /work3/idamei/wzy/ssn-clusterings/2210041007/superclusterings/2210101123/superclusters/0016_2_21/sequences.afa
Amino acid distances: BLOSUM45 Joins: balanced Support: SH-like 1000
Search: Normal +NNI +SPR (2 rounds range 10) +ML-NNI opt-each=1
TopHits: 1.00*sqrtN close=default refresh=0.80
ML Model: Jones-Taylor-Thorton, CAT approximation with 20 rate categories
Initial topology in 0.00 seconds
Refining topology: 16 rounds ME-NNIs, 2 rounds ME-SPRs, 8 rounds ML-NNIs
Total branch-length 3.355 after 0.05 sec
ML-NNI round 1: LogLk = -7352.546 NNIs 2 max delta 1.24 Time 0.15
      0.14 seconds: Site likelihoods with rate category 1 of 20
Switched to using 20 rate categories (CAT approximation)
Rate categories were divided by 0.871 so that average rate = 1.0
CAT-based log-likelihoods may not be comparable across runs
Use -gamma for approximate but comparable Gamma(20) log-likelihoods
ML-NNI round 2: LogLk = -6912.981 NNIs 0 max delta 0.00 Time 0.25
Turning off heuristics for final round of ML NNIs (converged)
      0.25 seconds: ML NNI round 3 of 8, 1 of 13 splits
ML-NNI round 3: LogLk = -6911.357 NNIs 0 max delta 0.00 Time 0.35 (final)
      0.35 seconds: ML Lengths 1 of 13 splits
Optimize all lengths: LogLk = -6911.306 Time 0.38
Total time: 0.47 seconds Unique: 15/16 Bad splits: 0/12
