
muscle 5.1.linux64 [12f0e2]  396Gb RAM, 24 cores
Built Jan 13 2022 23:17:13
(C) Copyright 2004-2021 Robert C. Edgar.
https://drive5.com

Input: 6 seqs, avg length 341, max 343

00:00 3.9Mb  CPU has 24 cores, defaulting to 20 threads

WARNING: Max OMP threads 1

00:00 3.9Mb     6.7% Calc posteriors00:00 4.5Mb   100.0% Calc posteriors
00:00 4.5Mb     6.7% Consistency (1/2)00:00 5.0Mb   100.0% Consistency (1/2)
00:00 5.0Mb     6.7% Consistency (2/2)00:00 5.0Mb   100.0% Consistency (2/2)
00:00 5.0Mb    20.0% UPGMA5           00:00 5.0Mb   100.0% UPGMA5
00:00 5.0Mb     1.0% Refining00:00 5.1Mb   100.0% Refining
INFO:Malign:No identity filter
INFO:Malign:Star /work3/idamei/ssn-clusterings/2206011120/clusters/0006_58/seeds.txt
INFO:Malign:Star highlights 1
INFO:Malign:No identity filter
INFO:Malign:Fasta contains 6 valid records
INFO:Malign:Aligned already
INFO:Malign:Align contains 6 valid records
inputType: FASTA


muscle 5.1.linux64 [12f0e2]  131Gb RAM, 20 cores
Built Jan 13 2022 23:17:13
(C) Copyright 2004-2021 Robert C. Edgar.
https://drive5.com

Input: 6 seqs, avg length 341, max 343


WARNING: Max OMP threads 1

00:00 3.9Mb  CPU has 20 cores, running 1 threads
00:00 3.9Mb     6.7% Calc posteriors00:01 3.9Mb    13.3% Calc posteriors00:01 4.5Mb   100.0% Calc posteriors
00:01 4.5Mb     6.7% Consistency (1/2)00:01 5.0Mb   100.0% Consistency (1/2)
00:01 5.0Mb     6.7% Consistency (2/2)00:01 5.0Mb   100.0% Consistency (2/2)
00:01 5.0Mb    20.0% UPGMA5           00:01 5.0Mb   100.0% UPGMA5
00:01 5.0Mb     1.0% Refining00:01 5.1Mb   100.0% Refining
INFO:Malign:No identity filter
INFO:Malign:Star /work3/idamei/ssn-clusterings/2206011120/clusters/0006_58/seeds.txt
INFO:Malign:Star highlights 1
INFO:Malign:No identity filter
INFO:Malign:Fasta contains 6 valid records
INFO:Malign:Aligned already
INFO:Malign:Align contains 6 valid records
inputType: FASTA

