
muscle 5.1.linux64 [12f0e2]  396Gb RAM, 24 cores
Built Jan 13 2022 23:17:13
(C) Copyright 2004-2021 Robert C. Edgar.
https://drive5.com

Input: 12 seqs, avg length 432, max 456

00:00 3.9Mb  CPU has 24 cores, defaulting to 20 threads

WARNING: Max OMP threads 1

00:00 3.9Mb     1.5% Calc posteriors00:01 4.8Mb    28.8% Calc posteriors00:02 4.8Mb    71.2% Calc posteriors00:02 4.8Mb   100.0% Calc posteriors
00:02 11Mb      1.5% Consistency (1/2)00:02 11Mb    100.0% Consistency (1/2)
00:02 11Mb      1.5% Consistency (2/2)00:02 11Mb    100.0% Consistency (2/2)
00:02 11Mb      9.1% UPGMA5           00:02 11Mb    100.0% UPGMA5
00:02 11Mb      1.0% Refining00:02 11Mb    100.0% Refining
INFO:Malign:Star None
INFO:Malign:Star highlights 0
INFO:Malign:Fasta contains 12 valid records
INFO:Malign:Aligned already
INFO:Malign:Align contains 12 valid records
inputType: FASTA
/work3/idamei/bin/seq2logo-2.1/etc/Seq2Logo_module.py:379: RuntimeWarning: invalid value encountered in divide
  self.f /= np.sum(self.f,1)[np.newaxis].T # [np.newaxis].T ==> convert 1d array to transposed 2d array
================================================================================
WARNINGS

One or more positions had no data associated. (nan found at [row, col] = )
These positions was removed from the logo.
Please fix your input file. Every position should contain data.
================================================================================

