
muscle 5.1.linux64 [12f0e2]  396Gb RAM, 32 cores
Built Jan 13 2022 23:17:13
(C) Copyright 2004-2021 Robert C. Edgar.
https://drive5.com

Input: 15 seqs, avg length 360, max 391

00:00 3.9Mb  CPU has 32 cores, defaulting to 20 threads

WARNING: Max OMP threads 1

00:00 3.9Mb    0.95% Calc posteriors00:01 4.7Mb    29.5% Calc posteriors00:02 4.7Mb    67.6% Calc posteriors00:02 11Mb    100.0% Calc posteriors
00:02 11Mb     0.95% Consistency (1/2)00:02 11Mb    100.0% Consistency (1/2)
00:02 11Mb     0.95% Consistency (2/2)00:02 11Mb    100.0% Consistency (2/2)
00:02 11Mb      7.1% UPGMA5           00:02 11Mb    100.0% UPGMA5
00:02 11Mb      1.0% Refining00:03 11Mb      2.0% Refining00:03 11Mb    100.0% Refining
/zhome/2b/2/141636/.lsbatch/1652281921.13557853.shell: line 31: /work3/garryg/bioP/bin/malign: No such file or directory

================================================================================
ERROR
Error occurred during parsing of your input file.
Unknown symbol ([) encountered in a sequence.

You could either remove the symbol, or provide a background frequencies for all
symbols.
================================================================================


muscle 5.1.linux64 [12f0e2]  396Gb RAM, 32 cores
Built Jan 13 2022 23:17:13
(C) Copyright 2004-2021 Robert C. Edgar.
https://drive5.com

Input: 15 seqs, avg length 360, max 391

00:00 3.9Mb  CPU has 32 cores, defaulting to 20 threads

WARNING: Max OMP threads 1

00:00 3.9Mb    0.95% Calc posteriors00:01 4.7Mb    22.9% Calc posteriors00:02 4.7Mb    62.9% Calc posteriors00:02 11Mb    100.0% Calc posteriors
00:02 11Mb     0.95% Consistency (1/2)00:02 11Mb    100.0% Consistency (1/2)
00:02 11Mb     0.95% Consistency (2/2)00:02 11Mb    100.0% Consistency (2/2)
00:02 11Mb      7.1% UPGMA5           00:03 11Mb     14.3% UPGMA500:03 11Mb    100.0% UPGMA5
00:03 11Mb      1.0% Refining00:03 11Mb    100.0% Refining
INFO:Malign:Fasta contains 15 valid records
INFO:Malign:Aligned already
INFO:Malign:Align contains 15 valid records

================================================================================
ERROR
Error occurred during parsing of your input file.
Unknown symbol ([) encountered in a sequence.

You could either remove the symbol, or provide a background frequencies for all
symbols.
================================================================================

