
muscle 5.1.linux64 [12f0e2]  396Gb RAM, 32 cores
Built Jan 13 2022 23:17:13
(C) Copyright 2004-2021 Robert C. Edgar.
https://drive5.com

Input: 4 seqs, avg length 472, max 473

00:00 3.9Mb  CPU has 32 cores, defaulting to 20 threads

WARNING: Max OMP threads 1

00:00 3.9Mb    16.7% Calc posteriors00:00 4.0Mb   100.0% Calc posteriors
00:00 4.1Mb    16.7% Consistency (1/2)00:00 4.9Mb   100.0% Consistency (1/2)
00:00 4.9Mb    16.7% Consistency (2/2)00:00 5.9Mb   100.0% Consistency (2/2)
00:00 5.9Mb    33.3% UPGMA5           00:01 5.9Mb    66.7% UPGMA500:01 5.9Mb   100.0% UPGMA5
00:01 5.9Mb     1.0% Refining00:01 5.9Mb   100.0% Refining
/zhome/2b/2/141636/.lsbatch/1652281867.13557577.shell: line 31: /work3/garryg/bioP/bin/malign: No such file or directory
inputType: FASTA


muscle 5.1.linux64 [12f0e2]  396Gb RAM, 24 cores
Built Jan 13 2022 23:17:13
(C) Copyright 2004-2021 Robert C. Edgar.
https://drive5.com

Input: 4 seqs, avg length 472, max 473

00:00 3.9Mb  CPU has 24 cores, defaulting to 20 threads

WARNING: Max OMP threads 1

00:00 3.9Mb    16.7% Calc posteriors00:00 4.0Mb   100.0% Calc posteriors
00:00 4.1Mb    16.7% Consistency (1/2)00:00 4.9Mb   100.0% Consistency (1/2)
00:00 4.9Mb    16.7% Consistency (2/2)00:00 5.9Mb   100.0% Consistency (2/2)
00:00 5.9Mb    33.3% UPGMA5           00:00 5.9Mb   100.0% UPGMA5
00:00 5.9Mb     1.0% Refining00:00 5.9Mb   100.0% Refining
INFO:Malign:Fasta contains 4 valid records
INFO:Malign:Aligned already
INFO:Malign:Align contains 4 valid records
inputType: FASTA

