
muscle 5.1.linux64 [12f0e2]  396Gb RAM, 24 cores
Built Jan 13 2022 23:17:13
(C) Copyright 2004-2021 Robert C. Edgar.
https://drive5.com

Input: 8 seqs, avg length 401, max 413

00:00 3.9Mb  CPU has 24 cores, defaulting to 20 threads

WARNING: Max OMP threads 1

00:00 3.9Mb     3.6% Calc posteriors00:01 10Mb     17.9% Calc posteriors00:01 4.7Mb   100.0% Calc posteriors
00:01 4.7Mb     3.6% Consistency (1/2)00:01 5.4Mb   100.0% Consistency (1/2)
00:01 5.4Mb     3.6% Consistency (2/2)00:01 5.4Mb   100.0% Consistency (2/2)
00:01 5.4Mb    14.3% UPGMA5           00:01 5.4Mb   100.0% UPGMA5
00:02 5.5Mb     1.0% Refining00:02 6.0Mb   100.0% Refining
INFO:Malign:No identity filter
INFO:Malign:Star /work3/idamei/ssn-clusterings/2206011120/clusters/0008_105/seeds.txt
INFO:Malign:Star highlights 0
INFO:Malign:No identity filter
INFO:Malign:Fasta contains 8 valid records
INFO:Malign:Aligned already
INFO:Malign:Align contains 8 valid records
inputType: FASTA


muscle 5.1.linux64 [12f0e2]  131Gb RAM, 20 cores
Built Jan 13 2022 23:17:13
(C) Copyright 2004-2021 Robert C. Edgar.
https://drive5.com

Input: 8 seqs, avg length 401, max 413


WARNING: Max OMP threads 1

00:00 3.9Mb  CPU has 20 cores, running 1 threads
00:00 3.9Mb     3.6% Calc posteriors00:01 4.7Mb    28.6% Calc posteriors00:01 4.7Mb   100.0% Calc posteriors
00:01 4.7Mb     3.6% Consistency (1/2)00:01 5.4Mb   100.0% Consistency (1/2)
00:01 5.4Mb     3.6% Consistency (2/2)00:01 5.4Mb   100.0% Consistency (2/2)
00:01 5.4Mb    14.3% UPGMA5           00:01 5.4Mb   100.0% UPGMA5
00:01 5.5Mb     1.0% Refining00:01 6.0Mb   100.0% Refining
INFO:Malign:No identity filter
INFO:Malign:Star /work3/idamei/ssn-clusterings/2206011120/clusters/0008_105/seeds.txt
INFO:Malign:Star highlights 0
INFO:Malign:No identity filter
INFO:Malign:Fasta contains 8 valid records
INFO:Malign:Aligned already
INFO:Malign:Align contains 8 valid records
inputType: FASTA

