
muscle 5.1.linux64 [12f0e2]  396Gb RAM, 24 cores
Built Jan 13 2022 23:17:13
(C) Copyright 2004-2021 Robert C. Edgar.
https://drive5.com

Input: 13 seqs, avg length 383, max 389

00:00 3.9Mb  CPU has 24 cores, defaulting to 20 threads

WARNING: Max OMP threads 1

00:00 3.9Mb     1.3% Calc posteriors00:01 4.7Mb    20.5% Calc posteriors00:02 4.7Mb    56.4% Calc posteriors00:03 4.7Mb    93.6% Calc posteriors00:03 4.8Mb   100.0% Calc posteriors
00:03 4.8Mb     1.3% Consistency (1/2)00:03 6.5Mb   100.0% Consistency (1/2)
00:03 6.5Mb     1.3% Consistency (2/2)00:03 6.5Mb   100.0% Consistency (2/2)
00:03 6.5Mb     8.3% UPGMA5           00:03 6.5Mb   100.0% UPGMA5
00:03 6.5Mb     1.0% Refining00:03 7.1Mb   100.0% Refining
/zhome/2b/2/141636/.lsbatch/1652281864.13557564.shell: line 31: /work3/garryg/bioP/bin/malign: No such file or directory
inputType: FASTA


muscle 5.1.linux64 [12f0e2]  396Gb RAM, 24 cores
Built Jan 13 2022 23:17:13
(C) Copyright 2004-2021 Robert C. Edgar.
https://drive5.com

Input: 13 seqs, avg length 383, max 389

00:00 3.9Mb  CPU has 24 cores, defaulting to 20 threads

WARNING: Max OMP threads 1

00:00 3.9Mb     1.3% Calc posteriors00:01 4.7Mb    29.5% Calc posteriors00:02 4.7Mb    66.7% Calc posteriors00:02 4.8Mb   100.0% Calc posteriors
00:02 4.8Mb     1.3% Consistency (1/2)00:03 5.4Mb     2.6% Consistency (1/2)00:03 6.5Mb   100.0% Consistency (1/2)
00:03 6.5Mb     1.3% Consistency (2/2)00:03 6.5Mb   100.0% Consistency (2/2)
00:03 6.5Mb     8.3% UPGMA5           00:03 6.5Mb   100.0% UPGMA5
00:03 6.5Mb     1.0% Refining00:03 7.1Mb   100.0% Refining
INFO:Malign:Fasta contains 13 valid records
INFO:Malign:Aligned already
INFO:Malign:Align contains 13 valid records
inputType: FASTA

