# hmmsearch :: search profile(s) against a sequence database
# HMMER 3.3.2 (Nov 2020); http://hmmer.org/
# Copyright (C) 2020 Howard Hughes Medical Institute.
# Freely distributed under the BSD open source license.
# - - - - - - - - - - - - - - - - - - - - - - - - - - - - - - - - - - - -
# query HMM file:                  data/wzy/ssn-clusterings/2206101141/clusters/0139_6/sequences.hmm
# target sequence database:        data/wzy/ssn-clusterings/2206101141/clusters/0021_80/sequences.fa
# - - - - - - - - - - - - - - - - - - - - - - - - - - - - - - - - - - - -

Query:       sequences  [M=444]
Scores for complete sequences (score includes all domains):
   --- full sequence ---   --- best 1 domain ---    -#dom-
    E-value  score  bias    E-value  score  bias    exp  N  Sequence     Description
    ------- ------ -----    ------- ------ -----   ---- --  --------     -----------
  ------ inclusion threshold ------
      0.092    1.8  52.0     0.0043    6.2  14.1    3.0  2  HAU3141777.1  


Domain annotation for each sequence (and alignments):
>> HAU3141777.1  
   #    score  bias  c-Evalue  i-Evalue hmmfrom  hmm to    alifrom  ali to    envfrom  env to     acc
 ---   ------ ----- --------- --------- ------- -------    ------- -------    ------- -------    ----
   1 ?    0.1  29.9     0.014       0.3     164     265 ..     129     222 ..      10     236 .. 0.82
   2 ?    6.2  14.1   0.00021    0.0043     343     428 ..     312     390 ..     276     395 .. 0.81

  Alignments for each domain:
  == domain 1  score: 0.1 bits;  conditional E-value: 0.014
     sequences 164 ivkaiayiflyilinnlivkkk..kkknllllipillyliqsllsGgRsdllrlliaililyyilykrkkgwkkkinlkiiikgiiiliivlilFyl 258
                   ++++++++++y l+  + v+ k    +n + + + ll l++++++G R +l+ l++ ++  +y+l++ k      in+k iik+ ii i  +i+F++
  HAU3141777.1 129 LISSSGLLAIYALLTSIRVNFKeiSITNKVVIAVSLLILVSIFIQGRRENLILLILCFV-SFYMLNY-K------INFKRIIKVSIICI--IIFFIA 215
                   578999*********99999887556778888899999999999999999997776655.5556655.2......55666666544333..333444 PP

     sequences 259 llslvGR 265
                    l l+ R
  HAU3141777.1 216 GLGLYLR 222
                   4444444 PP

  == domain 2  score: 6.2 bits;  conditional E-value: 0.00021
     sequences 343 frryiyDFGliGvvilqfllglfysvlYekikkkkkkkksdfrliiYaylfydlflsfiserff..etilsigfiiqlillyllylll 428
                   f + ++  G++Gv++  ++lg++  v+Y+ +kk+        rliiY + + +l++ ++ + ++   +++s+ fi+++i+ y++y+ll
  HAU3141777.1 312 FTEAFHSLGYVGVFLHGLILGVMLIVFYRVAKKS--------RLIIYHFPIISLIFVAMRKDLTygVKYISLLFIFMMIF-YFVYKLL 390
                   66788999*************************9........59999998888888877665541235677776666665.4455444 PP



Internal pipeline statistics summary:
-------------------------------------
Query model(s):                            1  (444 nodes)
Target sequences:                         21  (8317 residues searched)
Passed MSV filter:                        21  (1); expected 0.4 (0.02)
Passed bias filter:                       15  (0.714286); expected 0.4 (0.02)
Passed Vit filter:                        15  (0.714286); expected 0.0 (0.001)
Passed Fwd filter:                         1  (0.047619); expected 0.0 (1e-05)
Initial search space (Z):                 21  [actual number of targets]
Domain search space  (domZ):               1  [number of targets reported over threshold]
# CPU time: 0.01u 0.00s 00:00:00.01 Elapsed: 00:00:00.01
# Mc/sec: 335.34
//
[ok]
