
muscle 5.1.linux64 [12f0e2]  396Gb RAM, 24 cores
Built Jan 13 2022 23:17:13
(C) Copyright 2004-2021 Robert C. Edgar.
https://drive5.com

Input: 26 seqs, avg length 346, max 355

00:00 3.9Mb  CPU has 24 cores, defaulting to 20 threads

WARNING: Max OMP threads 1

00:00 3.9Mb    0.31% Calc posteriors00:01 4.6Mb     5.5% Calc posteriors00:02 4.6Mb    16.6% Calc posteriors00:03 4.8Mb    28.6% Calc posteriors00:04 5.0Mb    39.7% Calc posteriors00:05 5.3Mb    50.5% Calc posteriors00:06 5.9Mb    61.5% Calc posteriors00:07 5.9Mb    72.6% Calc posteriors00:08 6.2Mb    83.7% Calc posteriors00:09 6.5Mb    95.4% Calc posteriors00:09 6.6Mb   100.0% Calc posteriors
00:09 6.6Mb    0.31% Consistency (1/2)00:09 9.6Mb   100.0% Consistency (1/2)
00:09 9.6Mb    0.31% Consistency (2/2)00:09 10Mb    100.0% Consistency (2/2)
00:09 10Mb      4.0% UPGMA5           00:09 10Mb    100.0% UPGMA5
00:09 10Mb      1.0% Refining00:09 11Mb    100.0% Refining
INFO:Malign:No identity filter
INFO:Malign:Star /work3/idamei/ssn-clusterings/2206020950/clusters/0026_134/seeds.txt
INFO:Malign:Star highlights 4
INFO:Malign:No identity filter
INFO:Malign:Fasta contains 26 valid records
INFO:Malign:Aligned already
INFO:Malign:Align contains 26 valid records
inputType: FASTA
================================================================================
WARNINGS

One or more weights was less than -50 bits.
To avoid such amino acid dominating the logo position, these was reduced to -50
bits.
To remove this warning you could try choosing the option of pseudo counts.
================================================================================

