# hmmsearch :: search profile(s) against a sequence database
# HMMER 3.3.2 (Nov 2020); http://hmmer.org/
# Copyright (C) 2020 Howard Hughes Medical Institute.
# Freely distributed under the BSD open source license.
# - - - - - - - - - - - - - - - - - - - - - - - - - - - - - - - - - - - -
# query HMM file:                  data/wzy/ssn-clusterings/2206101141/clusters/0270_32/sequences.hmm
# target sequence database:        data/wzy/ssn-clusterings/2206101141/clusters/0018_144/sequences.fa
# - - - - - - - - - - - - - - - - - - - - - - - - - - - - - - - - - - - -

Query:       sequences  [M=349]
Scores for complete sequences (score includes all domains):
   --- full sequence ---   --- best 1 domain ---    -#dom-
    E-value  score  bias    E-value  score  bias    exp  N  Sequence       Description
    ------- ------ -----    ------- ------ -----   ---- --  --------       -----------
    2.3e-08   23.6  32.7    2.3e-08   23.6  32.7    2.3  3  WP_000651325.1  
      3e-08   23.2  32.5      3e-08   23.2  32.5    2.5  2  WP_218195323.1  


Domain annotation for each sequence (and alignments):
>> WP_000651325.1  
   #    score  bias  c-Evalue  i-Evalue hmmfrom  hmm to    alifrom  ali to    envfrom  env to     acc
 ---   ------ ----- --------- --------- ------- -------    ------- -------    ------- -------    ----
   1 !   23.6  32.7   2.5e-09   2.3e-08      27     252 ..      11     241 ..       2     268 .. 0.69
   2 ?    1.7   2.8     0.012       0.1     306     337 ..     257     288 ..     222     303 .. 0.61
   3 ?    1.2   2.7     0.016      0.14     299     333 ..     270     304 ..     268     321 .. 0.60

  Alignments for each domain:
  == domain 1  score: 23.6 bits;  conditional E-value: 2.5e-09
       sequences  27 illillgilLilia.glRpegvdrDyenYleiynnspsl............lkeisvEpsFllissilkll.ggsvqllfliyAllsvslkliai 107
                     ++ ++ gil +li+  + p+ +  D e Y e++n+                ++  s+Ep+++++s+i++l+ ++++++  +  ++l  +l  +++
  WP_000651325.1  11 LWAFIAGILVFLISlYIEPKYLYGDQEHYREFFNYCFYDgyshtmqlfcyqNTLGSTEPGYFYLSKIAHLFlEKDIYIS-FANSILVFLLIKLVF 104
                     445555555555551456777999**********99855689999****99999***************9835555555.555555555555567 PP

       sequences 108 kklsplpflsllvY..lshyfllhemtQIRaGvAsaifLlsikylaerkkkkflllillAtlfHySalillpllflskkkinkkly.lllillgl 199
                     k + +++   ++++  l++y+l+  m +    +  ++++l +  l+ +++k+ ++++ lA + H+ + +l+  +f+sk    k+++ ++ i+++l
  WP_000651325.1 105 KWYENIWHRYFFIFlvLTNYYLIVLMFAA-ERLKFSFIFLVLALLVAKQWKR-IIIFGLALFTHVQSALLIATFFISKVL-DKNTKlWVKIIISL 196
                     77777775444444115688888877765.3388999999999999997665.89999*********9999999998874.44444133333343 PP

       sequences 200 llyllgidllsllsllpipfiqeklelYielqesgeneeinlfnpvfllqili 252
                     ++ ++g++    + l++ + i +kl +Y e +e++ n  i+++       ++i
  WP_000651325.1 197 IC-IIGFT--GAFLLMQ-EHIVNKLGAYSEGTEEDGNGFISMI----KTGVFI 241
                     33.44443..2455566.89**********9888544444443....333333 PP

  == domain 2  score: 1.7 bits;  conditional E-value: 0.012
       sequences 306 iiliplliylfkpkllgkllviliallllyin 337
                      i ++ll y++  + +g+l +il++++++y++
  WP_000651325.1 257 GIPLVLLSYFLGSERIGMLAFILYVCAVIYYK 288
                     34444444555556667777777766666664 PP

  == domain 3  score: 1.2 bits;  conditional E-value: 0.016
       sequences 299 ellgvveiiliplliylfkpkllgkllvilialll 333
                     e +g++ +il+++ +++ k+k   +l+++++++++
  WP_000651325.1 270 ERIGMLAFILYVCAVIYYKKKADLLLFLVMLYFTI 304
                     66778888888888888888854444444444433 PP

>> WP_218195323.1  
   #    score  bias  c-Evalue  i-Evalue hmmfrom  hmm to    alifrom  ali to    envfrom  env to     acc
 ---   ------ ----- --------- --------- ------- -------    ------- -------    ------- -------    ----
   1 !   23.2  32.5   3.4e-09     3e-08      27     244 ..      11     237 ..       2     257 .. 0.69
   2 ?   -1.0   4.8     0.077      0.69     299     331 ..     270     302 ..     263     322 .. 0.59

  Alignments for each domain:
  == domain 1  score: 23.2 bits;  conditional E-value: 3.4e-09
       sequences  27 illillgilLilia.glRpegvdrDyenYleiynnspsl............lkeisvEpsFllissilkll.ggsvqllfliyAllsvslkliai 107
                     ++ ++ gil +li+  + p+ +  D e Y e++n+                ++  s+Ep+++++s+i++l+ ++++++  +  ++l  +l  +++
  WP_218195323.1  11 LWAFIAGILVFLISlYIEPKYLYGDQEHYREFFNYCFYDgyshtmqlfcyqNTLGSTEPGYFYLSKIAHLFlEKDIYIS-FANSILVFLLIKLVF 104
                     445555555555551456777999**********99855689999****99999***************9845555555.555555555555567 PP

       sequences 108 kklsplpflsllvY..lshyfllhemtQIRaGvAsaifLlsikylaerkkkkflllillAtlfHySalillpllflskkkinkkly.lllillgl 199
                     k + +++   ++++  l++y+l+  m +    +  ++++l +  l+ +++k+ ++++ lA + H+ + +l+  +f+sk    k+++ ++ i+++l
  WP_218195323.1 105 KWYENIWHSYFFIFlvLTNYYLIILMFAAEL-LKFSFIFLVLALLVAKQWKR-IIIFGLALFTHVQSALLIATFFISKVL-DKNTKlWVKIIISL 196
                     7777777555555511568888888887543.8999******9999997665.89999*********9999999998874.44444133333343 PP

       sequences 200 llyllgidllsllsllpipfiqeklelYielqesgeneeinlfnp 244
                     ++ ++g++    + l++ + i +kl +Y e +e++ n  i+++++
  WP_218195323.1 197 IC-IIGFT--GAFLLMQ-EHIVNKLGAYSEGTEEDGNGFISMIKT 237
                     33.44443..2455566.89**********998865444444432 PP

  == domain 2  score: -1.0 bits;  conditional E-value: 0.077
       sequences 299 ellgvveiiliplliylfkpkllgkllvilial 331
                     e +g++ +il+++ +++ k+k   +l+++++++
  WP_218195323.1 270 ERIGMLAFILYVCAVIYYKKKADLLLFLVMLYF 302
                     556677777777777777777333333332222 PP



Internal pipeline statistics summary:
-------------------------------------
Query model(s):                            1  (349 nodes)
Target sequences:                         18  (5922 residues searched)
Passed MSV filter:                        18  (1); expected 0.4 (0.02)
Passed bias filter:                        3  (0.166667); expected 0.4 (0.02)
Passed Vit filter:                         3  (0.166667); expected 0.0 (0.001)
Passed Fwd filter:                         2  (0.111111); expected 0.0 (1e-05)
Initial search space (Z):                 18  [actual number of targets]
Domain search space  (domZ):               2  [number of targets reported over threshold]
# CPU time: 0.01u 0.00s 00:00:00.01 Elapsed: 00:00:00.01
# Mc/sec: 151.96
//
[ok]
