
muscle 5.1.linux64 [12f0e2]  396Gb RAM, 24 cores
Built Jan 13 2022 23:17:13
(C) Copyright 2004-2021 Robert C. Edgar.
https://drive5.com

Input: 14 seqs, avg length 385, max 400

00:00 3.9Mb  CPU has 24 cores, defaulting to 20 threads

WARNING: Max OMP threads 1

00:00 3.9Mb     1.1% Calc posteriors00:01 3.9Mb     2.2% Calc posteriors00:02 4.7Mb    37.4% Calc posteriors00:03 4.7Mb    71.4% Calc posteriors00:03 4.8Mb   100.0% Calc posteriors
00:03 4.8Mb     1.1% Consistency (1/2)00:03 6.5Mb   100.0% Consistency (1/2)
00:03 6.5Mb     1.1% Consistency (2/2)00:03 6.5Mb   100.0% Consistency (2/2)
00:03 6.5Mb     7.7% UPGMA5           00:03 6.5Mb   100.0% UPGMA5
00:03 6.5Mb     1.0% Refining00:04 6.8Mb    36.0% Refining00:04 7.0Mb   100.0% Refining
INFO:Malign:No identity filter
INFO:Malign:Star /work3/idamei/ssn-clusterings/2206011120/clusters/0014_37/seeds.txt
INFO:Malign:Star highlights 1
INFO:Malign:No identity filter
INFO:Malign:Fasta contains 14 valid records
INFO:Malign:Aligned already
INFO:Malign:Align contains 14 valid records
inputType: FASTA


muscle 5.1.linux64 [12f0e2]  792Gb RAM, 32 cores
Built Jan 13 2022 23:17:13
(C) Copyright 2004-2021 Robert C. Edgar.
https://drive5.com

Input: 14 seqs, avg length 385, max 400

00:00 3.9Mb  CPU has 32 cores, defaulting to 20 threads

WARNING: Max OMP threads 1

00:00 3.9Mb     1.1% Calc posteriors00:01 4.7Mb    29.7% Calc posteriors00:02 4.7Mb    65.9% Calc posteriors00:02 4.8Mb   100.0% Calc posteriors
00:02 4.8Mb     1.1% Consistency (1/2)00:02 6.5Mb   100.0% Consistency (1/2)
00:02 6.5Mb     1.1% Consistency (2/2)00:02 6.5Mb   100.0% Consistency (2/2)
00:03 6.5Mb     7.7% UPGMA5           00:03 6.5Mb   100.0% UPGMA5
00:03 6.5Mb     1.0% Refining00:03 7.0Mb   100.0% Refining
INFO:Malign:No identity filter
INFO:Malign:Star /work3/idamei/ssn-clusterings/2206011120/clusters/0014_37/seeds.txt
INFO:Malign:Star highlights 1
INFO:Malign:No identity filter
INFO:Malign:Fasta contains 14 valid records
INFO:Malign:Aligned already
INFO:Malign:Align contains 14 valid records
inputType: FASTA

