# hmmsearch :: search profile(s) against a sequence database
# HMMER 3.3.2 (Nov 2020); http://hmmer.org/
# Copyright (C) 2020 Howard Hughes Medical Institute.
# Freely distributed under the BSD open source license.
# - - - - - - - - - - - - - - - - - - - - - - - - - - - - - - - - - - - -
# query HMM file:                  data/wzy/ssn-clusterings/2206101141/clusters/0018_113/sequences.hmm
# target sequence database:        data/wzy/ssn-clusterings/2206101141/clusters/0022_24/sequences.fa
# - - - - - - - - - - - - - - - - - - - - - - - - - - - - - - - - - - - -

Query:       sequences  [M=325]
Scores for complete sequences (score includes all domains):
   --- full sequence ---   --- best 1 domain ---    -#dom-
    E-value  score  bias    E-value  score  bias    exp  N  Sequence       Description
    ------- ------ -----    ------- ------ -----   ---- --  --------       -----------
    2.6e-06   17.5  36.1    2.6e-06   17.5  36.1    1.6  1  WP_181666584.1  
    2.8e-06   17.4  33.8    2.8e-06   17.4  33.8    1.7  1  WP_149540368.1  
    2.2e-05   14.5  41.2    5.1e-06   16.6  37.7    1.7  1  WP_046788607.1  
      4e-05   13.6  41.3      7e-06   16.1  37.4    1.7  1  ABI98976.1      
    8.3e-05   12.6  41.0    2.3e-05   14.4  37.7    1.7  1  EFI3676002.1    


Domain annotation for each sequence (and alignments):
>> WP_181666584.1  
   #    score  bias  c-Evalue  i-Evalue hmmfrom  hmm to    alifrom  ali to    envfrom  env to     acc
 ---   ------ ----- --------- --------- ------- -------    ------- -------    ------- -------    ----
   1 !   17.5  36.1   5.8e-07   2.6e-06      61     276 ..      64     284 ..      41     333 .. 0.75

  Alignments for each domain:
  == domain 1  score: 17.5 bits;  conditional E-value: 5.8e-07
       sequences  61 lEigllllfylegflvedkfvFlllnlllvnlllvllylkineesslsisllavillllsYyvfsntlYvWRsiialyFlvllils..kskkkki 153
                      E+g++++++++++l  d   ++++ ++l+  + v  y+k++++ +  + ll+v+  ++ +  f+ ++   R  +a+ F++l + +   +k kk+
  WP_181666584.1  64 YEPGFTFILFVNKLLNLD-YHWVVVTCTLILSVNVYKYIKVKNHPN--FCLLFVF-SIFGFMEFAEQI---RQGVAISFILLAVDNllVKKNKKF 151
                     79***********99876.567888888887778888888888777..4444433.345677777776...9999********998434777889 PP

       sequences 154 iflvl.sllfHysailfllvyllakvlkksklkvvilsili..sliislllaflsylslf.vs...ggeleiflskdsda....lkRliisvsll 237
                     if v+ + +fH sai+ ll  +l+k+l+ + +++++ls++i  +++++ + ++++ +++f vs   + +l+ + ++d          l+++++++
  WP_181666584.1 152 IFYVIcAAMFHISAIVCLLFLYLVKLLDRKNKTFIMLSLIIlgGVSVIAFNVLINNIDFFgVSgfiATKLKGYAESDGSEsgilSAGLLLNIMVI 246
                     988773689*********99999**9999999999988665337888888888899999977733346777888887655466344566666655 PP

       sequences 238 lilllikvekklkkknLyklslllcilsivlsfnwqlsw 276
                     +i ll +++ +  k+ L  +  +++i s ++s  + +s+
  WP_181666584.1 247 IICLL-SIQGRHLKYYLSSVFSFFVIQSKIVSIAYRFSY 284
                     55444.466677788888888889998888888888776 PP

>> WP_149540368.1  
   #    score  bias  c-Evalue  i-Evalue hmmfrom  hmm to    alifrom  ali to    envfrom  env to     acc
 ---   ------ ----- --------- --------- ------- -------    ------- -------    ------- -------    ----
   1 !   17.4  33.8   6.3e-07   2.8e-06      61     276 ..      64     284 ..      50     332 .. 0.74

  Alignments for each domain:
  == domain 1  score: 17.4 bits;  conditional E-value: 6.3e-07
       sequences  61 lEigllllfylegflvedkfvFlllnlllvnlllvllylkineesslsisllavillllsYyvfsntlYvWRsiialyFlvllils..kskkkki 153
                      E+g++++++++++l  d   ++++ ++l+  + v  y+k++++ +  + ll+v+  ++ +  f+ ++   R  +a+ F++l + +   +k kk+
  WP_149540368.1  64 YEPGFTFILFVNKLLNLD-YHWVVVTCTLILSVNVYKYIKVKNHPN--FCLLFVF-SIFGFMEFAEQI---RQGVAISFILLAVDNllGKKNKKF 151
                     69***********99876.567888889887778888888888777..4444433.345677777776...9999********988445788899 PP

       sequences 154 iflvl.sllfHysailfllvyllakvlkksklkvvilsili..sliislllaflsylslf.vs...ggeleiflskdsda....lkRliisvsll 237
                     if v+ + +fH sai+ ll  +l+k+l+ + +++++ls++i  +++++ + a+++ ++++ vs   + +l+ + ++d          l+++++++
  WP_149540368.1 152 IFYVIcAAMFHISAIVCLLFLYLVKLLDRKNKTFIMLSLIIlgGVSVIAFNALINNIDFLgVSgfiATKLKGYAESDGSEsgilSAGLLLNIMVI 246
                     888763689*********99999**9999999999988665337888888888899998866733335777888887655466344566666655 PP

       sequences 238 lilllikvekklkkknLyklslllcilsivlsfnwqlsw 276
                     +i ll +++ +  k+ L  +  +++i s ++s  + +s+
  WP_149540368.1 247 VICLL-SIQGRHLKYYLSSVFSFFVIQSKIVSIAYRFSY 284
                     44444.466666678888888888888888888887776 PP

>> WP_046788607.1  
   #    score  bias  c-Evalue  i-Evalue hmmfrom  hmm to    alifrom  ali to    envfrom  env to     acc
 ---   ------ ----- --------- --------- ------- -------    ------- -------    ------- -------    ----
   1 !   16.6  37.7   1.2e-06   5.1e-06      61     276 ..      64     284 ..      50     333 .. 0.75

  Alignments for each domain:
  == domain 1  score: 16.6 bits;  conditional E-value: 1.2e-06
       sequences  61 lEigllllfylegflvedkfvFlllnlllvnlllvllylkineesslsisllavillllsYyvfsntlYvWRsiialyFlvllils..kskkkki 153
                      E+g++++++++++l  d   ++++ ++l+  + v  y+k++++ +  + ll+v+  ++ +  f+ ++   R  +a+ F++l + +   +k kk+
  WP_046788607.1  64 YEPGFTFILFVNKLLNLD-YHWVVVTCTLILSVNVYKYIKVKNHPN--FCLLFVF-SIFGFMEFAEQI---RQGVAISFILLAVDNllVKKNKKF 151
                     69***********99876.567888889887778888888888777..4444433.345677777776...9999********998434777889 PP

       sequences 154 iflvl.sllfHysailfllvyllakvlkksklkvvilsili..sliislllaflsylslf.vs...ggeleiflskdsda....lkRliisvsll 237
                     if v+ + +fH sai+ ll  +l+k+l+ + + +++ls++i  s++++ + ++++ +++f vs   + +l+ + ++d          l+++++++
  WP_046788607.1 152 IFYVIcAAMFHISAIVCLLFLYLVKLLDRKNKAFIMLSLIIlgSVSVIAFNVLINNIDFFgVSgfiATKLKGYAESDGSEsgilSAGLLLNIMVI 246
                     988773689**********99******99999999988654448999999999999*99977733346777888887655466344566666655 PP

       sequences 238 lilllikvekklkkknLyklslllcilsivlsfnwqlsw 276
                     +i ll +++ +  k+ L  +  +++i s ++s  + +s+
  WP_046788607.1 247 VICLL-SIQGRHLKYYLSSVFSFFVIQSKIVSIAYRFSY 284
                     44444.466666678888888888888888888887776 PP

>> ABI98976.1  
   #    score  bias  c-Evalue  i-Evalue hmmfrom  hmm to    alifrom  ali to    envfrom  env to     acc
 ---   ------ ----- --------- --------- ------- -------    ------- -------    ------- -------    ----
   1 !   16.1  37.4   1.6e-06     7e-06      61     276 ..      64     282 ..      50     331 .. 0.71

  Alignments for each domain:
  == domain 1  score: 16.1 bits;  conditional E-value: 1.6e-06
   sequences  61 lEigllllfylegflvedkfvFlllnlllvnlllvllylkineesslsisllavillllsYyvfsntlYvWRsiialyFlvllils..kskkkkiiflv 157
                  E+g++++++++++l  d   ++++ ++l+  + v  y+k++++ +  + ll+v+  ++ +  f+ ++   R  +a+ F++l + +   +k kk+if v
  ABI98976.1  64 YEPGFTFILFVNKLLNLD-YHWVVVTCTLILSVNVYKYIKVKNHPN--FCLLFVF-SIFGFMEFAEQI---RQGVAISFILLAVDNllVKKNKKFIFYV 155
                 69***********99876.567888889887778888888888777..4444433.345677777776...9999********9984347778899887 PP

   sequences 158 l.sllfHysailfllvyllakvlkksklkvvilsili.sliislllaflsylslfvs...ggeleiflskdsda....lkRliisvslllilllikvek 247
                 + + +fH sai+ ll  +l+k+l+ + + +++ls++i ++++sl l+f  y  + vs   + +l+ + ++d          l++++++++i ll +++ 
  ABI98976.1 156 IcAAMFHISAIVCLLFLYLVKLLDRKNKAFIMLSLIIwAVFLSLHLMFNIYRFFGVSgfiATKLKGYAESDGSEsgilSAGLLLNIMVIVICLL-SIQG 253
                 73689*********99999999999999988888665234444333333333333552223477778887765546644456677665554444.4666 PP

   sequences 248 klkkknLyklslllcilsivlsfnwqlsw 276
                 +  k+ L  +  +++i s ++s  + +s+
  ABI98976.1 254 RHLKYYLSSVFSFFVIQSKIVSIAYRFSY 282
                 66678888888888888888888887776 PP

>> EFI3676002.1  
   #    score  bias  c-Evalue  i-Evalue hmmfrom  hmm to    alifrom  ali to    envfrom  env to     acc
 ---   ------ ----- --------- --------- ------- -------    ------- -------    ------- -------    ----
   1 !   14.4  37.7   5.2e-06   2.3e-05      61     276 ..      64     284 ..      49     329 .. 0.74

  Alignments for each domain:
  == domain 1  score: 14.4 bits;  conditional E-value: 5.2e-06
     sequences  61 lEigllllfylegflvedkfvFlllnlllvnlllvllylkineesslsisllavillllsYyvfsntlYvWRsiialyFlvllils..kskkkkiif 155
                    E+g++++++++++l  d   ++++ ++l+  + v  y+k++++ +  + ll+v+  ++ +  f+ ++   R  +a+ F++l + +   +k kk+if
  EFI3676002.1  64 YEPGFTFILFVNKLLNLD-YHWVVVTCTLILSVNVYKYIKVKNHPN--FCLLFVF-SIFGFMEFAEQI---RQGVAISFILLAVDNllVKKNKKFIF 153
                   69***********99876.567888889887778888888888777..4444433.345677777776...9999********99843477788998 PP

     sequences 156 lvl.sllfHysailfllvyllakvlkksklkvvilsili..sliislllaflsylslf.vs...ggeleiflskdsda....lkRliisvslllill 241
                    v+ + +fH sai+ ll  +l+k+l+ + + +++ls++i  +++++ + ++++ +++f vs   + +l+ + ++d          l++++++++i l
  EFI3676002.1 154 YVIcAAMFHISAIVCLLFLYLVKLLDRKNKAFIMLSLIIlgGVSVIAFNVLINNIDFFgVSsfiATKLKGYAESDGSEsgilSAGLLLNIMVIVICL 250
                   8773689***********9******999999999997654467777766677777777545455568888988876554664445667766554444 PP

     sequences 242 likvekklkkknLyklslllcilsivlsfnwqlsw 276
                   l +++ +  k+ L  +  +++i s ++s  + +s+
  EFI3676002.1 251 L-SIQGRHLKYYLSSVFSFFVIQSKIVSIAYRFSY 284
                   4.466666678888888888888888888887776 PP



Internal pipeline statistics summary:
-------------------------------------
Query model(s):                            1  (325 nodes)
Target sequences:                         22  (8102 residues searched)
Passed MSV filter:                        22  (1); expected 0.4 (0.02)
Passed bias filter:                        8  (0.363636); expected 0.4 (0.02)
Passed Vit filter:                         8  (0.363636); expected 0.0 (0.001)
Passed Fwd filter:                         5  (0.227273); expected 0.0 (1e-05)
Initial search space (Z):                 22  [actual number of targets]
Domain search space  (domZ):               5  [number of targets reported over threshold]
# CPU time: 0.02u 0.00s 00:00:00.02 Elapsed: 00:00:00.02
# Mc/sec: 104.05
//
[ok]
