
muscle 5.1.linux64 [12f0e2]  396Gb RAM, 24 cores
Built Jan 13 2022 23:17:13
(C) Copyright 2004-2021 Robert C. Edgar.
https://drive5.com

Input: 27 seqs, avg length 384, max 393

00:00 3.9Mb  CPU has 24 cores, defaulting to 20 threads

WARNING: Max OMP threads 1

00:00 3.9Mb    0.28% Calc posteriors00:01 4.7Mb     6.3% Calc posteriors00:02 4.7Mb    14.2% Calc posteriors00:03 11Mb     23.4% Calc posteriors00:04 5.4Mb    31.1% Calc posteriors00:05 5.4Mb    39.6% Calc posteriors00:06 5.7Mb    49.6% Calc posteriors00:07 11Mb     58.4% Calc posteriors00:08 6.3Mb    68.1% Calc posteriors00:09 6.5Mb    77.5% Calc posteriors00:10 12Mb     87.5% Calc posteriors00:11 7.1Mb    97.2% Calc posteriors00:11 7.2Mb   100.0% Calc posteriors
00:11 7.2Mb    0.28% Consistency (1/2)00:11 11Mb    100.0% Consistency (1/2)
00:11 11Mb     0.28% Consistency (2/2)00:11 12Mb    100.0% Consistency (2/2)
00:11 12Mb      3.8% UPGMA5           00:11 12Mb    100.0% UPGMA5
00:11 12Mb      1.0% Refining00:11 13Mb    100.0% Refining
INFO:Malign:No identity filter
INFO:Malign:Star /work3/idamei/ssn-clusterings/2206071111/clusters/0027_16/seeds.txt
INFO:Malign:Star highlights 0
INFO:Malign:No identity filter
INFO:Malign:Fasta contains 27 valid records
INFO:Malign:Aligned already
INFO:Malign:Align contains 27 valid records
inputType: FASTA
================================================================================
WARNINGS

One or more weights was less than -50 bits.
To avoid such amino acid dominating the logo position, these was reduced to -50
bits.
To remove this warning you could try choosing the option of pseudo counts.
================================================================================

