
muscle 5.1.linux64 [12f0e2]  792Gb RAM, 32 cores
Built Jan 13 2022 23:17:13
(C) Copyright 2004-2021 Robert C. Edgar.
https://drive5.com

Input: 8 seqs, avg length 362, max 369

00:00 3.9Mb  CPU has 32 cores, defaulting to 20 threads

WARNING: Max OMP threads 1

00:00 3.9Mb     3.6% Calc posteriors00:00 4.6Mb   100.0% Calc posteriors
00:00 4.6Mb     3.6% Consistency (1/2)00:00 5.1Mb   100.0% Consistency (1/2)
00:00 5.1Mb     3.6% Consistency (2/2)00:00 5.1Mb   100.0% Consistency (2/2)
00:00 5.1Mb    14.3% UPGMA5           00:01 5.1Mb    28.6% UPGMA500:01 5.1Mb   100.0% UPGMA5
00:01 5.2Mb     1.0% Refining00:01 5.5Mb   100.0% Refining
INFO:Malign:No identity filter
INFO:Malign:Star /work3/idamei/ssn-clusterings/2206011120/clusters/0008_268/seeds.txt
INFO:Malign:Star highlights 2
INFO:Malign:No identity filter
INFO:Malign:Fasta contains 8 valid records
INFO:Malign:Aligned already
INFO:Malign:Align contains 8 valid records
inputType: FASTA


muscle 5.1.linux64 [12f0e2]  131Gb RAM, 20 cores
Built Jan 13 2022 23:17:13
(C) Copyright 2004-2021 Robert C. Edgar.
https://drive5.com

Input: 8 seqs, avg length 362, max 369


WARNING: Max OMP threads 1

00:00 3.9Mb  CPU has 20 cores, running 1 threads
00:00 3.9Mb     3.6% Calc posteriors00:00 4.6Mb   100.0% Calc posteriors
00:00 4.6Mb     3.6% Consistency (1/2)00:00 5.1Mb   100.0% Consistency (1/2)
00:00 5.1Mb     3.6% Consistency (2/2)00:00 5.1Mb   100.0% Consistency (2/2)
00:00 5.1Mb    14.3% UPGMA5           00:00 5.1Mb   100.0% UPGMA5
00:00 5.2Mb     1.0% Refining00:01 5.2Mb     2.0% Refining00:01 5.5Mb   100.0% Refining
INFO:Malign:No identity filter
INFO:Malign:Star /work3/idamei/ssn-clusterings/2206011120/clusters/0008_268/seeds.txt
INFO:Malign:Star highlights 2
INFO:Malign:No identity filter
INFO:Malign:Fasta contains 8 valid records
INFO:Malign:Aligned already
INFO:Malign:Align contains 8 valid records
inputType: FASTA

