
muscle 5.1.linux64 [12f0e2]  396Gb RAM, 24 cores
Built Jan 13 2022 23:17:13
(C) Copyright 2004-2021 Robert C. Edgar.
https://drive5.com

Input: 27 seqs, avg length 401, max 423

00:00 3.9Mb  CPU has 24 cores, defaulting to 20 threads

WARNING: Max OMP threads 1

00:00 3.9Mb    0.28% Calc posteriors00:01 4.8Mb     5.4% Calc posteriors00:02 4.8Mb    13.1% Calc posteriors00:03 4.8Mb    21.4% Calc posteriors00:04 5.0Mb    29.3% Calc posteriors00:05 5.3Mb    37.3% Calc posteriors00:06 5.6Mb    45.3% Calc posteriors00:07 5.9Mb    53.3% Calc posteriors00:08 6.2Mb    60.7% Calc posteriors00:09 6.5Mb    68.7% Calc posteriors00:10 13Mb     76.6% Calc posteriors00:11 14Mb     84.0% Calc posteriors00:12 14Mb     91.7% Calc posteriors00:13 7.7Mb    99.4% Calc posteriors00:13 14Mb    100.0% Calc posteriors
00:13 7.7Mb    0.28% Consistency (1/2)00:13 12Mb    100.0% Consistency (1/2)
00:13 12Mb     0.28% Consistency (2/2)00:13 12Mb    100.0% Consistency (2/2)
00:13 12Mb      3.8% UPGMA5           00:13 12Mb    100.0% UPGMA5
00:13 12Mb      1.0% Refining00:13 14Mb    100.0% Refining
INFO:Malign:No identity filter
INFO:Malign:Star /work3/idamei/ssn-clusterings/2206070959/clusters/0027_88/seeds.txt
INFO:Malign:Star highlights 0
INFO:Malign:No identity filter
INFO:Malign:Fasta contains 27 valid records
INFO:Malign:Aligned already
INFO:Malign:Align contains 27 valid records
inputType: FASTA
================================================================================
WARNINGS

One or more weights was less than -50 bits.
To avoid such amino acid dominating the logo position, these was reduced to -50
bits.
To remove this warning you could try choosing the option of pseudo counts.
================================================================================

