
muscle 5.1.linux64 [12f0e2]  396Gb RAM, 32 cores
Built Jan 13 2022 23:17:13
(C) Copyright 2004-2021 Robert C. Edgar.
https://drive5.com

Input: 16 seqs, avg length 399, max 402

00:00 3.9Mb  CPU has 32 cores, defaulting to 20 threads

WARNING: Max OMP threads 1

00:00 3.9Mb    0.83% Calc posteriors00:01 4.7Mb    21.7% Calc posteriors00:02 5.3Mb    46.7% Calc posteriors00:03 4.8Mb    72.5% Calc posteriors00:04 5.1Mb   100.0% Calc posteriors
00:04 5.1Mb    0.83% Consistency (1/2)00:04 7.1Mb   100.0% Consistency (1/2)
00:04 7.1Mb    0.83% Consistency (2/2)00:04 7.1Mb   100.0% Consistency (2/2)
00:04 7.1Mb     6.7% UPGMA5           00:04 7.1Mb   100.0% UPGMA5
00:04 7.1Mb     1.0% Refining00:04 8.0Mb   100.0% Refining
INFO:Malign:No identity filter
INFO:Malign:Star /work3/idamei/wzy/ssn-clusterings/2210041007/superclusterings/2210101123/superclusters/0016_1_35/seeds.txt
INFO:Malign:Star highlights 1 from comma-separated list
Read FASTA line_by_line from /work3/idamei/wzy/ssn-clusterings/2210041007/superclusterings/2210101123/superclusters/0016_1_35/sequences.afa 16 elements
INFO:Malign:No identity filter
INFO:Malign:Fasta contains 16 valid records
INFO:Malign:Aligned already
INFO:Malign:Align contains 16 valid records
FastTree Version 2.1.11 SSE3
Alignment: /work3/idamei/wzy/ssn-clusterings/2210041007/superclusterings/2210101123/superclusters/0016_1_35/sequences.afa
Amino acid distances: BLOSUM45 Joins: balanced Support: SH-like 1000
Search: Normal +NNI +SPR (2 rounds range 10) +ML-NNI opt-each=1
TopHits: 1.00*sqrtN close=default refresh=0.80
ML Model: Jones-Taylor-Thorton, CAT approximation with 20 rate categories
Initial topology in 0.00 seconds
Refining topology: 16 rounds ME-NNIs, 2 rounds ME-SPRs, 8 rounds ML-NNIs
Total branch-length 2.837 after 0.05 sec
ML-NNI round 1: LogLk = -5950.747 NNIs 2 max delta 0.64 Time 0.13
      0.13 seconds: Site likelihoods with rate category 1 of 20
Switched to using 20 rate categories (CAT approximation)
Rate categories were divided by 0.849 so that average rate = 1.0
CAT-based log-likelihoods may not be comparable across runs
Use -gamma for approximate but comparable Gamma(20) log-likelihoods
ML-NNI round 2: LogLk = -5651.936 NNIs 0 max delta 0.00 Time 0.21
Turning off heuristics for final round of ML NNIs (converged)
ML-NNI round 3: LogLk = -5649.231 NNIs 0 max delta 0.00 Time 0.30 (final)
      0.30 seconds: ML Lengths 1 of 14 splits
Optimize all lengths: LogLk = -5649.229 Time 0.33
Total time: 0.40 seconds Unique: 16/16 Bad splits: 0/13
