
muscle 5.1.linux64 [12f0e2]  396Gb RAM, 24 cores
Built Jan 13 2022 23:17:13
(C) Copyright 2004-2021 Robert C. Edgar.
https://drive5.com

Input: 20 seqs, avg length 412, max 428

00:00 3.9Mb  CPU has 24 cores, defaulting to 20 threads

WARNING: Max OMP threads 1

00:00 3.9Mb    0.53% Calc posteriors00:01 4.8Mb    11.1% Calc posteriors00:02 4.8Mb    26.3% Calc posteriors00:03 4.8Mb    40.5% Calc posteriors00:04 5.0Mb    55.3% Calc posteriors00:05 5.2Mb    69.5% Calc posteriors00:06 5.5Mb    82.6% Calc posteriors00:07 5.7Mb    96.3% Calc posteriors00:07 5.8Mb   100.0% Calc posteriors
00:07 13Mb     0.53% Consistency (1/2)00:07 13Mb    100.0% Consistency (1/2)
00:07 13Mb     0.53% Consistency (2/2)00:07 13Mb    100.0% Consistency (2/2)
00:07 13Mb      5.3% UPGMA5           00:07 13Mb    100.0% UPGMA5
00:07 13Mb      1.0% Refining00:07 13Mb    100.0% Refining
INFO:Malign:No identity filter
INFO:Malign:Star /work3/idamei/wzy/ssn-clusterings/2209121518/clusters/0020_55/seeds.txt
INFO:Malign:Star highlights 5
Read FASTA line_by_line from /work3/idamei/wzy/ssn-clusterings/2209121518/clusters/0020_55/sequences.afa 20 elements
INFO:Malign:No identity filter
INFO:Malign:Fasta contains 20 valid records
INFO:Malign:Aligned already
INFO:Malign:Align contains 20 valid records
FastTree Version 2.1.11 SSE3
Alignment: /work3/idamei/wzy/ssn-clusterings/2209121518/clusters/0020_55/sequences.afa
Amino acid distances: BLOSUM45 Joins: balanced Support: SH-like 1000
Search: Normal +NNI +SPR (2 rounds range 10) +ML-NNI opt-each=1
TopHits: 1.00*sqrtN close=default refresh=0.80
ML Model: Jones-Taylor-Thorton, CAT approximation with 20 rate categories
Initial topology in 0.00 seconds
Refining topology: 17 rounds ME-NNIs, 2 rounds ME-SPRs, 8 rounds ML-NNIs
Total branch-length 3.743 after 0.06 sec
ML-NNI round 1: LogLk = -8380.900 NNIs 0 max delta 0.00 Time 0.16
      0.16 seconds: Site likelihoods with rate category 1 of 20
Switched to using 20 rate categories (CAT approximation)
Rate categories were divided by 0.888 so that average rate = 1.0
CAT-based log-likelihoods may not be comparable across runs
Use -gamma for approximate but comparable Gamma(20) log-likelihoods
ML-NNI round 2: LogLk = -7990.462 NNIs 0 max delta 0.00 Time 0.24
Turning off heuristics for final round of ML NNIs (converged)
ML-NNI round 3: LogLk = -7986.072 NNIs 0 max delta 0.00 Time 0.35 (final)
      0.35 seconds: ML Lengths 1 of 16 splits
Optimize all lengths: LogLk = -7986.055 Time 0.39
Total time: 0.49 seconds Unique: 18/20 Bad splits: 0/15
