
muscle 5.1.linux64 [12f0e2]  396Gb RAM, 24 cores
Built Jan 13 2022 23:17:13
(C) Copyright 2004-2021 Robert C. Edgar.
https://drive5.com

Input: 22 seqs, avg length 421, max 463

00:00 3.9Mb  CPU has 24 cores, defaulting to 20 threads

WARNING: Max OMP threads 1

00:00 3.9Mb    0.43% Calc posteriors00:01 5.5Mb     6.1% Calc posteriors00:02 4.8Mb    16.0% Calc posteriors00:03 4.8Mb    26.4% Calc posteriors00:04 5.0Mb    38.1% Calc posteriors00:05 5.8Mb    48.5% Calc posteriors00:06 5.8Mb    58.0% Calc posteriors00:07 14Mb     68.0% Calc posteriors00:08 14Mb     78.8% Calc posteriors00:09 16Mb     89.2% Calc posteriors00:10 7.1Mb    99.1% Calc posteriors00:10 7.1Mb   100.0% Calc posteriors
00:10 7.1Mb    0.43% Consistency (1/2)00:10 11Mb    100.0% Consistency (1/2)
00:10 11Mb     0.43% Consistency (2/2)00:10 11Mb    100.0% Consistency (2/2)
00:10 11Mb      4.8% UPGMA5           00:10 11Mb    100.0% UPGMA5
00:10 11Mb      1.0% Refining00:10 12Mb    100.0% Refining
INFO:Malign:No identity filter
INFO:Malign:Star /work3/idamei/ssn-clusterings/2206070959/clusters/0022_95/seeds.txt
INFO:Malign:Star highlights 0
INFO:Malign:No identity filter
INFO:Malign:Fasta contains 22 valid records
INFO:Malign:Aligned already
INFO:Malign:Align contains 22 valid records
inputType: FASTA
================================================================================
WARNINGS

One or more weights was less than -50 bits.
To avoid such amino acid dominating the logo position, these was reduced to -50
bits.
To remove this warning you could try choosing the option of pseudo counts.
================================================================================

