
muscle 5.1.linux64 [12f0e2]  792Gb RAM, 24 cores
Built Jan 13 2022 23:17:13
(C) Copyright 2004-2021 Robert C. Edgar.
https://drive5.com

Input: 9 seqs, avg length 350, max 354

00:00 3.9Mb  CPU has 24 cores, defaulting to 20 threads

WARNING: Max OMP threads 1

00:00 3.9Mb     2.8% Calc posteriors00:01 4.6Mb    55.6% Calc posteriors00:01 4.6Mb   100.0% Calc posteriors
00:01 4.6Mb     2.8% Consistency (1/2)00:01 5.6Mb   100.0% Consistency (1/2)
00:01 5.6Mb     2.8% Consistency (2/2)00:01 5.6Mb   100.0% Consistency (2/2)
00:01 5.6Mb    12.5% UPGMA5           00:01 5.6Mb   100.0% UPGMA5
00:01 5.6Mb     1.0% Refining00:01 5.7Mb   100.0% Refining
INFO:Malign:No identity filter
INFO:Malign:Star /work3/idamei/wzy/ssn-clusterings/2209081049/super-clusters/0009_1_175/seeds.txt
INFO:Malign:Star highlights 1 from comma-separated list
Read FASTA line_by_line from /work3/idamei/wzy/ssn-clusterings/2209081049/super-clusters/0009_1_175/sequences.afa 9 elements
INFO:Malign:No identity filter
INFO:Malign:Fasta contains 9 valid records
INFO:Malign:Aligned already
INFO:Malign:Align contains 9 valid records
FastTree Version 2.1.11 SSE3
Alignment: /work3/idamei/wzy/ssn-clusterings/2209081049/super-clusters/0009_1_175/sequences.afa
Amino acid distances: BLOSUM45 Joins: balanced Support: SH-like 1000
Search: Normal +NNI +SPR (2 rounds range 10) +ML-NNI opt-each=1
TopHits: 1.00*sqrtN close=default refresh=0.80
ML Model: Jones-Taylor-Thorton, CAT approximation with 20 rate categories
Initial topology in 0.00 seconds
Refining topology: 12 rounds ME-NNIs, 2 rounds ME-SPRs, 6 rounds ML-NNIs
Total branch-length 1.834 after 0.01 sec
ML-NNI round 1: LogLk = -3513.011 NNIs 1 max delta 0.44 Time 0.05
Switched to using 20 rate categories (CAT approximation)
Rate categories were divided by 0.801 so that average rate = 1.0
CAT-based log-likelihoods may not be comparable across runs
Use -gamma for approximate but comparable Gamma(20) log-likelihoods
ML-NNI round 2: LogLk = -3353.782 NNIs 1 max delta 0.93 Time 0.09
ML-NNI round 3: LogLk = -3353.775 NNIs 0 max delta 0.00 Time 0.12
Turning off heuristics for final round of ML NNIs (converged)
      0.12 seconds: ML NNI round 4 of 6, 1 of 6 splits
ML-NNI round 4: LogLk = -3353.775 NNIs 0 max delta 0.00 Time 0.16 (final)
Optimize all lengths: LogLk = -3353.774 Time 0.17
Total time: 0.21 seconds Unique: 8/9 Bad splits: 0/5
