
muscle 5.1.linux64 [12f0e2]  396Gb RAM, 24 cores
Built Jan 13 2022 23:17:13
(C) Copyright 2004-2021 Robert C. Edgar.
https://drive5.com

Input: 74 seqs, avg length 401, max 451

00:00 4.2Mb  CPU has 24 cores, defaulting to 20 threads

WARNING: Max OMP threads 1

00:00 4.2Mb   0.037% Calc posteriors
00:01 5.0Mb    0.33% Calc posteriors
00:02 5.1Mb     1.6% Calc posteriors
00:03 13Mb      2.7% Calc posteriors
00:04 13Mb      3.9% Calc posteriors
00:05 14Mb      5.1% Calc posteriors
00:06 7.6Mb     6.3% Calc posteriorssupercluster
00:07 8.2Mb     7.4% Calc posteriors
00:08 9.4Mb     8.5% Calc posteriorssupercluster
00:09 9.6Mb     9.6% Calc posteriors
00:10 10Mb     10.7% Calc posteriors
00:11 19Mb     11.7% Calc posteriors
00:12 19Mb     12.8% Calc posteriors
00:13 19Mb     13.9% Calc posteriors
00:14 20Mb     15.1% Calc posteriors
00:15 21Mb     16.3% Calc posteriors
00:16 21Mb     17.6% Calc posteriors
00:17 22Mb     18.8% Calc posteriors
00:18 23Mb     20.0% Calc posteriors
00:19 23Mb     21.3% Calc posteriors
00:20 24Mb     22.4% Calc posteriors
00:21 25Mb     23.7% Calc posteriors
00:22 26Mb     24.8% Calc posteriors
00:23 27Mb     26.1% Calc posteriors
00:24 27Mb     27.3% Calc posteriorssupercluster
00:25 28Mb     28.5% Calc posteriors
00:26 28Mb     29.8% Calc posteriors
00:27 29Mb     31.1% Calc posteriors
00:28 29Mb     32.5% Calc posteriors
00:29 30Mb     33.8% Calc posteriors
00:30 31Mb     35.1% Calc posteriors
00:31 32Mb     36.3% Calc posteriors
00:32 33Mb     37.5% Calc posteriors
00:33 34Mb     38.7% Calc posteriors
00:34 34Mb     39.9% Calc posteriors
00:35 35Mb     41.1% Calc posteriors
00:36 28Mb     42.2% Calc posteriors
00:37 36Mb     43.3% Calc posteriors
00:38 37Mb     44.5% Calc posteriors
00:39 38Mb     45.7% Calc posteriors
00:40 38Mb     46.9% Calc posteriors
00:41 39Mb     48.1% Calc posteriors
00:42 40Mb     49.3% Calc posteriors
00:43 33Mb     50.3% Calc posteriors
00:44 41Mb     51.4% Calc posteriors
00:45 42Mb     52.7% Calc posteriors
00:46 43Mb     54.0% Calc posteriors
00:47 44Mb     55.2% Calc posteriors
00:48 44Mb     56.3% Calc posteriors
00:49 45Mb     57.5% Calc posteriors
00:50 45Mb     58.7% Calc posteriors
00:51 46Mb     59.9% Calc posteriors
00:52 47Mb     61.1% Calc posteriors
00:53 47Mb     62.4% Calc posteriors
00:54 48Mb     63.8% Calc posteriors
00:55 49Mb     65.0% Calc posteriors
00:56 49Mb     66.3% Calc posteriors
00:57 50Mb     67.6% Calc posteriors
00:58 51Mb     68.8% Calc posteriors
00:59 52Mb     70.0% Calc posteriors
01:00 53Mb     71.3% Calc posteriors
01:01 53Mb     72.6% Calc posteriors
01:02 53Mb     73.9% Calc posteriors
01:03 54Mb     75.2% Calc posteriors
01:04 54Mb     76.4% Calc posteriors
01:05 55Mb     77.6% Calc posteriors
01:06 55Mb     78.9% Calc posteriors
01:07 56Mb     80.0% Calc posteriors
01:08 57Mb     81.2% Calc posteriors
01:09 57Mb     82.5% Calc posteriors
01:10 50Mb     83.7% Calc posteriors
01:11 57Mb     84.9% Calc posteriors
01:12 51Mb     86.2% Calc posteriors
01:13 59Mb     87.4% Calc posteriors
01:14 59Mb     88.6% Calc posteriors
01:15 52Mb     89.8% Calc posteriors
01:16 60Mb     90.9% Calc posteriors
01:17 61Mb     92.3% Calc posteriors
01:18 61Mb     93.6% Calc posteriors
01:19 62Mb     94.9% Calc posteriors
01:20 63Mb     96.2% Calc posteriors
01:21 63Mb     97.4% Calc posteriors
01:22 64Mb     98.6% Calc posteriors
01:23 63Mb     99.7% Calc posteriors
01:23 64Mb    100.0% Calc posteriors
01:23 57Mb    0.037% Consistency (1/2)
01:24 58Mb        1% Consistency (1/2)
01:25 59Mb      3.8% Consistency (1/2)
01:26 61Mb      6.5% Consistency (1/2)
01:27 63Mb      9.0% Consistency (1/2)
01:28 64Mb     11.5% Consistency (1/2)
01:29 66Mb     14.1% Consistency (1/2)
01:30 68Mb     17.3% Consistency (1/2)
01:31 70Mb     20.7% Consistency (1/2)
01:32 71Mb     23.4% Consistency (1/2)
01:33 72Mb     26.3% Consistency (1/2)
01:34 74Mb     30.1% Consistency (1/2)
01:35 76Mb     33.4% Consistency (1/2)
01:36 78Mb     37.0% Consistency (1/2)
01:37 81Mb     41.0% Consistency (1/2)
01:38 83Mb     44.1% Consistency (1/2)
01:39 86Mb     48.5% Consistency (1/2)
01:40 89Mb     53.0% Consistency (1/2)
01:41 91Mb     58.2% Consistency (1/2)
01:42 94Mb     63.5% Consistency (1/2)
01:43 98Mb     70.0% Consistency (1/2)
01:44 101Mb    79.0% Consistency (1/2)
01:45 105Mb    89.1% Consistency (1/2)
01:45 110Mb   100.0% Consistency (1/2)
01:45 110Mb   0.037% Consistency (2/2)
01:46 110Mb    0.26% Consistency (2/2)
01:47 110Mb     2.9% Consistency (2/2)
01:48 110Mb     5.6% Consistency (2/2)
01:49 110Mb     8.3% Consistency (2/2)
01:50 110Mb    10.8% Consistency (2/2)
01:51 110Mb    13.3% Consistency (2/2)
01:52 110Mb    15.9% Consistency (2/2)
01:53 110Mb    18.7% Consistency (2/2)
01:54 110Mb    21.4% Consistency (2/2)
01:55 110Mb    24.7% Consistency (2/2)
01:56 110Mb    28.1% Consistency (2/2)
01:57 110Mb    31.3% Consistency (2/2)
01:58 110Mb    35.0% Consistency (2/2)
01:59 110Mb    38.9% Consistency (2/2)
02:00 110Mb    41.9% Consistency (2/2)
02:01 110Mb    46.0% Consistency (2/2)
02:02 110Mb    50.3% Consistency (2/2)
02:03 110Mb    55.0% Consistency (2/2)
02:04 110Mb    60.2% Consistency (2/2)
02:05 110Mb    66.2% Consistency (2/2)
02:06 110Mb    74.1% Consistency (2/2)
02:07 110Mb    83.0% Consistency (2/2)
02:08 110Mb    94.5% Consistency (2/2)
02:08 110Mb   100.0% Consistency (2/2)
02:08 110Mb     1.4% UPGMA5           
02:08 110Mb   100.0% UPGMA5
02:08 111Mb     1.0% Refining
02:09 116Mb    49.0% Refining
02:09 120Mb   100.0% Refining
INFO:Malign:No identity filter
INFO:Malign:Star /work3/idamei/wzy/ssn-clusterings/2206101141/super-clusters/0074_3_11/seeds.txt
INFO:Malign:Star highlights 1 from comma-separated list
Read FASTA line_by_line from /work3/idamei/wzy/ssn-clusterings/2206101141/super-clusters/0074_3_11/sequences.afa 74 elements
INFO:Malign:No identity filter
INFO:Malign:Fasta contains 74 valid records
INFO:Malign:Aligned already
INFO:Malign:Align contains 74 valid records
inputType: FASTA
================================================================================
WARNINGS

One or more weights was less than -50 bits.
To avoid such amino acid dominating the logo position, these was reduced to -50
bits.
To remove this warning you could try choosing the option of pseudo counts.
================================================================================

FastTree Version 2.1.11 SSE3
Alignment: /work3/idamei/wzy/ssn-clusterings/2206101141/super-clusters/0074_3_11/sequences.afa
Amino acid distances: BLOSUM45 Joins: balanced Support: SH-like 1000
Search: Normal +NNI +SPR (2 rounds range 10) +ML-NNI opt-each=1
TopHits: 1.00*sqrtN close=default refresh=0.80
ML Model: Jones-Taylor-Thorton, CAT approximation with 20 rate categories
Initial topology in 0.04 seconds
Refining topology: 25 rounds ME-NNIs, 2 rounds ME-SPRs, 12 rounds ML-NNIs
      0.19 seconds: SPR round   1 of   2, 101 of 144 nodes
      0.41 seconds: SPR round   2 of   2, 101 of 144 nodes
Total branch-length 27.277 after 0.50 sec
      0.65 seconds: ML NNI round 1 of 12, 1 of 71 splits
ML-NNI round 1: LogLk = -44462.369 NNIs 14 max delta 5.64 Time 1.19
      1.20 seconds: Site likelihoods with rate category 1 of 20
      1.30 seconds: Site likelihoods with rate category 12 of 20
Switched to using 20 rate categories (CAT approximation)
Rate categories were divided by 0.907 so that average rate = 1.0
CAT-based log-likelihoods may not be comparable across runs
Use -gamma for approximate but comparable Gamma(20) log-likelihoods
ML-NNI round 2: LogLk = -42833.208 NNIs 4 max delta 1.32 Time 1.87
      1.87 seconds: ML NNI round 3 of 12, 1 of 71 splits
ML-NNI round 3: LogLk = -42832.638 NNIs 1 max delta 0.07 Time 2.16
Turning off heuristics for final round of ML NNIs (converged)
      2.15 seconds: ML NNI round 4 of 12, 1 of 71 splits
ML-NNI round 4: LogLk = -42830.357 NNIs 1 max delta 0.02 Time 2.83 (final)
      2.82 seconds: ML Lengths 1 of 71 splits
Optimize all lengths: LogLk = -42830.250 Time 3.00
Total time: 3.57 seconds Unique: 73/74 Bad splits: 0/70
