
muscle 5.1.linux64 [12f0e2]  396Gb RAM, 24 cores
Built Jan 13 2022 23:17:13
(C) Copyright 2004-2021 Robert C. Edgar.
https://drive5.com

Input: 24 seqs, avg length 416, max 463

00:00 3.9Mb  CPU has 24 cores, defaulting to 20 threads

WARNING: Max OMP threads 1

00:00 3.9Mb    0.36% Calc posteriors00:01 4.9Mb     6.2% Calc posteriors00:02 4.9Mb    14.5% Calc posteriors00:03 4.9Mb    22.5% Calc posteriors00:04 5.7Mb    30.8% Calc posteriors00:05 13Mb     41.7% Calc posteriors00:06 14Mb     52.2% Calc posteriors00:07 14Mb     61.6% Calc posteriors00:08 6.6Mb    70.7% Calc posteriors00:09 15Mb     79.3% Calc posteriors00:10 15Mb     88.8% Calc posteriors00:11 7.6Mb    97.5% Calc posteriors00:11 15Mb    100.0% Calc posteriors
00:11 15Mb     0.36% Consistency (1/2)00:11 15Mb    100.0% Consistency (1/2)
00:11 15Mb     0.36% Consistency (2/2)00:11 15Mb    100.0% Consistency (2/2)
00:11 15Mb      4.3% UPGMA5           00:11 15Mb    100.0% UPGMA5
00:11 15Mb      1.0% Refining00:12 15Mb     18.0% Refining00:12 15Mb    100.0% Refining
INFO:Malign:No identity filter
INFO:Malign:Star /work3/idamei/wzy/ssn-clusterings/2209161239/super-clusters/0024_1_147/seeds.txt
INFO:Malign:Star highlights 1 from comma-separated list
Read FASTA line_by_line from /work3/idamei/wzy/ssn-clusterings/2209161239/super-clusters/0024_1_147/sequences.afa 24 elements
INFO:Malign:No identity filter
INFO:Malign:Fasta contains 24 valid records
INFO:Malign:Aligned already
INFO:Malign:Align contains 24 valid records
FastTree Version 2.1.11 SSE3
Alignment: /work3/idamei/wzy/ssn-clusterings/2209161239/super-clusters/0024_1_147/sequences.afa
Amino acid distances: BLOSUM45 Joins: balanced Support: SH-like 1000
Search: Normal +NNI +SPR (2 rounds range 10) +ML-NNI opt-each=1
TopHits: 1.00*sqrtN close=default refresh=0.80
ML Model: Jones-Taylor-Thorton, CAT approximation with 20 rate categories
Initial topology in 0.01 seconds
Refining topology: 18 rounds ME-NNIs, 2 rounds ME-SPRs, 9 rounds ML-NNIs
      0.11 seconds: ME NNI round 13 of 18, 1 of 22 splits
Total branch-length 7.070 after 0.12 sec
ML-NNI round 1: LogLk = -13413.611 NNIs 6 max delta 2.95 Time 0.33
      0.33 seconds: Site likelihoods with rate category 1 of 20
Switched to using 20 rate categories (CAT approximation)
Rate categories were divided by 0.904 so that average rate = 1.0
CAT-based log-likelihoods may not be comparable across runs
Use -gamma for approximate but comparable Gamma(20) log-likelihoods
ML-NNI round 2: LogLk = -12810.687 NNIs 1 max delta 0.05 Time 0.57
Turning off heuristics for final round of ML NNIs (converged)
      0.57 seconds: ML NNI round 3 of 9, 1 of 22 splits
ML-NNI round 3: LogLk = -12810.605 NNIs 1 max delta 0.01 Time 0.79 (final)
      0.78 seconds: ML Lengths 1 of 22 splits
Optimize all lengths: LogLk = -12810.593 Time 0.84
Total time: 1.01 seconds Unique: 24/24 Bad splits: 0/21
