
muscle 5.1.linux64 [12f0e2]  396Gb RAM, 24 cores
Built Jan 13 2022 23:17:13
(C) Copyright 2004-2021 Robert C. Edgar.
https://drive5.com

Input: 90 seqs, avg length 394, max 441

00:00 4.4Mb  CPU has 24 cores, defaulting to 20 threads

WARNING: Max OMP threads 1

00:00 4.4Mb   0.025% Calc posteriors
00:01 5.1Mb     0.7% Calc posteriors
00:02 6.1Mb     1.4% Calc posteriors
00:03 6.3Mb     2.2% Calc posteriors
00:04 7.0Mb     3.1% Calc posteriors
00:05 14Mb      3.9% Calc posteriors
00:06 15Mb      4.7% Calc posteriorssupercluster
00:07 9.1Mb     5.6% Calc posteriors
00:08 9.7Mb     6.4% Calc posteriorssupercluster
00:09 17Mb      7.2% Calc posteriors
00:10 11Mb      8.0% Calc posteriors
00:11 18Mb      8.8% Calc posteriors
00:12 12Mb      9.7% Calc posteriors
00:13 20Mb     10.4% Calc posteriors
00:14 20Mb     11.3% Calc posteriors
00:15 15Mb     12.0% Calc posteriors
00:16 15Mb     12.8% Calc posteriors
00:17 22Mb     13.7% Calc posteriors
00:18 23Mb     14.5% Calc posteriors
00:19 24Mb     15.4% Calc posteriors
00:20 18Mb     16.2% Calc posteriors
00:21 26Mb     17.0% Calc posteriors
00:22 26Mb     17.9% Calc posteriors
00:23 27Mb     18.7% Calc posteriors
00:24 21Mb     19.5% Calc posteriorssupercluster
00:25 29Mb     20.3% Calc posteriors
00:26 29Mb     21.0% Calc posteriors
00:27 23Mb     21.9% Calc posteriors
00:28 31Mb     22.6% Calc posteriors
00:29 31Mb     23.4% Calc posteriors
00:30 32Mb     24.3% Calc posteriors
00:31 33Mb     25.2% Calc posteriors
00:32 34Mb     26.0% Calc posteriors
00:33 34Mb     26.9% Calc posteriors
00:34 28Mb     27.7% Calc posteriors
00:35 29Mb     28.5% Calc posteriors
00:36 36Mb     29.4% Calc posteriors
00:37 37Mb     30.2% Calc posteriors
00:38 38Mb     31.1% Calc posteriors
00:39 39Mb     32.0% Calc posteriors
00:40 39Mb     32.9% Calc posteriors
00:41 40Mb     33.8% Calc posteriors
00:42 41Mb     34.8% Calc posteriors
00:43 42Mb     35.6% Calc posteriors
00:44 42Mb     36.6% Calc posteriors
00:45 43Mb     37.5% Calc posteriors
00:46 44Mb     38.4% Calc posteriors
00:47 45Mb     39.3% Calc posteriors
00:48 45Mb     40.2% Calc posteriors
00:49 46Mb     41.1% Calc posteriors
00:50 46Mb     42.0% Calc posteriors
00:51 47Mb     42.9% Calc posteriors
00:52 48Mb     43.8% Calc posteriors
00:53 49Mb     44.6% Calc posteriors
00:54 50Mb     45.5% Calc posteriors
00:55 50Mb     46.4% Calc posteriors
00:56 51Mb     47.3% Calc posteriors
00:57 52Mb     48.2% Calc posteriors
00:58 53Mb     49.1% Calc posteriors
00:59 53Mb     50.0% Calc posteriors
01:00 54Mb     50.8% Calc posteriors
01:01 55Mb     51.7% Calc posteriors
01:02 55Mb     52.5% Calc posteriors
01:03 56Mb     53.4% Calc posteriors
01:04 57Mb     54.3% Calc posteriors
01:05 58Mb     55.1% Calc posteriors
01:06 58Mb     56.1% Calc posteriors
01:07 59Mb     56.9% Calc posteriors
01:08 60Mb     57.8% Calc posteriors
01:09 61Mb     58.6% Calc posteriors
01:10 62Mb     59.5% Calc posteriors
01:11 62Mb     60.3% Calc posteriors
01:12 63Mb     61.2% Calc posteriors
01:13 64Mb     62.0% Calc posteriors
01:14 65Mb     62.9% Calc posteriors
01:15 65Mb     63.9% Calc posteriors
01:16 66Mb     64.8% Calc posteriors
01:17 67Mb     65.6% Calc posteriors
01:18 68Mb     66.5% Calc posteriors
01:19 69Mb     67.3% Calc posteriors
01:20 63Mb     68.2% Calc posteriors
01:21 70Mb     69.0% Calc posteriors
01:22 64Mb     69.9% Calc posteriors
01:23 65Mb     70.6% Calc posteriors
01:24 73Mb     71.5% Calc posteriors
01:25 73Mb     72.3% Calc posteriors
01:26 67Mb     73.2% Calc posteriors
01:27 75Mb     73.9% Calc posteriors
01:28 76Mb     74.7% Calc posteriors
01:29 76Mb     75.5% Calc posteriors
01:30 77Mb     76.4% Calc posteriors
01:31 71Mb     77.2% Calc posteriors
01:32 79Mb     78.0% Calc posteriors
01:33 73Mb     78.8% Calc posteriors
01:34 81Mb     79.5% Calc posteriors
01:35 81Mb     80.2% Calc posteriors
01:36 82Mb     81.0% Calc posteriors
01:37 76Mb     81.8% Calc posteriors
01:38 84Mb     82.5% Calc posteriors
01:39 85Mb     83.3% Calc posteriors
01:40 85Mb     84.2% Calc posteriors
01:41 85Mb     85.1% Calc posteriors
01:42 86Mb     86.0% Calc posteriors
01:43 79Mb     86.9% Calc posteriors
01:44 87Mb     87.7% Calc posteriors
01:45 88Mb     88.5% Calc posteriors
01:46 88Mb     89.4% Calc posteriors
01:47 88Mb     90.4% Calc posteriors
01:48 89Mb     91.3% Calc posteriors
01:49 90Mb     92.2% Calc posteriors
01:50 90Mb     93.2% Calc posteriors
01:51 90Mb     94.1% Calc posteriors
01:52 91Mb     95.0% Calc posteriors
01:53 91Mb     95.9% Calc posteriors
01:54 91Mb     96.9% Calc posteriors
01:55 92Mb     97.9% Calc posteriors
01:56 92Mb     98.8% Calc posteriors
01:57 93Mb     99.7% Calc posteriors
01:57 93Mb    100.0% Calc posteriors
01:57 93Mb    0.025% Consistency (1/2)
01:58 93Mb     0.37% Consistency (1/2)
01:59 93Mb      1.1% Consistency (1/2)
02:00 93Mb      2.6% Consistency (1/2)
02:01 93Mb      3.3% Consistency (1/2)
02:02 93Mb      4.8% Consistency (1/2)
02:03 93Mb      5.5% Consistency (1/2)
02:04 93Mb      7.0% Consistency (1/2)
02:05 94Mb      7.8% Consistency (1/2)
02:06 94Mb      9.3% Consistency (1/2)
02:07 96Mb     10.7% Consistency (1/2)
02:08 96Mb     11.7% Consistency (1/2)
02:09 98Mb     13.2% Consistency (1/2)
02:10 98Mb     13.9% Consistency (1/2)
02:11 100Mb    15.4% Consistency (1/2)
02:12 101Mb    16.3% Consistency (1/2)
02:13 102Mb    17.7% Consistency (1/2)
02:14 103Mb    19.3% Consistency (1/2)
02:15 104Mb    20.0% Consistency (1/2)
02:16 105Mb    21.5% Consistency (1/2)
02:17 106Mb    23.1% Consistency (1/2)
02:18 107Mb    23.8% Consistency (1/2)
02:19 108Mb    25.4% Consistency (1/2)
02:20 110Mb    27.0% Consistency (1/2)
02:21 110Mb    27.8% Consistency (1/2)
02:22 112Mb    29.3% Consistency (1/2)
02:23 114Mb    30.8% Consistency (1/2)
02:24 114Mb    31.6% Consistency (1/2)
02:25 115Mb    33.2% Consistency (1/2)
02:26 117Mb    34.8% Consistency (1/2)
02:27 118Mb    36.4% Consistency (1/2)
02:28 119Mb    38.1% Consistency (1/2)
02:29 121Mb    39.8% Consistency (1/2)
02:30 121Mb    41.2% Consistency (1/2)
02:31 123Mb    42.5% Consistency (1/2)
02:32 124Mb    44.2% Consistency (1/2)
02:33 126Mb    46.3% Consistency (1/2)
02:34 127Mb    48.1% Consistency (1/2)
02:35 129Mb    49.8% Consistency (1/2)
02:36 130Mb    51.5% Consistency (1/2)
02:37 131Mb    53.2% Consistency (1/2)
02:38 133Mb    55.2% Consistency (1/2)
02:39 135Mb    56.7% Consistency (1/2)
02:40 136Mb    58.5% Consistency (1/2)
02:41 138Mb    60.2% Consistency (1/2)
02:42 139Mb    61.7% Consistency (1/2)
02:43 141Mb    63.2% Consistency (1/2)
02:44 142Mb    64.7% Consistency (1/2)
02:45 144Mb    66.5% Consistency (1/2)
02:46 145Mb    68.3% Consistency (1/2)
02:47 147Mb    69.7% Consistency (1/2)
02:48 149Mb    72.0% Consistency (1/2)
02:49 151Mb    74.3% Consistency (1/2)
02:50 153Mb    76.6% Consistency (1/2)
02:51 156Mb    79.8% Consistency (1/2)
02:52 161Mb    85.8% Consistency (1/2)
02:53 166Mb    95.5% Consistency (1/2)
02:53 169Mb   100.0% Consistency (1/2)
02:53 169Mb   0.025% Consistency (2/2)
02:54 169Mb    0.35% Consistency (2/2)
02:55 169Mb     1.1% Consistency (2/2)
02:56 169Mb     2.5% Consistency (2/2)
02:57 169Mb     3.3% Consistency (2/2)
02:58 169Mb     4.8% Consistency (2/2)
02:59 169Mb     5.5% Consistency (2/2)
03:00 169Mb     7.0% Consistency (2/2)
03:01 169Mb     7.8% Consistency (2/2)
03:02 169Mb     9.3% Consistency (2/2)
03:03 169Mb    10.5% Consistency (2/2)
03:04 169Mb    11.6% Consistency (2/2)
03:05 169Mb    13.2% Consistency (2/2)
03:06 169Mb    13.9% Consistency (2/2)
03:07 169Mb    15.4% Consistency (2/2)
03:08 169Mb    16.2% Consistency (2/2)
03:09 169Mb    17.7% Consistency (2/2)
03:10 169Mb    19.2% Consistency (2/2)
03:11 169Mb    20.0% Consistency (2/2)
03:12 169Mb    21.5% Consistency (2/2)
03:13 169Mb    23.1% Consistency (2/2)
03:14 169Mb    23.8% Consistency (2/2)
03:15 169Mb    25.4% Consistency (2/2)
03:16 169Mb    27.0% Consistency (2/2)
03:17 169Mb    27.7% Consistency (2/2)
03:18 169Mb    29.3% Consistency (2/2)
03:19 169Mb    30.8% Consistency (2/2)
03:20 169Mb    31.5% Consistency (2/2)
03:21 169Mb    33.2% Consistency (2/2)
03:22 169Mb    34.8% Consistency (2/2)
03:23 169Mb    36.4% Consistency (2/2)
03:24 169Mb    38.1% Consistency (2/2)
03:25 169Mb    39.8% Consistency (2/2)
03:26 169Mb    40.9% Consistency (2/2)
03:27 169Mb    42.3% Consistency (2/2)
03:28 169Mb    44.0% Consistency (2/2)
03:29 169Mb    46.0% Consistency (2/2)
03:30 169Mb    48.1% Consistency (2/2)
03:31 169Mb    49.8% Consistency (2/2)
03:32 169Mb    51.4% Consistency (2/2)
03:33 169Mb    53.2% Consistency (2/2)
03:34 169Mb    54.9% Consistency (2/2)
03:35 169Mb    56.4% Consistency (2/2)
03:36 169Mb    58.1% Consistency (2/2)
03:37 169Mb    60.2% Consistency (2/2)
03:38 169Mb    61.6% Consistency (2/2)
03:39 169Mb    63.1% Consistency (2/2)
03:40 169Mb    64.6% Consistency (2/2)
03:41 169Mb    66.1% Consistency (2/2)
03:42 169Mb    68.2% Consistency (2/2)
03:43 169Mb    69.7% Consistency (2/2)
03:44 169Mb    71.9% Consistency (2/2)
03:45 169Mb    74.2% Consistency (2/2)
03:46 169Mb    76.5% Consistency (2/2)
03:47 169Mb    79.6% Consistency (2/2)
03:48 169Mb    85.2% Consistency (2/2)
03:49 169Mb    94.6% Consistency (2/2)
03:49 169Mb   100.0% Consistency (2/2)
03:49 169Mb     1.1% UPGMA5           
03:49 169Mb   100.0% UPGMA5
03:49 170Mb     1.0% Refining
03:50 172Mb    27.0% Refining
03:51 179Mb    92.0% Refining
03:51 180Mb   100.0% Refining
INFO:Malign:No identity filter
INFO:Malign:Star /work3/idamei/wzy/ssn-clusterings/2206101141/super-clusters/0090_5_7/seeds.txt
INFO:Malign:Star highlights 1 from comma-separated list
Read FASTA line_by_line from /work3/idamei/wzy/ssn-clusterings/2206101141/super-clusters/0090_5_7/sequences.afa 90 elements
INFO:Malign:No identity filter
INFO:Malign:Fasta contains 90 valid records
INFO:Malign:Aligned already
INFO:Malign:Align contains 90 valid records
inputType: FASTA
================================================================================
WARNINGS

One or more weights was less than -50 bits.
To avoid such amino acid dominating the logo position, these was reduced to -50
bits.
To remove this warning you could try choosing the option of pseudo counts.
================================================================================

FastTree Version 2.1.11 SSE3
Alignment: /work3/idamei/wzy/ssn-clusterings/2206101141/super-clusters/0090_5_7/sequences.afa
Amino acid distances: BLOSUM45 Joins: balanced Support: SH-like 1000
Search: Normal +NNI +SPR (2 rounds range 10) +ML-NNI opt-each=1
TopHits: 1.00*sqrtN close=default refresh=0.80
ML Model: Jones-Taylor-Thorton, CAT approximation with 20 rate categories
Ignored unknown character X (seen 1 times)
Initial topology in 0.05 seconds
Refining topology: 26 rounds ME-NNIs, 2 rounds ME-SPRs, 13 rounds ML-NNIs
      0.20 seconds: SPR round   1 of   2, 101 of 164 nodes
      0.31 seconds: ME NNI round 10 of 26, 1 of 81 splits
      0.46 seconds: SPR round   2 of   2, 101 of 164 nodes
Total branch-length 30.326 after 0.58 sec
      0.58 seconds: ML Lengths 1 of 81 splits
      0.74 seconds: ML NNI round 1 of 13, 1 of 81 splits
ML-NNI round 1: LogLk = -49277.022 NNIs 12 max delta 4.10 Time 1.31
      1.31 seconds: Site likelihoods with rate category 1 of 20
      1.42 seconds: Site likelihoods with rate category 11 of 20
Switched to using 20 rate categories (CAT approximation)
Rate categories were divided by 0.927 so that average rate = 1.0
CAT-based log-likelihoods may not be comparable across runs
Use -gamma for approximate but comparable Gamma(20) log-likelihoods
      1.53 seconds: ML NNI round 2 of 13, 1 of 81 splits
ML-NNI round 2: LogLk = -47857.508 NNIs 9 max delta 5.00 Time 1.97
      1.96 seconds: ML NNI round 3 of 13, 1 of 81 splits
ML-NNI round 3: LogLk = -47852.276 NNIs 3 max delta 1.91 Time 2.26
      2.25 seconds: ML NNI round 4 of 13, 1 of 81 splits
ML-NNI round 4: LogLk = -47852.067 NNIs 0 max delta 0.00 Time 2.43
Turning off heuristics for final round of ML NNIs (converged)
      2.42 seconds: ML NNI round 5 of 13, 1 of 81 splits
ML-NNI round 5: LogLk = -47848.905 NNIs 0 max delta 0.00 Time 3.12 (final)
      3.11 seconds: ML Lengths 1 of 81 splits
Optimize all lengths: LogLk = -47848.721 Time 3.31
Total time: 3.87 seconds Unique: 83/90 Bad splits: 0/80
