
muscle 5.1.linux64 [12f0e2]  396Gb RAM, 24 cores
Built Jan 13 2022 23:17:13
(C) Copyright 2004-2021 Robert C. Edgar.
https://drive5.com

Input: 22 seqs, avg length 406, max 463

00:00 3.9Mb  CPU has 24 cores, defaulting to 20 threads

WARNING: Max OMP threads 1

00:00 3.9Mb    0.43% Calc posteriors00:01 4.7Mb    12.1% Calc posteriors00:02 4.7Mb    24.2% Calc posteriors00:03 5.0Mb    42.4% Calc posteriors00:04 14Mb     54.1% Calc posteriors00:05 5.9Mb    65.4% Calc posteriors00:06 14Mb     77.1% Calc posteriors00:07 15Mb     90.5% Calc posteriors00:07 15Mb    100.0% Calc posteriors
00:07 15Mb     0.43% Consistency (1/2)00:08 15Mb     54.1% Consistency (1/2)00:08 15Mb    100.0% Consistency (1/2)
00:08 15Mb     0.43% Consistency (2/2)00:08 15Mb    100.0% Consistency (2/2)
00:08 15Mb      4.8% UPGMA5           00:08 15Mb    100.0% UPGMA5
00:08 15Mb      1.0% Refining00:08 15Mb    100.0% Refining
INFO:Malign:Fasta contains 22 valid records
INFO:Malign:Aligned already
INFO:Malign:Align contains 22 valid records

================================================================================
ERROR
Error occurred during parsing of your input file.
Unknown symbol ([) encountered in a sequence.

You could either remove the symbol, or provide a background frequencies for all
symbols.
================================================================================

