
muscle 5.1.linux64 [12f0e2]  792Gb RAM, 32 cores
Built Jan 13 2022 23:17:13
(C) Copyright 2004-2021 Robert C. Edgar.
https://drive5.com

Input: 9 seqs, avg length 370, max 376

00:00 3.9Mb  CPU has 32 cores, defaulting to 20 threads

WARNING: Max OMP threads 1

00:00 3.9Mb     2.8% Calc posteriors00:01 4.6Mb    16.7% Calc posteriors00:01 5.1Mb   100.0% Calc posteriors
00:01 4.6Mb     2.8% Consistency (1/2)00:01 5.7Mb   100.0% Consistency (1/2)
00:01 5.7Mb     2.8% Consistency (2/2)00:01 5.7Mb   100.0% Consistency (2/2)
00:01 5.7Mb    12.5% UPGMA5           00:01 5.7Mb   100.0% UPGMA5
00:01 5.7Mb     1.0% Refining00:02 5.7Mb     2.0% Refining00:02 5.9Mb   100.0% Refining
/zhome/2b/2/141636/.lsbatch/1652281897.13557736.shell: line 31: /work3/garryg/bioP/bin/malign: No such file or directory
inputType: FASTA


muscle 5.1.linux64 [12f0e2]  396Gb RAM, 32 cores
Built Jan 13 2022 23:17:13
(C) Copyright 2004-2021 Robert C. Edgar.
https://drive5.com

Input: 9 seqs, avg length 370, max 376

00:00 3.9Mb  CPU has 32 cores, defaulting to 20 threads

WARNING: Max OMP threads 1

00:00 3.9Mb     2.8% Calc posteriors00:01 4.6Mb    80.6% Calc posteriors00:01 5.1Mb   100.0% Calc posteriors
00:01 4.6Mb     2.8% Consistency (1/2)00:01 5.7Mb   100.0% Consistency (1/2)
00:01 5.7Mb     2.8% Consistency (2/2)00:01 5.7Mb   100.0% Consistency (2/2)
00:01 5.7Mb    12.5% UPGMA5           00:01 5.7Mb   100.0% UPGMA5
00:01 5.7Mb     1.0% Refining00:01 5.9Mb   100.0% Refining
INFO:Malign:Fasta contains 9 valid records
INFO:Malign:Aligned already
INFO:Malign:Align contains 9 valid records
inputType: FASTA

