
muscle 5.1.linux64 [12f0e2]  396Gb RAM, 24 cores
Built Jan 13 2022 23:17:13
(C) Copyright 2004-2021 Robert C. Edgar.
https://drive5.com

Input: 33 seqs, avg length 344, max 362

00:00 3.9Mb  CPU has 24 cores, defaulting to 20 threads

WARNING: Max OMP threads 1

00:00 3.9Mb    0.19% Calc posteriors00:01 4.5Mb     7.4% Calc posteriors00:02 5.1Mb    16.9% Calc posteriors00:03 5.3Mb    26.1% Calc posteriors00:04 5.7Mb    35.0% Calc posteriors00:05 6.2Mb    44.3% Calc posteriors00:06 6.6Mb    53.6% Calc posteriors00:07 7.3Mb    62.5% Calc posteriors00:08 7.5Mb    71.4% Calc posteriors00:09 8.3Mb    80.1% Calc posteriors00:10 8.4Mb    88.8% Calc posteriors00:11 9.2Mb    97.5% Calc posteriors00:11 9.2Mb   100.0% Calc posteriors
00:11 9.2Mb    0.19% Consistency (1/2)00:11 14Mb    100.0% Consistency (1/2)
00:11 14Mb     0.19% Consistency (2/2)00:11 14Mb    100.0% Consistency (2/2)
00:11 14Mb      3.1% UPGMA5           00:11 14Mb    100.0% UPGMA5
00:11 15Mb      1.0% Refining00:12 16Mb     82.0% Refining00:12 17Mb    100.0% Refining
INFO:Malign:No identity filter
INFO:Malign:Star /work3/idamei/wzy/ssn-clusterings/2209121518/clusters/0033_41/seeds.txt
INFO:Malign:Star highlights 3
Read FASTA line_by_line from /work3/idamei/wzy/ssn-clusterings/2209121518/clusters/0033_41/sequences.afa 33 elements
INFO:Malign:No identity filter
INFO:Malign:Fasta contains 33 valid records
INFO:Malign:Aligned already
INFO:Malign:Align contains 33 valid records
FastTree Version 2.1.11 SSE3
Alignment: /work3/idamei/wzy/ssn-clusterings/2209121518/clusters/0033_41/sequences.afa
Amino acid distances: BLOSUM45 Joins: balanced Support: SH-like 1000
Search: Normal +NNI +SPR (2 rounds range 10) +ML-NNI opt-each=1
TopHits: 1.00*sqrtN close=default refresh=0.80
ML Model: Jones-Taylor-Thorton, CAT approximation with 20 rate categories
Initial topology in 0.01 seconds
Refining topology: 20 rounds ME-NNIs, 2 rounds ME-SPRs, 10 rounds ML-NNIs
      0.10 seconds: ME NNI round 13 of 20, 1 of 31 splits
Total branch-length 8.885 after 0.11 sec
ML-NNI round 1: LogLk = -15847.178 NNIs 3 max delta 2.32 Time 0.27
      0.27 seconds: Site likelihoods with rate category 1 of 20
Switched to using 20 rate categories (CAT approximation)
Rate categories were divided by 0.978 so that average rate = 1.0
CAT-based log-likelihoods may not be comparable across runs
Use -gamma for approximate but comparable Gamma(20) log-likelihoods
ML-NNI round 2: LogLk = -14924.001 NNIs 1 max delta 0.98 Time 0.42
      0.42 seconds: ML NNI round 3 of 10, 1 of 31 splits
ML-NNI round 3: LogLk = -14923.933 NNIs 0 max delta 0.00 Time 0.47
Turning off heuristics for final round of ML NNIs (converged)
ML-NNI round 4: LogLk = -14917.599 NNIs 2 max delta 0.44 Time 0.65 (final)
      0.65 seconds: ML Lengths 1 of 31 splits
Optimize all lengths: LogLk = -14917.500 Time 0.70
Total time: 0.85 seconds Unique: 33/33 Bad splits: 0/30
