# hmmsearch :: search profile(s) against a sequence database
# HMMER 3.3.2 (Nov 2020); http://hmmer.org/
# Copyright (C) 2020 Howard Hughes Medical Institute.
# Freely distributed under the BSD open source license.
# - - - - - - - - - - - - - - - - - - - - - - - - - - - - - - - - - - - -
# query HMM file:                  data/wzy/ssn-clusterings/2206101141/clusters/0025_28/sequences.hmm
# target sequence database:        data/wzy/ssn-clusterings/2206101141/clusters/0016_129/sequences.fa
# - - - - - - - - - - - - - - - - - - - - - - - - - - - - - - - - - - - -

Query:       sequences  [M=381]
Scores for complete sequences (score includes all domains):
   --- full sequence ---   --- best 1 domain ---    -#dom-
    E-value  score  bias    E-value  score  bias    exp  N  Sequence     Description
    ------- ------ -----    ------- ------ -----   ---- --  --------     -----------
    0.00034    9.8  65.5    0.00044    9.4  65.5    1.1  1  BAQ01716.1    
     0.0005    9.2  66.0    0.00066    8.8  66.0    1.1  1  EFB7561420.1  


Domain annotation for each sequence (and alignments):
>> BAQ01716.1  
   #    score  bias  c-Evalue  i-Evalue hmmfrom  hmm to    alifrom  ali to    envfrom  env to     acc
 ---   ------ ----- --------- --------- ------- -------    ------- -------    ------- -------    ----
   1 !    9.4  65.5   5.5e-05   0.00044       2     334 ..      17     372 ..      16     386 .. 0.59

  Alignments for each domain:
  == domain 1  score: 9.4 bits;  conditional E-value: 5.5e-05
   sequences   2 fililsiplllisllWqrfskqtkkilrl...llivllsllftsfYlNGeDWsvYylkflede.glfts...fEfgFvllfklllivsddnFglailly 93 
                 f+++l +pl l  l+++ + + + + l++   +++ lls lf s      D  +Y+  f++ + +++ts   fE++ ++++++l  +   +F + ++l 
  BAQ01716.1  17 FVMMLFFPLWLNLLIFTIILFISDNSLKIpvsVILALLSSLFISSVDIAYDLKNYHDLFVNINsDIYTSefkFEPFLLYYYSVLSQLDV-DFRVVLFLQ 114
                 56666666655444444444444444443000333344445555555578999**9999987745555444489988889998888866.577777776 PP

   sequences  94 y.llcFsllslilkkvkvNeplFlaflllvfGy.tLiLEQLRQfiaciivfyalll.ynknkkl.eliilvilaslfHvsaviilpalllik.iknkkt 187
                   +l  +ll +++k + +    ++++ll++  y +L L   RQ i+ ++v++ +   +n++ +l + i++ ++a+  H+ +++ + ++ll + +k+  t
  BAQ01716.1 115 SlFLNVTLLYVFIKTLGIKGIKYYGLLLIFPQYvQLSLFLSRQTISLLFVVLLITYcLNNKMTLfKFIVVSTIAVSAHAISLLYITIILLSSrLKKYLT 213
                 50555556666666669*******99999988755667778*****99887655440444444456666667899999999999887777651344444 PP

   sequences 188 Fiiitvlliislvlllial...ssilsslaalsfvfaKieyYleqn..evvlklGllni....ldllfillyllyky.sidkkskanlltriifvGavi 276
                 + ++ ++  +++++ ++a+   + + + ++++++  +Ki +Y+++   +++ +l l+ i    l +lf++++l  k+ +++++++a  ++ +i    +i
  BAQ01716.1 214 WKMLFTIWLVGILMPITADimnNILQNVFNQIPLLDRKIGFYMNSVstNISASLTLYSIsilpLHILFFMILLSIKKkKYKTTATAFTFVYLIVYYLII 312
                 4444444445555444432110344567899************97611455555554443233344554444444332445555444555555555666 PP

   sequences 277 hlls.....gsipflaR.vsfyfyfvavyvfslslkkkasrvlkikkkntlvlalflsvfivln 334
                 +l+      + i +l   ++ yfyfva+ vf+    +k+ +v  ++++ +l++ ++++ f+  n
  BAQ01716.1 313 FLINypllpARIGLLIIiFTPYFYFVAINVFYS--DSKYYKV--MENFGVLFVLAIFIRFLFTN 372
                 654322222556666554688********9995..4444444..45555554444444444433 PP

>> EFB7561420.1  
   #    score  bias  c-Evalue  i-Evalue hmmfrom  hmm to    alifrom  ali to    envfrom  env to     acc
 ---   ------ ----- --------- --------- ------- -------    ------- -------    ------- -------    ----
   1 !    8.8  66.0   8.2e-05   0.00066       2     334 ..      17     372 ..      16     386 .. 0.59

  Alignments for each domain:
  == domain 1  score: 8.8 bits;  conditional E-value: 8.2e-05
     sequences   2 fililsiplllisllWqrfskqtkkilrl...llivllsllftsfYlNGeDWsvYylkflede.glfts...fEfgFvllfklllivsddnFglail 91 
                   f+++l +pl l  l+++ + + + + l++   +++ lls lf s      D  +Y+  f++ + +++ts   fE++ ++++++l  +   +F + ++
  EFB7561420.1  17 FVMMLFFPLWLNLLIFTIILFISDNSLKIpvsVILALLSSLFISSVDIAYDLKNYHDLFVNINsDIYTSefkFEPFLFYYYSVLSQLDV-DFRVVLF 112
                   5666666665544444444444444444300033334444555555557899***9999987745555444489988999999888866.5777777 PP

     sequences  92 lyy.llcFsllslilkkvkvNeplFlaflllvfGy.tLiLEQLRQfiaciivfyalll.ynknkkl.eliilvilaslfHvsaviilpalllik.ik 183
                   l   +l  +ll +++k + +    ++++ll++  y +L L   RQ i+ ++v++ +   +n++ +l + i++ ++a+  H+ +++ + ++ll + +k
  EFB7561420.1 113 LQSlFLNVTLLYVFIKTLGIKGIKYYGLLLIFPQYvQLSLFLSRQTISLLFVVLLITYcLNNKMTLfKFIVVSTIAVSAHAISLLYITIILLSSrLK 209
                   6650555556666666669*******99999988755667778*****9988765544044444445666666789999999999988777765134 PP

     sequences 184 nkktFiiitvlliislvlllial...ssilsslaalsfvfaKieyYleqn..evvlklGllni....ldllfillyllyky.sidkkskanlltrii 270
                   +  t+ ++ ++  +++++ ++a+   + + + ++++++  +Ki +Y+++   +++ +l l+ i    l +lf++++l  k+ +++++++a  ++ +i
  EFB7561420.1 210 KYLTWKMLFTIWLVGILMPITADimnNILQNVFNQIPLLDRKIGFYMNSVstNISASLTLYSIsilpLHILFFMILLSIKKkKYKTTATAFTFVYLI 306
                   44444444444445555444432110344567899************97611455555554443233344554444444332445555444555555 PP

     sequences 271 fvGavihlls.....gsipflaR.vsfyfyfvavyvfslslkkkasrvlkikkkntlvlalflsvfivln 334
                       +i+l+      + i +l   ++ yfyfva+ vf+    +k+ +v  ++++ +l++ ++++ f+  n
  EFB7561420.1 307 VYYLIIFLINypllpARIGLLIIiFTPYFYFVAINVFYS--DSKYYKV--MENFGVLFVLAIFIRFLFTN 372
                   555666654322222556666554688********9995..4444444..45555554444444444433 PP



Internal pipeline statistics summary:
-------------------------------------
Query model(s):                            1  (381 nodes)
Target sequences:                         16  (6389 residues searched)
Passed MSV filter:                        16  (1); expected 0.3 (0.02)
Passed bias filter:                        2  (0.125); expected 0.3 (0.02)
Passed Vit filter:                         2  (0.125); expected 0.0 (0.001)
Passed Fwd filter:                         2  (0.125); expected 0.0 (1e-05)
Initial search space (Z):                 16  [actual number of targets]
Domain search space  (domZ):               2  [number of targets reported over threshold]
# CPU time: 0.00u 0.00s 00:00:00.00 Elapsed: 00:00:00.00
# Mc/sec: 466.44
//
[ok]
