
muscle 5.1.linux64 [12f0e2]  396Gb RAM, 32 cores
Built Jan 13 2022 23:17:13
(C) Copyright 2004-2021 Robert C. Edgar.
https://drive5.com

Input: 25 seqs, avg length 414, max 438

00:00 3.9Mb  CPU has 32 cores, defaulting to 20 threads

WARNING: Max OMP threads 1

00:00 3.9Mb    0.33% Calc posteriors00:01 4.2Mb     5.7% Calc posteriors00:02 5.1Mb    14.3% Calc posteriors00:03 5.1Mb    23.0% Calc posteriors00:04 5.2Mb    31.7% Calc posteriors00:05 5.5Mb    41.0% Calc posteriors00:06 12Mb     50.7% Calc posteriors00:07 6.2Mb    60.7% Calc posteriors00:08 13Mb     69.0% Calc posteriors00:09 6.8Mb    77.7% Calc posteriors00:10 7.1Mb    85.3% Calc posteriors00:11 14Mb     94.0% Calc posteriors00:11 7.6Mb   100.0% Calc posteriors
00:11 7.6Mb    0.33% Consistency (1/2)00:11 12Mb    100.0% Consistency (1/2)
00:11 12Mb     0.33% Consistency (2/2)00:12 12Mb      4.7% Consistency (2/2)00:12 12Mb    100.0% Consistency (2/2)
00:12 12Mb      4.2% UPGMA5           00:12 12Mb    100.0% UPGMA5
00:12 12Mb      1.0% Refining00:12 14Mb    100.0% Refining
INFO:Malign:No identity filter
INFO:Malign:Star /work3/idamei/ssn-clusterings/2206071111/clusters/0025_314/seeds.txt
INFO:Malign:Star highlights 0
INFO:Malign:No identity filter
INFO:Malign:Fasta contains 25 valid records
INFO:Malign:Aligned already
INFO:Malign:Align contains 25 valid records
inputType: FASTA
================================================================================
WARNINGS

One or more weights was less than -50 bits.
To avoid such amino acid dominating the logo position, these was reduced to -50
bits.
To remove this warning you could try choosing the option of pseudo counts.
================================================================================

