
muscle 5.1.linux64 [12f0e2]  396Gb RAM, 32 cores
Built Jan 13 2022 23:17:13
(C) Copyright 2004-2021 Robert C. Edgar.
https://drive5.com

Input: 8 seqs, avg length 437, max 466

00:00 3.9Mb  CPU has 32 cores, defaulting to 20 threads

WARNING: Max OMP threads 1

00:00 3.9Mb     3.6% Calc posteriors00:01 4.8Mb    64.3% Calc posteriors00:01 4.8Mb   100.0% Calc posteriors
00:01 4.8Mb     3.6% Consistency (1/2)00:01 5.6Mb   100.0% Consistency (1/2)
00:01 5.6Mb     3.6% Consistency (2/2)00:01 5.6Mb   100.0% Consistency (2/2)
00:01 5.6Mb    14.3% UPGMA5           00:01 5.6Mb   100.0% UPGMA5
00:01 5.8Mb     1.0% Refining00:01 6.1Mb   100.0% Refining
/zhome/2b/2/141636/.lsbatch/1652281868.13557586.shell: line 31: /work3/garryg/bioP/bin/malign: No such file or directory
inputType: FASTA


muscle 5.1.linux64 [12f0e2]  792Gb RAM, 32 cores
Built Jan 13 2022 23:17:13
(C) Copyright 2004-2021 Robert C. Edgar.
https://drive5.com

Input: 8 seqs, avg length 437, max 466

00:00 3.9Mb  CPU has 32 cores, defaulting to 20 threads

WARNING: Max OMP threads 1

00:00 3.9Mb     3.6% Calc posteriors00:01 5.7Mb    75.0% Calc posteriors00:01 4.8Mb   100.0% Calc posteriors
00:01 4.8Mb     3.6% Consistency (1/2)00:01 5.6Mb   100.0% Consistency (1/2)
00:01 5.6Mb     3.6% Consistency (2/2)00:01 5.6Mb   100.0% Consistency (2/2)
00:01 5.6Mb    14.3% UPGMA5           00:01 5.6Mb   100.0% UPGMA5
00:01 5.8Mb     1.0% Refining00:01 6.1Mb   100.0% Refining
INFO:Malign:Fasta contains 8 valid records
INFO:Malign:Aligned already
INFO:Malign:Align contains 8 valid records
inputType: FASTA

