# hmmsearch :: search profile(s) against a sequence database
# HMMER 3.3.2 (Nov 2020); http://hmmer.org/
# Copyright (C) 2020 Howard Hughes Medical Institute.
# Freely distributed under the BSD open source license.
# - - - - - - - - - - - - - - - - - - - - - - - - - - - - - - - - - - - -
# query HMM file:                  data/wzy/ssn-clusterings/2206101141/clusters/0021_89/sequences.hmm
# target sequence database:        data/wzy/ssn-clusterings/2206101141/clusters/0008_135/sequences.fa
# - - - - - - - - - - - - - - - - - - - - - - - - - - - - - - - - - - - -

Query:       sequences  [M=392]
Scores for complete sequences (score includes all domains):
   --- full sequence ---   --- best 1 domain ---    -#dom-
    E-value  score  bias    E-value  score  bias    exp  N  Sequence       Description
    ------- ------ -----    ------- ------ -----   ---- --  --------       -----------
  ------ inclusion threshold ------
       0.33   -1.3  60.8        1.2   -3.1  60.8    2.0  1  WP_084925341.1  


Domain annotation for each sequence (and alignments):
>> WP_084925341.1  
   #    score  bias  c-Evalue  i-Evalue hmmfrom  hmm to    alifrom  ali to    envfrom  env to     acc
 ---   ------ ----- --------- --------- ------- -------    ------- -------    ------- -------    ----
   1 ?   -3.1  60.8      0.15       1.2       5     385 ..       8     404 ..       4     411 .. 0.66

  Alignments for each domain:
  == domain 1  score: -3.1 bits;  conditional E-value: 0.15
       sequences   5 leleyflfkylWliillP..kqlqllllialivllllk....kkkrikldtvsillllwiiiyli.sillnsliegidvqrllAalnkliiwiiA 92 
                     +++  +l+  +W+ii +   +++ l++++ l +l++l+    k++ ++++  +i+l+l+++ y++ s+l+ + ++++ ++ ++  +   +i   +
  WP_084925341.1   8 SRMGVYLLLSFWFIIGVAyyRNFNLTIILPLFFLVVLQrilsKQFTFYIKKQNIFLILFVAYYSFvSFLF-LKSTSSLTNFVIRYILLPTIAFGS 101
                     566778888999999887335666666666666666656776799**************99998625555.444444455555566666666666 PP

       sequences  93 llfYnyykkadlelkkikkyvfinfliLviivvlyllllknikeiallgrsLl..gldwls.....tsvtvRlvgfleyanligqlilfslplif 180
                       +Y   k+++l +      ++ +++iL+++ ++y       ++ + +g  ++   ++w++      +  +    f+   +    ++l+  +l +
  WP_084925341.1 102 TSLYINTKRMKLFF----IGCIKSLVILFALFGIYEWR----AKYNPIGSFITtgAANWIKrmnefANIVYYPSSFFTHYTYFAYVLLVGWLLSL 188
                     66655555544433....34556677888888888777....33333443333114667772221112233345788888888888888888989 PP

       sequences 181 lyakkkkiltlllilllllivlilskSRigivailillvilllstit.skkktliiillllil..lllvillnlekiksiieqiln..sRegSne 270
                     ++ +k+k +        +l+ li s+SR++ +  +i+++i  +  +  +k  +li + +++i+  +  +i   +e ++s + ++++  + +gS  
  WP_084925341.1 189 IFPSKNKLFDY-SYKGTVLFALIISQSRMAWITFVIITMIHYFFFVKkVKISWLISVPIVFIVlnISGFINKIVELVSSRFDRVISlgYSDGSFG 282
                     99888855554.567777888999*******999998888766666534666666554333331344455777788888999998744689**** PP

       sequences 271 tRfsiyeeSlkavleesl..LiGaGikels.....segipLG...SHStYigffYktGilGlilivllflllfskllkklkssklekiivlvlla 355
                      Rf   ++ +  + e+ +  +iG G    +     +  +++G     S    ++   Gi+G +l+++++++ +s + k +    ++k+++l++++
  WP_084925341.1 283 QRFGTLKNVIPYMSEHPIkaIIGGGYGSALfdflpQYSYYFGfqtTDSVLTTYLIEVGIIGCLLLFIALFIYISSIDKTN---SFNKLTILLIVM 374
                     ************999854449*9997665411113456666633334566777888899999888888888888887775...444566666666 PP

       sequences 356 llvflvfedlDgsnwllvlfFsvlgilenk 385
                      l+ + f d+ ++n+ l lf+ v+g+++ +
  WP_084925341.1 375 TLIEMFFFDFFANNITLFLFYMVWGVMITH 404
                     66666677999***************9875 PP



Internal pipeline statistics summary:
-------------------------------------
Query model(s):                            1  (392 nodes)
Target sequences:                          8  (3151 residues searched)
Passed MSV filter:                         8  (1); expected 0.2 (0.02)
Passed bias filter:                        7  (0.875); expected 0.2 (0.02)
Passed Vit filter:                         7  (0.875); expected 0.0 (0.001)
Passed Fwd filter:                         1  (0.125); expected 0.0 (1e-05)
Initial search space (Z):                  8  [actual number of targets]
Domain search space  (domZ):               1  [number of targets reported over threshold]
# CPU time: 0.01u 0.00s 00:00:00.01 Elapsed: 00:00:00.00
# Mc/sec: 126.95
//
[ok]
