
muscle 5.1.linux64 [12f0e2]  528Gb RAM, 24 cores
Built Jan 13 2022 23:17:13
(C) Copyright 2004-2021 Robert C. Edgar.
https://drive5.com

Input: 16 seqs, avg length 399, max 402

00:00 3.9Mb  CPU has 24 cores, defaulting to 20 threads

WARNING: Max OMP threads 1

00:00 3.9Mb    0.83% Calc posteriors00:01 4.7Mb    19.2% Calc posteriors00:02 4.7Mb    42.5% Calc posteriors00:03 4.8Mb    65.8% Calc posteriors00:04 5.0Mb    90.8% Calc posteriors00:04 5.1Mb   100.0% Calc posteriors
00:04 5.1Mb    0.83% Consistency (1/2)00:04 7.1Mb   100.0% Consistency (1/2)
00:04 7.1Mb    0.83% Consistency (2/2)00:04 7.1Mb   100.0% Consistency (2/2)
00:04 7.1Mb     6.7% UPGMA5           00:04 7.1Mb   100.0% UPGMA5
00:04 7.1Mb     1.0% Refining00:04 8.0Mb   100.0% Refining
INFO:Malign:No identity filter
INFO:Malign:Star /work3/idamei/ssn-clusterings/2206071111/clusters/0016_240/seeds.txt
INFO:Malign:Star highlights 1
INFO:Malign:No identity filter
INFO:Malign:Fasta contains 16 valid records
INFO:Malign:Aligned already
INFO:Malign:Align contains 16 valid records
inputType: FASTA
================================================================================
WARNINGS

One or more weights was less than -50 bits.
To avoid such amino acid dominating the logo position, these was reduced to -50
bits.
To remove this warning you could try choosing the option of pseudo counts.
================================================================================

