
muscle 5.1.linux64 [12f0e2]  396Gb RAM, 32 cores
Built Jan 13 2022 23:17:13
(C) Copyright 2004-2021 Robert C. Edgar.
https://drive5.com

Input: 16 seqs, avg length 465, max 491

00:00 3.9Mb  CPU has 32 cores, defaulting to 20 threads

WARNING: Max OMP threads 1

00:00 3.9Mb    0.83% Calc posteriors00:01 5.0Mb    15.0% Calc posteriors00:02 5.0Mb    32.5% Calc posteriors00:03 5.0Mb    49.2% Calc posteriors00:04 12Mb     66.7% Calc posteriors00:05 5.3Mb    84.2% Calc posteriors00:06 5.6Mb   100.0% Calc posteriors
00:06 5.6Mb    0.83% Consistency (1/2)00:06 9.0Mb   100.0% Consistency (1/2)
00:06 9.0Mb    0.83% Consistency (2/2)00:06 9.0Mb   100.0% Consistency (2/2)
00:06 9.0Mb     6.7% UPGMA5           00:06 9.0Mb   100.0% UPGMA5
00:06 9.0Mb     1.0% Refining00:06 9.8Mb   100.0% Refining
/zhome/2b/2/141636/.lsbatch/1652281908.13557789.shell: line 31: /work3/garryg/bioP/bin/malign: No such file or directory
inputType: FASTA


muscle 5.1.linux64 [12f0e2]  792Gb RAM, 32 cores
Built Jan 13 2022 23:17:13
(C) Copyright 2004-2021 Robert C. Edgar.
https://drive5.com

Input: 16 seqs, avg length 465, max 491

00:00 3.9Mb  CPU has 32 cores, defaulting to 20 threads

WARNING: Max OMP threads 1

00:00 3.9Mb    0.83% Calc posteriors00:01 5.0Mb    13.3% Calc posteriors00:02 5.9Mb    30.8% Calc posteriors00:03 5.0Mb    48.3% Calc posteriors00:04 12Mb     66.7% Calc posteriors00:05 5.3Mb    85.0% Calc posteriors00:05 5.6Mb   100.0% Calc posteriors
00:06 5.6Mb    0.83% Consistency (1/2)00:06 9.0Mb   100.0% Consistency (1/2)
00:06 9.0Mb    0.83% Consistency (2/2)00:06 9.0Mb   100.0% Consistency (2/2)
00:06 9.0Mb     6.7% UPGMA5           00:06 9.0Mb   100.0% UPGMA5
00:06 9.0Mb     1.0% Refining00:06 9.8Mb   100.0% Refining
INFO:Malign:Fasta contains 16 valid records
INFO:Malign:Aligned already
INFO:Malign:Align contains 16 valid records
inputType: FASTA

