
muscle 5.1.linux64 [12f0e2]  792Gb RAM, 32 cores
Built Jan 13 2022 23:17:13
(C) Copyright 2004-2021 Robert C. Edgar.
https://drive5.com

Input: 13 seqs, avg length 413, max 437

00:00 3.9Mb  CPU has 32 cores, defaulting to 20 threads

WARNING: Max OMP threads 1

00:00 3.9Mb     1.3% Calc posteriors00:01 4.7Mb    15.4% Calc posteriors00:02 4.7Mb    48.7% Calc posteriors00:03 5.6Mb    79.5% Calc posteriors00:03 13Mb    100.0% Calc posteriors
00:03 5.6Mb     1.3% Consistency (1/2)00:03 7.0Mb   100.0% Consistency (1/2)
00:03 7.0Mb     1.3% Consistency (2/2)00:03 7.0Mb   100.0% Consistency (2/2)
00:03 7.0Mb     8.3% UPGMA5           00:03 7.0Mb   100.0% UPGMA5
00:03 7.3Mb     1.0% Refining00:03 8.0Mb   100.0% Refining
INFO:Malign:No identity filter
INFO:Malign:Star /work3/idamei/ssn-clusterings/2206071104/clusters/0013_6/seeds.txt
INFO:Malign:Star highlights 2
INFO:Malign:No identity filter
INFO:Malign:Fasta contains 13 valid records
INFO:Malign:Aligned already
INFO:Malign:Align contains 13 valid records
inputType: FASTA
================================================================================
WARNINGS

One or more weights was less than -50 bits.
To avoid such amino acid dominating the logo position, these was reduced to -50
bits.
To remove this warning you could try choosing the option of pseudo counts.
================================================================================

