
muscle 5.1.linux64 [12f0e2]  396Gb RAM, 24 cores
Built Jan 13 2022 23:17:13
(C) Copyright 2004-2021 Robert C. Edgar.
https://drive5.com

Input: 18 seqs, avg length 393, max 396

00:00 3.9Mb  CPU has 24 cores, defaulting to 20 threads

WARNING: Max OMP threads 1

00:00 3.9Mb    0.65% Calc posteriors00:01 4.8Mb    11.8% Calc posteriors00:02 4.8Mb    32.0% Calc posteriors00:03 4.8Mb    51.6% Calc posteriors00:04 4.9Mb    71.2% Calc posteriors00:05 5.1Mb    90.8% Calc posteriors00:05 5.3Mb   100.0% Calc posteriors
00:05 5.3Mb    0.65% Consistency (1/2)00:05 7.2Mb   100.0% Consistency (1/2)
00:05 7.2Mb    0.65% Consistency (2/2)00:05 7.2Mb   100.0% Consistency (2/2)
00:05 7.2Mb     5.9% UPGMA5           00:05 7.2Mb   100.0% UPGMA5
00:05 7.4Mb     1.0% Refining00:05 8.2Mb   100.0% Refining
INFO:Malign:No identity filter
INFO:Malign:Star /work3/idamei/ssn-clusterings/2206011120/clusters/0018_7/seeds.txt
INFO:Malign:Star highlights 1
INFO:Malign:No identity filter
INFO:Malign:Fasta contains 18 valid records
INFO:Malign:Aligned already
INFO:Malign:Align contains 18 valid records
inputType: FASTA

