
muscle 5.1.linux64 [12f0e2]  792Gb RAM, 32 cores
Built Jan 13 2022 23:17:13
(C) Copyright 2004-2021 Robert C. Edgar.
https://drive5.com

Input: 5 seqs, avg length 362, max 375

00:00 3.9Mb  CPU has 32 cores, defaulting to 20 threads

WARNING: Max OMP threads 1

00:00 3.9Mb    10.0% Calc posteriors00:00 4.5Mb   100.0% Calc posteriors
00:00 5.1Mb    10.0% Consistency (1/2)00:00 5.1Mb   100.0% Consistency (1/2)
00:00 5.1Mb    10.0% Consistency (2/2)00:00 5.1Mb   100.0% Consistency (2/2)
00:00 5.1Mb    25.0% UPGMA5           00:00 5.1Mb   100.0% UPGMA5
00:00 5.1Mb     1.0% Refining00:00 5.2Mb   100.0% Refining
/zhome/2b/2/141636/.lsbatch/1652281906.13557780.shell: line 31: /work3/garryg/bioP/bin/malign: No such file or directory
inputType: FASTA


muscle 5.1.linux64 [12f0e2]  396Gb RAM, 24 cores
Built Jan 13 2022 23:17:13
(C) Copyright 2004-2021 Robert C. Edgar.
https://drive5.com

Input: 5 seqs, avg length 362, max 375

00:00 3.9Mb  CPU has 24 cores, defaulting to 20 threads

WARNING: Max OMP threads 1

00:00 3.9Mb    10.0% Calc posteriors00:00 4.5Mb   100.0% Calc posteriors
00:00 5.1Mb    10.0% Consistency (1/2)00:00 5.1Mb   100.0% Consistency (1/2)
00:00 5.1Mb    10.0% Consistency (2/2)00:00 5.1Mb   100.0% Consistency (2/2)
00:00 5.1Mb    25.0% UPGMA5           00:00 5.1Mb   100.0% UPGMA5
00:00 5.1Mb     1.0% Refining00:00 5.2Mb   100.0% Refining
INFO:Malign:Fasta contains 5 valid records
INFO:Malign:Aligned already
INFO:Malign:Align contains 5 valid records
inputType: FASTA

