
muscle 5.1.linux64 [12f0e2]  396Gb RAM, 24 cores
Built Jan 13 2022 23:17:13
(C) Copyright 2004-2021 Robert C. Edgar.
https://drive5.com

Input: 9 seqs, avg length 361, max 431

00:00 3.9Mb  CPU has 24 cores, defaulting to 20 threads

WARNING: Max OMP threads 1

00:01 3.9Mb     2.8% Calc posteriors00:01 5.4Mb   100.0% Calc posteriors
00:02 4.7Mb     2.8% Consistency (1/2)00:02 5.4Mb   100.0% Consistency (1/2)
00:02 5.4Mb     2.8% Consistency (2/2)00:02 5.4Mb   100.0% Consistency (2/2)
00:02 5.4Mb    12.5% UPGMA5           00:02 5.4Mb   100.0% UPGMA5
00:02 5.6Mb     1.0% Refining00:02 6.6Mb   100.0% Refining
INFO:Malign:Fasta contains 9 valid records
INFO:Malign:Aligned already
INFO:Malign:Align contains 9 valid records

================================================================================
ERROR
Error occurred during parsing of your input file.
Unknown symbol ([) encountered in a sequence.

You could either remove the symbol, or provide a background frequencies for all
symbols.
================================================================================

