
muscle 5.1.linux64 [12f0e2]  396Gb RAM, 24 cores
Built Jan 13 2022 23:17:13
(C) Copyright 2004-2021 Robert C. Edgar.
https://drive5.com

Input: 7 seqs, avg length 377, max 391

00:00 3.9Mb  CPU has 24 cores, defaulting to 20 threads

WARNING: Max OMP threads 1

00:00 3.9Mb     4.8% Calc posteriors00:01 4.7Mb    52.4% Calc posteriors00:01 10Mb    100.0% Calc posteriors
00:01 4.7Mb     4.8% Consistency (1/2)00:01 5.2Mb   100.0% Consistency (1/2)
00:01 5.2Mb     4.8% Consistency (2/2)00:01 5.2Mb   100.0% Consistency (2/2)
00:01 5.2Mb    16.7% UPGMA5           00:01 5.2Mb   100.0% UPGMA5
00:01 5.4Mb     1.0% Refining00:01 5.5Mb   100.0% Refining
INFO:Malign:No identity filter
INFO:Malign:Star /work3/idamei/wzy/ssn-clusterings/2209081049/super-clusters/0007_1_111/seeds.txt
INFO:Malign:Star highlights 1 from comma-separated list
Read FASTA line_by_line from /work3/idamei/wzy/ssn-clusterings/2209081049/super-clusters/0007_1_111/sequences.afa 7 elements
INFO:Malign:No identity filter
INFO:Malign:Fasta contains 7 valid records
INFO:Malign:Aligned already
INFO:Malign:Align contains 7 valid records
FastTree Version 2.1.11 SSE3
Alignment: /work3/idamei/wzy/ssn-clusterings/2209081049/super-clusters/0007_1_111/sequences.afa
Amino acid distances: BLOSUM45 Joins: balanced Support: SH-like 1000
Search: Normal +NNI +SPR (2 rounds range 10) +ML-NNI opt-each=1
TopHits: 1.00*sqrtN close=default refresh=0.80
ML Model: Jones-Taylor-Thorton, CAT approximation with 20 rate categories
Initial topology in 0.00 seconds
Refining topology: 11 rounds ME-NNIs, 2 rounds ME-SPRs, 6 rounds ML-NNIs
Total branch-length 3.026 after 0.01 sec
ML-NNI round 1: LogLk = -4712.894 NNIs 0 max delta 0.00 Time 0.04
Switched to using 20 rate categories (CAT approximation)
Rate categories were divided by 0.819 so that average rate = 1.0
CAT-based log-likelihoods may not be comparable across runs
Use -gamma for approximate but comparable Gamma(20) log-likelihoods
ML-NNI round 2: LogLk = -4527.877 NNIs 0 max delta 0.00 Time 0.07
Turning off heuristics for final round of ML NNIs (converged)
ML-NNI round 3: LogLk = -4525.594 NNIs 0 max delta 0.00 Time 0.10 (final)
      0.10 seconds: ML Lengths 1 of 5 splits
Optimize all lengths: LogLk = -4525.566 Time 0.11
Total time: 0.14 seconds Unique: 7/7 Bad splits: 0/4
