
muscle 5.1.linux64 [12f0e2]  131Gb RAM, 20 cores
Built Jan 13 2022 23:17:13
(C) Copyright 2004-2021 Robert C. Edgar.
https://drive5.com

Input: 33 seqs, avg length 344, max 362


WARNING: Max OMP threads 1

00:00 3.9Mb  CPU has 20 cores, running 1 threads
00:00 3.9Mb    0.19% Calc posteriors00:01 4.5Mb     3.8% Calc posteriors00:02 4.6Mb    11.7% Calc posteriors00:03 5.1Mb    19.5% Calc posteriors00:04 5.3Mb    26.7% Calc posteriors00:05 5.7Mb    34.1% Calc posteriors00:06 6.0Mb    41.7% Calc posteriors00:07 6.4Mb    49.1% Calc posteriors00:08 7.3Mb    56.8% Calc posteriors00:09 7.3Mb    64.0% Calc posteriors00:10 7.5Mb    71.4% Calc posteriors00:11 8.3Mb    78.8% Calc posteriors00:12 8.3Mb    86.2% Calc posteriors00:13 14Mb     93.6% Calc posteriors00:13 9.2Mb   100.0% Calc posteriors
00:13 9.2Mb    0.19% Consistency (1/2)00:14 10Mb     13.1% Consistency (1/2)00:14 14Mb    100.0% Consistency (1/2)
00:14 14Mb     0.19% Consistency (2/2)00:14 14Mb    100.0% Consistency (2/2)
00:14 14Mb      3.1% UPGMA5           00:14 14Mb    100.0% UPGMA5
00:14 15Mb      1.0% Refining00:14 17Mb    100.0% Refining
INFO:Malign:No identity filter
INFO:Malign:Star /work3/idamei/wzy/ssn-clusterings/2210041007/superclusterings/2210041009/superclusters/0033_1_122/seeds.txt
INFO:Malign:Star highlights 1 from comma-separated list
Read FASTA line_by_line from /work3/idamei/wzy/ssn-clusterings/2210041007/superclusterings/2210041009/superclusters/0033_1_122/sequences.afa 33 elements
INFO:Malign:No identity filter
INFO:Malign:Fasta contains 33 valid records
INFO:Malign:Aligned already
INFO:Malign:Align contains 33 valid records
FastTree Version 2.1.11 SSE3
Alignment: /work3/idamei/wzy/ssn-clusterings/2210041007/superclusterings/2210041009/superclusters/0033_1_122/sequences.afa
Amino acid distances: BLOSUM45 Joins: balanced Support: SH-like 1000
Search: Normal +NNI +SPR (2 rounds range 10) +ML-NNI opt-each=1
TopHits: 1.00*sqrtN close=default refresh=0.80
ML Model: Jones-Taylor-Thorton, CAT approximation with 20 rate categories
Initial topology in 0.01 seconds
Refining topology: 20 rounds ME-NNIs, 2 rounds ME-SPRs, 10 rounds ML-NNIs
      0.12 seconds: ME NNI round 13 of 20, 1 of 31 splits
Total branch-length 8.885 after 0.13 sec
ML-NNI round 1: LogLk = -15847.178 NNIs 3 max delta 2.32 Time 0.32
      0.32 seconds: Site likelihoods with rate category 1 of 20
Switched to using 20 rate categories (CAT approximation)
Rate categories were divided by 0.978 so that average rate = 1.0
CAT-based log-likelihoods may not be comparable across runs
Use -gamma for approximate but comparable Gamma(20) log-likelihoods
ML-NNI round 2: LogLk = -14924.001 NNIs 1 max delta 0.98 Time 0.50
      0.49 seconds: ML NNI round 3 of 10, 1 of 31 splits
ML-NNI round 3: LogLk = -14923.933 NNIs 0 max delta 0.00 Time 0.56
Turning off heuristics for final round of ML NNIs (converged)
ML-NNI round 4: LogLk = -14917.599 NNIs 2 max delta 0.44 Time 0.78 (final)
      0.78 seconds: ML Lengths 1 of 31 splits
Optimize all lengths: LogLk = -14917.500 Time 0.84
Total time: 1.01 seconds Unique: 33/33 Bad splits: 0/30
