
muscle 5.1.linux64 [12f0e2]  396Gb RAM, 24 cores
Built Jan 13 2022 23:17:13
(C) Copyright 2004-2021 Robert C. Edgar.
https://drive5.com

Input: 2 seqs, avg length 220, max 417

00:00 3.9Mb  CPU has 24 cores, defaulting to 20 threads

WARNING: Max OMP threads 1

00:00 3.9Mb   100.0% Calc posteriors
00:00 3.9Mb   100.0% UPGMA5         
INFO:Malign:Fasta contains 2 valid records
INFO:Malign:Aligned already
INFO:Malign:Align contains 2 valid records

================================================================================
ERROR
Error occurred during parsing of your input file.
The error was caused by the use of an unknown symbol.
[O------------------------------------------------------------------------------
^
 (Line 4)

To fix this problem, try checking your input file for symbols which are not in
the provided alphabet.
Alphabet: ARNDCQEGHILKMFPSTWYV
Gaps:     _-.*
Unknown:  X
================================================================================

