
muscle 5.1.linux64 [12f0e2]  792Gb RAM, 32 cores
Built Jan 13 2022 23:17:13
(C) Copyright 2004-2021 Robert C. Edgar.
https://drive5.com

Input: 24 seqs, avg length 361, max 391

00:00 3.9Mb  CPU has 32 cores, defaulting to 20 threads

WARNING: Max OMP threads 1

00:00 3.9Mb    0.36% Calc posteriors00:01 4.7Mb     9.8% Calc posteriors00:02 4.7Mb    21.7% Calc posteriors00:03 5.0Mb    36.2% Calc posteriors00:04 5.4Mb    53.6% Calc posteriors00:05 5.8Mb    66.3% Calc posteriors00:06 6.4Mb    78.6% Calc posteriors00:07 6.4Mb    91.7% Calc posteriors00:07 7.0Mb   100.0% Calc posteriors
00:07 7.0Mb    0.36% Consistency (1/2)00:07 9.9Mb   100.0% Consistency (1/2)
00:07 9.9Mb    0.36% Consistency (2/2)00:08 9.9Mb    17.0% Consistency (2/2)00:08 9.9Mb   100.0% Consistency (2/2)
00:08 9.9Mb     4.3% UPGMA5           00:08 9.9Mb   100.0% UPGMA5
00:08 10Mb      1.0% Refining00:08 11Mb    100.0% Refining
INFO:Malign:Fasta contains 24 valid records
INFO:Malign:Aligned already
INFO:Malign:Align contains 24 valid records

================================================================================
ERROR
Error occurred during parsing of your input file.
Unknown symbol (O) encountered in a sequence.

You could either remove the symbol, or provide a background frequencies for all
symbols.
================================================================================

