
muscle 5.1.linux64 [12f0e2]  396Gb RAM, 24 cores
Built Jan 13 2022 23:17:13
(C) Copyright 2004-2021 Robert C. Edgar.
https://drive5.com

Input: 24 seqs, avg length 339, max 408

00:00 3.9Mb  CPU has 24 cores, defaulting to 20 threads

WARNING: Max OMP threads 1

00:00 3.9Mb    0.36% Calc posteriors00:01 9.6Mb     4.3% Calc posteriors00:02 10Mb     21.7% Calc posteriors00:03 10Mb     39.9% Calc posteriors00:04 11Mb     56.9% Calc posteriors00:05 11Mb     75.4% Calc posteriors00:06 11Mb     96.7% Calc posteriors00:06 12Mb    100.0% Calc posteriors
00:06 12Mb     0.36% Consistency (1/2)00:06 12Mb    100.0% Consistency (1/2)
00:06 12Mb     0.36% Consistency (2/2)00:06 12Mb    100.0% Consistency (2/2)
00:06 12Mb      4.3% UPGMA5           00:06 12Mb    100.0% UPGMA5
00:06 12Mb      1.0% Refining00:06 12Mb    100.0% Refining
INFO:Malign:Fasta contains 24 valid records
INFO:Malign:Aligned already
INFO:Malign:Align contains 24 valid records

================================================================================
ERROR
Error occurred during parsing of your input file.
Unknown symbol (B) encountered in a sequence.

You could either remove the symbol, or provide a background frequencies for all
symbols.
================================================================================

