
muscle 5.1.linux64 [12f0e2]  396Gb RAM, 24 cores
Built Jan 13 2022 23:17:13
(C) Copyright 2004-2021 Robert C. Edgar.
https://drive5.com

Input: 15 seqs, avg length 438, max 454

00:00 3.9Mb  CPU has 24 cores, defaulting to 20 threads

WARNING: Max OMP threads 1

00:00 3.9Mb    0.95% Calc posteriors00:01 4.9Mb    16.2% Calc posteriors00:02 4.9Mb    38.1% Calc posteriors00:03 4.9Mb    61.9% Calc posteriors00:04 4.9Mb    84.8% Calc posteriors00:04 5.8Mb   100.0% Calc posteriors
00:04 5.8Mb    0.95% Consistency (1/2)00:04 7.3Mb   100.0% Consistency (1/2)
00:04 7.3Mb    0.95% Consistency (2/2)00:04 7.3Mb   100.0% Consistency (2/2)
00:04 7.3Mb     7.1% UPGMA5           00:04 7.3Mb   100.0% UPGMA5
00:04 7.3Mb     1.0% Refining00:05 7.7Mb    83.0% Refining00:05 7.9Mb   100.0% Refining
INFO:Malign:No identity filter
INFO:Malign:Star /work3/idamei/wzy/ssn-clusterings/2209081049/super-clusters/0015_1_71/seeds.txt
INFO:Malign:Star highlights 1 from comma-separated list
Read FASTA line_by_line from /work3/idamei/wzy/ssn-clusterings/2209081049/super-clusters/0015_1_71/sequences.afa 15 elements
INFO:Malign:No identity filter
INFO:Malign:Fasta contains 15 valid records
INFO:Malign:Aligned already
INFO:Malign:Align contains 15 valid records
FastTree Version 2.1.11 SSE3
Alignment: /work3/idamei/wzy/ssn-clusterings/2209081049/super-clusters/0015_1_71/sequences.afa
Amino acid distances: BLOSUM45 Joins: balanced Support: SH-like 1000
Search: Normal +NNI +SPR (2 rounds range 10) +ML-NNI opt-each=1
TopHits: 1.00*sqrtN close=default refresh=0.80
ML Model: Jones-Taylor-Thorton, CAT approximation with 20 rate categories
Initial topology in 0.00 seconds
Refining topology: 15 rounds ME-NNIs, 2 rounds ME-SPRs, 7 rounds ML-NNIs
Total branch-length 3.526 after 0.04 sec
ML-NNI round 1: LogLk = -8208.126 NNIs 0 max delta 0.00 Time 0.11
      0.11 seconds: Site likelihoods with rate category 1 of 20
Switched to using 20 rate categories (CAT approximation)
Rate categories were divided by 0.873 so that average rate = 1.0
CAT-based log-likelihoods may not be comparable across runs
Use -gamma for approximate but comparable Gamma(20) log-likelihoods
ML-NNI round 2: LogLk = -7761.216 NNIs 0 max delta 0.00 Time 0.17
Turning off heuristics for final round of ML NNIs (converged)
ML-NNI round 3: LogLk = -7755.920 NNIs 0 max delta 0.00 Time 0.25 (final)
      0.24 seconds: ML Lengths 1 of 11 splits
Optimize all lengths: LogLk = -7755.721 Time 0.28
Total time: 0.35 seconds Unique: 13/15 Bad splits: 0/10
