
muscle 5.1.linux64 [12f0e2]  396Gb RAM, 24 cores
Built Jan 13 2022 23:17:13
(C) Copyright 2004-2021 Robert C. Edgar.
https://drive5.com

Input: 28 seqs, avg length 426, max 436

00:00 3.9Mb  CPU has 24 cores, defaulting to 20 threads

WARNING: Max OMP threads 1

00:00 3.9Mb    0.26% Calc posteriors00:01 4.8Mb     5.8% Calc posteriors00:02 4.8Mb    14.3% Calc posteriors00:03 4.9Mb    22.0% Calc posteriors00:04 5.3Mb    29.9% Calc posteriors00:05 5.6Mb    38.9% Calc posteriors00:06 5.9Mb    46.3% Calc posteriors00:07 6.2Mb    55.8% Calc posteriors00:08 6.5Mb    64.0% Calc posteriors00:09 6.8Mb    73.3% Calc posteriors00:10 7.1Mb    82.3% Calc posteriors00:11 14Mb     91.0% Calc posteriors00:11 7.7Mb   100.0% Calc posteriors
00:12 7.8Mb    0.26% Consistency (1/2)00:12 13Mb    100.0% Consistency (1/2)
00:12 13Mb     0.26% Consistency (2/2)00:12 13Mb    100.0% Consistency (2/2)
00:12 13Mb      3.7% UPGMA5           00:12 13Mb    100.0% UPGMA5
00:12 13Mb      1.0% Refining00:12 14Mb    100.0% Refining
INFO:Malign:No identity filter
INFO:Malign:Star /work3/idamei/ssn-clusterings/2206070959/clusters/0028_28/seeds.txt
INFO:Malign:Star highlights 0
INFO:Malign:No identity filter
INFO:Malign:Fasta contains 28 valid records
INFO:Malign:Aligned already
INFO:Malign:Align contains 28 valid records
inputType: FASTA
================================================================================
WARNINGS

One or more weights was less than -50 bits.
To avoid such amino acid dominating the logo position, these was reduced to -50
bits.
To remove this warning you could try choosing the option of pseudo counts.
================================================================================

