
muscle 5.1.linux64 [12f0e2]  264Gb RAM, 24 cores
Built Jan 13 2022 23:17:13
(C) Copyright 2004-2021 Robert C. Edgar.
https://drive5.com

Input: 16 seqs, avg length 392, max 411

00:00 3.9Mb  CPU has 24 cores, defaulting to 20 threads

WARNING: Max OMP threads 1

00:00 3.9Mb    0.83% Calc posteriors00:01 4.7Mb    17.5% Calc posteriors00:02 4.7Mb    42.5% Calc posteriors00:03 5.5Mb    63.3% Calc posteriors00:04 5.5Mb    85.0% Calc posteriors00:04 5.5Mb   100.0% Calc posteriors
00:04 12Mb     0.83% Consistency (1/2)00:04 12Mb    100.0% Consistency (1/2)
00:04 12Mb     0.83% Consistency (2/2)00:04 12Mb    100.0% Consistency (2/2)
00:04 12Mb      6.7% UPGMA5           00:04 12Mb    100.0% UPGMA5
00:04 12Mb      1.0% Refining00:05 12Mb     55.0% Refining00:05 12Mb    100.0% Refining
INFO:Malign:No identity filter
INFO:Malign:Star /work3/idamei/ssn-clusterings/2206071104/clusters/0016_89/seeds.txt
INFO:Malign:Star highlights 5
INFO:Malign:No identity filter
INFO:Malign:Fasta contains 16 valid records
INFO:Malign:Aligned already
INFO:Malign:Align contains 16 valid records
inputType: FASTA
================================================================================
WARNINGS

One or more weights was less than -50 bits.
To avoid such amino acid dominating the logo position, these was reduced to -50
bits.
To remove this warning you could try choosing the option of pseudo counts.
================================================================================

