
muscle 5.1.linux64 [12f0e2]  396Gb RAM, 24 cores
Built Jan 13 2022 23:17:13
(C) Copyright 2004-2021 Robert C. Edgar.
https://drive5.com

Input: 62 seqs, avg length 410, max 448

00:00 4.2Mb  CPU has 24 cores, defaulting to 20 threads

WARNING: Max OMP threads 1

00:00 4.2Mb   0.053% Calc posteriors
00:01 5.0Mb     1.7% Calc posteriors
00:02 5.7Mb     3.0% Calc posteriors
00:03 5.2Mb     4.8% Calc posteriors
00:04 5.6Mb     6.1% Calc posteriors
00:05 5.9Mb     7.8% Calc posteriors
00:06 6.3Mb     9.1% Calc posteriorssupercluster
00:07 6.6Mb    10.7% Calc posteriors
00:08 6.9Mb    12.1% Calc posteriorssupercluster
00:09 7.3Mb    13.7% Calc posteriors
00:10 7.6Mb    15.1% Calc posteriors
00:11 8.0Mb    16.7% Calc posteriors
00:12 8.3Mb    18.0% Calc posteriors
00:13 8.7Mb    19.6% Calc posteriors
00:14 9.0Mb    21.0% Calc posteriors
00:15 9.4Mb    22.5% Calc posteriors
00:16 9.8Mb    23.9% Calc posteriors
00:17 10Mb     25.4% Calc posteriors
00:18 10Mb     26.8% Calc posteriors
00:19 11Mb     28.0% Calc posteriors
00:20 12Mb     29.2% Calc posteriors
00:21 19Mb     30.6% Calc posteriors
00:22 12Mb     32.1% Calc posteriors
00:23 20Mb     33.8% Calc posteriors
00:24 20Mb     35.3% Calc posteriorssupercluster
00:25 21Mb     36.7% Calc posteriors
00:26 21Mb     38.1% Calc posteriors
00:27 21Mb     39.7% Calc posteriors
00:28 22Mb     41.2% Calc posteriors
00:29 15Mb     42.6% Calc posteriors
00:30 15Mb     44.2% Calc posteriors
00:31 23Mb     45.4% Calc posteriors
00:32 16Mb     47.0% Calc posteriors
00:33 16Mb     48.3% Calc posteriors
00:34 17Mb     49.8% Calc posteriors
00:35 24Mb     51.3% Calc posteriors
00:36 17Mb     52.7% Calc posteriors
00:37 25Mb     54.2% Calc posteriors
00:38 18Mb     55.7% Calc posteriors
00:39 26Mb     57.0% Calc posteriors
00:40 26Mb     58.4% Calc posteriors
00:41 19Mb     59.9% Calc posteriors
00:42 27Mb     61.2% Calc posteriors
00:43 26Mb     62.7% Calc posteriors
00:44 28Mb     64.2% Calc posteriors
00:45 28Mb     65.6% Calc posteriors
00:46 21Mb     66.9% Calc posteriors
00:47 22Mb     68.3% Calc posteriors
00:48 22Mb     69.6% Calc posteriors
00:49 30Mb     70.8% Calc posteriors
00:50 30Mb     72.1% Calc posteriors
00:51 23Mb     73.3% Calc posteriors
00:52 31Mb     74.7% Calc posteriors
00:53 24Mb     76.0% Calc posteriors
00:54 32Mb     77.4% Calc posteriors
00:55 32Mb     78.7% Calc posteriors
00:56 33Mb     80.1% Calc posteriors
00:57 32Mb     81.3% Calc posteriors
00:58 26Mb     82.6% Calc posteriors
00:59 27Mb     83.8% Calc posteriors
01:00 27Mb     85.1% Calc posteriors
01:01 35Mb     86.5% Calc posteriors
01:02 28Mb     87.8% Calc posteriors
01:03 28Mb     89.0% Calc posteriors
01:04 29Mb     90.2% Calc posteriors
01:05 30Mb     91.4% Calc posteriors
01:06 30Mb     92.6% Calc posteriors
01:07 30Mb     93.9% Calc posteriors
01:08 31Mb     95.1% Calc posteriors
01:09 31Mb     96.5% Calc posteriors
01:10 40Mb     97.7% Calc posteriors
01:11 32Mb     99.0% Calc posteriors
01:11 32Mb    100.0% Calc posteriors
01:11 32Mb    0.053% Consistency (1/2)
01:12 33Mb      1.0% Consistency (1/2)
01:13 35Mb      8.6% Consistency (1/2)
01:14 37Mb     16.7% Consistency (1/2)
01:15 39Mb     24.7% Consistency (1/2)
01:16 41Mb     32.4% Consistency (1/2)
01:17 43Mb     40.7% Consistency (1/2)
01:18 45Mb     48.8% Consistency (1/2)
01:19 47Mb     57.7% Consistency (1/2)
01:20 50Mb     67.1% Consistency (1/2)
01:21 53Mb     75.9% Consistency (1/2)
01:22 56Mb     85.9% Consistency (1/2)
01:22 61Mb    100.0% Consistency (1/2)
01:22 61Mb    0.053% Consistency (2/2)
01:23 61Mb     0.95% Consistency (2/2)
01:24 61Mb      8.6% Consistency (2/2)
01:25 61Mb     16.7% Consistency (2/2)
01:26 61Mb     24.7% Consistency (2/2)
01:27 61Mb     32.3% Consistency (2/2)
01:28 61Mb     40.6% Consistency (2/2)
01:29 61Mb     48.7% Consistency (2/2)
01:30 61Mb     57.7% Consistency (2/2)
01:31 61Mb     67.0% Consistency (2/2)
01:32 61Mb     75.8% Consistency (2/2)
01:33 61Mb     85.8% Consistency (2/2)
01:33 61Mb    100.0% Consistency (2/2)
01:33 61Mb      1.6% UPGMA5           
01:33 61Mb    100.0% UPGMA5
01:33 62Mb      1.0% Refining
01:34 62Mb     11.0% Refining
01:34 68Mb    100.0% Refining
INFO:Malign:No identity filter
INFO:Malign:Star /work3/idamei/wzy/ssn-clusterings/2206101141/super-clusters/0062_2_14/seeds.txt
INFO:Malign:Star highlights 1 from comma-separated list
Read FASTA line_by_line from /work3/idamei/wzy/ssn-clusterings/2206101141/super-clusters/0062_2_14/sequences.afa 62 elements
INFO:Malign:No identity filter
INFO:Malign:Fasta contains 62 valid records
INFO:Malign:Aligned already
INFO:Malign:Align contains 62 valid records
inputType: FASTA
================================================================================
WARNINGS

One or more weights was less than -50 bits.
To avoid such amino acid dominating the logo position, these was reduced to -50
bits.
To remove this warning you could try choosing the option of pseudo counts.
================================================================================

FastTree Version 2.1.11 SSE3
Alignment: /work3/idamei/wzy/ssn-clusterings/2206101141/super-clusters/0062_2_14/sequences.afa
Amino acid distances: BLOSUM45 Joins: balanced Support: SH-like 1000
Search: Normal +NNI +SPR (2 rounds range 10) +ML-NNI opt-each=1
TopHits: 1.00*sqrtN close=default refresh=0.80
ML Model: Jones-Taylor-Thorton, CAT approximation with 20 rate categories
Initial topology in 0.03 seconds
Refining topology: 23 rounds ME-NNIs, 2 rounds ME-SPRs, 12 rounds ML-NNIs
      0.22 seconds: SPR round   1 of   2, 101 of 112 nodes
      0.40 seconds: SPR round   2 of   2, 101 of 112 nodes
Total branch-length 16.267 after 0.43 sec
      0.55 seconds: ML NNI round 1 of 12, 1 of 55 splits
ML-NNI round 1: LogLk = -29222.456 NNIs 8 max delta 4.36 Time 0.98
      0.99 seconds: Site likelihoods with rate category 1 of 20
      1.09 seconds: Site likelihoods with rate category 12 of 20
Switched to using 20 rate categories (CAT approximation)
Rate categories were divided by 0.926 so that average rate = 1.0
CAT-based log-likelihoods may not be comparable across runs
Use -gamma for approximate but comparable Gamma(20) log-likelihoods
ML-NNI round 2: LogLk = -27990.211 NNIs 2 max delta 0.01 Time 1.53
Turning off heuristics for final round of ML NNIs (converged)
      1.52 seconds: ML NNI round 3 of 12, 1 of 55 splits
ML-NNI round 3: LogLk = -27987.172 NNIs 2 max delta 0.01 Time 2.10 (final)
      2.10 seconds: ML Lengths 1 of 55 splits
Optimize all lengths: LogLk = -27987.107 Time 2.26
Total time: 2.74 seconds Unique: 57/62 Bad splits: 0/54
