# hmmsearch :: search profile(s) against a sequence database
# HMMER 3.3.2 (Nov 2020); http://hmmer.org/
# Copyright (C) 2020 Howard Hughes Medical Institute.
# Freely distributed under the BSD open source license.
# - - - - - - - - - - - - - - - - - - - - - - - - - - - - - - - - - - - -
# query HMM file:                  data/wzy/ssn-clusterings/2206101141/clusters/0017_162/sequences.hmm
# target sequence database:        data/wzy/ssn-clusterings/2206101141/clusters/0018_113/sequences.fa
# - - - - - - - - - - - - - - - - - - - - - - - - - - - - - - - - - - - -

Query:       sequences  [M=365]
Scores for complete sequences (score includes all domains):
   --- full sequence ---   --- best 1 domain ---    -#dom-
    E-value  score  bias    E-value  score  bias    exp  N  Sequence       Description
    ------- ------ -----    ------- ------ -----   ---- --  --------       -----------
    1.9e-05   14.3  45.8    8.1e-05   12.2  44.3    2.5  1  WP_227104990.1  


Domain annotation for each sequence (and alignments):
>> WP_227104990.1  
   #    score  bias  c-Evalue  i-Evalue hmmfrom  hmm to    alifrom  ali to    envfrom  env to     acc
 ---   ------ ----- --------- --------- ------- -------    ------- -------    ------- -------    ----
   1 !   12.2  44.3   4.5e-06   8.1e-05      79     233 ..      70     220 ..      11     275 .. 0.76

  Alignments for each domain:
  == domain 1  score: 12.2 bits;  conditional E-value: 4.5e-06
       sequences  79 eysfnllykllkllgvseesf...nttisllyllllllavlvvvkkplk.slvlllllFssvslDfiFNaYRQglaflFvllsilsylkerkkka 169
                     e +f ++ +l + +  se  f   n +is+++   l++ ++ +++  +k +++l+   F ++s+     ++R  +++ F++lsi+   +++k ++
  WP_227104990.1  70 EIGFLIVLYLEQYIANSEFIFifiNCLISNILFFQLYIKLSETSSITFKkAFILF---FCYFSFSNAMYVWRTIISVYFLVLSIK---SNSKLLS 158
                     5555555444444433333331114445555555555555555554443133333...3455555677799**********9996...5889*** PP

       sequences 170 llliiialgFHWSsiivllllllsrllskrlaiiilvlliiltlvaalvplgileilktlikll 233
                     +l+++ia++FH+S+ii + ++lls +l +++++ ++++ i+l+l ++++   il+ +  +++  
  WP_227104990.1 159 ILFLAIAFSFHYSAIIFVSIYLLSTFLPNKKTL-TVLFAIFLSL-SFFFTESILQSFDFVMSAQ 220
                     *****************************9887.4556666766.6667778888888777654 PP



Internal pipeline statistics summary:
-------------------------------------
Query model(s):                            1  (365 nodes)
Target sequences:                         18  (5881 residues searched)
Passed MSV filter:                        18  (1); expected 0.4 (0.02)
Passed bias filter:                        7  (0.388889); expected 0.4 (0.02)
Passed Vit filter:                         7  (0.388889); expected 0.0 (0.001)
Passed Fwd filter:                         1  (0.0555556); expected 0.0 (1e-05)
Initial search space (Z):                 18  [actual number of targets]
Domain search space  (domZ):               1  [number of targets reported over threshold]
# CPU time: 0.01u 0.00s 00:00:00.01 Elapsed: 00:00:00.00
# Mc/sec: 266.05
//
[ok]
