
muscle 5.1.linux64 [12f0e2]  528Gb RAM, 24 cores
Built Jan 13 2022 23:17:13
(C) Copyright 2004-2021 Robert C. Edgar.
https://drive5.com

Input: 21 seqs, avg length 466, max 491

00:00 3.9Mb  CPU has 24 cores, defaulting to 20 threads

WARNING: Max OMP threads 1

00:00 3.9Mb    0.48% Calc posteriors00:01 4.9Mb     3.3% Calc posteriors00:02 12Mb     14.3% Calc posteriors00:03 4.9Mb    25.2% Calc posteriors00:04 5.0Mb    34.3% Calc posteriors00:05 5.2Mb    43.8% Calc posteriors00:06 6.3Mb    53.3% Calc posteriors00:07 6.3Mb    62.9% Calc posteriors00:08 6.3Mb    71.9% Calc posteriors00:09 6.4Mb    81.9% Calc posteriors00:10 6.6Mb    91.9% Calc posteriors00:10 6.8Mb   100.0% Calc posteriors
00:10 6.8Mb    0.48% Consistency (1/2)00:11 8.4Mb    22.4% Consistency (1/2)00:11 11Mb    100.0% Consistency (1/2)
00:11 11Mb     0.48% Consistency (2/2)00:11 11Mb    100.0% Consistency (2/2)
00:11 11Mb      5.0% UPGMA5           00:11 11Mb    100.0% UPGMA5
00:11 11Mb      1.0% Refining00:11 13Mb    100.0% Refining
INFO:Malign:No identity filter
INFO:Malign:Star /work3/idamei/ssn-clusterings/2206071104/clusters/0021_102/seeds.txt
INFO:Malign:Star highlights 1
INFO:Malign:No identity filter
INFO:Malign:Fasta contains 21 valid records
INFO:Malign:Aligned already
INFO:Malign:Align contains 21 valid records
inputType: FASTA
================================================================================
WARNINGS

One or more weights was less than -50 bits.
To avoid such amino acid dominating the logo position, these was reduced to -50
bits.
To remove this warning you could try choosing the option of pseudo counts.
================================================================================

