
muscle 5.1.linux64 [12f0e2]  396Gb RAM, 24 cores
Built Jan 13 2022 23:17:13
(C) Copyright 2004-2021 Robert C. Edgar.
https://drive5.com

Input: 24 seqs, avg length 400, max 423

00:00 3.9Mb  CPU has 24 cores, defaulting to 20 threads

WARNING: Max OMP threads 1

00:00 3.9Mb    0.36% Calc posteriors00:01 4.8Mb     6.9% Calc posteriors00:02 4.8Mb    17.0% Calc posteriors00:03 12Mb     27.5% Calc posteriors00:04 5.0Mb    37.7% Calc posteriors00:05 5.3Mb    47.8% Calc posteriors00:06 5.6Mb    57.6% Calc posteriors00:07 5.9Mb    67.4% Calc posteriors00:08 13Mb     77.5% Calc posteriors00:09 7.1Mb    87.3% Calc posteriors00:10 13Mb     97.1% Calc posteriors00:10 7.1Mb   100.0% Calc posteriors
00:10 13Mb     0.36% Consistency (1/2)00:10 13Mb    100.0% Consistency (1/2)
00:10 13Mb     0.36% Consistency (2/2)00:10 13Mb    100.0% Consistency (2/2)
00:10 13Mb      4.3% UPGMA5           00:10 13Mb    100.0% UPGMA5
00:10 13Mb      1.0% Refining00:10 13Mb    100.0% Refining
INFO:Malign:No identity filter
INFO:Malign:Star /work3/idamei/ssn-clusterings/2206020950/clusters/0024_149/seeds.txt
INFO:Malign:Star highlights 0
INFO:Malign:No identity filter
INFO:Malign:Fasta contains 24 valid records
INFO:Malign:Aligned already
INFO:Malign:Align contains 24 valid records
inputType: FASTA
================================================================================
WARNINGS

One or more weights was less than -50 bits.
To avoid such amino acid dominating the logo position, these was reduced to -50
bits.
To remove this warning you could try choosing the option of pseudo counts.
================================================================================

