
muscle 5.1.linux64 [12f0e2]  396Gb RAM, 32 cores
Built Jan 13 2022 23:17:13
(C) Copyright 2004-2021 Robert C. Edgar.
https://drive5.com

Input: 14 seqs, avg length 364, max 377

00:00 3.9Mb  CPU has 32 cores, defaulting to 20 threads

WARNING: Max OMP threads 1

00:00 3.9Mb     1.1% Calc posteriors00:01 4.6Mb    13.2% Calc posteriors00:02 4.6Mb    61.5% Calc posteriors00:02 4.7Mb   100.0% Calc posteriors
00:02 4.7Mb     1.1% Consistency (1/2)00:02 6.4Mb   100.0% Consistency (1/2)
00:02 6.4Mb     1.1% Consistency (2/2)00:02 6.4Mb   100.0% Consistency (2/2)
00:02 6.4Mb     7.7% UPGMA5           00:02 6.4Mb   100.0% UPGMA5
00:03 6.4Mb     1.0% Refining00:03 7.0Mb   100.0% Refining
/zhome/2b/2/141636/.lsbatch/1652281885.13557670.shell: line 31: /work3/garryg/bioP/bin/malign: No such file or directory
inputType: FASTA


muscle 5.1.linux64 [12f0e2]  396Gb RAM, 32 cores
Built Jan 13 2022 23:17:13
(C) Copyright 2004-2021 Robert C. Edgar.
https://drive5.com

Input: 14 seqs, avg length 364, max 377

00:00 3.9Mb  CPU has 32 cores, defaulting to 20 threads

WARNING: Max OMP threads 1

00:00 3.9Mb     1.1% Calc posteriors00:01 4.6Mb     6.6% Calc posteriors00:02 4.6Mb    53.8% Calc posteriors00:02 4.7Mb   100.0% Calc posteriors
00:02 4.7Mb     1.1% Consistency (1/2)00:02 6.4Mb   100.0% Consistency (1/2)
00:02 6.4Mb     1.1% Consistency (2/2)00:03 6.4Mb     2.2% Consistency (2/2)00:03 6.4Mb   100.0% Consistency (2/2)
00:03 6.4Mb     7.7% UPGMA5           00:03 6.4Mb   100.0% UPGMA5
00:03 6.4Mb     1.0% Refining00:03 7.0Mb   100.0% Refining
INFO:Malign:Fasta contains 14 valid records
INFO:Malign:Aligned already
INFO:Malign:Align contains 14 valid records
inputType: FASTA

