
muscle 5.1.linux64 [12f0e2]  396Gb RAM, 32 cores
Built Jan 13 2022 23:17:13
(C) Copyright 2004-2021 Robert C. Edgar.
https://drive5.com

Input: 25 seqs, avg length 387, max 411

00:01 3.9Mb  CPU has 32 cores, defaulting to 20 threads

WARNING: Max OMP threads 1

00:01 3.9Mb    0.33% Calc posteriors00:02 4.7Mb    10.7% Calc posteriors00:03 4.7Mb    21.0% Calc posteriors00:04 12Mb     31.3% Calc posteriors00:05 12Mb     41.7% Calc posteriors00:06 12Mb     51.3% Calc posteriors00:07 13Mb     61.7% Calc posteriors00:08 13Mb     72.3% Calc posteriors00:09 6.9Mb    83.3% Calc posteriors00:10 14Mb     94.7% Calc posteriors00:10 14Mb    100.0% Calc posteriors
00:10 14Mb     0.33% Consistency (1/2)00:10 14Mb    100.0% Consistency (1/2)
00:10 14Mb     0.33% Consistency (2/2)00:11 14Mb     77.7% Consistency (2/2)00:11 14Mb    100.0% Consistency (2/2)
00:11 14Mb      4.2% UPGMA5           00:11 14Mb    100.0% UPGMA5
00:11 14Mb      1.0% Refining00:11 14Mb    100.0% Refining
INFO:Malign:No identity filter
INFO:Malign:Star /work3/idamei/ssn-clusterings/2206011120/clusters/0025_12/seeds.txt
INFO:Malign:Star highlights 3
INFO:Malign:No identity filter
INFO:Malign:Fasta contains 25 valid records
INFO:Malign:Aligned already
INFO:Malign:Align contains 25 valid records
inputType: FASTA

