
muscle 5.1.linux64 [12f0e2]  396Gb RAM, 24 cores
Built Jan 13 2022 23:17:13
(C) Copyright 2004-2021 Robert C. Edgar.
https://drive5.com

Input: 18 seqs, avg length 327, max 346

00:00 3.9Mb  CPU has 24 cores, defaulting to 20 threads

WARNING: Max OMP threads 1

00:00 3.9Mb    0.65% Calc posteriors00:01 4.5Mb    28.8% Calc posteriors00:02 9.4Mb    61.4% Calc posteriors00:03 5.2Mb    96.1% Calc posteriors00:03 5.3Mb   100.0% Calc posteriors
00:03 5.3Mb    0.65% Consistency (1/2)00:03 7.1Mb   100.0% Consistency (1/2)
00:03 7.1Mb    0.65% Consistency (2/2)00:03 7.1Mb   100.0% Consistency (2/2)
00:03 7.1Mb     5.9% UPGMA5           00:03 7.1Mb   100.0% UPGMA5
00:03 7.2Mb     1.0% Refining00:03 8.2Mb   100.0% Refining
INFO:Malign:No identity filter
INFO:Malign:Star /work3/idamei/wzy/ssn-clusterings/2209081049/super-clusters/0018_1_130/seeds.txt
INFO:Malign:Star highlights 1 from comma-separated list
Read FASTA line_by_line from /work3/idamei/wzy/ssn-clusterings/2209081049/super-clusters/0018_1_130/sequences.afa 18 elements
INFO:Malign:No identity filter
INFO:Malign:Fasta contains 18 valid records
INFO:Malign:Aligned already
INFO:Malign:Align contains 18 valid records
FastTree Version 2.1.11 SSE3
Alignment: /work3/idamei/wzy/ssn-clusterings/2209081049/super-clusters/0018_1_130/sequences.afa
Amino acid distances: BLOSUM45 Joins: balanced Support: SH-like 1000
Search: Normal +NNI +SPR (2 rounds range 10) +ML-NNI opt-each=1
TopHits: 1.00*sqrtN close=default refresh=0.80
ML Model: Jones-Taylor-Thorton, CAT approximation with 20 rate categories
Initial topology in 0.00 seconds
Refining topology: 16 rounds ME-NNIs, 2 rounds ME-SPRs, 8 rounds ML-NNIs
Total branch-length 3.821 after 0.04 sec
ML-NNI round 1: LogLk = -6082.252 NNIs 3 max delta 2.23 Time 0.11
      0.11 seconds: Site likelihoods with rate category 1 of 20
Switched to using 20 rate categories (CAT approximation)
Rate categories were divided by 0.861 so that average rate = 1.0
CAT-based log-likelihoods may not be comparable across runs
Use -gamma for approximate but comparable Gamma(20) log-likelihoods
ML-NNI round 2: LogLk = -5784.417 NNIs 2 max delta 0.04 Time 0.20
Turning off heuristics for final round of ML NNIs (converged)
ML-NNI round 3: LogLk = -5783.198 NNIs 1 max delta 0.00 Time 0.28 (final)
      0.28 seconds: ML Lengths 1 of 15 splits
Optimize all lengths: LogLk = -5783.121 Time 0.31
Total time: 0.38 seconds Unique: 17/18 Bad splits: 0/14
