
muscle 5.1.linux64 [12f0e2]  396Gb RAM, 24 cores
Built Jan 13 2022 23:17:13
(C) Copyright 2004-2021 Robert C. Edgar.
https://drive5.com

Input: 15 seqs, avg length 403, max 418

00:01 3.9Mb  CPU has 24 cores, defaulting to 20 threads

WARNING: Max OMP threads 1

00:01 3.9Mb    0.95% Calc posteriors00:02 4.8Mb    36.2% Calc posteriors00:03 4.8Mb    71.4% Calc posteriors00:03 12Mb    100.0% Calc posteriors
00:03 12Mb     0.95% Consistency (1/2)00:03 12Mb    100.0% Consistency (1/2)
00:03 12Mb     0.95% Consistency (2/2)00:03 12Mb    100.0% Consistency (2/2)
00:03 12Mb      7.1% UPGMA5           00:03 12Mb    100.0% UPGMA5
00:03 12Mb      1.0% Refining00:04 12Mb     15.0% Refining00:04 12Mb    100.0% Refining
INFO:Malign:No identity filter
INFO:Malign:Star /work3/idamei/wzy/ssn-clusterings/2209081049/super-clusters/0015_1_56/seeds.txt
INFO:Malign:Star highlights 1 from comma-separated list
Read FASTA line_by_line from /work3/idamei/wzy/ssn-clusterings/2209081049/super-clusters/0015_1_56/sequences.afa 15 elements
INFO:Malign:No identity filter
INFO:Malign:Fasta contains 15 valid records
INFO:Malign:Aligned already
INFO:Malign:Align contains 15 valid records
FastTree Version 2.1.11 SSE3
Alignment: /work3/idamei/wzy/ssn-clusterings/2209081049/super-clusters/0015_1_56/sequences.afa
Amino acid distances: BLOSUM45 Joins: balanced Support: SH-like 1000
Search: Normal +NNI +SPR (2 rounds range 10) +ML-NNI opt-each=1
TopHits: 1.00*sqrtN close=default refresh=0.80
ML Model: Jones-Taylor-Thorton, CAT approximation with 20 rate categories
Initial topology in 0.00 seconds
Refining topology: 15 rounds ME-NNIs, 2 rounds ME-SPRs, 8 rounds ML-NNIs
Total branch-length 2.777 after 0.03 sec
ML-NNI round 1: LogLk = -5471.602 NNIs 3 max delta 8.39 Time 0.09
      0.10 seconds: Site likelihoods with rate category 8 of 20
Switched to using 20 rate categories (CAT approximation)
Rate categories were divided by 0.829 so that average rate = 1.0
CAT-based log-likelihoods may not be comparable across runs
Use -gamma for approximate but comparable Gamma(20) log-likelihoods
ML-NNI round 2: LogLk = -5232.749 NNIs 0 max delta 0.00 Time 0.15
Turning off heuristics for final round of ML NNIs (converged)
ML-NNI round 3: LogLk = -5231.882 NNIs 0 max delta 0.00 Time 0.20 (final)
      0.20 seconds: ML Lengths 1 of 12 splits
Optimize all lengths: LogLk = -5231.872 Time 0.22
Total time: 0.28 seconds Unique: 14/15 Bad splits: 0/11
