
muscle 5.1.linux64 [12f0e2]  131Gb RAM, 20 cores
Built Jan 13 2022 23:17:13
(C) Copyright 2004-2021 Robert C. Edgar.
https://drive5.com

Input: 10 seqs, avg length 437, max 462


WARNING: Max OMP threads 1

00:00 3.9Mb  CPU has 20 cores, running 1 threads
00:00 3.9Mb     2.2% Calc posteriors00:01 4.9Mb    33.3% Calc posteriors00:02 13Mb     93.3% Calc posteriors00:02 4.9Mb   100.0% Calc posteriors
00:02 4.9Mb     2.2% Consistency (1/2)00:02 6.5Mb   100.0% Consistency (1/2)
00:02 6.5Mb     2.2% Consistency (2/2)00:02 6.5Mb   100.0% Consistency (2/2)
00:02 6.5Mb    11.1% UPGMA5           00:02 6.5Mb   100.0% UPGMA5
00:02 6.8Mb     1.0% Refining00:02 7.1Mb   100.0% Refining
INFO:Malign:No identity filter
INFO:Malign:Star /work3/idamei/wzy/ssn-clusterings/2210041007/superclusterings/2210041009/superclusters/0010_1_152/seeds.txt
INFO:Malign:Star highlights 1 from comma-separated list
Read FASTA line_by_line from /work3/idamei/wzy/ssn-clusterings/2210041007/superclusterings/2210041009/superclusters/0010_1_152/sequences.afa 10 elements
INFO:Malign:No identity filter
INFO:Malign:Fasta contains 10 valid records
INFO:Malign:Aligned already
INFO:Malign:Align contains 10 valid records
FastTree Version 2.1.11 SSE3
Alignment: /work3/idamei/wzy/ssn-clusterings/2210041007/superclusterings/2210041009/superclusters/0010_1_152/sequences.afa
Amino acid distances: BLOSUM45 Joins: balanced Support: SH-like 1000
Search: Normal +NNI +SPR (2 rounds range 10) +ML-NNI opt-each=1
TopHits: 1.00*sqrtN close=default refresh=0.80
ML Model: Jones-Taylor-Thorton, CAT approximation with 20 rate categories
Initial topology in 0.00 seconds
Refining topology: 13 rounds ME-NNIs, 2 rounds ME-SPRs, 7 rounds ML-NNIs
Total branch-length 3.719 after 0.02 sec
ML-NNI round 1: LogLk = -6555.810 NNIs 0 max delta 0.00 Time 0.08
Switched to using 20 rate categories (CAT approximation)
Rate categories were divided by 0.828 so that average rate = 1.0
CAT-based log-likelihoods may not be comparable across runs
Use -gamma for approximate but comparable Gamma(20) log-likelihoods
      0.10 seconds: ML NNI round 2 of 7, 1 of 8 splits
ML-NNI round 2: LogLk = -6289.823 NNIs 0 max delta 0.00 Time 0.12
Turning off heuristics for final round of ML NNIs (converged)
ML-NNI round 3: LogLk = -6289.263 NNIs 0 max delta 0.00 Time 0.17 (final)
Optimize all lengths: LogLk = -6289.079 Time 0.19
Total time: 0.24 seconds Unique: 10/10 Bad splits: 0/7
