
muscle 5.1.linux64 [12f0e2]  396Gb RAM, 24 cores
Built Jan 13 2022 23:17:13
(C) Copyright 2004-2021 Robert C. Edgar.
https://drive5.com

Input: 31 seqs, avg length 359, max 379

00:00 3.9Mb  CPU has 24 cores, defaulting to 20 threads

WARNING: Max OMP threads 1

00:00 3.9Mb    0.22% Calc posteriors00:01 4.7Mb     2.2% Calc posteriors00:02 4.7Mb    10.3% Calc posteriors00:03 10Mb     18.9% Calc posteriors00:04 5.5Mb    27.3% Calc posteriors00:05 6.0Mb    36.1% Calc posteriors00:06 6.5Mb    44.5% Calc posteriors00:07 7.6Mb    52.5% Calc posteriors00:08 7.6Mb    60.9% Calc posteriors00:09 8.0Mb    69.2% Calc posteriors00:10 8.6Mb    78.1% Calc posteriors00:11 9.1Mb    86.9% Calc posteriors00:12 9.6Mb    95.3% Calc posteriors00:12 9.9Mb   100.0% Calc posteriors
00:12 16Mb     0.22% Consistency (1/2)00:13 16Mb     68.4% Consistency (1/2)00:13 16Mb    100.0% Consistency (1/2)
00:13 16Mb     0.22% Consistency (2/2)00:13 16Mb    100.0% Consistency (2/2)
00:13 16Mb      3.3% UPGMA5           00:13 16Mb    100.0% UPGMA5
00:13 17Mb      1.0% Refining00:13 18Mb    100.0% Refining
INFO:Malign:No identity filter
INFO:Malign:Star /work3/idamei/wzy/ssn-clusterings/2209121518/clusters/0031_43/seeds.txt
INFO:Malign:Star highlights 2
Read FASTA line_by_line from /work3/idamei/wzy/ssn-clusterings/2209121518/clusters/0031_43/sequences.afa 31 elements
INFO:Malign:No identity filter
INFO:Malign:Fasta contains 31 valid records
INFO:Malign:Aligned already
INFO:Malign:Align contains 31 valid records
FastTree Version 2.1.11 SSE3
Alignment: /work3/idamei/wzy/ssn-clusterings/2209121518/clusters/0031_43/sequences.afa
Amino acid distances: BLOSUM45 Joins: balanced Support: SH-like 1000
Search: Normal +NNI +SPR (2 rounds range 10) +ML-NNI opt-each=1
TopHits: 1.00*sqrtN close=default refresh=0.80
ML Model: Jones-Taylor-Thorton, CAT approximation with 20 rate categories
Initial topology in 0.01 seconds
Refining topology: 20 rounds ME-NNIs, 2 rounds ME-SPRs, 10 rounds ML-NNIs
      0.12 seconds: ME NNI round 13 of 20, 1 of 29 splits
Total branch-length 11.940 after 0.13 sec
ML-NNI round 1: LogLk = -18235.823 NNIs 2 max delta 3.93 Time 0.30
      0.30 seconds: Site likelihoods with rate category 1 of 20
Switched to using 20 rate categories (CAT approximation)
Rate categories were divided by 0.973 so that average rate = 1.0
CAT-based log-likelihoods may not be comparable across runs
Use -gamma for approximate but comparable Gamma(20) log-likelihoods
ML-NNI round 2: LogLk = -17556.509 NNIs 4 max delta 1.89 Time 0.48
      0.48 seconds: ML NNI round 3 of 10, 1 of 29 splits
ML-NNI round 3: LogLk = -17554.894 NNIs 2 max delta 1.42 Time 0.58
ML-NNI round 4: LogLk = -17553.707 NNIs 2 max delta 0.52 Time 0.65
      0.64 seconds: ML NNI round 5 of 10, 1 of 29 splits
ML-NNI round 5: LogLk = -17552.757 NNIs 0 max delta 0.00 Time 0.70
Turning off heuristics for final round of ML NNIs (converged)
ML-NNI round 6: LogLk = -17547.848 NNIs 0 max delta 0.00 Time 0.88 (final)
      0.87 seconds: ML Lengths 1 of 29 splits
Optimize all lengths: LogLk = -17547.745 Time 0.93
Total time: 1.08 seconds Unique: 31/31 Bad splits: 0/28
