
muscle 5.1.linux64 [12f0e2]  396Gb RAM, 24 cores
Built Jan 13 2022 23:17:13
(C) Copyright 2004-2021 Robert C. Edgar.
https://drive5.com

Input: 14 seqs, avg length 396, max 420

00:00 3.9Mb  CPU has 24 cores, defaulting to 20 threads

WARNING: Max OMP threads 1

00:00 3.9Mb     1.1% Calc posteriors00:01 4.7Mb    24.2% Calc posteriors00:02 11Mb     52.7% Calc posteriors00:03 5.5Mb    81.3% Calc posteriors00:03 5.5Mb   100.0% Calc posteriors
00:03 5.5Mb     1.1% Consistency (1/2)00:03 7.4Mb   100.0% Consistency (1/2)
00:03 7.4Mb     1.1% Consistency (2/2)00:03 7.4Mb   100.0% Consistency (2/2)
00:03 7.4Mb     7.7% UPGMA5           00:03 7.4Mb   100.0% UPGMA5
00:03 7.4Mb     1.0% Refining00:04 7.8Mb    68.0% Refining00:04 8.1Mb   100.0% Refining
INFO:Malign:No identity filter
INFO:Malign:Star /work3/idamei/wzy/ssn-clusterings/2209081049/super-clusters/0014_1_224/seeds.txt
INFO:Malign:Star highlights 1 from comma-separated list
Read FASTA line_by_line from /work3/idamei/wzy/ssn-clusterings/2209081049/super-clusters/0014_1_224/sequences.afa 14 elements
INFO:Malign:No identity filter
INFO:Malign:Fasta contains 14 valid records
INFO:Malign:Aligned already
INFO:Malign:Align contains 14 valid records
FastTree Version 2.1.11 SSE3
Alignment: /work3/idamei/wzy/ssn-clusterings/2209081049/super-clusters/0014_1_224/sequences.afa
Amino acid distances: BLOSUM45 Joins: balanced Support: SH-like 1000
Search: Normal +NNI +SPR (2 rounds range 10) +ML-NNI opt-each=1
TopHits: 1.00*sqrtN close=default refresh=0.80
ML Model: Jones-Taylor-Thorton, CAT approximation with 20 rate categories
Initial topology in 0.00 seconds
Refining topology: 15 rounds ME-NNIs, 2 rounds ME-SPRs, 8 rounds ML-NNIs
Total branch-length 5.172 after 0.05 sec
ML-NNI round 1: LogLk = -9098.322 NNIs 0 max delta 0.00 Time 0.13
      0.13 seconds: Site likelihoods with rate category 1 of 20
Switched to using 20 rate categories (CAT approximation)
Rate categories were divided by 0.896 so that average rate = 1.0
CAT-based log-likelihoods may not be comparable across runs
Use -gamma for approximate but comparable Gamma(20) log-likelihoods
ML-NNI round 2: LogLk = -8652.224 NNIs 0 max delta 0.00 Time 0.18
Turning off heuristics for final round of ML NNIs (converged)
ML-NNI round 3: LogLk = -8645.343 NNIs 0 max delta 0.00 Time 0.26 (final)
      0.26 seconds: ML Lengths 1 of 12 splits
Optimize all lengths: LogLk = -8645.283 Time 0.29
Total time: 0.37 seconds Unique: 14/14 Bad splits: 0/11
