
muscle 5.1.linux64 [12f0e2]  396Gb RAM, 24 cores
Built Jan 13 2022 23:17:13
(C) Copyright 2004-2021 Robert C. Edgar.
https://drive5.com

Input: 12 seqs, avg length 395, max 422

00:00 3.9Mb  CPU has 24 cores, defaulting to 20 threads

WARNING: Max OMP threads 1

00:00 3.9Mb     1.5% Calc posteriors00:01 4.7Mb    10.6% Calc posteriors00:02 11Mb     56.1% Calc posteriors00:03 11Mb     98.5% Calc posteriors00:03 11Mb    100.0% Calc posteriors
00:03 11Mb      1.5% Consistency (1/2)00:03 11Mb    100.0% Consistency (1/2)
00:03 11Mb      1.5% Consistency (2/2)00:03 11Mb    100.0% Consistency (2/2)
00:03 11Mb      9.1% UPGMA5           00:03 11Mb    100.0% UPGMA5
00:03 11Mb      1.0% Refining00:03 11Mb    100.0% Refining
INFO:Malign:No identity filter
INFO:Malign:Star /work3/idamei/ssn-clusterings/2206011120/clusters/0012_94/seeds.txt
INFO:Malign:Star highlights 1
INFO:Malign:No identity filter
INFO:Malign:Fasta contains 12 valid records
INFO:Malign:Aligned already
INFO:Malign:Align contains 12 valid records
inputType: FASTA


muscle 5.1.linux64 [12f0e2]  131Gb RAM, 20 cores
Built Jan 13 2022 23:17:13
(C) Copyright 2004-2021 Robert C. Edgar.
https://drive5.com

Input: 12 seqs, avg length 395, max 422


WARNING: Max OMP threads 1

00:00 3.9Mb  CPU has 20 cores, running 1 threads
00:00 3.9Mb     1.5% Calc posteriors00:01 11Mb      6.1% Calc posteriors00:02 11Mb     57.6% Calc posteriors00:02 11Mb    100.0% Calc posteriors
00:02 11Mb      1.5% Consistency (1/2)00:02 11Mb    100.0% Consistency (1/2)
00:02 11Mb      1.5% Consistency (2/2)00:03 11Mb     83.3% Consistency (2/2)00:03 11Mb    100.0% Consistency (2/2)
00:03 11Mb      9.1% UPGMA5           00:03 11Mb    100.0% UPGMA5
00:03 11Mb      1.0% Refining00:03 11Mb    100.0% Refining
INFO:Malign:No identity filter
INFO:Malign:Star /work3/idamei/ssn-clusterings/2206011120/clusters/0012_94/seeds.txt
INFO:Malign:Star highlights 1
INFO:Malign:No identity filter
INFO:Malign:Fasta contains 12 valid records
INFO:Malign:Aligned already
INFO:Malign:Align contains 12 valid records
inputType: FASTA

