# hmmsearch :: search profile(s) against a sequence database
# HMMER 3.3.2 (Nov 2020); http://hmmer.org/
# Copyright (C) 2020 Howard Hughes Medical Institute.
# Freely distributed under the BSD open source license.
# - - - - - - - - - - - - - - - - - - - - - - - - - - - - - - - - - - - -
# query HMM file:                  data/wzy/ssn-clusterings/2206101141/clusters/0258_15/sequences.hmm
# target sequence database:        data/wzy/ssn-clusterings/2206101141/clusters/0004_191/sequences.fa
# - - - - - - - - - - - - - - - - - - - - - - - - - - - - - - - - - - - -

Query:       sequences  [M=429]
Scores for complete sequences (score includes all domains):
   --- full sequence ---   --- best 1 domain ---    -#dom-
    E-value  score  bias    E-value  score  bias    exp  N  Sequence       Description
    ------- ------ -----    ------- ------ -----   ---- --  --------       -----------
    4.2e-09   23.8  30.8    4.2e-09   23.8  30.8    2.1  2  EEV9868844.1    
    5.6e-09   23.4  29.5    5.6e-09   23.4  29.5    2.1  2  AAZ85718.1      
    6.5e-09   23.2  30.1    6.5e-09   23.2  30.1    1.7  2  EGB44387.1      
    0.00063    6.7  51.8    1.2e-06   15.7  32.4    2.4  3  WP_222839913.1  


Domain annotation for each sequence (and alignments):
>> EEV9868844.1  
   #    score  bias  c-Evalue  i-Evalue hmmfrom  hmm to    alifrom  ali to    envfrom  env to     acc
 ---   ------ ----- --------- --------- ------- -------    ------- -------    ------- -------    ----
   1 !   23.8  30.8   4.2e-09   4.2e-09      33     270 ..       7     257 ..       2     269 .. 0.62
   2 ?   -3.6   8.7      0.86      0.86     351     419 ..     354     423 ..     351     425 .] 0.82

  Alignments for each domain:
  == domain 1  score: 23.8 bits;  conditional E-value: 4.2e-09
     sequences  33 fsylgftynfsslskyilsillllllllll.pkkikrpssfillll...yllvyiPslviylfngessldellllllvlllsllllllisk...lkl 122
                   f   g+  +f ++  +i+ + l +++l +   kki++p  +++ ++   + ++yi  +++ +++   + ++++ l     ls++   +i+     ++
  EEV9868844.1   7 FPVRGYIVSFIHILLLIILFYLPFIFLKFGlRKKITHPPTLFCAIFsfvLSMAYIAHITLGFYEISYESYAIYGLG---NLSFIAGGMITDalnRRN 100
                   5555666666544444444444344443333678888877766555111556777777776666555544444343...445544444444432334 PP

     sequences 123 ikipk..lkikkklvllllllltlllliiliitygfnlr..lvslsdvYdlReeareas.ssgllgYliswlskvilplllvygllkk..kyllvll 212
                   ik+++  + +k+ + ll +l++tlll++++ ++  ++ +  +    ++  +Re   e++  s++++ +i   s ++++++  ++ +kk   y ++l 
  EEV9868844.1 101 IKNSTqlVINKQAITLLKILIFTLLLYFPIAYSEFKHATpdMPLALKILRIRERGLEEQvYSTITNNMIIL-SSCLVMYMTFIFSIKKinVYYYSLT 196
                   5533332455777777779999999999999887775542256679********99887457777776666.6666666666666665324688899 PP

     sequences 213 gillqlllfsitghKsvlfspllviglyfllkkkkkl.s.lflll..llllvllsllldllt 270
                   ++l++ + f+++   +++++ +++i++y+l ++k+++ s lfll+  +++++l +l+  +++
  EEV9868844.1 197 FVLFCAYNFMTGTRAAIILISIACIFIYLLNTNKNNKtSkLFLLSvgMTAIILGALV-AIFM 257
                   99999*************************977776645655555224444444444.4443 PP

  == domain 2  score: -3.6 bits;  conditional E-value: 0.86
     sequences 351 fGliGvlifslllalilklldslskkkklrfvill.lvlpifallnsslfTtLlThGllllllllyllrk 419
                   +Gl+Gv++f ll++ +  +l +   +    +v+ + ++l++ ++++  ++ +++T  ++ +lll+ ++++
  EEV9868844.1 354 YGLVGVILFFLLYGTVCTILYNHGPGIVSVLVGYInATLCLNIFNEQVFINIIFTIKFICFLLLIRCFER 423
                   6999999999999999999999999988888888734556677788888889999999999999999876 PP

>> AAZ85718.1  
   #    score  bias  c-Evalue  i-Evalue hmmfrom  hmm to    alifrom  ali to    envfrom  env to     acc
 ---   ------ ----- --------- --------- ------- -------    ------- -------    ------- -------    ----
   1 !   23.4  29.5   5.6e-09   5.6e-09      46     270 ..       4     244 ..       1     256 [. 0.64
   2 ?   -3.5   8.7      0.82      0.82     351     419 ..     341     410 ..     338     412 .] 0.82

  Alignments for each domain:
  == domain 1  score: 23.4 bits;  conditional E-value: 5.6e-09
   sequences  46 skyilsillllllllllp....kkikrpssfillll...yllvyiPslviylfngessldellllllvlllsllllllisk...lklikipk..lkikk 132
                 + ++l i+l+ l++++l+    kki++p  +++ ++   + ++yi  +++ +++   + ++++ l     ls++   +i+     ++ik+++  + +k+
  AAZ85718.1   4 IHILLLIILFYLPFIFLKfglrKKITHPPTLFCAIFsfvLSMAYIAHITLGFYEISYESYAIYGLG---NLSFIAGGMITDalnRRNIKNSTqlVINKQ 99 
                 556667777777777653122267777766665554100566777777776666555544444443...444444444444432334553333355678 PP

   sequences 133 klvllllllltlllliiliitygfnlr..lvslsdvYdlReeareas.ssgllgYliswlskvilplllvygllkk..kyllvllgillqlllfsitgh 226
                 ++ ll +l++tlll++++ ++  ++ +  +    ++  +Re   e++  s++++ +i   s ++++++  ++ +kk   y ++l ++l++ + f+++  
  AAZ85718.1 100 EITLLKILIFTLLLYFPIAYSEFKHATpdMPLALKILRIRERGLEEQvYSTITNNMIIL-SSCLVMYMTFIFSIKKinVYYYSLTFVLFCAYNFMTGTR 197
                 8888889999999999999987775542256679********99887457777776666.666666666666666532468889999999********* PP

   sequences 227 Ksvlfspllviglyfllkkkkkl.s.lflll..llllvllsllldllt 270
                  +++++ +++i++y+l ++k+++ s lfll+  +++++l +l+  +++
  AAZ85718.1 198 AAIILISIACIFIYLLNTNKNNKtSkLFLLSvgMTAIILGALV-AIFM 244
                 ****************977776645655555224444444444.4443 PP

  == domain 2  score: -3.5 bits;  conditional E-value: 0.82
   sequences 351 fGliGvlifslllalilklldslskkkklrfvill.lvlpifallnsslfTtLlThGllllllllyllrk 419
                 +Gl+Gv++f ll++ +  +l +   +    +v+ + ++l++ ++++  ++ +++T  ++ +lll+ ++++
  AAZ85718.1 341 YGLVGVILFFLLYGTVCTILYNHGPGIVSVLVGYInATLCLNIFNEQVFINIIFTIKFICFLLLIRCFER 410
                 6999999999999999999999999988888888734556677788888889999999999999999876 PP

>> EGB44387.1  
   #    score  bias  c-Evalue  i-Evalue hmmfrom  hmm to    alifrom  ali to    envfrom  env to     acc
 ---   ------ ----- --------- --------- ------- -------    ------- -------    ------- -------    ----
   1 !   23.2  30.1   6.5e-09   6.5e-09      46     270 ..       4     244 ..       1     257 [. 0.63
   2 ?   -2.2   1.0      0.32      0.32      72     100 ..     333     360 ..     303     369 .. 0.55

  Alignments for each domain:
  == domain 1  score: 23.2 bits;  conditional E-value: 6.5e-09
   sequences  46 skyilsillllllllllp....kkikrpssfillll...yllvyiPslviylfngessldellllllvlllsllllllisk...lklikipk..lkikk 132
                 + ++l i+l+ l++++l+    kki++p  +++ ++   + ++yi  +++ +++   + ++++ l     ls++   +i+     ++ik+++  + +k+
  EGB44387.1   4 IHILLLIILFYLPFIFLKfglrKKITHPPTLFCAIFsfvLSMAYIAHITLGFYEISYESYAIYGLG---NLSFIAGGMITDalnRRNIKNSTqlVINKQ 99 
                 556667777777777653122267777766665554100566777777776666555544444443...444544444444432334553333245577 PP

   sequences 133 klvllllllltlllliiliitygfnlr..lvslsdvYdlReeareas.ssgllgYliswlskvilplllvygllkk..kyllvllgillqlllfsitgh 226
                  + ll +l++tlll++++ ++  ++ +  +    ++  +Re   e++  s++++ +i   s ++++++  ++ +kk   y ++l ++l++ + f+++  
  EGB44387.1 100 AITLLKILIFTLLLYFPIAYSEFKHATpdMPLALKILRIRERGLEEQvYSTITNNMIIL-SSCLVMYMTFIFSIKKinVYYYSLTFVLFCAYNFMTGTR 197
                 7777779999999999999887775542256679********99887457777776666.666666666666666532468889999999********* PP

   sequences 227 Ksvlfspllviglyfllkkkkkl.s.lflll..llllvllsllldllt 270
                  +++++ +++i++y+l ++k+++ s lfll+  +++++l +l+  +++
  EGB44387.1 198 AAIILISIACIFIYLLNTNKNNKtSkLFLLSvgMTAIILGALV-AIFM 244
                 ****************977776645655555224444444444.4443 PP

  == domain 2  score: -2.2 bits;  conditional E-value: 0.32
   sequences  72 fillllyllvyiPslviylfngessldel 100
                 +++ +  l  ++ +++++++++    +++
  EGB44387.1 333 IYFAIYPLYGLVGVILFFCYMEPYV-QYF 360
                 4444444444444444444443222.222 PP

>> WP_222839913.1  
   #    score  bias  c-Evalue  i-Evalue hmmfrom  hmm to    alifrom  ali to    envfrom  env to     acc
 ---   ------ ----- --------- --------- ------- -------    ------- -------    ------- -------    ----
   1 !   15.7  32.4   1.2e-06   1.2e-06      48     269 ..       8     239 ..       1     250 [. 0.60
   2 ?   -2.7   0.0      0.47      0.47     335     359 ..     248     272 ..     239     273 .. 0.86
   3 ?   -1.5   9.4      0.21      0.21     351     419 ..     336     405 ..     333     407 .] 0.86

  Alignments for each domain:
  == domain 1  score: 15.7 bits;  conditional E-value: 1.2e-06
       sequences  48 yilsillllllllllpkkikrpssfill...llyllvyiPslviylfngessldellllllvlllsllllllisk...lklik.ipklki.kkkl 134
                     +il +  +++l + l kki++p  +++    +++ ++yi  +++ +++   + ++++ l +   ls++   +i+     ++ik + ++   ++  
  WP_222839913.1   8 IILFYSPFVFLKFGLRKKITHPPTLFCAifsFVLSMAYIAHMTLGFYEISYESYAIYGLGN---LSFIAGGMITDalmRRNIKnNIQVTLnNHAS 99 
                     2333333333334456677777666555000556677888888777766555455544433...4444433333333222333233444413434 PP

       sequences 135 vllllllltlllliiliitygfnlr..lvslsdvYdlReeareas.ssgllgYliswlskvilplllvygllkk..kyllvllgillqlllfsit 224
                     +ll +l++tlll++++ +   ++ +  +    ++  +Re   e++  s++++ +i   s ++++++  ++ +kk   y ++l ++l++ + f+++
  WP_222839913.1 100 ILLKVLIFTLLLYFPIAYNEFKHATpdMPLALKILRIRERGLEEQvYSTITNNMIIL-SSCLVMYITFIFSIKKinIYYYALTFFLFCAYNFMTG 193
                     55556778888888888776554442256679********99877467777777766.555555555555555522457777888899999**** PP

       sequences 225 ghKsvlfspllviglyfllkkkkkls.lflllllllvllsllldll 269
                        +++++ +++i++y+l ++k++++ l+++++++++l +l+  ++
  WP_222839913.1 194 TRAAIILISIACIFIYLLNTNKSSKFfLLSVGATAIILGALVAVFM 239
                     ******************8777777537777777777776665554 PP

  == domain 2  score: -2.7 bits;  conditional E-value: 0.47
       sequences 335 pemnaNagfiadGyanfGliGvlif 359
                     +++ aN + +ad y ++ + Gv++f
  WP_222839913.1 248 ESLLANLNKVADNYFSYTVQGVILF 272
                     67889*****************997 PP

  == domain 3  score: -1.5 bits;  conditional E-value: 0.21
       sequences 351 fGliGvlifslllalilklldslskkkklrfvill.lvlpifallnsslfTtLlThGllllllllyllrk 419
                     +GliGv++f ll++++  +l +   +    +v+ + ++l++ ++++  ++ +++T  ++ +lll+ ++++
  WP_222839913.1 336 YGLIGVILFFLLYGIVCTILYNHGPGIVSVLVGYInATLCLNIFNEQVFINIIFTIKFICFLLLMRCFER 405
                     69******************9999999888888883456667778888999999*999999999999986 PP



Internal pipeline statistics summary:
-------------------------------------
Query model(s):                            1  (429 nodes)
Target sequences:                          4  (1614 residues searched)
Passed MSV filter:                         4  (1); expected 0.1 (0.02)
Passed bias filter:                        4  (1); expected 0.1 (0.02)
Passed Vit filter:                         4  (1); expected 0.0 (0.001)
Passed Fwd filter:                         4  (1); expected 0.0 (1e-05)
Initial search space (Z):                  4  [actual number of targets]
Domain search space  (domZ):               4  [number of targets reported over threshold]
# CPU time: 0.01u 0.00s 00:00:00.01 Elapsed: 00:00:00.02
# Mc/sec: 34.57
//
[ok]
