# hmmsearch :: search profile(s) against a sequence database
# HMMER 3.3.2 (Nov 2020); http://hmmer.org/
# Copyright (C) 2020 Howard Hughes Medical Institute.
# Freely distributed under the BSD open source license.
# - - - - - - - - - - - - - - - - - - - - - - - - - - - - - - - - - - - -
# query HMM file:                  data/wzy/ssn-clusterings/2206101141/clusters/0258_15/sequences.hmm
# target sequence database:        data/wzy/ssn-clusterings/2206101141/clusters/0022_81/sequences.fa
# - - - - - - - - - - - - - - - - - - - - - - - - - - - - - - - - - - - -

Query:       sequences  [M=429]
Scores for complete sequences (score includes all domains):
   --- full sequence ---   --- best 1 domain ---    -#dom-
    E-value  score  bias    E-value  score  bias    exp  N  Sequence       Description
    ------- ------ -----    ------- ------ -----   ---- --  --------       -----------
    1.7e-06   17.7   3.1    1.7e-06   17.7   3.1    3.0  2  WP_189660095.1  
    3.7e-06   16.6   3.5    3.7e-06   16.6   3.5    2.8  2  WP_165501915.1  


Domain annotation for each sequence (and alignments):
>> WP_189660095.1  
   #    score  bias  c-Evalue  i-Evalue hmmfrom  hmm to    alifrom  ali to    envfrom  env to     acc
 ---   ------ ----- --------- --------- ------- -------    ------- -------    ------- -------    ----
   1 ?  -11.0  37.1         2        22      19     265 ..      43     275 ..      34     286 .. 0.44
   2 !   17.7   3.1   1.5e-07   1.7e-06     340     415 ..     334     410 ..     295     419 .. 0.78

  Alignments for each domain:
  == domain 1  score: -11.0 bits;  conditional E-value: 2
       sequences  19 llldiaYvnfispvfsylgftynfsslskyilsillllllllllpkkikrpssfillllyllvyiPslvi...ylfngessldellllllvllls 110
                     +++ + Yv +i+  f    f+ n s l  ++l il+l+ +ll +  +++++ +++l l+  lv+ P++       fn++ + d +  +++  +l 
  WP_189660095.1  43 VAILLFYVIIIYTLFLSGSFKVNGS-L--ITLFILMLSGTLLSIIDNRSNILQVVLGLH-ALVFYPMVFSilaCYFNNDYDNDRWRRIAF--FLK 131
                     4444555555555555555666655.2..222222222222333455556666655443.334444332211123333333343322222..222 PP

       sequences 111 llllllisklklikipklkikkklvllllllltlllliiliitygfnlrlvslsdvYdlReeareasssgllgYliswlskvilplllvygllkk 205
                      +l++++   ++i          ++ ++    + l+l +   + g n+    ++  Ydl +++   ++   +gYl+ +   +i+ ++ +++ +  
  WP_189660095.1 132 RVLTVVFLITSSIA---------IIDVVTGGNFTLMLGYNPNYGGDNF--SLINRYYDLVRANGGFADALAFGYLMVI--AFIFFVYNIFSKYGS 213
                     22222221111111.........1222222223333333332233344..3468999987777777899999999999..455555556666666 PP

       sequences 206 kyllvllgillqlllfsitghKsvlfspllviglyfllkkkk..kls..lflllllllvllsll 265
                     ky  +l +il+++  f+     +++ +++   +++++ ++k   k+s  l++++ll+ + ls +
  WP_189660095.1 214 KYTNLLGAILAIIACFMSITRGAII-ALICSGLIFLC-RSKIivKASasLMAFVLLVAISLSSY 275
                     7777777777778888755444443.33333333333.33330032211222223222333333 PP

  == domain 2  score: 17.7 bits;  conditional E-value: 1.5e-07
       sequences 340 Na.gfiadGyanfGliGvlifslllalilklldslskkkklrfvilllvlpi.fallnsslfTtLlThGlllllllly 415
                     N+ +fi  G+ ++G++G l+f ll+ + ++++ + +k+ ++ f+++l++l++  a ++ss+   +l+  ++++++++y
  WP_189660095.1 334 NTdNFIFHGMLEAGIFGGLMFQLLILYQFRVFYKKTKGARQ-FFFALFFLYWlSAAVSSSFQAGILSVLFWIVCFIIY 410
                     4427889*******************************995.55555666651567***********98888888887 PP

>> WP_165501915.1  
   #    score  bias  c-Evalue  i-Evalue hmmfrom  hmm to    alifrom  ali to    envfrom  env to     acc
 ---   ------ ----- --------- --------- ------- -------    ------- -------    ------- -------    ----
   1 ?   -9.2  37.0         2        22      19     265 ..      43     273 ..      36     286 .. 0.44
   2 !   16.6   3.5   3.3e-07   3.7e-06     342     415 ..     337     410 ..     300     420 .. 0.79

  Alignments for each domain:
  == domain 1  score: -9.2 bits;  conditional E-value: 2
       sequences  19 llldiaYvnfispvfsylgftynfsslskyilsillllllllllpkkikrpssfillllyllvyiPslvi...ylfngessldellllllvllls 110
                     +++ + Yv +i+  f   +f++n s l+++++ +ll +ll   +  +++++ +++l l+  lv+ P++       fn++ + d +  +++  +l 
  WP_165501915.1  43 VAILLFYVIIIYTLFLSGRFKINGS-LITLFILMLLGILL--SIIENRSNILQVVLGLH-ALVFYPMVFSilaCYFNNDYDNDRWRRIAS--FLK 131
                     3444455555555555555555555.33333322221111..12233444555544333.333333322211122333333344333333..222 PP

       sequences 111 llllllisklklikipklkikkklvllllllltlllliiliitygfnlrlvslsdvYdlReeareasssgllgYliswlskvilplllvygllkk 205
                      +l++++   ++i i         + ++    + l+l +   + g n+    ++  Ydl +++   ++   +gYl+ +   +i+ ++ +++ +  
  WP_165501915.1 132 RVLTVVFLITSSIAI---------IDVVTGGNFTLMLGYNPNYGGDNF--SLINRYYDLVRANGGFADALAFGYLMVI--AFIFFVYNIFSKYGS 213
                     222222211111111.........112222222223332222222233..346999**8777888899********99..455556666777778 PP

       sequences 206 kyllvllgillqlllfsitghKsvlfspllviglyfllkkkkkl..slflllllllvllsll 265
                     ky+ +l +il+    f+     +++    ++ gl+fl +++  +  s+ l+++lllv++sl 
  WP_165501915.1 214 KYINLLGAILATTACFMSITRGAIIAL--ICAGLFFLCRSNIIVkvSTSLIAFLLLVAISLS 273
                     899999999999999986665554443..334444443443332113333333333333332 PP

  == domain 2  score: 16.6 bits;  conditional E-value: 3.3e-07
       sequences 342 gfiadGyanfGliGvlifslllalilklldslskkkklrfvilllvlpi.fallnsslfTtLlThGlllllllly 415
                     +fi  G+ ++G++G l+f ll+ + ++++ + +k+ ++ f+++l++l++  a ++ss+   +l+  ++++++++y
  WP_165501915.1 337 NFIFHGMLEAGIFGGLMFQLLILYQFRVFYKKTKGARR-FFFALFFLYWlSAAVSSSFQAGILSVLFWVVCFIIY 410
                     7889*******************************995.55555666651566**********998888888887 PP



Internal pipeline statistics summary:
-------------------------------------
Query model(s):                            1  (429 nodes)
Target sequences:                         22  (8719 residues searched)
Passed MSV filter:                        22  (1); expected 0.4 (0.02)
Passed bias filter:                        4  (0.181818); expected 0.4 (0.02)
Passed Vit filter:                         4  (0.181818); expected 0.0 (0.001)
Passed Fwd filter:                         2  (0.0909091); expected 0.0 (1e-05)
Initial search space (Z):                 22  [actual number of targets]
Domain search space  (domZ):               2  [number of targets reported over threshold]
# CPU time: 0.01u 0.00s 00:00:00.01 Elapsed: 00:00:00.01
# Mc/sec: 257.48
//
[ok]
