
muscle 5.1.linux64 [12f0e2]  528Gb RAM, 24 cores
Built Jan 13 2022 23:17:13
(C) Copyright 2004-2021 Robert C. Edgar.
https://drive5.com

Input: 20 seqs, avg length 347, max 365

00:00 3.9Mb  CPU has 24 cores, defaulting to 20 threads

WARNING: Max OMP threads 1

00:00 3.9Mb    0.53% Calc posteriors00:01 4.5Mb    16.8% Calc posteriors00:02 4.7Mb    33.2% Calc posteriors00:03 5.4Mb    50.5% Calc posteriors00:04 11Mb     70.0% Calc posteriors00:05 11Mb     87.9% Calc posteriors00:05 6.2Mb   100.0% Calc posteriors
00:05 6.2Mb    0.53% Consistency (1/2)00:05 9.1Mb   100.0% Consistency (1/2)
00:05 9.1Mb    0.53% Consistency (2/2)00:05 9.1Mb   100.0% Consistency (2/2)
00:05 9.1Mb     5.3% UPGMA5           00:05 9.1Mb   100.0% UPGMA5
00:05 9.3Mb     1.0% Refining00:06 9.3Mb    20.0% Refining00:06 10Mb    100.0% Refining
INFO:Malign:No identity filter
INFO:Malign:Star /work3/idamei/ssn-clusterings/2206071104/clusters/0020_66/seeds.txt
INFO:Malign:Star highlights 2
INFO:Malign:No identity filter
INFO:Malign:Fasta contains 20 valid records
INFO:Malign:Aligned already
INFO:Malign:Align contains 20 valid records
inputType: FASTA
================================================================================
WARNINGS

One or more weights was less than -50 bits.
To avoid such amino acid dominating the logo position, these was reduced to -50
bits.
To remove this warning you could try choosing the option of pseudo counts.
================================================================================

