
muscle 5.1.linux64 [12f0e2]  396Gb RAM, 24 cores
Built Jan 13 2022 23:17:13
(C) Copyright 2004-2021 Robert C. Edgar.
https://drive5.com

Input: 19 seqs, avg length 336, max 363

00:00 3.9Mb  CPU has 24 cores, defaulting to 20 threads

WARNING: Max OMP threads 1

00:00 3.9Mb    0.58% Calc posteriors00:01 4.5Mb    21.6% Calc posteriors00:02 9.6Mb    43.3% Calc posteriors00:03 5.0Mb    66.1% Calc posteriors00:04 11Mb     88.9% Calc posteriors00:04 11Mb    100.0% Calc posteriors
00:04 11Mb     0.58% Consistency (1/2)00:04 11Mb    100.0% Consistency (1/2)
00:04 11Mb     0.58% Consistency (2/2)00:04 11Mb    100.0% Consistency (2/2)
00:04 11Mb      5.6% UPGMA5           00:04 11Mb    100.0% UPGMA5
00:04 11Mb      1.0% Refining00:04 11Mb    100.0% Refining
INFO:Malign:No identity filter
INFO:Malign:Star /work3/idamei/ssn-clusterings/2206011120/clusters/0019_127/seeds.txt
INFO:Malign:Star highlights 1
INFO:Malign:No identity filter
INFO:Malign:Fasta contains 19 valid records
INFO:Malign:Aligned already
INFO:Malign:Align contains 19 valid records
inputType: FASTA

