
muscle 5.1.linux64 [12f0e2]  396Gb RAM, 24 cores
Built Jan 13 2022 23:17:13
(C) Copyright 2004-2021 Robert C. Edgar.
https://drive5.com

Input: 19 seqs, avg length 394, max 426

00:00 3.9Mb  CPU has 24 cores, defaulting to 20 threads

WARNING: Max OMP threads 1

00:00 3.9Mb    0.58% Calc posteriors00:01 4.0Mb     1.8% Calc posteriors00:02 4.8Mb    23.4% Calc posteriors00:03 4.8Mb    45.0% Calc posteriors00:04 12Mb     65.5% Calc posteriors00:05 12Mb     88.3% Calc posteriors00:05 12Mb    100.0% Calc posteriors
00:05 13Mb     0.58% Consistency (1/2)00:05 13Mb    100.0% Consistency (1/2)
00:05 13Mb     0.58% Consistency (2/2)00:05 13Mb    100.0% Consistency (2/2)
00:05 13Mb      5.6% UPGMA5           00:05 13Mb    100.0% UPGMA5
00:05 13Mb      1.0% Refining00:05 13Mb    100.0% Refining
INFO:Malign:No identity filter
INFO:Malign:Star /work3/idamei/wzy/ssn-clusterings/2209161239/super-clusters/0019_1_199/seeds.txt
INFO:Malign:Star highlights 1 from comma-separated list
Read FASTA line_by_line from /work3/idamei/wzy/ssn-clusterings/2209161239/super-clusters/0019_1_199/sequences.afa 19 elements
INFO:Malign:No identity filter
INFO:Malign:Fasta contains 19 valid records
INFO:Malign:Aligned already
INFO:Malign:Align contains 19 valid records
FastTree Version 2.1.11 SSE3
Alignment: /work3/idamei/wzy/ssn-clusterings/2209161239/super-clusters/0019_1_199/sequences.afa
Amino acid distances: BLOSUM45 Joins: balanced Support: SH-like 1000
Search: Normal +NNI +SPR (2 rounds range 10) +ML-NNI opt-each=1
TopHits: 1.00*sqrtN close=default refresh=0.80
ML Model: Jones-Taylor-Thorton, CAT approximation with 20 rate categories
Ignored unknown character X (seen 7 times)
Initial topology in 0.00 seconds
Refining topology: 16 rounds ME-NNIs, 2 rounds ME-SPRs, 8 rounds ML-NNIs
Total branch-length 1.854 after 0.05 sec
ML-NNI round 1: LogLk = -4220.643 NNIs 4 max delta 1.08 Time 0.15
      0.15 seconds: Site likelihoods with rate category 1 of 20
Switched to using 20 rate categories (CAT approximation)
Rate categories were divided by 0.770 so that average rate = 1.0
CAT-based log-likelihoods may not be comparable across runs
Use -gamma for approximate but comparable Gamma(20) log-likelihoods
ML-NNI round 2: LogLk = -4023.980 NNIs 3 max delta 5.79 Time 0.31
      0.30 seconds: ML NNI round 3 of 8, 1 of 15 splits
ML-NNI round 3: LogLk = -4023.098 NNIs 1 max delta 0.00 Time 0.41
Turning off heuristics for final round of ML NNIs (converged)
ML-NNI round 4: LogLk = -4023.089 NNIs 0 max delta 0.00 Time 0.50 (final)
      0.50 seconds: ML Lengths 1 of 15 splits
Optimize all lengths: LogLk = -4023.089 Time 0.53
Total time: 0.63 seconds Unique: 17/19 Bad splits: 0/14
