
muscle 5.1.linux64 [12f0e2]  396Gb RAM, 24 cores
Built Jan 13 2022 23:17:13
(C) Copyright 2004-2021 Robert C. Edgar.
https://drive5.com

Input: 17 seqs, avg length 360, max 371

00:00 3.9Mb  CPU has 24 cores, defaulting to 20 threads

WARNING: Max OMP threads 1

00:00 3.9Mb    0.74% Calc posteriors00:01 4.6Mb    12.5% Calc posteriors00:02 4.6Mb    36.0% Calc posteriors00:03 10Mb     60.3% Calc posteriors00:04 5.1Mb    83.8% Calc posteriors00:04 5.3Mb   100.0% Calc posteriors
00:04 5.3Mb    0.74% Consistency (1/2)00:04 7.4Mb   100.0% Consistency (1/2)
00:04 7.4Mb    0.74% Consistency (2/2)00:04 7.4Mb   100.0% Consistency (2/2)
00:04 7.4Mb     6.2% UPGMA5           00:04 7.4Mb   100.0% UPGMA5
00:04 7.4Mb     1.0% Refining00:04 8.3Mb   100.0% Refining
INFO:Malign:No identity filter
INFO:Malign:Star /work3/idamei/ssn-clusterings/2206071104/clusters/0017_86/seeds.txt
INFO:Malign:Star highlights 3
INFO:Malign:No identity filter
INFO:Malign:Fasta contains 17 valid records
INFO:Malign:Aligned already
INFO:Malign:Align contains 17 valid records
inputType: FASTA
================================================================================
WARNINGS

One or more weights was less than -50 bits.
To avoid such amino acid dominating the logo position, these was reduced to -50
bits.
To remove this warning you could try choosing the option of pseudo counts.
================================================================================

