
muscle 5.1.linux64 [12f0e2]  396Gb RAM, 24 cores
Built Jan 13 2022 23:17:13
(C) Copyright 2004-2021 Robert C. Edgar.
https://drive5.com

Input: 17 seqs, avg length 385, max 400

00:00 3.9Mb  CPU has 24 cores, defaulting to 20 threads

WARNING: Max OMP threads 1

00:00 3.9Mb    0.74% Calc posteriors00:01 4.7Mb    12.5% Calc posteriors00:02 4.7Mb    33.8% Calc posteriors00:03 4.8Mb    55.1% Calc posteriors00:04 5.0Mb    77.2% Calc posteriors00:05 5.3Mb    97.1% Calc posteriors00:05 5.4Mb   100.0% Calc posteriors
00:05 11Mb     0.74% Consistency (1/2)00:05 11Mb    100.0% Consistency (1/2)
00:05 11Mb     0.74% Consistency (2/2)00:05 11Mb    100.0% Consistency (2/2)
00:05 11Mb      6.2% UPGMA5           00:05 11Mb    100.0% UPGMA5
00:05 11Mb      1.0% Refining00:05 11Mb    100.0% Refining
INFO:Malign:No identity filter
INFO:Malign:Star /work3/idamei/wzy/ssn-clusterings/2209161239/super-clusters/0017_1_122/seeds.txt
INFO:Malign:Star highlights 1 from comma-separated list
Read FASTA line_by_line from /work3/idamei/wzy/ssn-clusterings/2209161239/super-clusters/0017_1_122/sequences.afa 17 elements
INFO:Malign:No identity filter
INFO:Malign:Fasta contains 17 valid records
INFO:Malign:Aligned already
INFO:Malign:Align contains 17 valid records
FastTree Version 2.1.11 SSE3
Alignment: /work3/idamei/wzy/ssn-clusterings/2209161239/super-clusters/0017_1_122/sequences.afa
Amino acid distances: BLOSUM45 Joins: balanced Support: SH-like 1000
Search: Normal +NNI +SPR (2 rounds range 10) +ML-NNI opt-each=1
TopHits: 1.00*sqrtN close=default refresh=0.80
ML Model: Jones-Taylor-Thorton, CAT approximation with 20 rate categories
Initial topology in 0.00 seconds
Refining topology: 16 rounds ME-NNIs, 2 rounds ME-SPRs, 8 rounds ML-NNIs
Total branch-length 3.532 after 0.06 sec
ML-NNI round 1: LogLk = -7410.353 NNIs 2 max delta 3.44 Time 0.16
      0.16 seconds: Site likelihoods with rate category 1 of 20
Switched to using 20 rate categories (CAT approximation)
Rate categories were divided by 0.863 so that average rate = 1.0
CAT-based log-likelihoods may not be comparable across runs
Use -gamma for approximate but comparable Gamma(20) log-likelihoods
ML-NNI round 2: LogLk = -6993.722 NNIs 0 max delta 0.00 Time 0.27
Turning off heuristics for final round of ML NNIs (converged)
      0.26 seconds: ML NNI round 3 of 8, 1 of 15 splits
ML-NNI round 3: LogLk = -6993.509 NNIs 0 max delta 0.00 Time 0.37 (final)
      0.37 seconds: ML Lengths 1 of 15 splits
Optimize all lengths: LogLk = -6993.483 Time 0.40
Total time: 0.50 seconds Unique: 17/17 Bad splits: 0/14
