
muscle 5.1.linux64 [12f0e2]  396Gb RAM, 24 cores
Built Jan 13 2022 23:17:13
(C) Copyright 2004-2021 Robert C. Edgar.
https://drive5.com

Input: 7 seqs, avg length 381, max 391

00:00 3.9Mb  CPU has 24 cores, defaulting to 20 threads

WARNING: Max OMP threads 1

00:00 3.9Mb     4.8% Calc posteriors00:00 4.7Mb   100.0% Calc posteriors
00:00 4.7Mb     4.8% Consistency (1/2)00:00 5.3Mb   100.0% Consistency (1/2)
00:00 5.3Mb     4.8% Consistency (2/2)00:00 5.3Mb   100.0% Consistency (2/2)
00:00 5.3Mb    16.7% UPGMA5           00:00 5.3Mb   100.0% UPGMA5
00:00 5.4Mb     1.0% Refining00:01 5.4Mb    35.0% Refining00:01 5.6Mb   100.0% Refining
INFO:Malign:No identity filter
INFO:Malign:Star /work3/idamei/wzy/ssn-clusterings/2209140925/super-clusters/0007_1_47/seeds.txt
INFO:Malign:Star highlights 1 from comma-separated list
Read FASTA line_by_line from /work3/idamei/wzy/ssn-clusterings/2209140925/super-clusters/0007_1_47/sequences.afa 7 elements
INFO:Malign:No identity filter
INFO:Malign:Fasta contains 7 valid records
INFO:Malign:Aligned already
INFO:Malign:Align contains 7 valid records
FastTree Version 2.1.11 SSE3
Alignment: /work3/idamei/wzy/ssn-clusterings/2209140925/super-clusters/0007_1_47/sequences.afa
Amino acid distances: BLOSUM45 Joins: balanced Support: SH-like 1000
Search: Normal +NNI +SPR (2 rounds range 10) +ML-NNI opt-each=1
TopHits: 1.00*sqrtN close=default refresh=0.80
ML Model: Jones-Taylor-Thorton, CAT approximation with 20 rate categories
Initial topology in 0.00 seconds
Refining topology: 11 rounds ME-NNIs, 2 rounds ME-SPRs, 6 rounds ML-NNIs
Total branch-length 2.520 after 0.01 sec
ML-NNI round 1: LogLk = -4744.814 NNIs 0 max delta 0.00 Time 0.04
Switched to using 20 rate categories (CAT approximation)
Rate categories were divided by 0.833 so that average rate = 1.0
CAT-based log-likelihoods may not be comparable across runs
Use -gamma for approximate but comparable Gamma(20) log-likelihoods
ML-NNI round 2: LogLk = -4522.293 NNIs 0 max delta 0.00 Time 0.06
Turning off heuristics for final round of ML NNIs (converged)
ML-NNI round 3: LogLk = -4519.966 NNIs 0 max delta 0.00 Time 0.08 (final)
Optimize all lengths: LogLk = -4519.819 Time 0.09
Total time: 0.12 seconds Unique: 7/7 Bad splits: 0/4
