
muscle 5.1.linux64 [12f0e2]  396Gb RAM, 32 cores
Built Jan 13 2022 23:17:13
(C) Copyright 2004-2021 Robert C. Edgar.
https://drive5.com

Input: 18 seqs, avg length 440, max 469

00:00 3.9Mb  CPU has 32 cores, defaulting to 20 threads

WARNING: Max OMP threads 1

00:00 3.9Mb    0.65% Calc posteriors00:01 4.8Mb    12.4% Calc posteriors00:02 5.6Mb    28.1% Calc posteriors00:03 14Mb     43.1% Calc posteriors00:04 5.8Mb    59.5% Calc posteriors00:05 14Mb     74.5% Calc posteriors00:06 6.0Mb    88.9% Calc posteriors00:06 15Mb    100.0% Calc posteriors
00:06 15Mb     0.65% Consistency (1/2)00:06 15Mb    100.0% Consistency (1/2)
00:06 15Mb     0.65% Consistency (2/2)00:07 15Mb      1.3% Consistency (2/2)00:07 15Mb    100.0% Consistency (2/2)
00:07 15Mb      5.9% UPGMA5           00:07 15Mb    100.0% UPGMA5
00:07 15Mb      1.0% Refining00:07 15Mb    100.0% Refining
INFO:Malign:No identity filter
INFO:Malign:Star /work3/idamei/ssn-clusterings/2206071104/clusters/0018_141/seeds.txt
INFO:Malign:Star highlights 1
INFO:Malign:No identity filter
INFO:Malign:Fasta contains 18 valid records
INFO:Malign:Aligned already
INFO:Malign:Align contains 18 valid records
inputType: FASTA
================================================================================
WARNINGS

One or more weights was less than -50 bits.
To avoid such amino acid dominating the logo position, these was reduced to -50
bits.
To remove this warning you could try choosing the option of pseudo counts.
================================================================================

