
muscle 5.1.linux64 [12f0e2]  396Gb RAM, 24 cores
Built Jan 13 2022 23:17:13
(C) Copyright 2004-2021 Robert C. Edgar.
https://drive5.com

Input: 15 seqs, avg length 397, max 403

00:00 3.9Mb  CPU has 24 cores, defaulting to 20 threads

WARNING: Max OMP threads 1

00:00 3.9Mb    0.95% Calc posteriors00:01 4.8Mb    21.9% Calc posteriors00:02 4.8Mb    46.7% Calc posteriors00:03 4.9Mb    71.4% Calc posteriors00:04 5.2Mb    97.1% Calc posteriors00:04 5.3Mb   100.0% Calc posteriors
00:04 5.3Mb    0.95% Consistency (1/2)00:04 7.2Mb   100.0% Consistency (1/2)
00:04 7.2Mb    0.95% Consistency (2/2)00:04 7.2Mb   100.0% Consistency (2/2)
00:04 7.2Mb     7.1% UPGMA5           00:04 7.2Mb   100.0% UPGMA5
00:04 7.4Mb     1.0% Refining00:04 8.3Mb   100.0% Refining
INFO:Malign:No identity filter
INFO:Malign:Star /work3/idamei/wzy/ssn-clusterings/2209081049/super-clusters/0015_1_98/seeds.txt
INFO:Malign:Star highlights 1 from comma-separated list
Read FASTA line_by_line from /work3/idamei/wzy/ssn-clusterings/2209081049/super-clusters/0015_1_98/sequences.afa 15 elements
INFO:Malign:No identity filter
INFO:Malign:Fasta contains 15 valid records
INFO:Malign:Aligned already
INFO:Malign:Align contains 15 valid records
FastTree Version 2.1.11 SSE3
Alignment: /work3/idamei/wzy/ssn-clusterings/2209081049/super-clusters/0015_1_98/sequences.afa
Amino acid distances: BLOSUM45 Joins: balanced Support: SH-like 1000
Search: Normal +NNI +SPR (2 rounds range 10) +ML-NNI opt-each=1
TopHits: 1.00*sqrtN close=default refresh=0.80
ML Model: Jones-Taylor-Thorton, CAT approximation with 20 rate categories
Initial topology in 0.00 seconds
Refining topology: 16 rounds ME-NNIs, 2 rounds ME-SPRs, 8 rounds ML-NNIs
Total branch-length 6.340 after 0.06 sec
ML-NNI round 1: LogLk = -11050.287 NNIs 1 max delta 1.06 Time 0.16
      0.16 seconds: Site likelihoods with rate category 1 of 20
Switched to using 20 rate categories (CAT approximation)
Rate categories were divided by 0.920 so that average rate = 1.0
CAT-based log-likelihoods may not be comparable across runs
Use -gamma for approximate but comparable Gamma(20) log-likelihoods
ML-NNI round 2: LogLk = -10515.025 NNIs 0 max delta 0.00 Time 0.26
Turning off heuristics for final round of ML NNIs (converged)
ML-NNI round 3: LogLk = -10512.857 NNIs 0 max delta 0.00 Time 0.36 (final)
      0.36 seconds: ML Lengths 1 of 13 splits
Optimize all lengths: LogLk = -10512.798 Time 0.39
Total time: 0.48 seconds Unique: 15/15 Bad splits: 0/12
