
muscle 5.1.linux64 [12f0e2]  396Gb RAM, 24 cores
Built Jan 13 2022 23:17:13
(C) Copyright 2004-2021 Robert C. Edgar.
https://drive5.com

Input: 25 seqs, avg length 449, max 463

00:00 3.9Mb  CPU has 24 cores, defaulting to 20 threads

WARNING: Max OMP threads 1

00:00 3.9Mb    0.33% Calc posteriors00:01 5.7Mb     1.7% Calc posteriors00:02 4.9Mb     8.7% Calc posteriors00:03 4.9Mb    16.0% Calc posteriors00:04 4.9Mb    23.0% Calc posteriors00:05 5.1Mb    30.0% Calc posteriors00:06 6.1Mb    37.0% Calc posteriors00:07 6.1Mb    44.7% Calc posteriors00:08 6.1Mb    51.3% Calc posteriors00:09 6.1Mb    58.0% Calc posteriors00:10 6.4Mb    65.0% Calc posteriors00:11 15Mb     72.3% Calc posteriors00:12 6.9Mb    79.3% Calc posteriors00:13 7.9Mb    86.7% Calc posteriors00:14 16Mb     93.7% Calc posteriors00:14 7.9Mb   100.0% Calc posteriors
00:14 7.9Mb    0.33% Consistency (1/2)00:15 9.5Mb     9.7% Consistency (1/2)00:15 12Mb    100.0% Consistency (1/2)
00:15 12Mb     0.33% Consistency (2/2)00:15 12Mb    100.0% Consistency (2/2)
00:15 12Mb      4.2% UPGMA5           00:15 12Mb    100.0% UPGMA5
00:15 12Mb      1.0% Refining00:15 14Mb    100.0% Refining
INFO:Malign:No identity filter
INFO:Malign:Star /work3/idamei/ssn-clusterings/2206070959/clusters/0025_73/seeds.txt
INFO:Malign:Star highlights 1
INFO:Malign:No identity filter
INFO:Malign:Fasta contains 25 valid records
INFO:Malign:Aligned already
INFO:Malign:Align contains 25 valid records
inputType: FASTA
================================================================================
WARNINGS

One or more weights was less than -50 bits.
To avoid such amino acid dominating the logo position, these was reduced to -50
bits.
To remove this warning you could try choosing the option of pseudo counts.
================================================================================

