
muscle 5.1.linux64 [12f0e2]  396Gb RAM, 24 cores
Built Jan 13 2022 23:17:13
(C) Copyright 2004-2021 Robert C. Edgar.
https://drive5.com

Input: 11 seqs, avg length 437, max 446

00:00 3.9Mb  CPU has 24 cores, defaulting to 20 threads

WARNING: Max OMP threads 1

00:00 3.9Mb     1.8% Calc posteriors00:01 4.8Mb    23.6% Calc posteriors00:02 4.8Mb    70.9% Calc posteriors00:02 4.8Mb   100.0% Calc posteriors
00:02 4.8Mb     1.8% Consistency (1/2)00:02 6.4Mb   100.0% Consistency (1/2)
00:02 6.4Mb     1.8% Consistency (2/2)00:02 6.4Mb   100.0% Consistency (2/2)
00:02 6.4Mb    10.0% UPGMA5           00:02 6.4Mb   100.0% UPGMA5
00:02 6.4Mb     1.0% Refining00:03 6.4Mb    57.0% Refining00:03 6.6Mb   100.0% Refining
/zhome/2b/2/141636/.lsbatch/1652281902.13557758.shell: line 31: /work3/garryg/bioP/bin/malign: No such file or directory
inputType: FASTA


muscle 5.1.linux64 [12f0e2]  396Gb RAM, 24 cores
Built Jan 13 2022 23:17:13
(C) Copyright 2004-2021 Robert C. Edgar.
https://drive5.com

Input: 11 seqs, avg length 437, max 446

00:00 3.9Mb  CPU has 24 cores, defaulting to 20 threads

WARNING: Max OMP threads 1

00:00 3.9Mb     1.8% Calc posteriors00:01 4.8Mb    36.4% Calc posteriors00:02 4.8Mb    96.4% Calc posteriors00:02 4.8Mb   100.0% Calc posteriors
00:02 4.8Mb     1.8% Consistency (1/2)00:02 6.4Mb   100.0% Consistency (1/2)
00:02 6.4Mb     1.8% Consistency (2/2)00:02 6.4Mb   100.0% Consistency (2/2)
00:02 6.4Mb    10.0% UPGMA5           00:02 6.4Mb   100.0% UPGMA5
00:02 6.4Mb     1.0% Refining00:02 6.6Mb   100.0% Refining
INFO:Malign:Fasta contains 11 valid records
INFO:Malign:Aligned already
INFO:Malign:Align contains 11 valid records
inputType: FASTA

