# hmmsearch :: search profile(s) against a sequence database
# HMMER 3.3.2 (Nov 2020); http://hmmer.org/
# Copyright (C) 2020 Howard Hughes Medical Institute.
# Freely distributed under the BSD open source license.
# - - - - - - - - - - - - - - - - - - - - - - - - - - - - - - - - - - - -
# query HMM file:                  data/wzy/ssn-clusterings/2206101141/clusters/0152_11/sequences.hmm
# target sequence database:        data/wzy/ssn-clusterings/2206101141/clusters/0004_204/sequences.fa
# - - - - - - - - - - - - - - - - - - - - - - - - - - - - - - - - - - - -

Query:       sequences  [M=408]
Scores for complete sequences (score includes all domains):
   --- full sequence ---   --- best 1 domain ---    -#dom-
    E-value  score  bias    E-value  score  bias    exp  N  Sequence       Description
    ------- ------ -----    ------- ------ -----   ---- --  --------       -----------
  ------ inclusion threshold ------
      0.027    1.1  54.4      8e-06   12.8   6.0    3.4  2  WP_086391195.1  
      0.032    0.9  53.6      8e-06   12.8   6.0    3.4  2  AHB32386.1      


Domain annotation for each sequence (and alignments):
>> WP_086391195.1  
   #    score  bias  c-Evalue  i-Evalue hmmfrom  hmm to    alifrom  ali to    envfrom  env to     acc
 ---   ------ ----- --------- --------- ------- -------    ------- -------    ------- -------    ----
   1 ?   -9.6  40.4         2         4      18     256 ..      14     256 ..       1     260 [. 0.46
   2 ?   12.8   6.0     4e-06     8e-06     326     392 ..     309     374 ..     302     384 .. 0.76

  Alignments for each domain:
  == domain 1  score: -9.6 bits;  conditional E-value: 2
       sequences  18 lllfqnlleeyipifsyiDE.lialllllllllkllkkkkk.lskeeikilillilllliGlisnllskiqpsliailvDilallKff.lvylal 109
                     ll+++ +    i ++++i   ++++++++++++ l  +k++ +  ++ +i+il+i+ +++ lis +l++         vD+++ + +f l+++ +
  WP_086391195.1  14 LLVLSGA-FYSIDFLKVISLgVFGVCIFIFFVFALTGNKNNlILDKSGIICILFIFSFVLMLISAALNNA--------VDLFIGVLLFlLLVINF 99 
                     3333333.34456666665414555555555555554333313333344444444444555555555554........55555444440444444 PP

       sequences 110 killskkdkkkllkillkiskifvvilfilailnlfvdigmssdvryGirsfkfifghptylaavvvillvillld.kkkkknkiyiilalllli 203
                     +i+  +k    +++++ k +k+     +i++++n+ + +   ++  +   + + + g ++ l+++ + +l+   ++ k kk ++++++++ll ++
  WP_086391195.1 100 SIFNLNK---ACFDFFDKPVKLTF---LIITLINFSFGFSIPFNGAFS--NPNSLGGIYAMLSFLSTGILLDKAYNsKGKKIDYYFLLIILLSTF 186
                     4443343...44444444444332...223333433333322222222..111122333444444555555444443466679999999999999 PP

       sequences 204 ltl....Rskaiafvlilllllllf..kkkk.......klkll....viivlavlalllgydqiqeyfls 256
                     ltl    R   i  +l+l++l+l+f  +  +       k++++      +v+++ a+l+ +++i++ f++
  WP_086391195.1 187 LTLvsnsRISFISSCLCLIVLFLYFmiNSFNlkkgisiKISFFkkmlATLVVGISAILILWEEIEDIFVK 256
                     99833224444444444444444431133212334433443333333678999************99986 PP

  == domain 2  score: 12.8 bits;  conditional E-value: 4e-06
       sequences 326 iiGQfGfiGlilyllllllifksilkkkkenkkiklaalllllyllisstaesiftsssgvllalvl 392
                     i+ QfG++ + ++ + ++ + +++++ k + +++ +   ++ + +l+ s++es++ +++  ++ +++
  WP_086391195.1 309 IYDQFGWLSCSFFAITVVFVAFNVFNPK-NIRSYGITPSFICFSFLFLSISESMINKTIFFCFLMIV 374
                     778************************9.56677888888888889999999887666443333333 PP

>> AHB32386.1  
   #    score  bias  c-Evalue  i-Evalue hmmfrom  hmm to    alifrom  ali to    envfrom  env to     acc
 ---   ------ ----- --------- --------- ------- -------    ------- -------    ------- -------    ----
   1 ?  -10.0  39.6         2         4      18     256 ..      14     256 ..       1     260 [. 0.45
   2 ?   12.8   6.0     4e-06     8e-06     326     392 ..     309     374 ..     302     384 .. 0.76

  Alignments for each domain:
  == domain 1  score: -10.0 bits;  conditional E-value: 2
   sequences  18 lllfqnlleeyipifsyiDE.lialllllllllkllkkkkk.lskeeikilillilllliGlisnllskiqpsliailvDilallKfflvylalkills 114
                 ll+++ +    i ++++i   ++++++++++++ l  +k++ +  ++ +i+il+i+ +++ lis +l++         vD+++ + +fl++++   +++
  AHB32386.1  14 LLVLSGA-FYSIDFLKVISLgVFGVCIFIFFVFALTGNKNNlILDKSGIICILFIFSFVLMLISAALNNA--------VDLFIGVLLFLLLVINFSIFN 103
                 3333333.34456666665414555555555555554333313333344444444444555555555554........555554444444444444443 PP

   sequences 115 kkdkkkllkillkiskifvvilfilailnlfvdigmssdvryGirsfkfifghptylaavvvillvillld.kkkkknkiyiilalllliltl....Rs 208
                  +  k +++++ k +k+     +i++++n+ + +   ++  +   + + + g ++ l+++ + +l+   ++ k kk +++ ++++ll ++ltl    R 
  AHB32386.1 104 LN--KACFDFFDKPVKLTF---LIITLINFSFGFSIPFNGAFS--NPNSLGGIYAMLSFLSTGILLDKAYNsKGKKIDYYLLLIILLSTFLTLvsnsRI 195
                 32..244444444444332...223334443333332222222..111122333344444444444444442345557777777777788887322244 PP

   sequences 209 kaiafvlilllllllf..kk...kk....klkll....viivlavlalllgydqiqeyfls 256
                   i  +l+l++l+l+f  +    kk    k++++      +v+++ a+l+ +++i++ f++
  AHB32386.1 196 SFISSCLCLIVLFLYFmiNSfnlKKgisiKISFFkkmlATLVVGISAILILWEEIEDIFVK 256
                 44544555554444432233222224433443333333678999************99986 PP

  == domain 2  score: 12.8 bits;  conditional E-value: 4e-06
   sequences 326 iiGQfGfiGlilyllllllifksilkkkkenkkiklaalllllyllisstaesiftsssgvllalvl 392
                 i+ QfG++ + ++ + ++ + +++++ k + +++ +   ++ + +l+ s++es++ +++  ++ +++
  AHB32386.1 309 IYDQFGWLSCSFFAITVVFVAFNVFNPK-NIRSYGITPSFICFSFLFLSISESMINKTIFFCFLMIV 374
                 778************************9.56677888888888889999999887666443333333 PP



Internal pipeline statistics summary:
-------------------------------------
Query model(s):                            1  (408 nodes)
Target sequences:                          4  (1481 residues searched)
Passed MSV filter:                         4  (1); expected 0.1 (0.02)
Passed bias filter:                        2  (0.5); expected 0.1 (0.02)
Passed Vit filter:                         2  (0.5); expected 0.0 (0.001)
Passed Fwd filter:                         2  (0.5); expected 0.0 (1e-05)
Initial search space (Z):                  4  [actual number of targets]
Domain search space  (domZ):               2  [number of targets reported over threshold]
# CPU time: 0.01u 0.00s 00:00:00.01 Elapsed: 00:00:00.01
# Mc/sec: 44.56
//
[ok]
