
muscle 5.1.linux64 [12f0e2]  792Gb RAM, 32 cores
Built Jan 13 2022 23:17:13
(C) Copyright 2004-2021 Robert C. Edgar.
https://drive5.com

Input: 19 seqs, avg length 390, max 396

00:00 3.9Mb  CPU has 32 cores, defaulting to 20 threads

WARNING: Max OMP threads 1

00:00 3.9Mb    0.58% Calc posteriors00:01 4.8Mb    15.8% Calc posteriors00:02 4.9Mb    36.8% Calc posteriors00:03 4.9Mb    57.3% Calc posteriors00:04 5.1Mb    78.4% Calc posteriors00:05 5.5Mb    98.2% Calc posteriors00:05 5.5Mb   100.0% Calc posteriors
00:05 5.5Mb    0.58% Consistency (1/2)00:05 8.0Mb   100.0% Consistency (1/2)
00:05 8.0Mb    0.58% Consistency (2/2)00:05 8.0Mb   100.0% Consistency (2/2)
00:05 8.0Mb     5.6% UPGMA5           00:05 8.0Mb   100.0% UPGMA5
00:05 8.0Mb     1.0% Refining00:05 8.8Mb   100.0% Refining
INFO:Malign:No identity filter
INFO:Malign:Star /work3/idamei/wzy/ssn-clusterings/2210041007/superclusterings/2210041009/superclusters/0019_1_182/seeds.txt
INFO:Malign:Star highlights 1 from comma-separated list
Read FASTA line_by_line from /work3/idamei/wzy/ssn-clusterings/2210041007/superclusterings/2210041009/superclusters/0019_1_182/sequences.afa 19 elements
INFO:Malign:No identity filter
INFO:Malign:Fasta contains 19 valid records
INFO:Malign:Aligned already
INFO:Malign:Align contains 19 valid records
FastTree Version 2.1.11 SSE3
Alignment: /work3/idamei/wzy/ssn-clusterings/2210041007/superclusterings/2210041009/superclusters/0019_1_182/sequences.afa
Amino acid distances: BLOSUM45 Joins: balanced Support: SH-like 1000
Search: Normal +NNI +SPR (2 rounds range 10) +ML-NNI opt-each=1
TopHits: 1.00*sqrtN close=default refresh=0.80
ML Model: Jones-Taylor-Thorton, CAT approximation with 20 rate categories
Initial topology in 0.00 seconds
Refining topology: 17 rounds ME-NNIs, 2 rounds ME-SPRs, 8 rounds ML-NNIs
Total branch-length 3.648 after 0.06 sec
ML-NNI round 1: LogLk = -7512.130 NNIs 1 max delta 4.49 Time 0.15
      0.15 seconds: Site likelihoods with rate category 1 of 20
Switched to using 20 rate categories (CAT approximation)
Rate categories were divided by 0.884 so that average rate = 1.0
CAT-based log-likelihoods may not be comparable across runs
Use -gamma for approximate but comparable Gamma(20) log-likelihoods
ML-NNI round 2: LogLk = -7120.391 NNIs 0 max delta 0.00 Time 0.23
Turning off heuristics for final round of ML NNIs (converged)
ML-NNI round 3: LogLk = -7114.886 NNIs 0 max delta 0.00 Time 0.33 (final)
      0.32 seconds: ML Lengths 1 of 17 splits
Optimize all lengths: LogLk = -7114.823 Time 0.36
Total time: 0.45 seconds Unique: 19/19 Bad splits: 0/16
