
muscle 5.1.linux64 [12f0e2]  396Gb RAM, 24 cores
Built Jan 13 2022 23:17:13
(C) Copyright 2004-2021 Robert C. Edgar.
https://drive5.com

Input: 9 seqs, avg length 379, max 382

00:00 3.9Mb  CPU has 24 cores, defaulting to 20 threads

WARNING: Max OMP threads 1

00:00 3.9Mb     2.8% Calc posteriors00:01 4.7Mb    61.1% Calc posteriors00:01 4.7Mb   100.0% Calc posteriors
00:01 4.7Mb     2.8% Consistency (1/2)00:01 5.2Mb   100.0% Consistency (1/2)
00:01 5.2Mb     2.8% Consistency (2/2)00:01 5.2Mb   100.0% Consistency (2/2)
00:01 5.2Mb    12.5% UPGMA5           00:01 5.2Mb   100.0% UPGMA5
00:01 5.4Mb     1.0% Refining00:01 5.8Mb   100.0% Refining
INFO:Malign:No identity filter
INFO:Malign:Star /work3/idamei/ssn-clusterings/2206011120/clusters/0009_256/seeds.txt
INFO:Malign:Star highlights 1
INFO:Malign:No identity filter
INFO:Malign:Fasta contains 9 valid records
INFO:Malign:Aligned already
INFO:Malign:Align contains 9 valid records
inputType: FASTA


muscle 5.1.linux64 [12f0e2]  131Gb RAM, 20 cores
Built Jan 13 2022 23:17:13
(C) Copyright 2004-2021 Robert C. Edgar.
https://drive5.com

Input: 9 seqs, avg length 379, max 382


WARNING: Max OMP threads 1

00:00 3.9Mb  CPU has 20 cores, running 1 threads
00:00 3.9Mb     2.8% Calc posteriors00:01 4.7Mb    88.9% Calc posteriors00:01 4.7Mb   100.0% Calc posteriors
00:01 4.7Mb     2.8% Consistency (1/2)00:01 5.2Mb   100.0% Consistency (1/2)
00:01 5.2Mb     2.8% Consistency (2/2)00:01 5.2Mb   100.0% Consistency (2/2)
00:01 5.2Mb    12.5% UPGMA5           00:01 5.2Mb   100.0% UPGMA5
00:01 5.4Mb     1.0% Refining00:01 5.8Mb   100.0% Refining
INFO:Malign:No identity filter
INFO:Malign:Star /work3/idamei/ssn-clusterings/2206011120/clusters/0009_256/seeds.txt
INFO:Malign:Star highlights 1
INFO:Malign:No identity filter
INFO:Malign:Fasta contains 9 valid records
INFO:Malign:Aligned already
INFO:Malign:Align contains 9 valid records
inputType: FASTA

