
muscle 5.1.linux64 [12f0e2]  396Gb RAM, 24 cores
Built Jan 13 2022 23:17:13
(C) Copyright 2004-2021 Robert C. Edgar.
https://drive5.com

Input: 5 seqs, avg length 324, max 342

00:00 3.9Mb  CPU has 24 cores, defaulting to 20 threads

WARNING: Max OMP threads 1

00:00 3.9Mb    10.0% Calc posteriors00:00 4.4Mb   100.0% Calc posteriors
00:00 4.4Mb    10.0% Consistency (1/2)00:00 4.8Mb   100.0% Consistency (1/2)
00:00 4.8Mb    10.0% Consistency (2/2)00:00 4.8Mb   100.0% Consistency (2/2)
00:00 4.8Mb    25.0% UPGMA5           00:00 4.8Mb   100.0% UPGMA5
00:00 4.8Mb     1.0% Refining00:00 5.0Mb   100.0% Refining
INFO:Malign:No identity filter
INFO:Malign:Star /work3/idamei/wzy/ssn-clusterings/2209121518/clusters/0005_161/seeds.txt
INFO:Malign:Star highlights 1
Read FASTA line_by_line from /work3/idamei/wzy/ssn-clusterings/2209121518/clusters/0005_161/sequences.afa 5 elements
INFO:Malign:No identity filter
INFO:Malign:Fasta contains 5 valid records
INFO:Malign:Aligned already
INFO:Malign:Align contains 5 valid records
FastTree Version 2.1.11 SSE3
Alignment: /work3/idamei/wzy/ssn-clusterings/2209121518/clusters/0005_161/sequences.afa
Amino acid distances: BLOSUM45 Joins: balanced Support: SH-like 1000
Search: Normal +NNI +SPR (2 rounds range 10) +ML-NNI opt-each=1
TopHits: 1.00*sqrtN close=default refresh=0.80
ML Model: Jones-Taylor-Thorton, CAT approximation with 20 rate categories
Initial topology in 0.00 seconds
Refining topology: 9 rounds ME-NNIs, 2 rounds ME-SPRs, 5 rounds ML-NNIs
Total branch-length 2.240 after 0.00 sec
ML-NNI round 1: LogLk = -3580.776 NNIs 1 max delta 2.83 Time 0.02
Switched to using 20 rate categories (CAT approximation)
Rate categories were divided by 0.805 so that average rate = 1.0
CAT-based log-likelihoods may not be comparable across runs
Use -gamma for approximate but comparable Gamma(20) log-likelihoods
ML-NNI round 2: LogLk = -3441.106 NNIs 0 max delta 0.00 Time 0.04
Turning off heuristics for final round of ML NNIs (converged)
ML-NNI round 3: LogLk = -3441.101 NNIs 0 max delta 0.00 Time 0.05 (final)
Optimize all lengths: LogLk = -3441.100 Time 0.06
Total time: 0.07 seconds Unique: 5/5 Bad splits: 0/2
