
muscle 5.1.linux64 [12f0e2]  396Gb RAM, 24 cores
Built Jan 13 2022 23:17:13
(C) Copyright 2004-2021 Robert C. Edgar.
https://drive5.com

Input: 3 seqs, avg length 390, max 403

00:00 3.9Mb  CPU has 24 cores, defaulting to 20 threads

WARNING: Max OMP threads 1

00:00 3.9Mb    33.3% Calc posteriors00:00 4.0Mb   100.0% Calc posteriors
00:00 4.0Mb    33.3% Consistency (1/2)00:00 4.6Mb   100.0% Consistency (1/2)
00:00 4.6Mb    33.3% Consistency (2/2)00:00 5.3Mb   100.0% Consistency (2/2)
00:00 5.3Mb    50.0% UPGMA5           00:00 5.3Mb   100.0% UPGMA5
00:00 5.3Mb     1.0% Refining00:00 5.3Mb   100.0% Refining
INFO:Malign:No identity filter
INFO:Malign:Star /work3/idamei/ssn-clusterings/2206021344/clusters/0003_320/seeds.txt
INFO:Malign:Star highlights 1
INFO:Malign:No identity filter
INFO:Malign:Fasta contains 3 valid records
INFO:Malign:Aligned already
INFO:Malign:Align contains 3 valid records
inputType: FASTA
================================================================================
WARNINGS

One or more weights was less than -50 bits.
To avoid such amino acid dominating the logo position, these was reduced to -50
bits.
To remove this warning you could try choosing the option of pseudo counts.
================================================================================

