
muscle 5.1.linux64 [12f0e2]  396Gb RAM, 24 cores
Built Jan 13 2022 23:17:13
(C) Copyright 2004-2021 Robert C. Edgar.
https://drive5.com

Input: 27 seqs, avg length 412, max 447

00:00 3.9Mb  CPU has 24 cores, defaulting to 20 threads

WARNING: Max OMP threads 1

00:00 3.9Mb    0.28% Calc posteriors00:01 4.8Mb     3.7% Calc posteriors00:02 4.8Mb    12.3% Calc posteriors00:03 5.8Mb    20.5% Calc posteriors00:04 5.8Mb    30.5% Calc posteriors00:05 6.0Mb    38.5% Calc posteriors00:06 6.5Mb    46.7% Calc posteriors00:07 15Mb     55.0% Calc posteriors00:08 7.4Mb    63.5% Calc posteriors00:09 7.8Mb    71.8% Calc posteriors00:10 15Mb     80.3% Calc posteriors00:11 17Mb     88.9% Calc posteriors00:12 9.1Mb    97.7% Calc posteriors00:12 16Mb    100.0% Calc posteriors
00:12 16Mb     0.28% Consistency (1/2)00:12 16Mb    100.0% Consistency (1/2)
00:12 16Mb     0.28% Consistency (2/2)00:13 16Mb     35.0% Consistency (2/2)00:13 16Mb    100.0% Consistency (2/2)
00:13 16Mb      3.8% UPGMA5           00:13 16Mb    100.0% UPGMA5
00:13 16Mb      1.0% Refining00:13 18Mb    100.0% Refining
INFO:Malign:No identity filter
INFO:Malign:Star /work3/idamei/wzy/ssn-clusterings/2209140925/super-clusters/0027_1_219/seeds.txt
INFO:Malign:Star highlights 1 from comma-separated list
Read FASTA line_by_line from /work3/idamei/wzy/ssn-clusterings/2209140925/super-clusters/0027_1_219/sequences.afa 27 elements
INFO:Malign:No identity filter
INFO:Malign:Fasta contains 27 valid records
INFO:Malign:Aligned already
INFO:Malign:Align contains 27 valid records
FastTree Version 2.1.11 SSE3
Alignment: /work3/idamei/wzy/ssn-clusterings/2209140925/super-clusters/0027_1_219/sequences.afa
Amino acid distances: BLOSUM45 Joins: balanced Support: SH-like 1000
Search: Normal +NNI +SPR (2 rounds range 10) +ML-NNI opt-each=1
TopHits: 1.00*sqrtN close=default refresh=0.80
ML Model: Jones-Taylor-Thorton, CAT approximation with 20 rate categories
Ignored unknown character X (seen 3 times)
Initial topology in 0.01 seconds
Refining topology: 19 rounds ME-NNIs, 2 rounds ME-SPRs, 9 rounds ML-NNIs
      0.11 seconds: ME NNI round 13 of 19, 1 of 24 splits
Total branch-length 13.212 after 0.12 sec
ML-NNI round 1: LogLk = -21792.140 NNIs 4 max delta 3.90 Time 0.30
      0.30 seconds: Site likelihoods with rate category 1 of 20
Switched to using 20 rate categories (CAT approximation)
Rate categories were divided by 0.969 so that average rate = 1.0
CAT-based log-likelihoods may not be comparable across runs
Use -gamma for approximate but comparable Gamma(20) log-likelihoods
ML-NNI round 2: LogLk = -20754.805 NNIs 2 max delta 0.44 Time 0.51
      0.50 seconds: ML NNI round 3 of 9, 1 of 24 splits
ML-NNI round 3: LogLk = -20753.108 NNIs 0 max delta 0.00 Time 0.59
Turning off heuristics for final round of ML NNIs (converged)
ML-NNI round 4: LogLk = -20751.138 NNIs 0 max delta 0.00 Time 0.78 (final)
      0.77 seconds: ML Lengths 1 of 24 splits
Optimize all lengths: LogLk = -20751.110 Time 0.83
Total time: 0.97 seconds Unique: 26/27 Bad splits: 0/23
