
muscle 5.1.linux64 [12f0e2]  792Gb RAM, 32 cores
Built Jan 13 2022 23:17:13
(C) Copyright 2004-2021 Robert C. Edgar.
https://drive5.com

Input: 15 seqs, avg length 397, max 448

00:00 3.9Mb  CPU has 32 cores, defaulting to 20 threads

WARNING: Max OMP threads 1

00:00 3.9Mb    0.95% Calc posteriors00:01 4.7Mb    18.1% Calc posteriors00:02 11Mb     44.8% Calc posteriors00:03 4.8Mb    68.6% Calc posteriors00:04 5.2Mb    99.0% Calc posteriors00:04 5.2Mb   100.0% Calc posteriors
00:04 5.2Mb    0.95% Consistency (1/2)00:04 7.5Mb   100.0% Consistency (1/2)
00:04 7.5Mb    0.95% Consistency (2/2)00:04 7.5Mb   100.0% Consistency (2/2)
00:04 7.5Mb     7.1% UPGMA5           00:04 7.5Mb   100.0% UPGMA5
00:04 7.6Mb     1.0% Refining00:04 8.3Mb   100.0% Refining
INFO:Malign:Fasta contains 15 valid records
INFO:Malign:Aligned already
INFO:Malign:Align contains 15 valid records

================================================================================
ERROR
Error occurred during parsing of your input file.
The error was caused by the use of an unknown symbol.
omustherm------------------------------------------------------------------ophil
^
 (Line 12)

To fix this problem, try checking your input file for symbols which are not in
the provided alphabet.
Alphabet: ARNDCQEGHILKMFPSTWYV
Gaps:     _-.*
Unknown:  X
================================================================================

