
muscle 5.1.linux64 [12f0e2]  792Gb RAM, 24 cores
Built Jan 13 2022 23:17:13
(C) Copyright 2004-2021 Robert C. Edgar.
https://drive5.com

Input: 24 seqs, avg length 416, max 463

00:00 3.9Mb  CPU has 24 cores, defaulting to 20 threads

WARNING: Max OMP threads 1

00:00 3.9Mb    0.36% Calc posteriors00:01 4.9Mb     8.3% Calc posteriors00:02 12Mb     16.7% Calc posteriors00:03 13Mb     24.3% Calc posteriors00:04 13Mb     33.7% Calc posteriors00:05 14Mb     44.2% Calc posteriors00:06 14Mb     54.3% Calc posteriors00:07 14Mb     63.8% Calc posteriors00:08 15Mb     72.8% Calc posteriors00:09 15Mb     81.5% Calc posteriors00:10 15Mb     90.9% Calc posteriors00:11 16Mb     99.3% Calc posteriors00:11 15Mb    100.0% Calc posteriors
00:11 15Mb     0.36% Consistency (1/2)00:11 15Mb    100.0% Consistency (1/2)
00:11 15Mb     0.36% Consistency (2/2)00:11 15Mb    100.0% Consistency (2/2)
00:11 15Mb      4.3% UPGMA5           00:11 15Mb    100.0% UPGMA5
00:11 15Mb      1.0% Refining00:11 15Mb    100.0% Refining
INFO:Malign:No identity filter
INFO:Malign:Star /work3/idamei/wzy/ssn-clusterings/2209140925/super-clusters/0024_1_145/seeds.txt
INFO:Malign:Star highlights 1 from comma-separated list
Read FASTA line_by_line from /work3/idamei/wzy/ssn-clusterings/2209140925/super-clusters/0024_1_145/sequences.afa 24 elements
INFO:Malign:No identity filter
INFO:Malign:Fasta contains 24 valid records
INFO:Malign:Aligned already
INFO:Malign:Align contains 24 valid records
FastTree Version 2.1.11 SSE3
Alignment: /work3/idamei/wzy/ssn-clusterings/2209140925/super-clusters/0024_1_145/sequences.afa
Amino acid distances: BLOSUM45 Joins: balanced Support: SH-like 1000
Search: Normal +NNI +SPR (2 rounds range 10) +ML-NNI opt-each=1
TopHits: 1.00*sqrtN close=default refresh=0.80
ML Model: Jones-Taylor-Thorton, CAT approximation with 20 rate categories
Initial topology in 0.01 seconds
Refining topology: 18 rounds ME-NNIs, 2 rounds ME-SPRs, 9 rounds ML-NNIs
      0.12 seconds: ME NNI round 13 of 18, 1 of 22 splits
Total branch-length 7.070 after 0.13 sec
ML-NNI round 1: LogLk = -13413.611 NNIs 6 max delta 2.95 Time 0.34
      0.34 seconds: Site likelihoods with rate category 1 of 20
Switched to using 20 rate categories (CAT approximation)
Rate categories were divided by 0.904 so that average rate = 1.0
CAT-based log-likelihoods may not be comparable across runs
Use -gamma for approximate but comparable Gamma(20) log-likelihoods
ML-NNI round 2: LogLk = -12810.687 NNIs 1 max delta 0.05 Time 0.58
Turning off heuristics for final round of ML NNIs (converged)
      0.57 seconds: ML NNI round 3 of 9, 1 of 22 splits
ML-NNI round 3: LogLk = -12810.605 NNIs 1 max delta 0.01 Time 0.80 (final)
      0.79 seconds: ML Lengths 1 of 22 splits
Optimize all lengths: LogLk = -12810.593 Time 0.85
Total time: 1.02 seconds Unique: 24/24 Bad splits: 0/21
