
muscle 5.1.linux64 [12f0e2]  396Gb RAM, 24 cores
Built Jan 13 2022 23:17:13
(C) Copyright 2004-2021 Robert C. Edgar.
https://drive5.com

Input: 16 seqs, avg length 453, max 457

00:00 3.9Mb  CPU has 24 cores, defaulting to 20 threads

WARNING: Max OMP threads 1

00:00 3.9Mb    0.83% Calc posteriors00:01 4.9Mb    22.5% Calc posteriors00:02 4.9Mb    43.3% Calc posteriors00:03 4.9Mb    62.5% Calc posteriors00:04 4.9Mb    83.3% Calc posteriors00:04 5.0Mb   100.0% Calc posteriors
00:04 5.1Mb    0.83% Consistency (1/2)00:04 7.5Mb   100.0% Consistency (1/2)
00:04 7.5Mb    0.83% Consistency (2/2)00:04 7.5Mb   100.0% Consistency (2/2)
00:04 7.5Mb     6.7% UPGMA5           00:04 7.5Mb   100.0% UPGMA5
00:04 7.5Mb     1.0% Refining00:05 7.5Mb    38.0% Refining00:05 8.0Mb   100.0% Refining
INFO:Malign:No identity filter
INFO:Malign:Star /work3/idamei/ssn-clusterings/2206011120/clusters/0016_44/seeds.txt
INFO:Malign:Star highlights 4
INFO:Malign:No identity filter
INFO:Malign:Fasta contains 16 valid records
INFO:Malign:Aligned already
INFO:Malign:Align contains 16 valid records
inputType: FASTA

