
muscle 5.1.linux64 [12f0e2]  792Gb RAM, 24 cores
Built Jan 13 2022 23:17:13
(C) Copyright 2004-2021 Robert C. Edgar.
https://drive5.com

Input: 22 seqs, avg length 400, max 410

00:00 3.9Mb  CPU has 24 cores, defaulting to 20 threads

WARNING: Max OMP threads 1

00:00 3.9Mb    0.43% Calc posteriors00:01 4.7Mb     6.5% Calc posteriors00:02 4.7Mb    18.6% Calc posteriors00:03 4.7Mb    31.6% Calc posteriors00:04 5.0Mb    43.7% Calc posteriors00:05 5.2Mb    55.4% Calc posteriors00:06 5.5Mb    67.1% Calc posteriors00:07 6.3Mb    78.4% Calc posteriors00:08 6.3Mb    89.6% Calc posteriors00:08 6.3Mb   100.0% Calc posteriors
00:08 6.3Mb    0.43% Consistency (1/2)00:09 6.9Mb    0.87% Consistency (1/2)00:09 9.5Mb   100.0% Consistency (1/2)
00:09 9.5Mb    0.43% Consistency (2/2)00:09 9.5Mb   100.0% Consistency (2/2)
00:09 9.5Mb     4.8% UPGMA5           00:09 9.5Mb   100.0% UPGMA5
00:09 9.8Mb     1.0% Refining00:09 11Mb    100.0% Refining
INFO:Malign:No identity filter
INFO:Malign:Star /work3/idamei/ssn-clusterings/2206070959/clusters/0022_56/seeds.txt
INFO:Malign:Star highlights 2
INFO:Malign:No identity filter
INFO:Malign:Fasta contains 22 valid records
INFO:Malign:Aligned already
INFO:Malign:Align contains 22 valid records
inputType: FASTA
================================================================================
WARNINGS

One or more weights was less than -50 bits.
To avoid such amino acid dominating the logo position, these was reduced to -50
bits.
To remove this warning you could try choosing the option of pseudo counts.
================================================================================

