
muscle 5.1.linux64 [12f0e2]  131Gb RAM, 20 cores
Built Jan 13 2022 23:17:13
(C) Copyright 2004-2021 Robert C. Edgar.
https://drive5.com

Input: 17 seqs, avg length 385, max 400


WARNING: Max OMP threads 1

00:00 3.9Mb  CPU has 20 cores, running 1 threads
00:00 3.9Mb    0.74% Calc posteriors00:01 4.7Mb    12.5% Calc posteriors00:02 4.7Mb    38.2% Calc posteriors00:03 4.9Mb    64.0% Calc posteriors00:04 5.2Mb    89.7% Calc posteriors00:04 5.4Mb   100.0% Calc posteriors
00:04 11Mb     0.74% Consistency (1/2)00:04 11Mb    100.0% Consistency (1/2)
00:04 11Mb     0.74% Consistency (2/2)00:04 11Mb    100.0% Consistency (2/2)
00:04 11Mb      6.2% UPGMA5           00:04 11Mb    100.0% UPGMA5
00:04 11Mb      1.0% Refining00:04 11Mb    100.0% Refining
INFO:Malign:No identity filter
INFO:Malign:Star /work3/idamei/wzy/ssn-clusterings/2210041007/superclusterings/2210041009/superclusters/0017_1_118/seeds.txt
INFO:Malign:Star highlights 1 from comma-separated list
Read FASTA line_by_line from /work3/idamei/wzy/ssn-clusterings/2210041007/superclusterings/2210041009/superclusters/0017_1_118/sequences.afa 17 elements
INFO:Malign:No identity filter
INFO:Malign:Fasta contains 17 valid records
INFO:Malign:Aligned already
INFO:Malign:Align contains 17 valid records
FastTree Version 2.1.11 SSE3
Alignment: /work3/idamei/wzy/ssn-clusterings/2210041007/superclusterings/2210041009/superclusters/0017_1_118/sequences.afa
Amino acid distances: BLOSUM45 Joins: balanced Support: SH-like 1000
Search: Normal +NNI +SPR (2 rounds range 10) +ML-NNI opt-each=1
TopHits: 1.00*sqrtN close=default refresh=0.80
ML Model: Jones-Taylor-Thorton, CAT approximation with 20 rate categories
Initial topology in 0.00 seconds
Refining topology: 16 rounds ME-NNIs, 2 rounds ME-SPRs, 8 rounds ML-NNIs
Total branch-length 3.532 after 0.05 sec
ML-NNI round 1: LogLk = -7410.353 NNIs 2 max delta 3.44 Time 0.14
      0.14 seconds: Site likelihoods with rate category 1 of 20
Switched to using 20 rate categories (CAT approximation)
Rate categories were divided by 0.863 so that average rate = 1.0
CAT-based log-likelihoods may not be comparable across runs
Use -gamma for approximate but comparable Gamma(20) log-likelihoods
ML-NNI round 2: LogLk = -6993.722 NNIs 0 max delta 0.00 Time 0.23
Turning off heuristics for final round of ML NNIs (converged)
ML-NNI round 3: LogLk = -6993.509 NNIs 0 max delta 0.00 Time 0.33 (final)
      0.32 seconds: ML Lengths 1 of 15 splits
Optimize all lengths: LogLk = -6993.483 Time 0.36
Total time: 0.44 seconds Unique: 17/17 Bad splits: 0/14
