
muscle 5.1.linux64 [12f0e2]  396Gb RAM, 24 cores
Built Jan 13 2022 23:17:13
(C) Copyright 2004-2021 Robert C. Edgar.
https://drive5.com

Input: 20 seqs, avg length 395, max 406

00:00 3.9Mb  CPU has 24 cores, defaulting to 20 threads

WARNING: Max OMP threads 1

00:00 3.9Mb    0.53% Calc posteriors00:01 4.7Mb    10.0% Calc posteriors00:02 4.7Mb    24.2% Calc posteriors00:03 4.7Mb    38.4% Calc posteriors00:04 5.4Mb    52.6% Calc posteriors00:05 5.4Mb    66.8% Calc posteriors00:06 5.4Mb    80.5% Calc posteriors00:07 5.6Mb    94.2% Calc posteriors00:07 5.8Mb   100.0% Calc posteriors
00:07 5.8Mb    0.53% Consistency (1/2)00:07 8.3Mb   100.0% Consistency (1/2)
00:07 8.3Mb    0.53% Consistency (2/2)00:07 8.3Mb   100.0% Consistency (2/2)
00:07 8.3Mb     5.3% UPGMA5           00:07 8.3Mb   100.0% UPGMA5
00:07 8.5Mb     1.0% Refining00:07 9.5Mb   100.0% Refining
INFO:Malign:No identity filter
INFO:Malign:Star /work3/idamei/ssn-clusterings/2206070959/clusters/0020_208/seeds.txt
INFO:Malign:Star highlights 5
INFO:Malign:No identity filter
INFO:Malign:Fasta contains 20 valid records
INFO:Malign:Aligned already
INFO:Malign:Align contains 20 valid records
inputType: FASTA
================================================================================
WARNINGS

One or more weights was less than -50 bits.
To avoid such amino acid dominating the logo position, these was reduced to -50
bits.
To remove this warning you could try choosing the option of pseudo counts.
================================================================================

