
muscle 5.1.linux64 [12f0e2]  396Gb RAM, 24 cores
Built Jan 13 2022 23:17:13
(C) Copyright 2004-2021 Robert C. Edgar.
https://drive5.com

Input: 11 seqs, avg length 343, max 356

00:00 3.9Mb  CPU has 24 cores, defaulting to 20 threads

WARNING: Max OMP threads 1

00:00 3.9Mb     1.8% Calc posteriors00:01 4.6Mb    47.3% Calc posteriors00:01 4.6Mb   100.0% Calc posteriors
00:01 4.6Mb     1.8% Consistency (1/2)00:01 5.5Mb   100.0% Consistency (1/2)
00:01 5.5Mb     1.8% Consistency (2/2)00:01 5.5Mb   100.0% Consistency (2/2)
00:01 5.5Mb    10.0% UPGMA5           00:01 5.5Mb   100.0% UPGMA5
00:01 5.6Mb     1.0% Refining00:01 6.2Mb   100.0% Refining
INFO:Malign:No identity filter
INFO:Malign:Star /work3/idamei/wzy/ssn-clusterings/2209081049/super-clusters/0011_1_112/seeds.txt
INFO:Malign:Star highlights 1 from comma-separated list
Read FASTA line_by_line from /work3/idamei/wzy/ssn-clusterings/2209081049/super-clusters/0011_1_112/sequences.afa 11 elements
INFO:Malign:No identity filter
INFO:Malign:Fasta contains 11 valid records
INFO:Malign:Aligned already
INFO:Malign:Align contains 11 valid records
FastTree Version 2.1.11 SSE3
Alignment: /work3/idamei/wzy/ssn-clusterings/2209081049/super-clusters/0011_1_112/sequences.afa
Amino acid distances: BLOSUM45 Joins: balanced Support: SH-like 1000
Search: Normal +NNI +SPR (2 rounds range 10) +ML-NNI opt-each=1
TopHits: 1.00*sqrtN close=default refresh=0.80
ML Model: Jones-Taylor-Thorton, CAT approximation with 20 rate categories
Initial topology in 0.00 seconds
Refining topology: 13 rounds ME-NNIs, 2 rounds ME-SPRs, 7 rounds ML-NNIs
Total branch-length 1.958 after 0.02 sec
ML-NNI round 1: LogLk = -3690.431 NNIs 1 max delta 0.76 Time 0.06
Switched to using 20 rate categories (CAT approximation)
Rate categories were divided by 0.797 so that average rate = 1.0
CAT-based log-likelihoods may not be comparable across runs
Use -gamma for approximate but comparable Gamma(20) log-likelihoods
ML-NNI round 2: LogLk = -3517.384 NNIs 0 max delta 0.00 Time 0.10
Turning off heuristics for final round of ML NNIs (converged)
      0.10 seconds: ML NNI round 3 of 7, 1 of 8 splits
ML-NNI round 3: LogLk = -3516.778 NNIs 0 max delta 0.00 Time 0.15 (final)
Optimize all lengths: LogLk = -3516.752 Time 0.17
Total time: 0.21 seconds Unique: 10/11 Bad splits: 0/7
