
muscle 5.1.linux64 [12f0e2]  792Gb RAM, 32 cores
Built Jan 13 2022 23:17:13
(C) Copyright 2004-2021 Robert C. Edgar.
https://drive5.com

Input: 11 seqs, avg length 399, max 409

00:00 3.9Mb  CPU has 32 cores, defaulting to 20 threads

WARNING: Max OMP threads 1

00:00 3.9Mb     1.8% Calc posteriors00:01 4.7Mb    30.9% Calc posteriors00:02 5.4Mb    80.0% Calc posteriors00:02 4.7Mb   100.0% Calc posteriors
00:02 4.7Mb     1.8% Consistency (1/2)00:02 6.0Mb   100.0% Consistency (1/2)
00:02 6.0Mb     1.8% Consistency (2/2)00:02 6.0Mb   100.0% Consistency (2/2)
00:02 6.0Mb    10.0% UPGMA5           00:02 6.0Mb   100.0% UPGMA5
00:02 6.2Mb     1.0% Refining00:02 6.6Mb   100.0% Refining
INFO:Malign:No identity filter
INFO:Malign:Star /work3/idamei/ssn-clusterings/2206071104/clusters/0011_115/seeds.txt
INFO:Malign:Star highlights 1
INFO:Malign:No identity filter
INFO:Malign:Fasta contains 11 valid records
INFO:Malign:Aligned already
INFO:Malign:Align contains 11 valid records
inputType: FASTA
================================================================================
WARNINGS

One or more weights was less than -50 bits.
To avoid such amino acid dominating the logo position, these was reduced to -50
bits.
To remove this warning you could try choosing the option of pseudo counts.
================================================================================

