
muscle 5.1.linux64 [12f0e2]  396Gb RAM, 24 cores
Built Jan 13 2022 23:17:13
(C) Copyright 2004-2021 Robert C. Edgar.
https://drive5.com

Input: 22 seqs, avg length 400, max 410

00:00 3.9Mb  CPU has 24 cores, defaulting to 20 threads

WARNING: Max OMP threads 1

00:00 3.9Mb    0.43% Calc posteriors00:01 4.7Mb    14.3% Calc posteriors00:02 4.7Mb    29.0% Calc posteriors00:03 5.0Mb    43.7% Calc posteriors00:04 5.3Mb    58.4% Calc posteriors00:05 6.2Mb    72.3% Calc posteriors00:06 6.3Mb    86.1% Calc posteriors00:07 6.3Mb    99.6% Calc posteriors00:07 6.3Mb   100.0% Calc posteriors
00:07 6.3Mb    0.43% Consistency (1/2)00:07 9.5Mb   100.0% Consistency (1/2)
00:07 9.5Mb    0.43% Consistency (2/2)00:07 9.5Mb   100.0% Consistency (2/2)
00:07 9.5Mb     4.8% UPGMA5           00:07 9.5Mb   100.0% UPGMA5
00:07 9.5Mb     1.0% Refining00:07 11Mb    100.0% Refining
INFO:Malign:No identity filter
INFO:Malign:Star /work3/idamei/ssn-clusterings/2206071111/clusters/0022_210/seeds.txt
INFO:Malign:Star highlights 2
INFO:Malign:No identity filter
INFO:Malign:Fasta contains 22 valid records
INFO:Malign:Aligned already
INFO:Malign:Align contains 22 valid records
inputType: FASTA
================================================================================
WARNINGS

One or more weights was less than -50 bits.
To avoid such amino acid dominating the logo position, these was reduced to -50
bits.
To remove this warning you could try choosing the option of pseudo counts.
================================================================================

