
muscle 5.1.linux64 [12f0e2]  528Gb RAM, 24 cores
Built Jan 13 2022 23:17:13
(C) Copyright 2004-2021 Robert C. Edgar.
https://drive5.com

Input: 29 seqs, avg length 377, max 391

00:00 3.9Mb  CPU has 24 cores, defaulting to 20 threads

WARNING: Max OMP threads 1

00:00 3.9Mb    0.25% Calc posteriors00:01 4.8Mb     5.9% Calc posteriors00:02 5.4Mb    13.5% Calc posteriors00:03 5.1Mb    20.7% Calc posteriors00:04 5.5Mb    27.6% Calc posteriors00:05 5.8Mb    34.5% Calc posteriors00:06 6.2Mb    41.4% Calc posteriors00:07 12Mb     48.5% Calc posteriors00:08 6.9Mb    55.9% Calc posteriors00:09 7.3Mb    63.3% Calc posteriors00:10 8.1Mb    70.2% Calc posteriors00:11 14Mb     77.8% Calc posteriors00:12 8.6Mb    85.5% Calc posteriors00:13 9.0Mb    92.9% Calc posteriors00:13 15Mb    100.0% Calc posteriors
00:14 15Mb     0.25% Consistency (1/2)00:14 16Mb    100.0% Consistency (1/2)
00:14 16Mb     0.25% Consistency (2/2)00:15 16Mb     49.0% Consistency (2/2)00:15 16Mb    100.0% Consistency (2/2)
00:15 16Mb      3.6% UPGMA5           00:15 16Mb    100.0% UPGMA5
00:15 16Mb      1.0% Refining00:15 17Mb    100.0% Refining
INFO:Malign:No identity filter
INFO:Malign:Star /work3/idamei/ssn-clusterings/2206071104/clusters/0029_11/seeds.txt
INFO:Malign:Star highlights 4
INFO:Malign:No identity filter
INFO:Malign:Fasta contains 29 valid records
INFO:Malign:Aligned already
INFO:Malign:Align contains 29 valid records
inputType: FASTA
================================================================================
WARNINGS

One or more weights was less than -50 bits.
To avoid such amino acid dominating the logo position, these was reduced to -50
bits.
To remove this warning you could try choosing the option of pseudo counts.
================================================================================

