
muscle 5.1.linux64 [12f0e2]  396Gb RAM, 24 cores
Built Jan 13 2022 23:17:13
(C) Copyright 2004-2021 Robert C. Edgar.
https://drive5.com

Input: 16 seqs, avg length 346, max 369

00:00 3.9Mb  CPU has 24 cores, defaulting to 20 threads

WARNING: Max OMP threads 1

00:00 3.9Mb    0.83% Calc posteriors00:01 4.0Mb     2.5% Calc posteriors00:02 4.5Mb    34.2% Calc posteriors00:03 5.1Mb    68.3% Calc posteriors00:03 10Mb    100.0% Calc posteriors
00:03 10Mb     0.83% Consistency (1/2)00:04 10Mb     33.3% Consistency (1/2)00:04 10Mb    100.0% Consistency (1/2)
00:04 10Mb     0.83% Consistency (2/2)00:04 10Mb    100.0% Consistency (2/2)
00:04 10Mb      6.7% UPGMA5           00:04 10Mb    100.0% UPGMA5
00:04 10Mb      1.0% Refining00:04 10Mb    100.0% Refining
INFO:Malign:Fasta contains 16 valid records
INFO:Malign:Aligned already
INFO:Malign:Align contains 16 valid records

================================================================================
ERROR
Error occurred during parsing of your input file.
Unknown symbol (J) encountered in a sequence.

You could either remove the symbol, or provide a background frequencies for all
symbols.
================================================================================

