
muscle 5.1.linux64 [12f0e2]  396Gb RAM, 24 cores
Built Jan 13 2022 23:17:13
(C) Copyright 2004-2021 Robert C. Edgar.
https://drive5.com

Input: 21 seqs, avg length 466, max 491

00:00 3.9Mb  CPU has 24 cores, defaulting to 20 threads

WARNING: Max OMP threads 1

00:00 3.9Mb    0.48% Calc posteriors00:01 4.9Mb     7.1% Calc posteriors00:02 12Mb     18.6% Calc posteriors00:03 4.9Mb    27.1% Calc posteriors00:04 5.0Mb    36.2% Calc posteriors00:05 5.3Mb    44.8% Calc posteriors00:06 6.3Mb    53.3% Calc posteriors00:07 6.3Mb    61.9% Calc posteriors00:08 6.3Mb    70.5% Calc posteriors00:09 6.3Mb    79.0% Calc posteriors00:10 6.5Mb    88.1% Calc posteriors00:11 6.8Mb    97.1% Calc posteriors00:11 6.8Mb   100.0% Calc posteriors
00:11 6.8Mb    0.48% Consistency (1/2)00:11 11Mb    100.0% Consistency (1/2)
00:11 11Mb     0.48% Consistency (2/2)00:11 11Mb    100.0% Consistency (2/2)
00:11 11Mb      5.0% UPGMA5           00:11 11Mb    100.0% UPGMA5
00:11 11Mb      1.0% Refining00:12 12Mb     81.0% Refining00:12 13Mb    100.0% Refining
INFO:Malign:No identity filter
INFO:Malign:Star /work3/idamei/ssn-clusterings/2206020950/clusters/0021_111/seeds.txt
INFO:Malign:Star highlights 1
INFO:Malign:No identity filter
INFO:Malign:Fasta contains 21 valid records
INFO:Malign:Aligned already
INFO:Malign:Align contains 21 valid records
inputType: FASTA
================================================================================
WARNINGS

One or more weights was less than -50 bits.
To avoid such amino acid dominating the logo position, these was reduced to -50
bits.
To remove this warning you could try choosing the option of pseudo counts.
================================================================================

