
muscle 5.1.linux64 [12f0e2]  396Gb RAM, 24 cores
Built Jan 13 2022 23:17:13
(C) Copyright 2004-2021 Robert C. Edgar.
https://drive5.com

Input: 25 seqs, avg length 387, max 411

00:00 3.9Mb  CPU has 24 cores, defaulting to 20 threads

WARNING: Max OMP threads 1

00:00 3.9Mb    0.33% Calc posteriors00:01 4.7Mb     7.7% Calc posteriors00:02 4.7Mb    17.0% Calc posteriors00:03 4.9Mb    26.0% Calc posteriors00:04 12Mb     35.3% Calc posteriors00:05 5.8Mb    44.3% Calc posteriors00:06 5.8Mb    53.0% Calc posteriors00:07 6.2Mb    62.3% Calc posteriors00:08 13Mb     72.0% Calc posteriors00:09 13Mb     82.0% Calc posteriors00:10 14Mb     92.0% Calc posteriors00:10 14Mb    100.0% Calc posteriors
00:10 14Mb     0.33% Consistency (1/2)00:11 14Mb     52.7% Consistency (1/2)00:11 14Mb    100.0% Consistency (1/2)
00:11 14Mb     0.33% Consistency (2/2)00:11 14Mb    100.0% Consistency (2/2)
00:11 14Mb      4.2% UPGMA5           00:11 14Mb    100.0% UPGMA5
00:11 14Mb      1.0% Refining00:11 14Mb    100.0% Refining
INFO:Malign:No identity filter
INFO:Malign:Star /work3/idamei/ssn-clusterings/2206020950/clusters/0025_42/seeds.txt
INFO:Malign:Star highlights 3
INFO:Malign:No identity filter
INFO:Malign:Fasta contains 25 valid records
INFO:Malign:Aligned already
INFO:Malign:Align contains 25 valid records
inputType: FASTA
================================================================================
WARNINGS

One or more weights was less than -50 bits.
To avoid such amino acid dominating the logo position, these was reduced to -50
bits.
To remove this warning you could try choosing the option of pseudo counts.
================================================================================

