
muscle 5.1.linux64 [12f0e2]  792Gb RAM, 32 cores
Built Jan 13 2022 23:17:13
(C) Copyright 2004-2021 Robert C. Edgar.
https://drive5.com

Input: 22 seqs, avg length 400, max 410

00:00 3.9Mb  CPU has 32 cores, defaulting to 20 threads

WARNING: Max OMP threads 1

00:00 3.9Mb    0.43% Calc posteriors00:01 4.7Mb    13.0% Calc posteriors00:02 4.7Mb    26.0% Calc posteriors00:03 4.8Mb    39.4% Calc posteriors00:04 5.2Mb    52.4% Calc posteriors00:05 5.4Mb    64.9% Calc posteriors00:06 6.3Mb    77.5% Calc posteriors00:07 6.3Mb    90.0% Calc posteriors00:07 6.3Mb   100.0% Calc posteriors
00:07 6.3Mb    0.43% Consistency (1/2)00:07 9.5Mb   100.0% Consistency (1/2)
00:08 9.5Mb    0.43% Consistency (2/2)00:08 9.5Mb   100.0% Consistency (2/2)
00:08 9.5Mb     4.8% UPGMA5           00:08 9.5Mb   100.0% UPGMA5
00:08 9.8Mb     1.0% Refining00:08 11Mb    100.0% Refining
INFO:Malign:No identity filter
INFO:Malign:Star /work3/idamei/ssn-clusterings/2206011120/clusters/0022_85/seeds.txt
INFO:Malign:Star highlights 2
INFO:Malign:No identity filter
INFO:Malign:Fasta contains 22 valid records
INFO:Malign:Aligned already
INFO:Malign:Align contains 22 valid records
inputType: FASTA

