
muscle 5.1.linux64 [12f0e2]  396Gb RAM, 32 cores
Built Jan 13 2022 23:17:13
(C) Copyright 2004-2021 Robert C. Edgar.
https://drive5.com

Input: 12 seqs, avg length 413, max 456

00:00 3.9Mb  CPU has 32 cores, defaulting to 20 threads

WARNING: Max OMP threads 1

00:00 3.9Mb     1.5% Calc posteriors00:01 4.8Mb    25.8% Calc posteriors00:02 4.8Mb    72.7% Calc posteriors00:02 5.0Mb   100.0% Calc posteriors
00:02 12Mb      1.5% Consistency (1/2)00:02 12Mb    100.0% Consistency (1/2)
00:02 12Mb      1.5% Consistency (2/2)00:02 12Mb    100.0% Consistency (2/2)
00:02 12Mb      9.1% UPGMA5           00:02 12Mb    100.0% UPGMA5
00:02 12Mb      1.0% Refining00:02 12Mb    100.0% Refining
INFO:Malign:No identity filter
INFO:Malign:Star /work3/idamei/wzy/ssn-clusterings/2210041007/superclusterings/2210041009/superclusters/0012_1_80/seeds.txt
INFO:Malign:Star highlights 1 from comma-separated list
Read FASTA line_by_line from /work3/idamei/wzy/ssn-clusterings/2210041007/superclusterings/2210041009/superclusters/0012_1_80/sequences.afa 12 elements
INFO:Malign:No identity filter
INFO:Malign:Fasta contains 12 valid records
INFO:Malign:Aligned already
INFO:Malign:Align contains 12 valid records
FastTree Version 2.1.11 SSE3
Alignment: /work3/idamei/wzy/ssn-clusterings/2210041007/superclusterings/2210041009/superclusters/0012_1_80/sequences.afa
Amino acid distances: BLOSUM45 Joins: balanced Support: SH-like 1000
Search: Normal +NNI +SPR (2 rounds range 10) +ML-NNI opt-each=1
TopHits: 1.00*sqrtN close=default refresh=0.80
ML Model: Jones-Taylor-Thorton, CAT approximation with 20 rate categories
Initial topology in 0.00 seconds
Refining topology: 14 rounds ME-NNIs, 2 rounds ME-SPRs, 7 rounds ML-NNIs
Total branch-length 5.894 after 0.03 sec
ML-NNI round 1: LogLk = -9942.314 NNIs 3 max delta 8.38 Time 0.09
      0.10 seconds: Site likelihoods with rate category 10 of 20
Switched to using 20 rate categories (CAT approximation)
Rate categories were divided by 0.879 so that average rate = 1.0
CAT-based log-likelihoods may not be comparable across runs
Use -gamma for approximate but comparable Gamma(20) log-likelihoods
ML-NNI round 2: LogLk = -9526.711 NNIs 1 max delta 0.09 Time 0.17
Turning off heuristics for final round of ML NNIs (converged)
ML-NNI round 3: LogLk = -9525.718 NNIs 0 max delta 0.00 Time 0.22 (final)
      0.22 seconds: ML Lengths 1 of 9 splits
Optimize all lengths: LogLk = -9525.718 Time 0.24
Total time: 0.29 seconds Unique: 11/12 Bad splits: 0/8
