
muscle 5.1.linux64 [12f0e2]  792Gb RAM, 32 cores
Built Jan 13 2022 23:17:13
(C) Copyright 2004-2021 Robert C. Edgar.
https://drive5.com

Input: 23 seqs, avg length 398, max 451

00:00 3.9Mb  CPU has 32 cores, defaulting to 20 threads

WARNING: Max OMP threads 1

00:00 3.9Mb     0.4% Calc posteriors00:01 4.7Mb    10.3% Calc posteriors00:02 12Mb     21.3% Calc posteriors00:03 13Mb     31.6% Calc posteriors00:04 13Mb     41.9% Calc posteriors00:05 14Mb     53.0% Calc posteriors00:06 14Mb     64.8% Calc posteriors00:07 15Mb     76.3% Calc posteriors00:08 7.4Mb    88.9% Calc posteriors00:09 16Mb    100.0% Calc posteriors
00:09 16Mb      0.4% Consistency (1/2)00:09 16Mb    100.0% Consistency (1/2)
00:09 16Mb      0.4% Consistency (2/2)00:09 16Mb    100.0% Consistency (2/2)
00:09 16Mb      4.5% UPGMA5           00:09 16Mb    100.0% UPGMA5
00:09 16Mb      1.0% Refining00:10 16Mb     12.0% Refining00:10 16Mb    100.0% Refining
INFO:Malign:No identity filter
INFO:Malign:Star /work3/idamei/ssn-clusterings/2206071104/clusters/0023_41/seeds.txt
INFO:Malign:Star highlights 2
INFO:Malign:No identity filter
INFO:Malign:Fasta contains 23 valid records
INFO:Malign:Aligned already
INFO:Malign:Align contains 23 valid records
inputType: FASTA
================================================================================
WARNINGS

One or more weights was less than -50 bits.
To avoid such amino acid dominating the logo position, these was reduced to -50
bits.
To remove this warning you could try choosing the option of pseudo counts.
================================================================================

