
muscle 5.1.linux64 [12f0e2]  396Gb RAM, 24 cores
Built Jan 13 2022 23:17:13
(C) Copyright 2004-2021 Robert C. Edgar.
https://drive5.com

Input: 12 seqs, avg length 435, max 471

00:00 3.9Mb  CPU has 24 cores, defaulting to 20 threads

WARNING: Max OMP threads 1

00:00 3.9Mb     1.5% Calc posteriors00:01 13Mb     15.2% Calc posteriors00:02 4.8Mb    50.0% Calc posteriors00:03 13Mb     83.3% Calc posteriors00:03 13Mb    100.0% Calc posteriors
00:03 13Mb      1.5% Consistency (1/2)00:03 13Mb    100.0% Consistency (1/2)
00:03 13Mb      1.5% Consistency (2/2)00:03 13Mb    100.0% Consistency (2/2)
00:03 13Mb      9.1% UPGMA5           00:03 13Mb    100.0% UPGMA5
00:03 13Mb      1.0% Refining00:03 13Mb    100.0% Refining
INFO:Malign:No identity filter
INFO:Malign:Star /work3/idamei/ssn-clusterings/2206011120/clusters/0012_103/seeds.txt
INFO:Malign:Star highlights 0
INFO:Malign:No identity filter
INFO:Malign:Fasta contains 12 valid records
INFO:Malign:Aligned already
INFO:Malign:Align contains 12 valid records
inputType: FASTA


muscle 5.1.linux64 [12f0e2]  131Gb RAM, 20 cores
Built Jan 13 2022 23:17:13
(C) Copyright 2004-2021 Robert C. Edgar.
https://drive5.com

Input: 12 seqs, avg length 435, max 471


WARNING: Max OMP threads 1

00:00 3.9Mb  CPU has 20 cores, running 1 threads
00:00 3.9Mb     1.5% Calc posteriors00:01 13Mb     31.8% Calc posteriors00:02 4.8Mb    71.2% Calc posteriors00:02 13Mb    100.0% Calc posteriors
00:02 13Mb      1.5% Consistency (1/2)00:02 13Mb    100.0% Consistency (1/2)
00:02 13Mb      1.5% Consistency (2/2)00:02 13Mb    100.0% Consistency (2/2)
00:02 13Mb      9.1% UPGMA5           00:02 13Mb    100.0% UPGMA5
00:02 13Mb      1.0% Refining00:02 13Mb    100.0% Refining
INFO:Malign:No identity filter
INFO:Malign:Star /work3/idamei/ssn-clusterings/2206011120/clusters/0012_103/seeds.txt
INFO:Malign:Star highlights 0
INFO:Malign:No identity filter
INFO:Malign:Fasta contains 12 valid records
INFO:Malign:Aligned already
INFO:Malign:Align contains 12 valid records
inputType: FASTA

