# hmmsearch :: search profile(s) against a sequence database
# HMMER 3.3.2 (Nov 2020); http://hmmer.org/
# Copyright (C) 2020 Howard Hughes Medical Institute.
# Freely distributed under the BSD open source license.
# - - - - - - - - - - - - - - - - - - - - - - - - - - - - - - - - - - - -
# query HMM file:                  data/wzy/ssn-clusterings/2206101141/clusters/0129_50/sequences.hmm
# target sequence database:        data/wzy/ssn-clusterings/2206101141/clusters/0046_22/sequences.fa
# - - - - - - - - - - - - - - - - - - - - - - - - - - - - - - - - - - - -

Query:       sequences  [M=456]
Scores for complete sequences (score includes all domains):
   --- full sequence ---   --- best 1 domain ---    -#dom-
    E-value  score  bias    E-value  score  bias    exp  N  Sequence     Description
    ------- ------ -----    ------- ------ -----   ---- --  --------     -----------
    5.2e-07   20.2   5.4    5.2e-07   20.2   5.4    2.0  2  PYX76274.1    
    9.9e-07   19.3   3.7    9.9e-07   19.3   3.7    1.9  2  PYX48738.1    
    8.1e-06   16.3  18.6    8.1e-06   16.3  18.6    3.1  3  EEY3114156.1  


Domain annotation for each sequence (and alignments):
>> PYX76274.1  
   #    score  bias  c-Evalue  i-Evalue hmmfrom  hmm to    alifrom  ali to    envfrom  env to     acc
 ---   ------ ----- --------- --------- ------- -------    ------- -------    ------- -------    ----
   1 ?   -2.2   0.3      0.21       3.3     371     399 ..       5      34 ..       4      42 .. 0.61
   2 !   20.2   5.4   3.4e-08   5.2e-07     188     273 ..     151     235 ..     145     249 .. 0.86

  Alignments for each domain:
  == domain 1  score: -2.2 bits;  conditional E-value: 0.21
   sequences 371 GvilspiyvGiviqll.yilflklkKtpif 399
                 Gv +++i+  +vi+l  yi++ +++ t ++
  PYX76274.1   5 GVSIGVIIASLVISLAaYIWLSRREGTYVN 34 
                 777777777777776514455555555555 PP

  == domain 2  score: 20.2 bits;  conditional E-value: 3.4e-08
   sequences 188 pilsyiayiyykktkkkkwkllflilfilsililtydleKspivfYllgfllleiyikk.kiskkkllllgllllillllmYifiqg 273
                   l+y+a i+++ tk ++w+   ++++++s l+l  + +K+++++ +l ++l+++y+++ +i +   l++ l +++++++++ ++++
  PYX76274.1 151 STLAYLAIIFILFTK-RSWLTKTFVVVVASGLLLL-HGSKGQVLTVILLLFLFQVYVRRrRIALLPALICSLGIAVIVVALFAMTMT 235
                 6799********999.9999999999999999887.9*********************98999999888888888888888877776 PP

>> PYX48738.1  
   #    score  bias  c-Evalue  i-Evalue hmmfrom  hmm to    alifrom  ali to    envfrom  env to     acc
 ---   ------ ----- --------- --------- ------- -------    ------- -------    ------- -------    ----
   1 !   19.3   3.7   6.5e-08   9.9e-07     187     273 ..     151     236 ..     144     250 .. 0.83
   2 ?   -2.3   0.4      0.23       3.5     364     393 ..     323     352 ..     312     366 .. 0.68

  Alignments for each domain:
  == domain 1  score: 19.3 bits;  conditional E-value: 6.5e-08
   sequences 187 tpilsyiayiyykktkkkkwkllflilfilsililtydleKspivfYllgfllleiyikk.kiskkkllllgllllillllmYifiqg 273
                     +y+a  +++ + + + k lf++l   + l+l  + +K+++++ ll ++l+eiyi+k k+++   +l gl + ++l  ++ +++ 
  PYX48738.1 151 SSTAAYLAVTLALFSAQSRLKKLFVVLA--AALVLFLHGSKGQVLYLLLLVVLFEIYIQKrKVKIFPAVLAGLGMGAVLAGLFAATMV 236
                 5566788888899888778888877765..77778888**********************9*********999999999999988775 PP

  == domain 2  score: -2.3 bits;  conditional E-value: 0.23
   sequences 364 yAnFGilGvilspiyvGiviqllyilflkl 393
                 yA FG+l +i   ++ ++   l ++++ +l
  PYX48738.1 323 YADFGFLAIIYLAFFAAFRGWLAHMFIRRL 352
                 677777766666665555555555555444 PP

>> EEY3114156.1  
   #    score  bias  c-Evalue  i-Evalue hmmfrom  hmm to    alifrom  ali to    envfrom  env to     acc
 ---   ------ ----- --------- --------- ------- -------    ------- -------    ------- -------    ----
   1 ?   -2.0  11.2      0.19       2.9      14      89 ..      11      86 ..       1     104 [. 0.61
   2 !   16.3  18.6   5.3e-07   8.1e-06     189     283 ..     119     214 ..     103     226 .. 0.71
   3 ?    1.5   1.8     0.017      0.26     104     137 ..     308     339 ..     266     372 .. 0.58

  Alignments for each domain:
  == domain 1  score: -2.0 bits;  conditional E-value: 0.19
     sequences 14 siilfkkaagslslkklNlisiiFyyslllssfiGsllivlgi.ddhyliqklsdeevriigflavlyvmiafplgm 89
                  ++++f+     +s  +  ++ ++F+y     ++i+s++i + + + + + +k   ++   + f  +l++++af + +
  EEY3114156.1 11 TLYVFEGIFVYISEVRKYTVEYLFFY-TCYITYIASFVISYLYtQRKSIYNKSNTKNKPRYVFTSLLFTFLAFIIYL 86
                  55555555555555555566777777.67777888888877663444555555555666666666666666665544 PP

  == domain 2  score: 16.3 bits;  conditional E-value: 5.3e-07
     sequences 189 ilsyiayiyykktkkkkwkllflilfilsililtydleKspivfYllgfllleiyikk.kiskkkllllgllllillllm..Yifiqgvtdlnslls 282
                   ++s++a i++  t kk++++++  ++++ +++   + +K+pi+  ++ f+l   yi++ ki+++ l+  +++++++++++  Y+f+ g + ++++ +
  EEY3114156.1 119 MFSLVASICAFFTYKKSKLFCIS-IVLFNCILIFLHGNKGPIFSIFIAFILYLSYIENkKIKFMFLVKSFAVIAVIVTAFfaYTFTDG-NPIENMAN 213
                   56777777777766444444444.444455555569********************99899999999988887777765511555544.44566665 PP

     sequences 283 i 283
                   +
  EEY3114156.1 214 Y 214
                   5 PP

  == domain 3  score: 1.5 bits;  conditional E-value: 0.017
     sequences 104 feeylkkevelesskekeiflillllsiisllsv 137
                   + +y+++++++++  + ++f+++l+++ is++ v
  EEY3114156.1 308 LAKYFSNKTQETK--SAHYFIMFLFCIGISVIPV 339
                   3334444444433..3333444444444443322 PP



Internal pipeline statistics summary:
-------------------------------------
Query model(s):                            1  (456 nodes)
Target sequences:                         46  (18788 residues searched)
Passed MSV filter:                        46  (1); expected 0.9 (0.02)
Passed bias filter:                       21  (0.456522); expected 0.9 (0.02)
Passed Vit filter:                        21  (0.456522); expected 0.0 (0.001)
Passed Fwd filter:                         3  (0.0652174); expected 0.0 (1e-05)
Initial search space (Z):                 46  [actual number of targets]
Domain search space  (domZ):               3  [number of targets reported over threshold]
# CPU time: 0.02u 0.00s 00:00:00.02 Elapsed: 00:00:00.01
# Mc/sec: 522.16
//
[ok]
