
muscle 5.1.linux64 [12f0e2]  396Gb RAM, 24 cores
Built Jan 13 2022 23:17:13
(C) Copyright 2004-2021 Robert C. Edgar.
https://drive5.com

Input: 28 seqs, avg length 431, max 450

00:00 3.9Mb  CPU has 24 cores, defaulting to 20 threads

WARNING: Max OMP threads 1

00:00 3.9Mb    0.26% Calc posteriors00:01 4.1Mb     1.3% Calc posteriors00:02 4.9Mb     8.7% Calc posteriors00:03 4.9Mb    15.9% Calc posteriors00:04 4.9Mb    23.0% Calc posteriors00:05 12Mb     30.4% Calc posteriors00:06 5.3Mb    37.6% Calc posteriors00:07 5.5Mb    44.7% Calc posteriors00:08 14Mb     50.3% Calc posteriors00:09 13Mb     56.9% Calc posteriors00:10 6.6Mb    63.5% Calc posteriors00:11 6.6Mb    70.9% Calc posteriors00:12 13Mb     78.6% Calc posteriors00:13 7.0Mb    86.5% Calc posteriors00:14 7.2Mb    92.9% Calc posteriors00:15 7.4Mb   100.0% Calc posteriors
00:15 7.4Mb    0.26% Consistency (1/2)00:15 12Mb    100.0% Consistency (1/2)
00:15 12Mb     0.26% Consistency (2/2)00:15 12Mb    100.0% Consistency (2/2)
00:15 12Mb      3.7% UPGMA5           00:15 12Mb    100.0% UPGMA5
00:15 12Mb      1.0% Refining00:15 13Mb    100.0% Refining
INFO:Malign:No identity filter
INFO:Malign:Star /work3/idamei/wzy/ssn-clusterings/2209140925/super-clusters/0028_1_148/seeds.txt
INFO:Malign:Star highlights 1 from comma-separated list
Read FASTA line_by_line from /work3/idamei/wzy/ssn-clusterings/2209140925/super-clusters/0028_1_148/sequences.afa 28 elements
INFO:Malign:No identity filter
INFO:Malign:Fasta contains 28 valid records
INFO:Malign:Aligned already
INFO:Malign:Align contains 28 valid records
FastTree Version 2.1.11 SSE3
Alignment: /work3/idamei/wzy/ssn-clusterings/2209140925/super-clusters/0028_1_148/sequences.afa
Amino acid distances: BLOSUM45 Joins: balanced Support: SH-like 1000
Search: Normal +NNI +SPR (2 rounds range 10) +ML-NNI opt-each=1
TopHits: 1.00*sqrtN close=default refresh=0.80
ML Model: Jones-Taylor-Thorton, CAT approximation with 20 rate categories
Initial topology in 0.01 seconds
Refining topology: 18 rounds ME-NNIs, 2 rounds ME-SPRs, 9 rounds ML-NNIs
Total branch-length 3.882 after 0.10 sec
      0.10 seconds: ML Lengths 1 of 22 splits
ML-NNI round 1: LogLk = -8906.425 NNIs 3 max delta 2.35 Time 0.26
      0.26 seconds: Site likelihoods with rate category 1 of 20
Switched to using 20 rate categories (CAT approximation)
Rate categories were divided by 0.887 so that average rate = 1.0
CAT-based log-likelihoods may not be comparable across runs
Use -gamma for approximate but comparable Gamma(20) log-likelihoods
ML-NNI round 2: LogLk = -8403.000 NNIs 1 max delta 0.00 Time 0.45
Turning off heuristics for final round of ML NNIs (converged)
      0.44 seconds: ML NNI round 3 of 9, 1 of 22 splits
ML-NNI round 3: LogLk = -8398.542 NNIs 0 max delta 0.00 Time 0.61 (final)
      0.61 seconds: ML Lengths 1 of 22 splits
Optimize all lengths: LogLk = -8398.522 Time 0.66
Total time: 0.81 seconds Unique: 24/28 Bad splits: 0/21
