
muscle 5.1.linux64 [12f0e2]  396Gb RAM, 32 cores
Built Jan 13 2022 23:17:13
(C) Copyright 2004-2021 Robert C. Edgar.
https://drive5.com

Input: 27 seqs, avg length 385, max 404

00:00 3.9Mb  CPU has 32 cores, defaulting to 20 threads

WARNING: Max OMP threads 1

00:00 3.9Mb    0.28% Calc posteriors00:01 4.7Mb     5.7% Calc posteriors00:02 4.8Mb    14.5% Calc posteriors00:03 5.4Mb    23.9% Calc posteriors00:04 12Mb     32.5% Calc posteriors00:05 6.1Mb    41.0% Calc posteriors00:06 6.6Mb    49.9% Calc posteriors00:07 7.0Mb    58.1% Calc posteriors00:08 7.5Mb    66.4% Calc posteriors00:09 8.0Mb    74.9% Calc posteriors00:10 8.3Mb    83.8% Calc posteriors00:11 15Mb     92.6% Calc posteriors00:11 9.4Mb   100.0% Calc posteriors
00:11 9.4Mb    0.28% Consistency (1/2)00:12 10.0Mb    4.8% Consistency (1/2)00:12 15Mb    100.0% Consistency (1/2)
00:12 15Mb     0.28% Consistency (2/2)00:13 15Mb     88.3% Consistency (2/2)00:13 15Mb    100.0% Consistency (2/2)
00:13 15Mb      3.8% UPGMA5           00:13 15Mb    100.0% UPGMA5
00:13 16Mb      1.0% Refining00:13 17Mb    100.0% Refining
INFO:Malign:No identity filter
INFO:Malign:Star /work3/idamei/wzy/ssn-clusterings/2210041007/superclusterings/2210101123/superclusters/0027_1_28/seeds.txt
INFO:Malign:Star highlights 1 from comma-separated list
Read FASTA line_by_line from /work3/idamei/wzy/ssn-clusterings/2210041007/superclusterings/2210101123/superclusters/0027_1_28/sequences.afa 27 elements
INFO:Malign:No identity filter
INFO:Malign:Fasta contains 27 valid records
INFO:Malign:Aligned already
INFO:Malign:Align contains 27 valid records
FastTree Version 2.1.11 SSE3
Alignment: /work3/idamei/wzy/ssn-clusterings/2210041007/superclusterings/2210101123/superclusters/0027_1_28/sequences.afa
Amino acid distances: BLOSUM45 Joins: balanced Support: SH-like 1000
Search: Normal +NNI +SPR (2 rounds range 10) +ML-NNI opt-each=1
TopHits: 1.00*sqrtN close=default refresh=0.80
ML Model: Jones-Taylor-Thorton, CAT approximation with 20 rate categories
Initial topology in 0.01 seconds
Refining topology: 19 rounds ME-NNIs, 2 rounds ME-SPRs, 10 rounds ML-NNIs
      0.11 seconds: ME NNI round 13 of 19, 1 of 25 splits
Total branch-length 8.213 after 0.12 sec
ML-NNI round 1: LogLk = -13895.192 NNIs 4 max delta 4.79 Time 0.30
      0.30 seconds: Site likelihoods with rate category 1 of 20
Switched to using 20 rate categories (CAT approximation)
Rate categories were divided by 0.918 so that average rate = 1.0
CAT-based log-likelihoods may not be comparable across runs
Use -gamma for approximate but comparable Gamma(20) log-likelihoods
ML-NNI round 2: LogLk = -13266.400 NNIs 1 max delta 3.92 Time 0.49
      0.48 seconds: ML NNI round 3 of 10, 1 of 25 splits
ML-NNI round 3: LogLk = -13266.398 NNIs 0 max delta 0.00 Time 0.56
Turning off heuristics for final round of ML NNIs (converged)
ML-NNI round 4: LogLk = -13265.236 NNIs 0 max delta 0.00 Time 0.75 (final)
      0.75 seconds: ML Lengths 1 of 25 splits
Optimize all lengths: LogLk = -13265.201 Time 0.81
Total time: 0.97 seconds Unique: 27/27 Bad splits: 0/24
