
muscle 5.1.linux64 [12f0e2]  396Gb RAM, 24 cores
Built Jan 13 2022 23:17:13
(C) Copyright 2004-2021 Robert C. Edgar.
https://drive5.com

Input: 3 seqs, avg length 319, max 321

00:00 3.9Mb  CPU has 24 cores, defaulting to 20 threads

WARNING: Max OMP threads 1

00:00 3.9Mb    33.3% Calc posteriors00:00 4.0Mb   100.0% Calc posteriors
00:00 4.4Mb    33.3% Consistency (1/2)00:00 4.4Mb   100.0% Consistency (1/2)
00:00 4.9Mb    33.3% Consistency (2/2)00:00 4.9Mb   100.0% Consistency (2/2)
00:00 4.9Mb    50.0% UPGMA5           00:00 4.9Mb   100.0% UPGMA5
00:00 4.9Mb     1.0% Refining00:00 4.9Mb   100.0% Refining
INFO:Malign:No identity filter
INFO:Malign:Star /work3/idamei/wzy/ssn-clusterings/2209121518/clusters/0003_190/seeds.txt
INFO:Malign:Star highlights 1
Read FASTA line_by_line from /work3/idamei/wzy/ssn-clusterings/2209121518/clusters/0003_190/sequences.afa 3 elements
INFO:Malign:No identity filter
INFO:Malign:Fasta contains 3 valid records
INFO:Malign:Aligned already
INFO:Malign:Align contains 3 valid records
FastTree Version 2.1.11 SSE3
Alignment: /work3/idamei/wzy/ssn-clusterings/2209121518/clusters/0003_190/sequences.afa
Amino acid distances: BLOSUM45 Joins: balanced Support: SH-like 1000
Search: Normal +NNI +SPR (2 rounds range 10) +ML-NNI opt-each=1
TopHits: 1.00*sqrtN close=default refresh=0.80
ML Model: Jones-Taylor-Thorton, CAT approximation with 20 rate categories
Initial topology in 0.00 seconds
Refining topology: 6 rounds ME-NNIs, 2 rounds ME-SPRs, 3 rounds ML-NNIs
Total branch-length 0.995 after 0.00 sec
ML-NNI round 1: LogLk = -1747.249 NNIs 0 max delta 0.00 Time 0.00
Switched to using 20 rate categories (CAT approximation)
Rate categories were divided by 0.718 so that average rate = 1.0
CAT-based log-likelihoods may not be comparable across runs
Use -gamma for approximate but comparable Gamma(20) log-likelihoods
ML-NNI round 2: LogLk = -1682.410 NNIs 0 max delta 0.00 Time 0.01
Turning off heuristics for final round of ML NNIs (converged)
ML-NNI round 3: LogLk = -1682.410 NNIs 0 max delta 0.00 Time 0.01 (final)
Optimize all lengths: LogLk = -1682.139 Time 0.01
Total time: 0.01 seconds Unique: 3/3 Bad splits: 0/0
