
muscle 5.1.linux64 [12f0e2]  396Gb RAM, 32 cores
Built Jan 13 2022 23:17:13
(C) Copyright 2004-2021 Robert C. Edgar.
https://drive5.com

Input: 10 seqs, avg length 399, max 409

00:00 3.9Mb  CPU has 32 cores, defaulting to 20 threads

WARNING: Max OMP threads 1

00:01 3.9Mb     2.2% Calc posteriors00:02 4.7Mb    66.7% Calc posteriors00:02 4.7Mb   100.0% Calc posteriors
00:02 4.7Mb     2.2% Consistency (1/2)00:02 6.0Mb   100.0% Consistency (1/2)
00:02 6.0Mb     2.2% Consistency (2/2)00:02 6.0Mb   100.0% Consistency (2/2)
00:02 6.0Mb    11.1% UPGMA5           00:02 6.0Mb   100.0% UPGMA5
00:02 6.0Mb     1.0% Refining00:02 6.4Mb   100.0% Refining
INFO:Malign:No identity filter
INFO:Malign:Star /work3/idamei/ssn-clusterings/2206021344/clusters/0010_216/seeds.txt
INFO:Malign:Star highlights 1
INFO:Malign:No identity filter
INFO:Malign:Fasta contains 10 valid records
INFO:Malign:Aligned already
INFO:Malign:Align contains 10 valid records
inputType: FASTA
================================================================================
WARNINGS

One or more weights was less than -50 bits.
To avoid such amino acid dominating the logo position, these was reduced to -50
bits.
To remove this warning you could try choosing the option of pseudo counts.
================================================================================

