
muscle 5.1.linux64 [12f0e2]  396Gb RAM, 24 cores
Built Jan 13 2022 23:17:13
(C) Copyright 2004-2021 Robert C. Edgar.
https://drive5.com

Input: 22 seqs, avg length 444, max 476

00:00 3.9Mb  CPU has 24 cores, defaulting to 20 threads

WARNING: Max OMP threads 1

00:00 3.9Mb    0.43% Calc posteriors00:01 4.8Mb     9.1% Calc posteriors00:02 4.8Mb    18.6% Calc posteriors00:03 4.8Mb    27.7% Calc posteriors00:04 5.1Mb    36.4% Calc posteriors00:05 5.4Mb    45.5% Calc posteriors00:06 5.6Mb    55.0% Calc posteriors00:07 5.9Mb    64.5% Calc posteriors00:08 6.2Mb    73.6% Calc posteriors00:09 15Mb     84.0% Calc posteriors00:10 6.7Mb    94.4% Calc posteriors00:10 15Mb    100.0% Calc posteriors
00:10 6.8Mb    0.43% Consistency (1/2)00:10 11Mb    100.0% Consistency (1/2)
00:10 11Mb     0.43% Consistency (2/2)00:11 11Mb     70.1% Consistency (2/2)00:11 11Mb    100.0% Consistency (2/2)
00:11 11Mb      4.8% UPGMA5           00:11 11Mb    100.0% UPGMA5
00:11 11Mb      1.0% Refining00:11 12Mb    100.0% Refining
INFO:Malign:No identity filter
INFO:Malign:Star /work3/idamei/ssn-clusterings/2206070959/clusters/0022_8/seeds.txt
INFO:Malign:Star highlights 0
INFO:Malign:No identity filter
INFO:Malign:Fasta contains 22 valid records
INFO:Malign:Aligned already
INFO:Malign:Align contains 22 valid records
inputType: FASTA
================================================================================
WARNINGS

One or more weights was less than -50 bits.
To avoid such amino acid dominating the logo position, these was reduced to -50
bits.
To remove this warning you could try choosing the option of pseudo counts.
================================================================================

