
muscle 5.1.linux64 [12f0e2]  396Gb RAM, 24 cores
Built Jan 13 2022 23:17:13
(C) Copyright 2004-2021 Robert C. Edgar.
https://drive5.com

Input: 12 seqs, avg length 363, max 366

00:00 3.9Mb  CPU has 24 cores, defaulting to 20 threads

WARNING: Max OMP threads 1

00:00 3.9Mb     1.5% Calc posteriors00:01 4.2Mb    30.3% Calc posteriors00:02 4.4Mb    86.4% Calc posteriors00:02 4.5Mb   100.0% Calc posteriors
00:02 4.5Mb     1.5% Consistency (1/2)00:02 5.6Mb   100.0% Consistency (1/2)
00:02 5.6Mb     1.5% Consistency (2/2)00:02 5.6Mb   100.0% Consistency (2/2)
00:02 5.6Mb     9.1% UPGMA5           00:02 5.6Mb   100.0% UPGMA5
00:02 5.8Mb     1.0% Refining00:02 6.3Mb   100.0% Refining
INFO:Malign:No identity filter
INFO:Malign:Star /work3/idamei/ssn-clusterings/2206011120/clusters/0012_275/seeds.txt
INFO:Malign:Star highlights 3
INFO:Malign:No identity filter
INFO:Malign:Fasta contains 12 valid records
INFO:Malign:Aligned already
INFO:Malign:Align contains 12 valid records
inputType: FASTA

