
muscle 5.1.linux64 [12f0e2]  396Gb RAM, 24 cores
Built Jan 13 2022 23:17:13
(C) Copyright 2004-2021 Robert C. Edgar.
https://drive5.com

Input: 27 seqs, avg length 385, max 404

00:00 3.9Mb  CPU has 24 cores, defaulting to 20 threads

WARNING: Max OMP threads 1

00:00 3.9Mb    0.28% Calc posteriors00:01 4.7Mb     9.7% Calc posteriors00:02 5.4Mb    19.9% Calc posteriors00:03 6.1Mb    29.9% Calc posteriors00:04 6.1Mb    39.6% Calc posteriors00:05 6.6Mb    49.6% Calc posteriors00:06 7.1Mb    59.3% Calc posteriors00:07 7.6Mb    68.7% Calc posteriors00:08 8.1Mb    78.6% Calc posteriors00:09 8.6Mb    88.9% Calc posteriors00:10 9.4Mb    98.6% Calc posteriors00:10 9.4Mb   100.0% Calc posteriors
00:10 9.4Mb    0.28% Consistency (1/2)00:10 15Mb    100.0% Consistency (1/2)
00:10 15Mb     0.28% Consistency (2/2)00:11 15Mb     47.9% Consistency (2/2)00:11 15Mb    100.0% Consistency (2/2)
00:11 15Mb      3.8% UPGMA5           00:11 15Mb    100.0% UPGMA5
00:11 16Mb      1.0% Refining00:11 17Mb    100.0% Refining
INFO:Malign:No identity filter
INFO:Malign:Star /work3/idamei/wzy/ssn-clusterings/2209140925/super-clusters/0027_1_104/seeds.txt
INFO:Malign:Star highlights 1 from comma-separated list
Read FASTA line_by_line from /work3/idamei/wzy/ssn-clusterings/2209140925/super-clusters/0027_1_104/sequences.afa 27 elements
INFO:Malign:No identity filter
INFO:Malign:Fasta contains 27 valid records
INFO:Malign:Aligned already
INFO:Malign:Align contains 27 valid records
FastTree Version 2.1.11 SSE3
Alignment: /work3/idamei/wzy/ssn-clusterings/2209140925/super-clusters/0027_1_104/sequences.afa
Amino acid distances: BLOSUM45 Joins: balanced Support: SH-like 1000
Search: Normal +NNI +SPR (2 rounds range 10) +ML-NNI opt-each=1
TopHits: 1.00*sqrtN close=default refresh=0.80
ML Model: Jones-Taylor-Thorton, CAT approximation with 20 rate categories
Initial topology in 0.01 seconds
Refining topology: 19 rounds ME-NNIs, 2 rounds ME-SPRs, 10 rounds ML-NNIs
      0.10 seconds: ME NNI round 13 of 19, 1 of 25 splits
Total branch-length 8.213 after 0.11 sec
ML-NNI round 1: LogLk = -13895.192 NNIs 4 max delta 4.79 Time 0.27
      0.26 seconds: Site likelihoods with rate category 1 of 20
Switched to using 20 rate categories (CAT approximation)
Rate categories were divided by 0.918 so that average rate = 1.0
CAT-based log-likelihoods may not be comparable across runs
Use -gamma for approximate but comparable Gamma(20) log-likelihoods
ML-NNI round 2: LogLk = -13266.400 NNIs 1 max delta 3.92 Time 0.43
      0.42 seconds: ML NNI round 3 of 10, 1 of 25 splits
ML-NNI round 3: LogLk = -13266.398 NNIs 0 max delta 0.00 Time 0.49
Turning off heuristics for final round of ML NNIs (converged)
ML-NNI round 4: LogLk = -13265.236 NNIs 0 max delta 0.00 Time 0.66 (final)
      0.65 seconds: ML Lengths 1 of 25 splits
Optimize all lengths: LogLk = -13265.201 Time 0.70
Total time: 0.84 seconds Unique: 27/27 Bad splits: 0/24
