
muscle 5.1.linux64 [12f0e2]  396Gb RAM, 32 cores
Built Jan 13 2022 23:17:13
(C) Copyright 2004-2021 Robert C. Edgar.
https://drive5.com

Input: 12 seqs, avg length 424, max 424

00:00 3.9Mb  CPU has 32 cores, defaulting to 20 threads

WARNING: Max OMP threads 1

00:00 3.9Mb     1.5% Calc posteriors00:01 4.2Mb    33.3% Calc posteriors00:02 4.4Mb    86.4% Calc posteriors00:02 4.5Mb   100.0% Calc posteriors
00:02 4.5Mb     1.5% Consistency (1/2)00:02 6.0Mb   100.0% Consistency (1/2)
00:02 6.0Mb     1.5% Consistency (2/2)00:02 6.0Mb   100.0% Consistency (2/2)
00:02 6.0Mb     9.1% UPGMA5           00:02 6.0Mb   100.0% UPGMA5
00:02 6.0Mb     1.0% Refining00:02 6.6Mb   100.0% Refining
/zhome/2b/2/141636/.lsbatch/1652281884.13557667.shell: line 31: /work3/garryg/bioP/bin/malign: No such file or directory
inputType: FASTA


muscle 5.1.linux64 [12f0e2]  396Gb RAM, 24 cores
Built Jan 13 2022 23:17:13
(C) Copyright 2004-2021 Robert C. Edgar.
https://drive5.com

Input: 12 seqs, avg length 424, max 424

00:00 3.9Mb  CPU has 24 cores, defaulting to 20 threads

WARNING: Max OMP threads 1

00:00 3.9Mb     1.5% Calc posteriors00:01 4.1Mb    24.2% Calc posteriors00:02 4.4Mb    71.2% Calc posteriors00:02 4.5Mb   100.0% Calc posteriors
00:02 4.5Mb     1.5% Consistency (1/2)00:02 6.0Mb   100.0% Consistency (1/2)
00:02 6.0Mb     1.5% Consistency (2/2)00:02 6.0Mb   100.0% Consistency (2/2)
00:02 6.0Mb     9.1% UPGMA5           00:02 6.0Mb   100.0% UPGMA5
00:02 6.0Mb     1.0% Refining00:03 6.5Mb    81.0% Refining00:03 6.6Mb   100.0% Refining
INFO:Malign:Fasta contains 12 valid records
INFO:Malign:Aligned already
INFO:Malign:Align contains 12 valid records
inputType: FASTA

