
muscle 5.1.linux64 [12f0e2]  792Gb RAM, 24 cores
Built Jan 13 2022 23:17:13
(C) Copyright 2004-2021 Robert C. Edgar.
https://drive5.com

Input: 25 seqs, avg length 387, max 411

00:00 3.9Mb  CPU has 24 cores, defaulting to 20 threads

WARNING: Max OMP threads 1

00:00 3.9Mb    0.33% Calc posteriors00:01 4.7Mb     6.3% Calc posteriors00:02 4.7Mb    16.0% Calc posteriors00:03 4.8Mb    24.7% Calc posteriors00:04 5.8Mb    33.7% Calc posteriors00:05 12Mb     43.0% Calc posteriors00:06 5.8Mb    51.7% Calc posteriors00:07 6.1Mb    61.3% Calc posteriors00:08 13Mb     70.3% Calc posteriors00:09 13Mb     80.0% Calc posteriors00:10 13Mb     89.7% Calc posteriors00:10 14Mb    100.0% Calc posteriors
00:11 14Mb     0.33% Consistency (1/2)00:11 14Mb    100.0% Consistency (1/2)
00:11 14Mb     0.33% Consistency (2/2)00:11 14Mb    100.0% Consistency (2/2)
00:11 14Mb      4.2% UPGMA5           00:11 14Mb    100.0% UPGMA5
00:11 14Mb      1.0% Refining00:11 14Mb    100.0% Refining
INFO:Malign:No identity filter
INFO:Malign:Star /work3/idamei/ssn-clusterings/2206070959/clusters/0025_55/seeds.txt
INFO:Malign:Star highlights 3
INFO:Malign:No identity filter
INFO:Malign:Fasta contains 25 valid records
INFO:Malign:Aligned already
INFO:Malign:Align contains 25 valid records
inputType: FASTA
================================================================================
WARNINGS

One or more weights was less than -50 bits.
To avoid such amino acid dominating the logo position, these was reduced to -50
bits.
To remove this warning you could try choosing the option of pseudo counts.
================================================================================

