
muscle 5.1.linux64 [12f0e2]  396Gb RAM, 24 cores
Built Jan 13 2022 23:17:13
(C) Copyright 2004-2021 Robert C. Edgar.
https://drive5.com

Input: 27 seqs, avg length 412, max 447

00:00 3.9Mb  CPU has 24 cores, defaulting to 20 threads

WARNING: Max OMP threads 1

00:00 3.9Mb    0.28% Calc posteriors00:01 4.8Mb     4.8% Calc posteriors00:02 4.8Mb    11.7% Calc posteriors00:03 5.8Mb    18.5% Calc posteriors00:04 12Mb     26.2% Calc posteriors00:05 5.8Mb    33.3% Calc posteriors00:06 13Mb     39.9% Calc posteriors00:07 6.5Mb    46.4% Calc posteriors00:08 14Mb     53.3% Calc posteriors00:09 7.4Mb    60.4% Calc posteriors00:10 7.6Mb    67.2% Calc posteriors00:11 15Mb     74.1% Calc posteriors00:12 15Mb     81.2% Calc posteriors00:13 16Mb     88.0% Calc posteriors00:14 9.0Mb    94.9% Calc posteriors00:14 16Mb    100.0% Calc posteriors
00:14 16Mb     0.28% Consistency (1/2)00:15 16Mb     25.9% Consistency (1/2)00:15 16Mb    100.0% Consistency (1/2)
00:15 16Mb     0.28% Consistency (2/2)00:15 16Mb    100.0% Consistency (2/2)
00:15 16Mb      3.8% UPGMA5           00:15 16Mb    100.0% UPGMA5
00:16 16Mb      1.0% Refining00:16 18Mb    100.0% Refining
INFO:Malign:No identity filter
INFO:Malign:Star /work3/idamei/wzy/ssn-clusterings/2209121518/clusters/0027_45/seeds.txt
INFO:Malign:Star highlights 2
Read FASTA line_by_line from /work3/idamei/wzy/ssn-clusterings/2209121518/clusters/0027_45/sequences.afa 27 elements
INFO:Malign:No identity filter
INFO:Malign:Fasta contains 27 valid records
INFO:Malign:Aligned already
INFO:Malign:Align contains 27 valid records
FastTree Version 2.1.11 SSE3
Alignment: /work3/idamei/wzy/ssn-clusterings/2209121518/clusters/0027_45/sequences.afa
Amino acid distances: BLOSUM45 Joins: balanced Support: SH-like 1000
Search: Normal +NNI +SPR (2 rounds range 10) +ML-NNI opt-each=1
TopHits: 1.00*sqrtN close=default refresh=0.80
ML Model: Jones-Taylor-Thorton, CAT approximation with 20 rate categories
Ignored unknown character X (seen 3 times)
Initial topology in 0.01 seconds
Refining topology: 19 rounds ME-NNIs, 2 rounds ME-SPRs, 9 rounds ML-NNIs
      0.14 seconds: ME NNI round 13 of 19, 1 of 24 splits
Total branch-length 13.212 after 0.15 sec
ML-NNI round 1: LogLk = -21792.140 NNIs 4 max delta 3.90 Time 0.37
      0.37 seconds: Site likelihoods with rate category 1 of 20
Switched to using 20 rate categories (CAT approximation)
Rate categories were divided by 0.969 so that average rate = 1.0
CAT-based log-likelihoods may not be comparable across runs
Use -gamma for approximate but comparable Gamma(20) log-likelihoods
ML-NNI round 2: LogLk = -20754.805 NNIs 2 max delta 0.44 Time 0.63
      0.63 seconds: ML NNI round 3 of 9, 1 of 24 splits
ML-NNI round 3: LogLk = -20753.108 NNIs 0 max delta 0.00 Time 0.74
Turning off heuristics for final round of ML NNIs (converged)
      0.74 seconds: ML NNI round 4 of 9, 1 of 24 splits
ML-NNI round 4: LogLk = -20751.138 NNIs 0 max delta 0.00 Time 0.98 (final)
      0.97 seconds: ML Lengths 1 of 24 splits
Optimize all lengths: LogLk = -20751.110 Time 1.04
Total time: 1.22 seconds Unique: 26/27 Bad splits: 0/23
