
muscle 5.1.linux64 [12f0e2]  396Gb RAM, 24 cores
Built Jan 13 2022 23:17:13
(C) Copyright 2004-2021 Robert C. Edgar.
https://drive5.com

Input: 22 seqs, avg length 384, max 391

00:00 3.9Mb  CPU has 24 cores, defaulting to 20 threads

WARNING: Max OMP threads 1

00:00 3.9Mb    0.43% Calc posteriors00:01 4.7Mb    10.4% Calc posteriors00:02 4.7Mb    26.4% Calc posteriors00:03 4.8Mb    45.0% Calc posteriors00:04 5.1Mb    62.3% Calc posteriors00:05 5.4Mb    80.5% Calc posteriors00:06 5.7Mb    98.7% Calc posteriors00:06 5.7Mb   100.0% Calc posteriors
00:06 5.7Mb    0.43% Consistency (1/2)00:06 7.9Mb   100.0% Consistency (1/2)
00:06 7.9Mb    0.43% Consistency (2/2)00:06 8.6Mb   100.0% Consistency (2/2)
00:06 8.6Mb     4.8% UPGMA5           00:06 8.6Mb   100.0% UPGMA5
00:06 8.6Mb     1.0% Refining00:06 9.4Mb   100.0% Refining
INFO:Malign:No identity filter
INFO:Malign:Star /work3/idamei/ssn-clusterings/2206020950/clusters/0022_112/seeds.txt
INFO:Malign:Star highlights 0
INFO:Malign:No identity filter
INFO:Malign:Fasta contains 22 valid records
INFO:Malign:Aligned already
INFO:Malign:Align contains 22 valid records
inputType: FASTA
================================================================================
WARNINGS

One or more weights was less than -50 bits.
To avoid such amino acid dominating the logo position, these was reduced to -50
bits.
To remove this warning you could try choosing the option of pseudo counts.
================================================================================

