
muscle 5.1.linux64 [12f0e2]  131Gb RAM, 20 cores
Built Jan 13 2022 23:17:13
(C) Copyright 2004-2021 Robert C. Edgar.
https://drive5.com

Input: 24 seqs, avg length 366, max 384


WARNING: Max OMP threads 1

00:00 3.9Mb  CPU has 20 cores, running 1 threads
00:00 3.9Mb    0.36% Calc posteriors00:01 4.6Mb     2.9% Calc posteriors00:02 4.6Mb    15.6% Calc posteriors00:03 4.9Mb    28.6% Calc posteriors00:04 5.7Mb    41.3% Calc posteriors00:05 5.7Mb    54.0% Calc posteriors00:06 6.1Mb    65.9% Calc posteriors00:07 12Mb     79.3% Calc posteriors00:08 7.4Mb    93.1% Calc posteriors00:08 13Mb    100.0% Calc posteriors
00:08 13Mb     0.36% Consistency (1/2)00:08 13Mb    100.0% Consistency (1/2)
00:08 13Mb     0.36% Consistency (2/2)00:09 13Mb     78.3% Consistency (2/2)00:09 13Mb    100.0% Consistency (2/2)
00:09 13Mb      4.3% UPGMA5           00:09 13Mb    100.0% UPGMA5
00:09 13Mb      1.0% Refining00:09 13Mb    100.0% Refining
INFO:Malign:No identity filter
INFO:Malign:Star /work3/idamei/wzy/ssn-clusterings/2210041007/superclusterings/2210041009/superclusters/0024_1_131/seeds.txt
INFO:Malign:Star highlights 1 from comma-separated list
Read FASTA line_by_line from /work3/idamei/wzy/ssn-clusterings/2210041007/superclusterings/2210041009/superclusters/0024_1_131/sequences.afa 24 elements
INFO:Malign:No identity filter
INFO:Malign:Fasta contains 24 valid records
INFO:Malign:Aligned already
INFO:Malign:Align contains 24 valid records
FastTree Version 2.1.11 SSE3
Alignment: /work3/idamei/wzy/ssn-clusterings/2210041007/superclusterings/2210041009/superclusters/0024_1_131/sequences.afa
Amino acid distances: BLOSUM45 Joins: balanced Support: SH-like 1000
Search: Normal +NNI +SPR (2 rounds range 10) +ML-NNI opt-each=1
TopHits: 1.00*sqrtN close=default refresh=0.80
ML Model: Jones-Taylor-Thorton, CAT approximation with 20 rate categories
Initial topology in 0.01 seconds
Refining topology: 18 rounds ME-NNIs, 2 rounds ME-SPRs, 9 rounds ML-NNIs
Total branch-length 4.973 after 0.09 sec
      0.11 seconds: ML NNI round 1 of 9, 1 of 22 splits
ML-NNI round 1: LogLk = -8761.045 NNIs 2 max delta 1.76 Time 0.21
      0.21 seconds: Site likelihoods with rate category 3 of 20
Switched to using 20 rate categories (CAT approximation)
Rate categories were divided by 0.886 so that average rate = 1.0
CAT-based log-likelihoods may not be comparable across runs
Use -gamma for approximate but comparable Gamma(20) log-likelihoods
ML-NNI round 2: LogLk = -8403.145 NNIs 2 max delta 0.16 Time 0.34
      0.33 seconds: ML NNI round 3 of 9, 1 of 22 splits
ML-NNI round 3: LogLk = -8403.002 NNIs 1 max delta 0.00 Time 0.37
Turning off heuristics for final round of ML NNIs (converged)
ML-NNI round 4: LogLk = -8400.693 NNIs 0 max delta 0.00 Time 0.50 (final)
      0.50 seconds: ML Lengths 1 of 22 splits
Optimize all lengths: LogLk = -8400.681 Time 0.55
Total time: 0.67 seconds Unique: 24/24 Bad splits: 0/21
