
muscle 5.1.linux64 [12f0e2]  131Gb RAM, 20 cores
Built Jan 13 2022 23:17:13
(C) Copyright 2004-2021 Robert C. Edgar.
https://drive5.com

Input: 15 seqs, avg length 411, max 426


WARNING: Max OMP threads 1

00:00 3.9Mb  CPU has 20 cores, running 1 threads
00:00 3.9Mb    0.95% Calc posteriors00:01 4.3Mb    25.7% Calc posteriors00:02 4.7Mb    56.2% Calc posteriors00:03 5.0Mb    84.8% Calc posteriors00:03 12Mb    100.0% Calc posteriors
00:03 12Mb     0.95% Consistency (1/2)00:03 12Mb    100.0% Consistency (1/2)
00:03 12Mb     0.95% Consistency (2/2)00:03 12Mb    100.0% Consistency (2/2)
00:03 12Mb      7.1% UPGMA5           00:03 12Mb    100.0% UPGMA5
00:03 12Mb      1.0% Refining00:03 12Mb    100.0% Refining
INFO:Malign:No identity filter
INFO:Malign:Star /work3/idamei/wzy/ssn-clusterings/2210041007/superclusterings/2210041009/superclusters/0015_1_64/seeds.txt
INFO:Malign:Star highlights 1 from comma-separated list
Read FASTA line_by_line from /work3/idamei/wzy/ssn-clusterings/2210041007/superclusterings/2210041009/superclusters/0015_1_64/sequences.afa 15 elements
INFO:Malign:No identity filter
INFO:Malign:Fasta contains 15 valid records
INFO:Malign:Aligned already
INFO:Malign:Align contains 15 valid records
FastTree Version 2.1.11 SSE3
Alignment: /work3/idamei/wzy/ssn-clusterings/2210041007/superclusterings/2210041009/superclusters/0015_1_64/sequences.afa
Amino acid distances: BLOSUM45 Joins: balanced Support: SH-like 1000
Search: Normal +NNI +SPR (2 rounds range 10) +ML-NNI opt-each=1
TopHits: 1.00*sqrtN close=default refresh=0.80
ML Model: Jones-Taylor-Thorton, CAT approximation with 20 rate categories
Initial topology in 0.00 seconds
Refining topology: 16 rounds ME-NNIs, 2 rounds ME-SPRs, 8 rounds ML-NNIs
Total branch-length 2.491 after 0.05 sec
ML-NNI round 1: LogLk = -5727.178 NNIs 1 max delta 0.01 Time 0.12
      0.12 seconds: Site likelihoods with rate category 1 of 20
Switched to using 20 rate categories (CAT approximation)
Rate categories were divided by 0.836 so that average rate = 1.0
CAT-based log-likelihoods may not be comparable across runs
Use -gamma for approximate but comparable Gamma(20) log-likelihoods
ML-NNI round 2: LogLk = -5437.248 NNIs 1 max delta 0.10 Time 0.21
ML-NNI round 3: LogLk = -5437.234 NNIs 0 max delta 0.00 Time 0.24
Turning off heuristics for final round of ML NNIs (converged)
      0.24 seconds: ML NNI round 4 of 8, 1 of 13 splits
ML-NNI round 4: LogLk = -5436.581 NNIs 0 max delta 0.00 Time 0.33 (final)
Optimize all lengths: LogLk = -5436.553 Time 0.35
Total time: 0.43 seconds Unique: 15/15 Bad splits: 0/12
