
muscle 5.1.linux64 [12f0e2]  528Gb RAM, 24 cores
Built Jan 13 2022 23:17:13
(C) Copyright 2004-2021 Robert C. Edgar.
https://drive5.com

Input: 24 seqs, avg length 399, max 410

00:00 3.9Mb  CPU has 24 cores, defaulting to 20 threads

WARNING: Max OMP threads 1

00:00 3.9Mb    0.36% Calc posteriors00:01 4.7Mb     7.6% Calc posteriors00:02 4.7Mb    18.1% Calc posteriors00:03 4.8Mb    28.6% Calc posteriors00:04 5.1Mb    38.8% Calc posteriors00:05 5.3Mb    48.9% Calc posteriors00:06 5.6Mb    58.7% Calc posteriors00:07 6.5Mb    68.5% Calc posteriors00:08 6.5Mb    78.3% Calc posteriors00:09 6.5Mb    88.0% Calc posteriors00:10 6.8Mb    97.5% Calc posteriors00:10 6.8Mb   100.0% Calc posteriors
00:10 6.9Mb    0.36% Consistency (1/2)00:10 11Mb    100.0% Consistency (1/2)
00:10 11Mb     0.36% Consistency (2/2)00:10 11Mb    100.0% Consistency (2/2)
00:10 11Mb      4.3% UPGMA5           00:10 11Mb    100.0% UPGMA5
00:10 11Mb      1.0% Refining00:10 12Mb    100.0% Refining
INFO:Malign:No identity filter
INFO:Malign:Star /work3/idamei/ssn-clusterings/2206071104/clusters/0024_97/seeds.txt
INFO:Malign:Star highlights 2
INFO:Malign:No identity filter
INFO:Malign:Fasta contains 24 valid records
INFO:Malign:Aligned already
INFO:Malign:Align contains 24 valid records
inputType: FASTA
================================================================================
WARNINGS

One or more weights was less than -50 bits.
To avoid such amino acid dominating the logo position, these was reduced to -50
bits.
To remove this warning you could try choosing the option of pseudo counts.
================================================================================

