# Read 2065 fasta entries from (seeds-and-hits-all.fasta)
# chunk 0 filename ./chunk00.fa
# chunk 1 filename ./chunk01.fa
# chunk 2 filename ./chunk02.fa
# chunk 3 filename ./chunk03.fa
# chunk 4 filename ./chunk04.fa
# chunk 5 filename ./chunk05.fa
# chunk 6 filename ./chunk06.fa
# chunk 7 filename ./chunk07.fa
# chunk 8 filename ./chunk08.fa
# chunk 9 filename ./chunk09.fa
Wrote 0 HBK0715647.1 to chunk 0
Wrote 1 WP_208557445.1 to chunk 1
Wrote 2 WP_032184514.1 to chunk 2
Wrote 3 WP_040073556.1 to chunk 3
Wrote 4 WP_164705892.1 to chunk 4
Wrote 5 WP_164687676.1 to chunk 5
Wrote 6 WP_117343289.1 to chunk 6
Wrote 7 WP_204161416.1 to chunk 7
Wrote 8 HAV1786723.1 to chunk 8
Wrote 9 WP_048244531.1 to chunk 9
Wrote 10 WP_129318497.1 to chunk 0
Wrote 11 WP_047365492.1 to chunk 1
Wrote 12 HBM2440114.1 to chunk 2
Wrote 13 WP_203463510.1 to chunk 3
Wrote 14 WP_159403326.1 to chunk 4
Wrote 15 WP_203464920.1 to chunk 5
Wrote 16 WP_226848100.1 to chunk 6
Wrote 17 WP_115625701.1 to chunk 7
Wrote 18 WP_196358828.1 to chunk 8
Wrote 19 MCE1481506.1 to chunk 9
Wrote 20 WP_129318739.1 to chunk 0
Wrote 21 EFG3357330.1 to chunk 1
Wrote 22 WP_040073224.1 to chunk 2
Wrote 23 WP_059328933.1 to chunk 3
Wrote 24 EFD1772867.1 to chunk 4
Wrote 25 WP_174246323.1 to chunk 5
Wrote 26 EFQ5383816.1 to chunk 6
Wrote 27 WP_136698834.1 to chunk 7
Wrote 28 WP_224170101.1 to chunk 8
Wrote 29 WP_112025783.1 to chunk 9
Wrote 30 EFE1615698.1 to chunk 0
Wrote 31 EFC2090960.1 to chunk 1
Wrote 32 WP_033813221.1 to chunk 2
Wrote 33 WP_053882608.1 to chunk 3
Wrote 34 WP_032221193.1 to chunk 4
Wrote 35 EZJ95071.1 to chunk 5
Wrote 36 WP_209428899.1 to chunk 6
Wrote 37 WP_138223038.1 to chunk 7
Wrote 38 HAW1068684.1 to chunk 8
Wrote 39 WP_096957097.1 to chunk 9
Wrote 40 WP_206423246.1 to chunk 0
Wrote 41 WP_060621170.1 to chunk 1
Wrote 42 MBC0213547.1 to chunk 2
Wrote 43 HBA6507938.1 to chunk 3
Wrote 44 WP_063278163.1 to chunk 4
Wrote 45 DAM43452.1 to chunk 5
Wrote 46 WP_222903286.1 to chunk 6
Wrote 47 EHC4030973.1 to chunk 7
Wrote 48 HBH9423403.1 to chunk 8
Wrote 49 HAX8430395.1 to chunk 9
Wrote 50 EFD1721222.1 to chunk 0
Wrote 51 EGA4872476.1 to chunk 1
Wrote 52 HAW0292322.1 to chunk 2
Wrote 53 WP_114323081.1 to chunk 3
Wrote 54 OUV72774.1 to chunk 4
Wrote 55 EGQ8066642.1 to chunk 5
Wrote 56 EHW0641410.1 to chunk 6
Wrote 57 WP_199611281.1 to chunk 7
Wrote 58 HBE5707594.1 to chunk 8
Wrote 59 EFO0763642.1 to chunk 9
Wrote 60 EET3117782.1 to chunk 0
Wrote 61 EFH9239398.1 to chunk 1
Wrote 62 HAO9432104.1 to chunk 2
Wrote 63 WP_198488462.1 to chunk 3
Wrote 64 WP_205994135.1 to chunk 4
Wrote 65 EGQ9715602.1 to chunk 5
Wrote 66 WP_095001932.1 to chunk 6
Wrote 67 WP_130590107.1 to chunk 7
Wrote 68 WP_006816621.1 to chunk 8
Wrote 69 WP_047782379.1 to chunk 9
Wrote 70 WP_123350492.1 to chunk 0
Wrote 71 WP_159567402.1 to chunk 1
Wrote 72 MBV4369192.1 to chunk 2
Wrote 73 AGB80229.1 to chunk 3
Wrote 74 WP_159776736.1 to chunk 4
Wrote 75 WP_159466150.1 to chunk 5
Wrote 76 WP_149464872.1 to chunk 6
Wrote 77 WP_189624488.1 to chunk 7
Wrote 78 NDJ55457.1 to chunk 8
Wrote 79 WP_130833146.1 to chunk 9
Wrote 80 WP_106929836.1 to chunk 0
Wrote 81 WP_062777376.1 to chunk 1
Wrote 82 WP_222889099.1 to chunk 2
Wrote 83 WP_049858392.1 to chunk 3
Wrote 84 WP_065357483.1 to chunk 4
Wrote 85 WP_064546419.1 to chunk 5
Wrote 86 WP_108476918.1 to chunk 6
Wrote 87 WP_165418505.1 to chunk 7
Wrote 88 MCE0491664.1 to chunk 8
Wrote 89 WP_064738167.1 to chunk 9
Wrote 90 WP_193406279.1 to chunk 0
Wrote 91 WP_158784325.1 to chunk 1
Wrote 92 WP_135910461.1 to chunk 2
Wrote 93 WP_054180995.1 to chunk 3
Wrote 94 WP_033734810.1 to chunk 4
Wrote 95 WP_150013267.1 to chunk 5
Wrote 96 WP_061283903.1 to chunk 6
Wrote 97 WP_110331153.1 to chunk 7
Wrote 98 WP_058691756.1 to chunk 8
Wrote 99 WP_149121123.1 to chunk 9
Wrote 100 WP_021183785.1 to chunk 0
Wrote 101 WP_072550400.1 to chunk 1
Wrote 102 WP_165466376.1 to chunk 2
Wrote 103 WP_161669838.1 to chunk 3
Wrote 104 WP_040021381.1 to chunk 4
Wrote 105 WP_196372915.1 to chunk 5
Wrote 106 WP_125357810.1 to chunk 6
Wrote 107 WP_047737365.1 to chunk 7
Wrote 108 WP_139936942.1 to chunk 8
Wrote 109 WP_085393654.1 to chunk 9
Wrote 110 WP_153908354.1 to chunk 0
Wrote 111 WP_096928776.1 to chunk 1
Wrote 112 WP_063411893.1 to chunk 2
Wrote 113 WP_017459722.1 to chunk 3
Wrote 114 KAB2517113.1 to chunk 4
Wrote 115 WP_213785328.1 to chunk 5
Wrote 116 WP_193016947.1 to chunk 6
Wrote 117 WP_013099270.1 to chunk 7
Wrote 118 WP_194303579.1 to chunk 8
Wrote 119 WP_049847170.1 to chunk 9
Wrote 120 WP_206404784.1 to chunk 0
Wrote 121 WP_134191022.1 to chunk 1
Wrote 122 WP_045910942.1 to chunk 2
Wrote 123 WP_151038559.1 to chunk 3
Wrote 124 WP_159338533.1 to chunk 4
Wrote 125 WP_045142445.1 to chunk 5
Wrote 126 WP_038207798.1 to chunk 6
Wrote 127 WP_047731275.1 to chunk 7
Wrote 128 WP_063136113.1 to chunk 8
Wrote 129 WP_045342693.1 to chunk 9
Wrote 130 WP_166540252.1 to chunk 0
Wrote 131 WP_063933751.1 to chunk 1
Wrote 132 WP_050871031.1 to chunk 2
Wrote 133 WP_097401967.1 to chunk 3
Wrote 134 WP_126514698.1 to chunk 4
Wrote 135 MBT1876183.1 to chunk 5
Wrote 136 WP_006812384.1 to chunk 6
Wrote 137 WP_049108872.1 to chunk 7
Wrote 138 WP_036939573.1 to chunk 8
Wrote 139 MBG2712419.1 to chunk 9
Wrote 140 WP_031375049.1 to chunk 0
Wrote 141 WP_049134586.1 to chunk 1
Wrote 142 HAV1648230.1 to chunk 2
Wrote 143 WP_048241562.1 to chunk 3
Wrote 144 WP_126490052.1 to chunk 4
Wrote 145 WP_198620249.1 to chunk 5
Wrote 146 WP_032672146.1 to chunk 6
Wrote 147 WP_058646808.1 to chunk 7
Wrote 148 WP_104469559.1 to chunk 8
Wrote 149 WP_208724539.1 to chunk 9
Wrote 150 WP_221925076.1 to chunk 0
Wrote 151 WP_198624514.1 to chunk 1
Wrote 152 WP_150325045.1 to chunk 2
Wrote 153 WP_017693948.1 to chunk 3
Wrote 154 WP_023323983.1 to chunk 4
Wrote 155 WP_109410120.1 to chunk 5
Wrote 156 MBU5621077.1 to chunk 6
Wrote 157 WP_100167987.1 to chunk 7
Wrote 158 HAV1478235.1 to chunk 8
Wrote 159 WP_061706571.1 to chunk 9
Wrote 160 MBT2011614.1 to chunk 0
Wrote 161 WP_042714906.1 to chunk 1
Wrote 162 HBL5379433.1 to chunk 2
Wrote 163 WP_054803678.1 to chunk 3
Wrote 164 WP_049839519.1 to chunk 4
Wrote 165 HAV1824494.1 to chunk 5
Wrote 166 WP_217188706.1 to chunk 6
Wrote 167 WP_180240772.1 to chunk 7
Wrote 168 HAV1601869.1 to chunk 8
Wrote 169 WP_099076341.1 to chunk 9
Wrote 170 WP_063853766.1 to chunk 0
Wrote 171 WP_048275891.1 to chunk 1
Wrote 172 MXP49844.1 to chunk 2
Wrote 173 WP_220424404.1 to chunk 3
Wrote 174 WP_165121876.1 to chunk 4
Wrote 175 WP_108702222.1 to chunk 5
Wrote 176 AUU88634.1 to chunk 6
Wrote 177 WP_148737622.1 to chunk 7
Wrote 178 WP_207120031.1 to chunk 8
Wrote 179 WP_230480131.1 to chunk 9
Wrote 180 WP_214623431.1 to chunk 0
Wrote 181 WP_119936330.1 to chunk 1
Wrote 182 WP_034492214.1 to chunk 2
Wrote 183 WP_182235553.1 to chunk 3
Wrote 184 WP_049033577.1 to chunk 4
Wrote 185 MBD2811743.1 to chunk 5
Wrote 186 WP_112012634.1 to chunk 6
Wrote 187 WP_154775903.1 to chunk 7
Wrote 188 WP_165458969.1 to chunk 8
Wrote 189 WP_023479569.1 to chunk 9
Wrote 190 WP_045907014.1 to chunk 0
Wrote 191 WP_101763765.1 to chunk 1
Wrote 192 WP_154105202.1 to chunk 2
Wrote 193 MBG6029054.1 to chunk 3
Wrote 194 WP_047254900.1 to chunk 4
Wrote 195 WP_110867918.1 to chunk 5
Wrote 196 WP_118984699.1 to chunk 6
Wrote 197 WP_126765765.1 to chunk 7
Wrote 198 WP_015585409.1 to chunk 8
Wrote 199 WP_047077116.1 to chunk 9
Wrote 200 WP_109372734.1 to chunk 0
Wrote 201 WP_124970857.1 to chunk 1
Wrote 202 WP_097585109.1 to chunk 2
Wrote 203 MBQ0692395.1 to chunk 3
Wrote 204 WP_039381732.1 to chunk 4
Wrote 205 SFF24138.1 to chunk 5
Wrote 206 WP_140182123.1 to chunk 6
Wrote 207 WP_015368875.1 to chunk 7
Wrote 208 WP_202307627.1 to chunk 8
Wrote 209 WP_076727855.1 to chunk 9
Wrote 210 WP_179452829.1 to chunk 0
Wrote 211 WP_104674128.1 to chunk 1
Wrote 212 WP_060579457.1 to chunk 2
Wrote 213 WP_131412648.1 to chunk 3
Wrote 214 AIE01159.1 to chunk 4
Wrote 215 WP_016538979.1 to chunk 5
Wrote 216 MBT1795760.1 to chunk 6
Wrote 217 WP_023315178.1 to chunk 7
Wrote 218 WP_172568628.1 to chunk 8
Wrote 219 WP_105625963.1 to chunk 9
Wrote 220 HAU5566106.1 to chunk 0
Wrote 221 WP_120158933.1 to chunk 1
Wrote 222 WP_166714347.1 to chunk 2
Wrote 223 WP_153985700.1 to chunk 3
Wrote 224 WP_088262969.1 to chunk 4
Wrote 225 WP_058958101.1 to chunk 5
Wrote 226 WP_200574231.1 to chunk 6
Wrote 227 WP_110811220.1 to chunk 7
Wrote 228 WP_047054416.1 to chunk 8
Wrote 229 WP_084999280.1 to chunk 9
Wrote 230 WP_214053949.1 to chunk 0
Wrote 231 WP_085409619.1 to chunk 1
Wrote 232 WP_142487525.1 to chunk 2
Wrote 233 WP_099124150.1 to chunk 3
Wrote 234 WP_064327914.1 to chunk 4
Wrote 235 WP_213292901.1 to chunk 5
Wrote 236 WP_009088434.1 to chunk 6
Wrote 237 WP_228859110.1 to chunk 7
Wrote 238 WP_159126033.1 to chunk 8
Wrote 239 WP_131050028.1 to chunk 9
Wrote 240 WP_013368182.1 to chunk 0
Wrote 241 WP_177317928.1 to chunk 1
Wrote 242 WP_203463978.1 to chunk 2
Wrote 243 WP_137273457.1 to chunk 3
Wrote 244 WP_169038583.1 to chunk 4
Wrote 245 WP_004869567.1 to chunk 5
Wrote 246 WP_131081520.1 to chunk 6
Wrote 247 WP_160704091.1 to chunk 7
Wrote 248 WP_166718554.1 to chunk 8
Wrote 249 WP_200791119.1 to chunk 9
Wrote 250 WP_038476914.1 to chunk 0
Wrote 251 EHN8866766.1 to chunk 1
Wrote 252 WP_112877300.1 to chunk 2
Wrote 253 WP_065388983.1 to chunk 3
Wrote 254 WP_063923752.1 to chunk 4
Wrote 255 HAT1611072.1 to chunk 5
Wrote 256 WP_097164554.1 to chunk 6
Wrote 257 WP_147734145.1 to chunk 7
Wrote 258 WP_214087076.1 to chunk 8
Wrote 259 HBH6934002.1 to chunk 9
Wrote 260 WP_099109313.1 to chunk 0
Wrote 261 WP_048024888.1 to chunk 1
Wrote 262 WP_176973375.1 to chunk 2
Wrote 263 WP_159872539.1 to chunk 3
Wrote 264 WP_221552229.1 to chunk 4
Wrote 265 PWF52730.1 to chunk 5
Wrote 266 WP_048254826.1 to chunk 6
Wrote 267 WP_020456006.1 to chunk 7
Wrote 268 WP_107223992.1 to chunk 8
Wrote 269 WP_049593745.1 to chunk 9
Wrote 270 WP_049046052.1 to chunk 0
Wrote 271 WP_049061396.1 to chunk 1
Wrote 272 VTN07949.1 to chunk 2
Wrote 273 WP_104949890.1 to chunk 3
Wrote 274 WP_041911822.1 to chunk 4
Wrote 275 WP_115065029.1 to chunk 5
Wrote 276 WP_089598259.1 to chunk 6
Wrote 277 MBG3131469.1 to chunk 7
Wrote 278 WP_129039055.1 to chunk 8
Wrote 279 WP_086075722.1 to chunk 9
Wrote 280 WP_014072287.1 to chunk 0
Wrote 281 WP_199160788.1 to chunk 1
Wrote 282 AXF77857.1 to chunk 2
Wrote 283 WP_063155589.1 to chunk 3
Wrote 284 WP_085803375.1 to chunk 4
Wrote 285 WP_154929008.1 to chunk 5
Wrote 286 WP_219495695.1 to chunk 6
Wrote 287 WP_211446315.1 to chunk 7
Wrote 288 WP_047366701.1 to chunk 8
Wrote 289 HCH50970.1 to chunk 9
Wrote 290 WP_100159754.1 to chunk 0
Wrote 291 WP_182946178.1 to chunk 1
Wrote 292 WP_148421642.1 to chunk 2
Wrote 293 WP_176609014.1 to chunk 3
Wrote 294 WP_109395458.1 to chunk 4
Wrote 295 TCP15770.1 to chunk 5
Wrote 296 WP_064718558.1 to chunk 6
Wrote 297 MCE0121038.1 to chunk 7
Wrote 298 WP_174340364.1 to chunk 8
Wrote 299 WP_200681144.1 to chunk 9
Wrote 300 WP_102949428.1 to chunk 0
Wrote 301 WP_016192337.1 to chunk 1
Wrote 302 WP_207906504.1 to chunk 2
Wrote 303 WP_223535282.1 to chunk 3
Wrote 304 WP_038248500.1 to chunk 4
Wrote 305 WP_097407608.1 to chunk 5
Wrote 306 WP_032644806.1 to chunk 6
Wrote 307 WP_045512935.1 to chunk 7
Wrote 308 WP_113024808.1 to chunk 8
Wrote 309 WP_187800561.1 to chunk 9
Wrote 310 WP_211777389.1 to chunk 0
Wrote 311 WP_166995859.1 to chunk 1
Wrote 312 WP_047743370.1 to chunk 2
Wrote 313 WP_114506519.1 to chunk 3
Wrote 314 WP_049121424.1 to chunk 4
Wrote 315 WP_085006393.1 to chunk 5
Wrote 316 WP_193532860.1 to chunk 6
Wrote 317 ELP24738.1 to chunk 7
Wrote 318 WP_161706225.1 to chunk 8
Wrote 319 WP_126331064.1 to chunk 9
Wrote 320 WP_196576489.1 to chunk 0
Wrote 321 WP_098941398.1 to chunk 1
Wrote 322 MBM6608576.1 to chunk 2
Wrote 323 WP_187513416.1 to chunk 3
Wrote 324 WP_044521753.1 to chunk 4
Wrote 325 WP_059364985.1 to chunk 5
Wrote 326 WP_115631608.1 to chunk 6
Wrote 327 WP_152082681.1 to chunk 7
Wrote 328 MBD2814366.1 to chunk 8
Wrote 329 WP_021242840.1 to chunk 9
Wrote 330 WP_103825323.1 to chunk 0
Wrote 331 WP_223673737.1 to chunk 1
Wrote 332 VAP51262.1 to chunk 2
Wrote 333 WP_220989809.1 to chunk 3
Wrote 334 HBI6863113.1 to chunk 4
Wrote 335 PLN71171.1 to chunk 5
Wrote 336 WP_086549936.1 to chunk 6
Wrote 337 WP_123923186.1 to chunk 7
Wrote 338 WP_006179227.1 to chunk 8
Wrote 339 WP_032654035.1 to chunk 9
Wrote 340 WP_109399696.1 to chunk 0
Wrote 341 WP_134736623.1 to chunk 1
Wrote 342 WP_023345093.1 to chunk 2
Wrote 343 WP_176232382.1 to chunk 3
Wrote 344 WP_099119944.1 to chunk 4
Wrote 345 WP_094326833.1 to chunk 5
Wrote 346 WP_078805041.1 to chunk 6
Wrote 347 WP_092878711.1 to chunk 7
Wrote 348 WP_201720372.1 to chunk 8
Wrote 349 WP_117039344.1 to chunk 9
Wrote 350 WP_088209476.1 to chunk 0
Wrote 351 WP_167423728.1 to chunk 1
Wrote 352 WP_133523143.1 to chunk 2
Wrote 353 WP_192972113.1 to chunk 3
Wrote 354 WP_105398537.1 to chunk 4
Wrote 355 WP_208928559.1 to chunk 5
Wrote 356 WP_064561603.1 to chunk 6
Wrote 357 WP_220419366.1 to chunk 7
Wrote 358 WP_028725431.1 to chunk 8
Wrote 359 WP_038643804.1 to chunk 9
Wrote 360 WP_226549034.1 to chunk 0
Wrote 361 WP_126358031.1 to chunk 1
Wrote 362 WP_105077692.1 to chunk 2
Wrote 363 WP_023293570.1 to chunk 3
Wrote 364 WP_187486611.1 to chunk 4
Wrote 365 WP_117093906.1 to chunk 5
Wrote 366 RTY54835.1 to chunk 6
Wrote 367 WP_169723656.1 to chunk 7
Wrote 368 WP_095283898.1 to chunk 8
Wrote 369 QGV88055.1 to chunk 9
Wrote 370 WP_079517127.1 to chunk 0
Wrote 371 WP_039299259.1 to chunk 1
Wrote 372 WP_126349117.1 to chunk 2
Wrote 373 WP_064365752.1 to chunk 3
Wrote 374 WP_045783648.1 to chunk 4
Wrote 375 WP_196568519.1 to chunk 5
Wrote 376 CEE90143.1 to chunk 6
Wrote 377 WP_063618596.1 to chunk 7
Wrote 378 WP_064355233.1 to chunk 8
Wrote 379 HCW97598.1 to chunk 9
Wrote 380 HBH69547.1 to chunk 0
Wrote 381 CDL18374.1 to chunk 1
Wrote 382 VTM23345.1 to chunk 2
Wrote 383 WP_078004072.1 to chunk 3
Wrote 384 WP_014606994.1 to chunk 4
Wrote 385 KEY41469.1 to chunk 5
Wrote 386 HBI08043.1 to chunk 6
Wrote 387 WP_110221233.1 to chunk 7
Wrote 388 ADD75324.1 to chunk 8
Wrote 389 WP_044597484.1 to chunk 9
Wrote 390 WP_181621412.1 to chunk 0
Wrote 391 WP_143991275.1 to chunk 1
Wrote 392 WP_087588556.1 to chunk 2
Wrote 393 WP_114316413.1 to chunk 3
Wrote 394 WP_069197105.1 to chunk 4
Wrote 395 WP_010257343.1 to chunk 5
Wrote 396 WP_187500704.1 to chunk 6
Wrote 397 WP_036839290.1 to chunk 7
Wrote 398 WP_011148722.1 to chunk 8
Wrote 399 WP_228985947.1 to chunk 9
Wrote 400 WP_202762215.1 to chunk 0
Wrote 401 HBH7053016.1 to chunk 1
Wrote 402 WP_117137490.1 to chunk 2
Wrote 403 WP_033754568.1 to chunk 3
Wrote 404 WP_129955214.1 to chunk 4
Wrote 405 WP_217137705.1 to chunk 5
Wrote 406 WP_196351450.1 to chunk 6
Wrote 407 WP_133601430.1 to chunk 7
Wrote 408 WP_059347442.1 to chunk 8
Wrote 409 EHF5002880.1 to chunk 9
Wrote 410 WP_047059105.1 to chunk 0
Wrote 411 PVW50617.1 to chunk 1
Wrote 412 PLM05596.1 to chunk 2
Wrote 413 MCD9456367.1 to chunk 3
Wrote 414 WP_072872220.1 to chunk 4
Wrote 415 WP_094966181.1 to chunk 5
Wrote 416 WP_036409469.1 to chunk 6
Wrote 417 WP_048255605.1 to chunk 7
Wrote 418 WP_214211300.1 to chunk 8
Wrote 419 WP_214167236.1 to chunk 9
Wrote 420 WP_004241324.1 to chunk 0
Wrote 421 HAT1514172.1 to chunk 1
Wrote 422 WP_219291304.1 to chunk 2
Wrote 423 WP_136031892.1 to chunk 3
Wrote 424 QJM01711.1 to chunk 4
Wrote 425 WP_141416519.1 to chunk 5
Wrote 426 WP_038214029.1 to chunk 6
Wrote 427 WP_214178043.1 to chunk 7
Wrote 428 WP_069334541.1 to chunk 8
Wrote 429 WP_110239514.1 to chunk 9
Wrote 430 WP_095153341.1 to chunk 0
Wrote 431 WP_017800649.1 to chunk 1
Wrote 432 WP_064839812.1 to chunk 2
Wrote 433 WP_120457949.1 to chunk 3
Wrote 434 WP_032736946.1 to chunk 4
Wrote 435 WP_166708803.1 to chunk 5
Wrote 436 WP_124537934.1 to chunk 6
Wrote 437 PLP43106.1 to chunk 7
Wrote 438 WP_139563818.1 to chunk 8
Wrote 439 WP_154148074.1 to chunk 9
Wrote 440 WP_127833525.1 to chunk 0
Wrote 441 WP_004146500.1 to chunk 1
Wrote 442 WP_131025639.1 to chunk 2
Wrote 443 WP_156731847.1 to chunk 3
Wrote 444 WP_110086226.1 to chunk 4
Wrote 445 WP_154624228.1 to chunk 5
Wrote 446 WP_012543242.1 to chunk 6
Wrote 447 EJK88943.1 to chunk 7
Wrote 448 HAT7707594.1 to chunk 8
Wrote 449 WP_107680515.1 to chunk 9
Wrote 450 MCE0814661.1 to chunk 0
Wrote 451 WP_102084652.1 to chunk 1
Wrote 452 WP_200547535.1 to chunk 2
Wrote 453 WP_185688854.1 to chunk 3
Wrote 454 WP_214095924.1 to chunk 4
Wrote 455 WP_048288000.1 to chunk 5
Wrote 456 WP_124044895.1 to chunk 6
Wrote 457 WP_080935397.1 to chunk 7
Wrote 458 WP_192138664.1 to chunk 8
Wrote 459 WP_038253741.1 to chunk 9
Wrote 460 WP_132347385.1 to chunk 0
Wrote 461 RRE55786.1 to chunk 1
Wrote 462 WP_036809904.1 to chunk 2
Wrote 463 WP_038268499.1 to chunk 3
Wrote 464 WP_143971973.1 to chunk 4
Wrote 465 WP_048289791.1 to chunk 5
Wrote 466 WP_038400664.1 to chunk 6
Wrote 467 MRS92234.1 to chunk 7
Wrote 468 WP_058758106.1 to chunk 8
Wrote 469 WP_104094224.1 to chunk 9
Wrote 470 WP_109220748.1 to chunk 0
Wrote 471 WP_198579752.1 to chunk 1
Wrote 472 WP_085542200.1 to chunk 2
Wrote 473 WP_130588091.1 to chunk 3
Wrote 474 WP_045330299.1 to chunk 4
Wrote 475 WP_059446096.1 to chunk 5
Wrote 476 WP_154754477.1 to chunk 6
Wrote 477 WP_110246247.1 to chunk 7
Wrote 478 WP_131073357.1 to chunk 8
Wrote 479 WP_032615163.1 to chunk 9
Wrote 480 MCE0802686.1 to chunk 0
Wrote 481 WP_004177940.1 to chunk 1
Wrote 482 WP_061156199.1 to chunk 2
Wrote 483 WP_224231233.1 to chunk 3
Wrote 484 WP_208713572.1 to chunk 4
Wrote 485 MBK4784412.1 to chunk 5
Wrote 486 WP_014595006.1 to chunk 6
Wrote 487 MCE0847955.1 to chunk 7
Wrote 488 WP_202686148.1 to chunk 8
Wrote 489 WP_117147967.1 to chunk 9
Wrote 490 NWA45370.1 to chunk 0
Wrote 491 WP_045336954.1 to chunk 1
Wrote 492 WP_163341584.1 to chunk 2
Wrote 493 WP_162122207.1 to chunk 3
Wrote 494 WP_106995941.1 to chunk 4
Wrote 495 WP_116197978.1 to chunk 5
Wrote 496 WP_228312340.1 to chunk 6
Wrote 497 WP_200223338.1 to chunk 7
Wrote 498 WP_225759974.1 to chunk 8
Wrote 499 WP_034827852.1 to chunk 9
Wrote 500 WP_126522837.1 to chunk 0
Wrote 501 WP_067422821.1 to chunk 1
Wrote 502 KLO03543.1 to chunk 2
Wrote 503 WP_077227593.1 to chunk 3
Wrote 504 WP_160743207.1 to chunk 4
Wrote 505 WP_153680188.1 to chunk 5
Wrote 506 WP_034794765.1 to chunk 6
Wrote 507 WP_090465544.1 to chunk 7
Wrote 508 EIG4848129.1 to chunk 8
Wrote 509 WP_167614800.1 to chunk 9
Wrote 510 WP_131000156.1 to chunk 0
Wrote 511 WP_148405477.1 to chunk 1
Wrote 512 WP_028018201.1 to chunk 2
Wrote 513 WP_148851853.1 to chunk 3
Wrote 514 WP_221842309.1 to chunk 4
Wrote 515 VTT27779.1 to chunk 5
Wrote 516 HAS0883145.1 to chunk 6
Wrote 517 WP_095105155.1 to chunk 7
Wrote 518 WP_071921778.1 to chunk 8
Wrote 519 WP_046878130.1 to chunk 9
Wrote 520 WP_014227459.1 to chunk 0
Wrote 521 WP_122096511.1 to chunk 1
Wrote 522 CCK04797.1 to chunk 2
Wrote 523 WP_182059215.1 to chunk 3
Wrote 524 WP_014837072.1 to chunk 4
Wrote 525 WP_225701249.1 to chunk 5
Wrote 526 WP_064568881.1 to chunk 6
Wrote 527 WP_096810212.1 to chunk 7
Wrote 528 WP_139537364.1 to chunk 8
Wrote 529 EJU30551.1 to chunk 9
Wrote 530 WP_074779934.1 to chunk 0
Wrote 531 WP_131635700.1 to chunk 1
Wrote 532 WP_121423329.1 to chunk 2
Wrote 533 WP_104467549.1 to chunk 3
Wrote 534 WP_183468420.1 to chunk 4
Wrote 535 WP_142465194.1 to chunk 5
Wrote 536 WP_056772299.1 to chunk 6
Wrote 537 CCP05273.1 to chunk 7
Wrote 538 WP_134187785.1 to chunk 8
Wrote 539 WP_194401850.1 to chunk 9
Wrote 540 WP_174259523.1 to chunk 0
Wrote 541 WP_023331580.1 to chunk 1
Wrote 542 WP_043955868.1 to chunk 2
Wrote 543 WP_214577580.1 to chunk 3
Wrote 544 WP_033793101.1 to chunk 4
Wrote 545 WP_209754087.1 to chunk 5
Wrote 546 WP_110276880.1 to chunk 6
Wrote 547 WP_214066914.1 to chunk 7
Wrote 548 WP_163604390.1 to chunk 8
Wrote 549 WP_015674280.1 to chunk 9
Wrote 550 WP_008914057.1 to chunk 0
Wrote 551 WP_097118515.1 to chunk 1
Wrote 552 WP_166933225.1 to chunk 2
Wrote 553 WP_214539141.1 to chunk 3
Wrote 554 WP_215786811.1 to chunk 4
Wrote 555 WP_112781690.1 to chunk 5
Wrote 556 WP_224933781.1 to chunk 6
Wrote 557 WP_209420262.1 to chunk 7
Wrote 558 WP_210507905.1 to chunk 8
Wrote 559 WP_126787367.1 to chunk 9
Wrote 560 WP_156288102.1 to chunk 0
Wrote 561 WP_182268683.1 to chunk 1
Wrote 562 WP_092508507.1 to chunk 2
Wrote 563 WP_115825347.1 to chunk 3
Wrote 564 HBM2881550.1 to chunk 4
Wrote 565 WP_227880484.1 to chunk 5
Wrote 566 WP_095452465.1 to chunk 6
Wrote 567 WP_064515175.1 to chunk 7
Wrote 568 KGB07671.1 to chunk 8
Wrote 569 WP_137539644.1 to chunk 9
Wrote 570 WP_168393269.1 to chunk 0
Wrote 571 WP_015960954.1 to chunk 1
Wrote 572 MBK4715001.1 to chunk 2
Wrote 573 WP_095442010.1 to chunk 3
Wrote 574 WP_045403875.1 to chunk 4
Wrote 575 WP_084884589.1 to chunk 5
Wrote 576 WP_120066165.1 to chunk 6
Wrote 577 WP_183172333.1 to chunk 7
Wrote 578 WP_045853614.1 to chunk 8
Wrote 579 WP_123710414.1 to chunk 9
Wrote 580 WP_119182069.1 to chunk 0
Wrote 581 WP_115460107.1 to chunk 1
Wrote 582 WP_123758120.1 to chunk 2
Wrote 583 WP_186980628.1 to chunk 3
Wrote 584 WP_174343832.1 to chunk 4
Wrote 585 WP_009111035.1 to chunk 5
Wrote 586 PIJ55442.1 to chunk 6
Wrote 587 WP_163305778.1 to chunk 7
Wrote 588 WP_136166744.1 to chunk 8
Wrote 589 WP_130042714.1 to chunk 9
Wrote 590 WP_063877892.1 to chunk 0
Wrote 591 WP_054877412.1 to chunk 1
Wrote 592 WP_168428296.1 to chunk 2
Wrote 593 WP_031523759.1 to chunk 3
Wrote 594 WP_138921188.1 to chunk 4
Wrote 595 WP_040146072.1 to chunk 5
Wrote 596 WP_150074524.1 to chunk 6
Wrote 597 WP_147015749.1 to chunk 7
Wrote 598 MCA1924351.1 to chunk 8
Wrote 599 WP_101079458.1 to chunk 9
Wrote 600 WP_131488640.1 to chunk 0
Wrote 601 WP_172898156.1 to chunk 1
Wrote 602 QJK94045.1 to chunk 2
Wrote 603 WP_048993505.1 to chunk 3
Wrote 604 WP_039289216.1 to chunk 4
Wrote 605 WP_222672379.1 to chunk 5
Wrote 606 HAN4961753.1 to chunk 6
Wrote 607 AMX07670.1 to chunk 7
Wrote 608 HAO0322690.1 to chunk 8
Wrote 609 WP_109054845.1 to chunk 9
Wrote 610 WP_109717898.1 to chunk 0
Wrote 611 EFZ8635883.1 to chunk 1
Wrote 612 WP_127378491.1 to chunk 2
Wrote 613 WP_025473466.1 to chunk 3
Wrote 614 WP_090126612.1 to chunk 4
Wrote 615 WP_144136355.1 to chunk 5
Wrote 616 WP_059311525.1 to chunk 6
Wrote 617 MCD3804280.1 to chunk 7
Wrote 618 WP_223580737.1 to chunk 8
Wrote 619 EGS2006449.1 to chunk 9
Wrote 620 EEC7273307.1 to chunk 0
Wrote 621 QGW00250.1 to chunk 1
Wrote 622 WP_224257347.1 to chunk 2
Wrote 623 WP_224394830.1 to chunk 3
Wrote 624 NUU68743.1 to chunk 4
Wrote 625 WP_076631794.1 to chunk 5
Wrote 626 WP_033848687.1 to chunk 6
Wrote 627 WP_187496921.1 to chunk 7
Wrote 628 WP_174510355.1 to chunk 8
Wrote 629 WP_034948584.1 to chunk 9
Wrote 630 WP_016257256.1 to chunk 0
Wrote 631 MBG2785908.1 to chunk 1
Wrote 632 WP_181893785.1 to chunk 2
Wrote 633 WP_159515117.1 to chunk 3
Wrote 634 WP_124326441.1 to chunk 4
Wrote 635 WP_199378639.1 to chunk 5
Wrote 636 WP_057533317.1 to chunk 6
Wrote 637 WP_064143834.1 to chunk 7
Wrote 638 HBE7672441.1 to chunk 8
Wrote 639 WP_172908505.1 to chunk 9
Wrote 640 WP_048030792.1 to chunk 0
Wrote 641 AHG84887.1 to chunk 1
Wrote 642 WP_057534405.1 to chunk 2
Wrote 643 WP_126125264.1 to chunk 3
Wrote 644 WP_034918616.1 to chunk 4
Wrote 645 WP_179899010.1 to chunk 5
Wrote 646 HAI5728719.1 to chunk 6
Wrote 647 BAN96833.1 to chunk 7
Wrote 648 WP_218723793.1 to chunk 8
Wrote 649 WP_195619935.1 to chunk 9
Wrote 650 WP_048989608.1 to chunk 0
Wrote 651 WP_004133275.1 to chunk 1
Wrote 652 WP_154911290.1 to chunk 2
Wrote 653 WP_013577527.1 to chunk 3
Wrote 654 EFK2474075.1 to chunk 4
Wrote 655 WP_025904156.1 to chunk 5
Wrote 656 WP_100291635.1 to chunk 6
Wrote 657 WP_047766317.1 to chunk 7
Wrote 658 WP_004127421.1 to chunk 8
Wrote 659 WP_112198178.1 to chunk 9
Wrote 660 WP_196014558.1 to chunk 0
Wrote 661 VUS40192.1 to chunk 1
Wrote 662 WP_224247201.1 to chunk 2
Wrote 663 EEC9764125.1 to chunk 3
Wrote 664 WP_148866213.1 to chunk 4
Wrote 665 WP_092516713.1 to chunk 5
Wrote 666 WP_224253039.1 to chunk 6
Wrote 667 WP_029991723.1 to chunk 7
Wrote 668 WP_115193820.1 to chunk 8
Wrote 669 HBM3159542.1 to chunk 9
Wrote 670 WP_041143482.1 to chunk 0
Wrote 671 MCA7432269.1 to chunk 1
Wrote 672 WP_021109799.1 to chunk 2
Wrote 673 WP_113626913.1 to chunk 3
Wrote 674 WP_152400933.1 to chunk 4
Wrote 675 WP_062924231.1 to chunk 5
Wrote 676 HAJ6809539.1 to chunk 6
Wrote 677 WP_207326725.1 to chunk 7
Wrote 678 WP_133295328.1 to chunk 8
Wrote 679 HBC9561203.1 to chunk 9
Wrote 680 WP_197950250.1 to chunk 0
Wrote 681 WP_042326093.1 to chunk 1
Wrote 682 WP_105739845.1 to chunk 2
Wrote 683 WP_015344130.1 to chunk 3
Wrote 684 WP_039498150.1 to chunk 4
Wrote 685 WP_174143986.1 to chunk 5
Wrote 686 EGI3956332.1 to chunk 6
Wrote 687 WP_219891927.1 to chunk 7
Wrote 688 WP_160522833.1 to chunk 8
Wrote 689 WP_021117394.1 to chunk 9
Wrote 690 KDD78543.1 to chunk 0
Wrote 691 WP_225375623.1 to chunk 1
Wrote 692 WP_160413175.1 to chunk 2
Wrote 693 WP_021113794.1 to chunk 3
Wrote 694 MCA7315390.1 to chunk 4
Wrote 695 EFH3925129.1 to chunk 5
Wrote 696 WP_052903249.1 to chunk 6
Wrote 697 HBD6367465.1 to chunk 7
Wrote 698 WP_134358156.1 to chunk 8
Wrote 699 WP_200041718.1 to chunk 9
Wrote 700 WP_048226907.1 to chunk 0
Wrote 701 WP_105637066.1 to chunk 1
Wrote 702 WP_120134459.1 to chunk 2
Wrote 703 EIG3376840.1 to chunk 3
Wrote 704 WP_135314667.1 to chunk 4
Wrote 705 MLY01565.1 to chunk 5
Wrote 706 WP_061808159.1 to chunk 6
Wrote 707 MBS1204781.1 to chunk 7
Wrote 708 WP_039329212.1 to chunk 8
Wrote 709 WP_037422789.1 to chunk 9
Wrote 710 WP_211849665.1 to chunk 0
Wrote 711 WP_063943801.1 to chunk 1
Wrote 712 WP_211935026.1 to chunk 2
Wrote 713 WP_045909235.1 to chunk 3
Wrote 714 WP_039311643.1 to chunk 4
Wrote 715 WP_172291396.1 to chunk 5
Wrote 716 WP_087740951.1 to chunk 6
Wrote 717 WP_020946594.1 to chunk 7
Wrote 718 WP_187321905.1 to chunk 8
Wrote 719 WP_011095672.1 to chunk 9
Wrote 720 WP_047624331.1 to chunk 0
Wrote 721 WP_198886964.1 to chunk 1
Wrote 722 WP_201507495.1 to chunk 2
Wrote 723 WP_014701795.1 to chunk 3
Wrote 724 WP_071208498.1 to chunk 4
Wrote 725 HAN8523533.1 to chunk 5
Wrote 726 WP_049599156.1 to chunk 6
Wrote 727 HAM5153657.1 to chunk 7
Wrote 728 EGO6714161.1 to chunk 8
Wrote 729 WP_209637822.1 to chunk 9
Wrote 730 EFA4841749.1 to chunk 0
Wrote 731 WP_000055139.1 to chunk 1
Wrote 732 WP_185166483.1 to chunk 2
Wrote 733 WP_129936267.1 to chunk 3
Wrote 734 WP_226307961.1 to chunk 4
Wrote 735 WP_071425355.1 to chunk 5
Wrote 736 WP_004154923.1 to chunk 6
Wrote 737 WP_032114333.1 to chunk 7
Wrote 738 WP_112290312.1 to chunk 8
Wrote 739 WP_097429457.1 to chunk 9
Wrote 740 WP_059372230.1 to chunk 0
Wrote 741 WP_095993101.1 to chunk 1
Wrote 742 WP_213135352.1 to chunk 2
Wrote 743 WP_096977113.1 to chunk 3
Wrote 744 WP_135493180.1 to chunk 4
Wrote 745 WP_050556253.1 to chunk 5
Wrote 746 WP_120509241.1 to chunk 6
Wrote 747 WP_097428446.1 to chunk 7
Wrote 748 WP_224359250.1 to chunk 8
Wrote 749 WP_015731404.1 to chunk 9
Wrote 750 WP_025382139.1 to chunk 0
Wrote 751 WP_075604758.1 to chunk 1
Wrote 752 WP_168641795.1 to chunk 2
Wrote 753 WP_004246340.1 to chunk 3
Wrote 754 TNH04542.1 to chunk 4
Wrote 755 HBI2655211.1 to chunk 5
Wrote 756 WP_113878099.1 to chunk 6
Wrote 757 WP_053882431.1 to chunk 7
Wrote 758 WP_038885141.1 to chunk 8
Wrote 759 WP_088278162.1 to chunk 9
Wrote 760 WP_123337806.1 to chunk 0
Wrote 761 EHI6402677.1 to chunk 1
Wrote 762 WP_138183981.1 to chunk 2
Wrote 763 MBG3116703.1 to chunk 3
Wrote 764 QED66922.1 to chunk 4
Wrote 765 QDI11791.1 to chunk 5
Wrote 766 WP_105680548.1 to chunk 6
Wrote 767 WP_153858693.1 to chunk 7
Wrote 768 WP_130637851.1 to chunk 8
Wrote 769 KFH99243.1 to chunk 9
Wrote 770 HAY5380219.1 to chunk 0
Wrote 771 WP_194431257.1 to chunk 1
Wrote 772 WP_114443716.1 to chunk 2
Wrote 773 HBE3608384.1 to chunk 3
Wrote 774 WP_195314428.1 to chunk 4
Wrote 775 EHK8953935.1 to chunk 5
Wrote 776 EFE6301404.1 to chunk 6
Wrote 777 WP_115201392.1 to chunk 7
Wrote 778 WP_060569244.1 to chunk 8
Wrote 779 WP_000055138.1 to chunk 9
Wrote 780 WP_032304150.1 to chunk 0
Wrote 781 WP_135280015.1 to chunk 1
Wrote 782 EEZ3021886.1 to chunk 2
Wrote 783 WP_039508663.1 to chunk 3
Wrote 784 WP_026822651.1 to chunk 4
Wrote 785 WP_135559149.1 to chunk 5
Wrote 786 WP_112917082.1 to chunk 6
Wrote 787 EGT5713292.1 to chunk 7
Wrote 788 WP_205539680.1 to chunk 8
Wrote 789 WP_130261202.1 to chunk 9
Wrote 790 WP_119917175.1 to chunk 0
Wrote 791 WP_000055142.1 to chunk 1
Wrote 792 WP_197050927.1 to chunk 2
Wrote 793 HAK9706412.1 to chunk 3
Wrote 794 WP_222908622.1 to chunk 4
Wrote 795 EGO5215219.1 to chunk 5
Wrote 796 EFN5173555.1 to chunk 6
Wrote 797 WP_191776142.1 to chunk 7
Wrote 798 WP_072931285.1 to chunk 8
Wrote 799 WP_226310543.1 to chunk 9
Wrote 800 WP_193851617.1 to chunk 0
Wrote 801 WP_024240174.1 to chunk 1
Wrote 802 EFN8275843.1 to chunk 2
Wrote 803 WP_160405541.1 to chunk 3
Wrote 804 HBE5191069.1 to chunk 4
Wrote 805 WP_130640548.1 to chunk 5
Wrote 806 EFH1509556.1 to chunk 6
Wrote 807 WP_032662812.1 to chunk 7
Wrote 808 WP_033639016.1 to chunk 8
Wrote 809 WP_023568168.1 to chunk 9
Wrote 810 WP_080330366.1 to chunk 0
Wrote 811 WP_099098159.1 to chunk 1
Wrote 812 WP_069985342.1 to chunk 2
Wrote 813 WP_149351098.1 to chunk 3
Wrote 814 WP_002437976.1 to chunk 4
Wrote 815 WP_000055145.1 to chunk 5
Wrote 816 CDK71475.1 to chunk 6
Wrote 817 WP_016929500.1 to chunk 7
Wrote 818 WP_137764670.1 to chunk 8
Wrote 819 EFD2031297.1 to chunk 9
Wrote 820 WP_064530535.1 to chunk 0
Wrote 821 HAV7843206.1 to chunk 1
Wrote 822 EFB6062983.1 to chunk 2
Wrote 823 EGI6922801.1 to chunk 3
Wrote 824 MBH2920973.1 to chunk 4
Wrote 825 WP_097374700.1 to chunk 5
Wrote 826 WP_014916943.1 to chunk 6
Wrote 827 WP_021539601.1 to chunk 7
Wrote 828 WP_205552043.1 to chunk 8
Wrote 829 EIQ9740246.1 to chunk 9
Wrote 830 WP_139464268.1 to chunk 0
Wrote 831 WP_090136049.1 to chunk 1
Wrote 832 WP_039305243.1 to chunk 2
Wrote 833 EFL5865771.1 to chunk 3
Wrote 834 WP_137447369.1 to chunk 4
Wrote 835 WP_038875378.1 to chunk 5
Wrote 836 WP_103101691.1 to chunk 6
Wrote 837 EFH5761259.1 to chunk 7
Wrote 838 WP_069317285.1 to chunk 8
Wrote 839 EFG5903128.1 to chunk 9
Wrote 840 WP_225261437.1 to chunk 0
Wrote 841 WP_139883141.1 to chunk 1
Wrote 842 WP_103162339.1 to chunk 2
Wrote 843 NMW28517.1 to chunk 3
Wrote 844 WP_047627994.1 to chunk 4
Wrote 845 WP_129498954.1 to chunk 5
Wrote 846 WP_222690511.1 to chunk 6
Wrote 847 WP_000055146.1 to chunk 7
Wrote 848 EFA5212517.1 to chunk 8
Wrote 849 EEU9679921.1 to chunk 9
Wrote 850 HBB8976501.1 to chunk 0
Wrote 851 WP_129109369.1 to chunk 1
Wrote 852 WP_026313250.1 to chunk 2
Wrote 853 WP_103160921.1 to chunk 3
Wrote 854 WP_005969152.1 to chunk 4
Wrote 855 HAJ3541987.1 to chunk 5
Wrote 856 WP_147706834.1 to chunk 6
Wrote 857 WP_000055141.1 to chunk 7
Wrote 858 WP_112076081.1 to chunk 8
Wrote 859 WP_044860267.1 to chunk 9
Wrote 860 WP_225583953.1 to chunk 0
Wrote 861 WP_193843196.1 to chunk 1
Wrote 862 WP_089564529.1 to chunk 2
Wrote 863 WP_088213408.1 to chunk 3
Wrote 864 WP_105273052.1 to chunk 4
Wrote 865 EHP6407579.1 to chunk 5
Wrote 866 WP_116362545.1 to chunk 6
Wrote 867 WP_181845225.1 to chunk 7
Wrote 868 EFB5893221.1 to chunk 8
Wrote 869 WP_096272066.1 to chunk 9
Wrote 870 EFN6914147.1 to chunk 0
Wrote 871 WP_032233877.1 to chunk 1
Wrote 872 WP_224718030.1 to chunk 2
Wrote 873 MBJ3560635.1 to chunk 3
Wrote 874 WP_016158854.1 to chunk 4
Wrote 875 WP_137433776.1 to chunk 5
Wrote 876 WP_134688540.1 to chunk 6
Wrote 877 WP_196082355.1 to chunk 7
Wrote 878 EFH5694044.1 to chunk 8
Wrote 879 WP_000055115.1 to chunk 9
Wrote 880 WP_158122648.1 to chunk 0
Wrote 881 HBB5057816.1 to chunk 1
Wrote 882 EEC8555588.1 to chunk 2
Wrote 883 WP_085115773.1 to chunk 3
Wrote 884 WP_154747370.1 to chunk 4
Wrote 885 HAJ5390261.1 to chunk 5
Wrote 886 WP_221078078.1 to chunk 6
Wrote 887 HAY5871566.1 to chunk 7
Wrote 888 WP_176252081.1 to chunk 8
Wrote 889 WP_068439750.1 to chunk 9
Wrote 890 WP_032263501.1 to chunk 0
Wrote 891 WP_114200705.1 to chunk 1
Wrote 892 WP_089612789.1 to chunk 2
Wrote 893 HAL1411979.1 to chunk 3
Wrote 894 WP_135490591.1 to chunk 4
Wrote 895 WP_130549425.1 to chunk 5
Wrote 896 HBD2970146.1 to chunk 6
Wrote 897 WP_149571817.1 to chunk 7
Wrote 898 MBI6124655.1 to chunk 8
Wrote 899 MBA7981512.1 to chunk 9
Wrote 900 OWF28869.1 to chunk 0
Wrote 901 WP_034173996.1 to chunk 1
Wrote 902 EHP6105959.1 to chunk 2
Wrote 903 EEY7165675.1 to chunk 3
Wrote 904 WP_000055113.1 to chunk 4
Wrote 905 HBB0494784.1 to chunk 5
Wrote 906 WP_105285830.1 to chunk 6
Wrote 907 WP_001551968.1 to chunk 7
Wrote 908 WP_032267533.1 to chunk 8
Wrote 909 EFJ2755120.1 to chunk 9
Wrote 910 HAV9899786.1 to chunk 0
Wrote 911 EFH8940854.1 to chunk 1
Wrote 912 EFQ3337236.1 to chunk 2
Wrote 913 EGE0029252.1 to chunk 3
Wrote 914 EGJ7834464.1 to chunk 4
Wrote 915 WP_097404183.1 to chunk 5
Wrote 916 WP_124037400.1 to chunk 6
Wrote 917 WP_047401219.1 to chunk 7
Wrote 918 HAH9250566.1 to chunk 8
Wrote 919 WP_180779372.1 to chunk 9
Wrote 920 WP_113403875.1 to chunk 0
Wrote 921 WP_137326207.1 to chunk 1
Wrote 922 EFD8210485.1 to chunk 2
Wrote 923 VEE90924.1 to chunk 3
Wrote 924 WP_128456425.1 to chunk 4
Wrote 925 EFJ8599808.1 to chunk 5
Wrote 926 EGO9735798.1 to chunk 6
Wrote 927 WP_024229784.1 to chunk 7
Wrote 928 EGP4275337.1 to chunk 8
Wrote 929 HAL2535699.1 to chunk 9
Wrote 930 WP_105667430.1 to chunk 0
Wrote 931 WP_044867241.1 to chunk 1
Wrote 932 WP_129930524.1 to chunk 2
Wrote 933 PZT68020.1 to chunk 3
Wrote 934 HAH3593048.1 to chunk 4
Wrote 935 WP_088568706.1 to chunk 5
Wrote 936 WP_224695490.1 to chunk 6
Wrote 937 WP_199883585.1 to chunk 7
Wrote 938 EFO2119816.1 to chunk 8
Wrote 939 EFM4017025.1 to chunk 9
Wrote 940 WP_063119895.1 to chunk 0
Wrote 941 EHW5948678.1 to chunk 1
Wrote 942 WP_087934389.1 to chunk 2
Wrote 943 WP_194883398.1 to chunk 3
Wrote 944 WP_141222609.1 to chunk 4
Wrote 945 WP_021575773.1 to chunk 5
Wrote 946 WP_226312891.1 to chunk 6
Wrote 947 WP_021573960.1 to chunk 7
Wrote 948 WP_000055123.1 to chunk 8
Wrote 949 WP_000055114.1 to chunk 9
Wrote 950 WP_119176511.1 to chunk 0
Wrote 951 EGZ2137152.1 to chunk 1
Wrote 952 MCA7749569.1 to chunk 2
Wrote 953 WP_061354847.1 to chunk 3
Wrote 954 WP_021515185.1 to chunk 4
Wrote 955 EGF1804692.1 to chunk 5
Wrote 956 WP_069917294.1 to chunk 6
Wrote 957 HAV9405678.1 to chunk 7
Wrote 958 EHR8836435.1 to chunk 8
Wrote 959 EFW6778715.1 to chunk 9
Wrote 960 EFB3626212.1 to chunk 0
Wrote 961 EEQ4673703.1 to chunk 1
Wrote 962 EET9184592.1 to chunk 2
Wrote 963 EGO1328316.1 to chunk 3
Wrote 964 EFA6975179.1 to chunk 4
Wrote 965 WP_000055128.1 to chunk 5
Wrote 966 WP_000055132.1 to chunk 6
Wrote 967 MBB8076406.1 to chunk 7
Wrote 968 EFM7711145.1 to chunk 8
Wrote 969 EHD0852304.1 to chunk 9
Wrote 970 WP_197824345.1 to chunk 0
Wrote 971 WP_225181812.1 to chunk 1
Wrote 972 WP_115724289.1 to chunk 2
Wrote 973 WP_128475532.1 to chunk 3
Wrote 974 EGE2205595.1 to chunk 4
Wrote 975 WP_001492566.1 to chunk 5
Wrote 976 EGT5661817.1 to chunk 6
Wrote 977 WP_049600781.1 to chunk 7
Wrote 978 WP_205552242.1 to chunk 8
Wrote 979 HBL7700574.1 to chunk 9
Wrote 980 WP_097477305.1 to chunk 0
Wrote 981 EHJ4092859.1 to chunk 1
Wrote 982 WP_105631928.1 to chunk 2
Wrote 983 WP_113525329.1 to chunk 3
Wrote 984 WP_096843072.1 to chunk 4
Wrote 985 EEZ6549269.1 to chunk 5
Wrote 986 EFM1543491.1 to chunk 6
Wrote 987 WP_025270056.1 to chunk 7
Wrote 988 MBH3200053.1 to chunk 8
Wrote 989 WP_226201647.1 to chunk 9
Wrote 990 WP_225086116.1 to chunk 0
Wrote 991 EFE7796692.1 to chunk 1
Wrote 992 WP_021565476.1 to chunk 2
Wrote 993 HAN1991721.1 to chunk 3
Wrote 994 EIQ24530.1 to chunk 4
Wrote 995 WP_198098683.1 to chunk 5
Wrote 996 WP_001688091.1 to chunk 6
Wrote 997 HAI5814219.1 to chunk 7
Wrote 998 WP_223691675.1 to chunk 8
Wrote 999 WP_220422073.1 to chunk 9
Wrote 1000 WP_097404752.1 to chunk 0
Wrote 1001 WP_049195658.1 to chunk 1
Wrote 1002 WP_126192515.1 to chunk 2
Wrote 1003 WP_075606199.1 to chunk 3
Wrote 1004 EEV0132168.1 to chunk 4
Wrote 1005 HAX6451485.1 to chunk 5
Wrote 1006 HAZ3737976.1 to chunk 6
Wrote 1007 WP_114213250.1 to chunk 7
Wrote 1008 EFX6526273.1 to chunk 8
Wrote 1009 MCD4044908.1 to chunk 9
Wrote 1010 WP_032260571.1 to chunk 0
Wrote 1011 NPH81662.1 to chunk 1
Wrote 1012 EFE9368793.1 to chunk 2
Wrote 1013 HBD8433416.1 to chunk 3
Wrote 1014 WP_154599723.1 to chunk 4
Wrote 1015 WP_015842096.1 to chunk 5
Wrote 1016 EHL6279041.1 to chunk 6
Wrote 1017 EFH5657160.1 to chunk 7
Wrote 1018 EFQ0059195.1 to chunk 8
Wrote 1019 WP_188475122.1 to chunk 9
Wrote 1020 KAE9536243.1 to chunk 0
Wrote 1021 WP_205953783.1 to chunk 1
Wrote 1022 WP_225381971.1 to chunk 2
Wrote 1023 TZE90666.1 to chunk 3
Wrote 1024 EFC7363197.1 to chunk 4
Wrote 1025 WP_136127343.1 to chunk 5
Wrote 1026 EHT0840022.1 to chunk 6
Wrote 1027 WP_094107823.1 to chunk 7
Wrote 1028 EHU9072449.1 to chunk 8
Wrote 1029 EIG4520715.1 to chunk 9
Wrote 1030 HAH9910522.1 to chunk 0
Wrote 1031 WP_205957091.1 to chunk 1
Wrote 1032 WP_036948832.1 to chunk 2
Wrote 1033 WP_164105541.1 to chunk 3
Wrote 1034 WP_089195349.1 to chunk 4
Wrote 1035 WP_130017536.1 to chunk 5
Wrote 1036 KDB47380.1 to chunk 6
Wrote 1037 EFI1828643.1 to chunk 7
Wrote 1038 EFD1057340.1 to chunk 8
Wrote 1039 WP_105229331.1 to chunk 9
Wrote 1040 WP_107227496.1 to chunk 0
Wrote 1041 HAO0598745.1 to chunk 1
Wrote 1042 WP_033548507.1 to chunk 2
Wrote 1043 WP_024907970.1 to chunk 3
Wrote 1044 WP_078207302.1 to chunk 4
Wrote 1045 EGO4583518.1 to chunk 5
Wrote 1046 WP_060558157.1 to chunk 6
Wrote 1047 WP_043142238.1 to chunk 7
Wrote 1048 WP_099782462.1 to chunk 8
Wrote 1049 WP_129708833.1 to chunk 9
Wrote 1050 WP_161591569.1 to chunk 0
Wrote 1051 AFG42740.1 to chunk 1
Wrote 1052 HAM6748638.1 to chunk 2
Wrote 1053 EIR1699430.1 to chunk 3
Wrote 1054 HAM6142824.1 to chunk 4
Wrote 1055 WP_047709225.1 to chunk 5
Wrote 1056 WP_180787077.1 to chunk 6
Wrote 1057 WP_000055104.1 to chunk 7
Wrote 1058 WP_019452553.1 to chunk 8
Wrote 1059 WP_060448383.1 to chunk 9
Wrote 1060 WP_154628875.1 to chunk 0
Wrote 1061 WP_137714898.1 to chunk 1
Wrote 1062 WP_187653196.1 to chunk 2
Wrote 1063 EFB6638149.1 to chunk 3
Wrote 1064 STG25604.1 to chunk 4
Wrote 1065 EFI6395843.1 to chunk 5
Wrote 1066 WP_035523649.1 to chunk 6
Wrote 1067 WP_160440762.1 to chunk 7
Wrote 1068 HBD3524744.1 to chunk 8
Wrote 1069 WP_149518906.1 to chunk 9
Wrote 1070 WP_001495572.1 to chunk 0
Wrote 1071 EHT4032757.1 to chunk 1
Wrote 1072 MBH3205025.1 to chunk 2
Wrote 1073 WP_108680036.1 to chunk 3
Wrote 1074 HAK83206.1 to chunk 4
Wrote 1075 WP_220766603.1 to chunk 5
Wrote 1076 WP_042110420.1 to chunk 6
Wrote 1077 WP_197822987.1 to chunk 7
Wrote 1078 HAV8386685.1 to chunk 8
Wrote 1079 EER1432395.1 to chunk 9
Wrote 1080 WP_200001701.1 to chunk 0
Wrote 1081 EET3523766.1 to chunk 1
Wrote 1082 WP_180817206.1 to chunk 2
Wrote 1083 WP_099368814.1 to chunk 3
Wrote 1084 WP_139590958.1 to chunk 4
Wrote 1085 EFH5718318.1 to chunk 5
Wrote 1086 HBC8915687.1 to chunk 6
Wrote 1087 EHY4547569.1 to chunk 7
Wrote 1088 HBH9107443.1 to chunk 8
Wrote 1089 EEW0015906.1 to chunk 9
Wrote 1090 EIH8996488.1 to chunk 0
Wrote 1091 HAH1310842.1 to chunk 1
Wrote 1092 WP_160442055.1 to chunk 2
Wrote 1093 WP_039546738.1 to chunk 3
Wrote 1094 WP_039363226.1 to chunk 4
Wrote 1095 EET8572951.1 to chunk 5
Wrote 1096 EFF0281694.1 to chunk 6
Wrote 1097 WP_172913514.1 to chunk 7
Wrote 1098 HAL2525203.1 to chunk 8
Wrote 1099 WP_189759395.1 to chunk 9
Wrote 1100 WP_063918210.1 to chunk 0
Wrote 1101 WP_149543472.1 to chunk 1
Wrote 1102 EHP7902694.1 to chunk 2
Wrote 1103 WP_196106201.1 to chunk 3
Wrote 1104 QHQ19821.1 to chunk 4
Wrote 1105 WP_051434129.1 to chunk 5
Wrote 1106 EIC2046574.1 to chunk 6
Wrote 1107 WP_164954738.1 to chunk 7
Wrote 1108 EIC3814045.1 to chunk 8
Wrote 1109 WP_074512909.1 to chunk 9
Wrote 1110 WP_097472223.1 to chunk 0
Wrote 1111 WP_165474226.1 to chunk 1
Wrote 1112 WP_136655498.1 to chunk 2
Wrote 1113 WP_006121440.1 to chunk 3
Wrote 1114 WP_047407613.1 to chunk 4
Wrote 1115 EFD8847921.1 to chunk 5
Wrote 1116 HBE3350284.1 to chunk 6
Wrote 1117 WP_021541473.1 to chunk 7
Wrote 1118 WP_113287372.1 to chunk 8
Wrote 1119 WP_097730524.1 to chunk 9
Wrote 1120 WP_032221876.1 to chunk 0
Wrote 1121 WP_021114771.1 to chunk 1
Wrote 1122 EFO4208258.1 to chunk 2
Wrote 1123 WP_220410763.1 to chunk 3
Wrote 1124 EGL7948612.1 to chunk 4
Wrote 1125 WP_063989084.1 to chunk 5
Wrote 1126 EFA4286103.1 to chunk 6
Wrote 1127 WP_060616226.1 to chunk 7
Wrote 1128 EFJ8998592.1 to chunk 8
Wrote 1129 WP_000055106.1 to chunk 9
Wrote 1130 WP_180761479.1 to chunk 0
Wrote 1131 WP_007704340.1 to chunk 1
Wrote 1132 WP_113449559.1 to chunk 2
Wrote 1133 EEY7582437.1 to chunk 3
Wrote 1134 WP_199636446.1 to chunk 4
Wrote 1135 WP_164057875.1 to chunk 5
Wrote 1136 WP_136767170.1 to chunk 6
Wrote 1137 WP_049209218.1 to chunk 7
Wrote 1138 WP_007798159.1 to chunk 8
Wrote 1139 WP_073533195.1 to chunk 9
Wrote 1140 EFJ3120490.1 to chunk 0
Wrote 1141 QIY46301.1 to chunk 1
Wrote 1142 EES5851752.1 to chunk 2
Wrote 1143 EEW1291468.1 to chunk 3
Wrote 1144 WP_074055643.1 to chunk 4
Wrote 1145 EFJ2450757.1 to chunk 5
Wrote 1146 HAJ3969162.1 to chunk 6
Wrote 1147 EGQ7459159.1 to chunk 7
Wrote 1148 WP_230887222.1 to chunk 8
Wrote 1149 EFK5225239.1 to chunk 9
Wrote 1150 WP_032270323.1 to chunk 0
Wrote 1151 HAY4568862.1 to chunk 1
Wrote 1152 WP_109546285.1 to chunk 2
Wrote 1153 WP_126722624.1 to chunk 3
Wrote 1154 EFQ1051430.1 to chunk 4
Wrote 1155 WP_182125921.1 to chunk 5
Wrote 1156 WP_224727932.1 to chunk 6
Wrote 1157 WP_042526468.1 to chunk 7
Wrote 1158 WP_125399677.1 to chunk 8
Wrote 1159 EHH7849664.1 to chunk 9
Wrote 1160 WP_097295293.1 to chunk 0
Wrote 1161 QJW58356.1 to chunk 1
Wrote 1162 WP_045844356.1 to chunk 2
Wrote 1163 WP_097418410.1 to chunk 3
Wrote 1164 WP_166428413.1 to chunk 4
Wrote 1165 WP_193401971.1 to chunk 5
Wrote 1166 WP_026743718.1 to chunk 6
Wrote 1167 EEU9386440.1 to chunk 7
Wrote 1168 NPP58631.1 to chunk 8
Wrote 1169 WP_123676874.1 to chunk 9
Wrote 1170 EEW7517289.1 to chunk 0
Wrote 1171 MBZ8512684.1 to chunk 1
Wrote 1172 WP_097173413.1 to chunk 2
Wrote 1173 WP_220415592.1 to chunk 3
Wrote 1174 EGI4261878.1 to chunk 4
Wrote 1175 EFA4231965.1 to chunk 5
Wrote 1176 EFB1547623.1 to chunk 6
Wrote 1177 WP_096996880.1 to chunk 7
Wrote 1178 EFF7845381.1 to chunk 8
Wrote 1179 WP_089582241.1 to chunk 9
Wrote 1180 EGH1133224.1 to chunk 0
Wrote 1181 EFC1641443.1 to chunk 1
Wrote 1182 WP_069905021.1 to chunk 2
Wrote 1183 EHR8282842.1 to chunk 3
Wrote 1184 WP_152931673.1 to chunk 4
Wrote 1185 WP_000055103.1 to chunk 5
Wrote 1186 NIH11860.1 to chunk 6
Wrote 1187 EGJ6596603.1 to chunk 7
Wrote 1188 WP_105288336.1 to chunk 8
Wrote 1189 HAW0651075.1 to chunk 9
Wrote 1190 EHP9660150.1 to chunk 0
Wrote 1191 HAW2561417.1 to chunk 1
Wrote 1192 WP_164049864.1 to chunk 2
Wrote 1193 EFN8763919.1 to chunk 3
Wrote 1194 WP_061359137.1 to chunk 4
Wrote 1195 HCG83918.1 to chunk 5
Wrote 1196 WP_021558151.1 to chunk 6
Wrote 1197 MBB7149847.1 to chunk 7
Wrote 1198 WP_175572846.1 to chunk 8
Wrote 1199 WP_042091974.1 to chunk 9
Wrote 1200 WP_052995621.1 to chunk 0
Wrote 1201 WP_096317495.1 to chunk 1
Wrote 1202 EHR0255668.1 to chunk 2
Wrote 1203 EHO1792266.1 to chunk 3
Wrote 1204 WP_148052002.1 to chunk 4
Wrote 1205 WP_012907930.1 to chunk 5
Wrote 1206 WP_135408342.1 to chunk 6
Wrote 1207 WP_032312437.1 to chunk 7
Wrote 1208 WP_205858827.1 to chunk 8
Wrote 1209 WP_097490040.1 to chunk 9
Wrote 1210 EHK5772315.1 to chunk 0
Wrote 1211 EFG1576319.1 to chunk 1
Wrote 1212 HAI1496565.1 to chunk 2
Wrote 1213 TZD93292.1 to chunk 3
Wrote 1214 EEV2306311.1 to chunk 4
Wrote 1215 WP_071666257.1 to chunk 5
Wrote 1216 EHH4162507.1 to chunk 6
Wrote 1217 WP_194565075.1 to chunk 7
Wrote 1218 WP_077125777.1 to chunk 8
Wrote 1219 QDI45742.1 to chunk 9
Wrote 1220 WP_136783926.1 to chunk 0
Wrote 1221 WP_094304247.1 to chunk 1
Wrote 1222 WP_216348486.1 to chunk 2
Wrote 1223 EES5746521.1 to chunk 3
Wrote 1224 WP_061770275.1 to chunk 4
Wrote 1225 WP_160414980.1 to chunk 5
Wrote 1226 WP_089575806.1 to chunk 6
Wrote 1227 WP_096249657.1 to chunk 7
Wrote 1228 WP_032983054.1 to chunk 8
Wrote 1229 WP_105620948.1 to chunk 9
Wrote 1230 WP_050288714.1 to chunk 0
Wrote 1231 WP_089186663.1 to chunk 1
Wrote 1232 HBA6839092.1 to chunk 2
Wrote 1233 HAH9935437.1 to chunk 3
Wrote 1234 EIC6995427.1 to chunk 4
Wrote 1235 WP_103862716.1 to chunk 5
Wrote 1236 WP_212589591.1 to chunk 6
Wrote 1237 WP_025288900.1 to chunk 7
Wrote 1238 WP_136148382.1 to chunk 8
Wrote 1239 WP_094860107.1 to chunk 9
Wrote 1240 WP_095835336.1 to chunk 0
Wrote 1241 WP_050569511.1 to chunk 1
Wrote 1242 WP_169751954.1 to chunk 2
Wrote 1243 WP_097297129.1 to chunk 3
Wrote 1244 WP_127959510.1 to chunk 4
Wrote 1245 HAM5398885.1 to chunk 5
Wrote 1246 WP_035492172.1 to chunk 6
Wrote 1247 EIH2929948.1 to chunk 7
Wrote 1248 EFL4107959.1 to chunk 8
Wrote 1249 HAH8891129.1 to chunk 9
Wrote 1250 WP_104212892.1 to chunk 0
Wrote 1251 KDB44663.1 to chunk 1
Wrote 1252 WP_101835884.1 to chunk 2
Wrote 1253 WP_048796347.1 to chunk 3
Wrote 1254 WP_137588091.1 to chunk 4
Wrote 1255 EFK2646982.1 to chunk 5
Wrote 1256 MBD2800632.1 to chunk 6
Wrote 1257 EIJ1047744.1 to chunk 7
Wrote 1258 WP_040264482.1 to chunk 8
Wrote 1259 HAW3223933.1 to chunk 9
Wrote 1260 MWQ07953.1 to chunk 0
Wrote 1261 HAO1015196.1 to chunk 1
Wrote 1262 EFW4287525.1 to chunk 2
Wrote 1263 WP_016155117.1 to chunk 3
Wrote 1264 EIE5199703.1 to chunk 4
Wrote 1265 EFN5268954.1 to chunk 5
Wrote 1266 WP_137361405.1 to chunk 6
Wrote 1267 WP_105653976.1 to chunk 7
Wrote 1268 WP_126180519.1 to chunk 8
Wrote 1269 EGD7750626.1 to chunk 9
Wrote 1270 WP_039055064.1 to chunk 0
Wrote 1271 WP_157403593.1 to chunk 1
Wrote 1272 WP_038242262.1 to chunk 2
Wrote 1273 WP_000055143.1 to chunk 3
Wrote 1274 WP_042547218.1 to chunk 4
Wrote 1275 CDS56727.1 to chunk 5
Wrote 1276 WP_049198176.1 to chunk 6
Wrote 1277 WP_174137442.1 to chunk 7
Wrote 1278 WP_205565090.1 to chunk 8
Wrote 1279 EFO3465338.1 to chunk 9
Wrote 1280 EEC8227731.1 to chunk 0
Wrote 1281 EGM5178107.1 to chunk 1
Wrote 1282 WP_032815346.1 to chunk 2
Wrote 1283 WP_064318367.1 to chunk 3
Wrote 1284 HAP2729872.1 to chunk 4
Wrote 1285 WP_020824759.1 to chunk 5
Wrote 1286 WP_046374747.1 to chunk 6
Wrote 1287 MBJ3593798.1 to chunk 7
Wrote 1288 EFO4687296.1 to chunk 8
Wrote 1289 EGJ4587307.1 to chunk 9
Wrote 1290 OAQ13713.1 to chunk 0
Wrote 1291 WP_181632359.1 to chunk 1
Wrote 1292 WP_181546598.1 to chunk 2
Wrote 1293 WP_033868661.1 to chunk 3
Wrote 1294 WP_205858280.1 to chunk 4
Wrote 1295 WP_077464693.1 to chunk 5
Wrote 1296 WP_097480921.1 to chunk 6
Wrote 1297 HAX2456235.1 to chunk 7
Wrote 1298 EFF2336028.1 to chunk 8
Wrote 1299 WP_077516860.1 to chunk 9
Wrote 1300 WP_063122003.1 to chunk 0
Wrote 1301 WP_049273085.1 to chunk 1
Wrote 1302 WP_075331491.1 to chunk 2
Wrote 1303 WP_116691463.1 to chunk 3
Wrote 1304 HAW7431458.1 to chunk 4
Wrote 1305 EEU0312116.1 to chunk 5
Wrote 1306 EFN6093449.1 to chunk 6
Wrote 1307 WP_223363049.1 to chunk 7
Wrote 1308 EEV3820630.1 to chunk 8
Wrote 1309 WP_194572442.1 to chunk 9
Wrote 1310 HBD4959727.1 to chunk 0
Wrote 1311 WP_061381053.1 to chunk 1
Wrote 1312 WP_094761733.1 to chunk 2
Wrote 1313 WP_141177656.1 to chunk 3
Wrote 1314 WP_015939601.1 to chunk 4
Wrote 1315 WP_101826649.1 to chunk 5
Wrote 1316 WP_115601243.1 to chunk 6
Wrote 1317 WP_219104405.1 to chunk 7
Wrote 1318 HAT2287548.1 to chunk 8
Wrote 1319 WP_218523031.1 to chunk 9
Wrote 1320 WP_160436964.1 to chunk 0
Wrote 1321 WP_212585890.1 to chunk 1
Wrote 1322 WP_048214069.1 to chunk 2
Wrote 1323 WP_025267373.1 to chunk 3
Wrote 1324 WP_042314032.1 to chunk 4
Wrote 1325 EER1411264.1 to chunk 5
Wrote 1326 NAJ45461.1 to chunk 6
Wrote 1327 WP_038015439.1 to chunk 7
Wrote 1328 HAV8527197.1 to chunk 8
Wrote 1329 HAM7502156.1 to chunk 9
Wrote 1330 WP_199951744.1 to chunk 0
Wrote 1331 WP_197653127.1 to chunk 1
Wrote 1332 WP_044554402.1 to chunk 2
Wrote 1333 WP_113866050.1 to chunk 3
Wrote 1334 MBB8203814.1 to chunk 4
Wrote 1335 WP_038634539.1 to chunk 5
Wrote 1336 WP_097404354.1 to chunk 6
Wrote 1337 HAX5274076.1 to chunk 7
Wrote 1338 WP_193145466.1 to chunk 8
Wrote 1339 WP_125260974.1 to chunk 9
Wrote 1340 WP_021013515.1 to chunk 0
Wrote 1341 WP_230432891.1 to chunk 1
Wrote 1342 WP_040230069.1 to chunk 2
Wrote 1343 EIQ61252.1 to chunk 3
Wrote 1344 WP_097450621.1 to chunk 4
Wrote 1345 WP_077135749.1 to chunk 5
Wrote 1346 EFQ2930910.1 to chunk 6
Wrote 1347 WP_188724471.1 to chunk 7
Wrote 1348 HBI7628175.1 to chunk 8
Wrote 1349 WP_049635107.1 to chunk 9
Wrote 1350 WP_045170169.1 to chunk 0
Wrote 1351 EER3435487.1 to chunk 1
Wrote 1352 HBE2405130.1 to chunk 2
Wrote 1353 WP_053286147.1 to chunk 3
Wrote 1354 WP_001618635.1 to chunk 4
Wrote 1355 WP_105223443.1 to chunk 5
Wrote 1356 WP_039045241.1 to chunk 6
Wrote 1357 WP_203449662.1 to chunk 7
Wrote 1358 WP_000055126.1 to chunk 8
Wrote 1359 WP_181637383.1 to chunk 9
Wrote 1360 EGG7156353.1 to chunk 0
Wrote 1361 WP_166184776.1 to chunk 1
Wrote 1362 WP_135520254.1 to chunk 2
Wrote 1363 HAP1624665.1 to chunk 3
Wrote 1364 EGT3575702.1 to chunk 4
Wrote 1365 WP_121863482.1 to chunk 5
Wrote 1366 HBE5262775.1 to chunk 6
Wrote 1367 EFC2773871.1 to chunk 7
Wrote 1368 EFI6468762.1 to chunk 8
Wrote 1369 EFY4973998.1 to chunk 9
Wrote 1370 HAX7466502.1 to chunk 0
Wrote 1371 WP_198089401.1 to chunk 1
Wrote 1372 WP_019213149.1 to chunk 2
Wrote 1373 WP_213239676.1 to chunk 3
Wrote 1374 QED75043.1 to chunk 4
Wrote 1375 WP_099558240.1 to chunk 5
Wrote 1376 WP_181503097.1 to chunk 6
Wrote 1377 MGI40822.1 to chunk 7
Wrote 1378 WP_138211527.1 to chunk 8
Wrote 1379 WP_079452292.1 to chunk 9
Wrote 1380 WP_107180065.1 to chunk 0
Wrote 1381 WP_024559846.1 to chunk 1
Wrote 1382 EBV0094593.1 to chunk 2
Wrote 1383 WP_101817249.1 to chunk 3
Wrote 1384 HAX5245584.1 to chunk 4
Wrote 1385 EFC5162231.1 to chunk 5
Wrote 1386 WP_171877647.1 to chunk 6
Wrote 1387 EHM0667981.1 to chunk 7
Wrote 1388 WP_012846991.1 to chunk 8
Wrote 1389 WP_042861457.1 to chunk 9
Wrote 1390 WP_094101268.1 to chunk 0
Wrote 1391 WP_006658200.1 to chunk 1
Wrote 1392 WP_053886374.1 to chunk 2
Wrote 1393 WP_074022745.1 to chunk 3
Wrote 1394 APO29081.1 to chunk 4
Wrote 1395 WP_001699423.1 to chunk 5
Wrote 1396 HAW4181933.1 to chunk 6
Wrote 1397 HAP1913437.1 to chunk 7
Wrote 1398 EEW6877724.1 to chunk 8
Wrote 1399 WP_176443857.1 to chunk 9
Wrote 1400 WP_049688752.1 to chunk 0
Wrote 1401 HAV8708792.1 to chunk 1
Wrote 1402 EHX8913761.1 to chunk 2
Wrote 1403 HAL9397491.1 to chunk 3
Wrote 1404 WP_181218456.1 to chunk 4
Wrote 1405 HBI0320513.1 to chunk 5
Wrote 1406 EIN4531275.1 to chunk 6
Wrote 1407 EFD8767495.1 to chunk 7
Wrote 1408 WP_127446900.1 to chunk 8
Wrote 1409 EDT6461465.1 to chunk 9
Wrote 1410 EGB64662.1 to chunk 0
Wrote 1411 WP_223684853.1 to chunk 1
Wrote 1412 ADN73162.1 to chunk 2
Wrote 1413 WP_125894335.1 to chunk 3
Wrote 1414 WP_115187974.1 to chunk 4
Wrote 1415 WP_136159065.1 to chunk 5
Wrote 1416 EIF6369404.1 to chunk 6
Wrote 1417 WP_050143424.1 to chunk 7
Wrote 1418 WP_185181426.1 to chunk 8
Wrote 1419 EHO9609086.1 to chunk 9
Wrote 1420 WP_097338157.1 to chunk 0
Wrote 1421 MCD6917171.1 to chunk 1
Wrote 1422 WP_077245381.1 to chunk 2
Wrote 1423 EEY3271058.1 to chunk 3
Wrote 1424 WP_193400681.1 to chunk 4
Wrote 1425 WP_182822684.1 to chunk 5
Wrote 1426 NYV45684.1 to chunk 6
Wrote 1427 WP_042840142.1 to chunk 7
Wrote 1428 EEP94504.1 to chunk 8
Wrote 1429 WP_137537513.1 to chunk 9
Wrote 1430 HBI11229.1 to chunk 0
Wrote 1431 WP_150331403.1 to chunk 1
Wrote 1432 EFJ4519882.1 to chunk 2
Wrote 1433 WP_015431779.1 to chunk 3
Wrote 1434 SAQ06398.1 to chunk 4
Wrote 1435 EFA4522424.1 to chunk 5
Wrote 1436 HBG9517150.1 to chunk 6
Wrote 1437 WP_201490034.1 to chunk 7
Wrote 1438 HBB3281907.1 to chunk 8
Wrote 1439 WP_124055618.1 to chunk 9
Wrote 1440 WP_193399242.1 to chunk 0
Wrote 1441 WP_096758937.1 to chunk 1
Wrote 1442 MIC61383.1 to chunk 2
Wrote 1443 WP_000055117.1 to chunk 3
Wrote 1444 WP_032911355.1 to chunk 4
Wrote 1445 EEQ14166.1 to chunk 5
Wrote 1446 WP_029590773.1 to chunk 6
Wrote 1447 HBA6534756.1 to chunk 7
Wrote 1448 EEZ7542804.1 to chunk 8
Wrote 1449 WP_187254149.1 to chunk 9
Wrote 1450 EEZ8975497.1 to chunk 0
Wrote 1451 WP_105966351.1 to chunk 1
Wrote 1452 WP_026739290.1 to chunk 2
Wrote 1453 WP_103780518.1 to chunk 3
Wrote 1454 HBI2748333.1 to chunk 4
Wrote 1455 WP_200013142.1 to chunk 5
Wrote 1456 HBI7769460.1 to chunk 6
Wrote 1457 WP_070715658.1 to chunk 7
Wrote 1458 WP_032193768.1 to chunk 8
Wrote 1459 EFI7891798.1 to chunk 9
Wrote 1460 EGM8927559.1 to chunk 0
Wrote 1461 WP_001395086.1 to chunk 1
Wrote 1462 WP_047358751.1 to chunk 2
Wrote 1463 WP_145510135.1 to chunk 3
Wrote 1464 MQK35428.1 to chunk 4
Wrote 1465 EIG7795090.1 to chunk 5
Wrote 1466 WP_001705569.1 to chunk 6
Wrote 1467 WP_049640082.1 to chunk 7
Wrote 1468 HAM0057621.1 to chunk 8
Wrote 1469 HAH7718942.1 to chunk 9
Wrote 1470 HBC9922405.1 to chunk 0
Wrote 1471 EEZ5622585.1 to chunk 1
Wrote 1472 WP_048223275.1 to chunk 2
Wrote 1473 HAH6836645.1 to chunk 3
Wrote 1474 WP_181478848.1 to chunk 4
Wrote 1475 WP_015869579.1 to chunk 5
Wrote 1476 WP_210836693.1 to chunk 6
Wrote 1477 WP_032898177.1 to chunk 7
Wrote 1478 WP_096184474.1 to chunk 8
Wrote 1479 EFE6585289.1 to chunk 9
Wrote 1480 WP_097418874.1 to chunk 0
Wrote 1481 WP_050086984.1 to chunk 1
Wrote 1482 HBH9227639.1 to chunk 2
Wrote 1483 WP_145493474.1 to chunk 3
Wrote 1484 WP_001669041.1 to chunk 4
Wrote 1485 WP_145569585.1 to chunk 5
Wrote 1486 EFK3197884.1 to chunk 6
Wrote 1487 WP_105233724.1 to chunk 7
Wrote 1488 MSK50875.1 to chunk 8
Wrote 1489 WP_050136270.1 to chunk 9
Wrote 1490 AMO51170.1 to chunk 0
Wrote 1491 WP_085652168.1 to chunk 1
Wrote 1492 WP_191221993.1 to chunk 2
Wrote 1493 WP_148362630.1 to chunk 3
Wrote 1494 WP_083161886.1 to chunk 4
Wrote 1495 EDZ4569603.1 to chunk 5
Wrote 1496 WP_226052056.1 to chunk 6
Wrote 1497 WP_097751641.1 to chunk 7
Wrote 1498 WP_044327611.1 to chunk 8
Wrote 1499 EIH7423465.1 to chunk 9
Wrote 1500 WP_105198472.1 to chunk 0
Wrote 1501 MBP6083001.1 to chunk 1
Wrote 1502 WP_123906019.1 to chunk 2
Wrote 1503 WP_012767949.1 to chunk 3
Wrote 1504 WP_136158457.1 to chunk 4
Wrote 1505 WP_027710643.1 to chunk 5
Wrote 1506 WP_048237110.1 to chunk 6
Wrote 1507 EAW3987968.1 to chunk 7
Wrote 1508 HAI0070329.1 to chunk 8
Wrote 1509 EDN6661182.1 to chunk 9
Wrote 1510 HBB4980004.1 to chunk 0
Wrote 1511 WP_044267313.1 to chunk 1
Wrote 1512 HAK7699999.1 to chunk 2
Wrote 1513 EAP8135256.1 to chunk 3
Wrote 1514 WP_219654765.1 to chunk 4
Wrote 1515 WP_227456584.1 to chunk 5
Wrote 1516 WP_061075776.1 to chunk 6
Wrote 1517 EAX5273250.1 to chunk 7
Wrote 1518 ECC9602863.1 to chunk 8
Wrote 1519 WP_200114214.1 to chunk 9
Wrote 1520 EBW7329858.1 to chunk 0
Wrote 1521 WP_079935198.1 to chunk 1
Wrote 1522 WP_109739677.1 to chunk 2
Wrote 1523 WP_004089272.1 to chunk 3
Wrote 1524 WP_090050791.1 to chunk 4
Wrote 1525 EEW5487696.1 to chunk 5
Wrote 1526 WP_128612346.1 to chunk 6
Wrote 1527 EGF4331194.1 to chunk 7
Wrote 1528 WP_003828984.1 to chunk 8
Wrote 1529 WP_084982258.1 to chunk 9
Wrote 1530 EEP89228.1 to chunk 0
Wrote 1531 EET9148930.1 to chunk 1
Wrote 1532 EBC6510722.1 to chunk 2
Wrote 1533 EGF1630090.1 to chunk 3
Wrote 1534 CAB3270026.1 to chunk 4
Wrote 1535 WP_200093339.1 to chunk 5
Wrote 1536 WP_058587321.1 to chunk 6
Wrote 1537 WP_039854996.1 to chunk 7
Wrote 1538 EBB5913350.1 to chunk 8
Wrote 1539 EBT5849471.1 to chunk 9
Wrote 1540 EBT3702524.1 to chunk 0
Wrote 1541 KPF16812.1 to chunk 1
Wrote 1542 HAI5255317.1 to chunk 2
Wrote 1543 ECF0037734.1 to chunk 3
Wrote 1544 EBA2754495.1 to chunk 4
Wrote 1545 EAU0024413.1 to chunk 5
Wrote 1546 WP_150437115.1 to chunk 6
Wrote 1547 WP_200080413.1 to chunk 7
Wrote 1548 WP_016507370.1 to chunk 8
Wrote 1549 WP_096098352.1 to chunk 9
Wrote 1550 HBA9458423.1 to chunk 0
Wrote 1551 KQN51106.1 to chunk 1
Wrote 1552 WP_112837585.1 to chunk 2
Wrote 1553 WP_008815839.1 to chunk 3
Wrote 1554 EFR2058989.1 to chunk 4
Wrote 1555 HAA0910763.1 to chunk 5
Wrote 1556 HCU17037.1 to chunk 6
Wrote 1557 EIQ2484307.1 to chunk 7
Wrote 1558 WP_145511597.1 to chunk 8
Wrote 1559 EAV6033200.1 to chunk 9
Wrote 1560 WP_046450404.1 to chunk 0
Wrote 1561 WP_149410639.1 to chunk 1
Wrote 1562 QYM98131.1 to chunk 2
Wrote 1563 HAK49393.1 to chunk 3
Wrote 1564 WP_059222038.1 to chunk 4
Wrote 1565 EEG0132386.1 to chunk 5
Wrote 1566 WP_125317745.1 to chunk 6
Wrote 1567 WP_065313585.1 to chunk 7
Wrote 1568 WP_050538953.1 to chunk 8
Wrote 1569 WP_087818911.1 to chunk 9
Wrote 1570 ECQ7014092.1 to chunk 0
Wrote 1571 EBS6592591.1 to chunk 1
Wrote 1572 WP_100514548.1 to chunk 2
Wrote 1573 EGC8574973.1 to chunk 3
Wrote 1574 EHB9472351.1 to chunk 4
Wrote 1575 ACN48109.1 to chunk 5
Wrote 1576 AGS64422.1 to chunk 6
Wrote 1577 EAU9654974.1 to chunk 7
Wrote 1578 ECN2806110.1 to chunk 8
Wrote 1579 EGW7445635.1 to chunk 9
Wrote 1580 EHB9784273.1 to chunk 0
Wrote 1581 HAG1806668.1 to chunk 1
Wrote 1582 EAS3398368.1 to chunk 2
Wrote 1583 EHI4415629.1 to chunk 3
Wrote 1584 WP_059229074.1 to chunk 4
Wrote 1585 EBH6361389.1 to chunk 5
Wrote 1586 WP_000055606.1 to chunk 6
Wrote 1587 CQC04474.1 to chunk 7
Wrote 1588 EGP3683880.1 to chunk 8
Wrote 1589 WP_168979052.1 to chunk 9
Wrote 1590 EEI5845356.1 to chunk 0
Wrote 1591 EFV3628770.1 to chunk 1
Wrote 1592 ECH2944367.1 to chunk 2
Wrote 1593 EIC2357763.1 to chunk 3
Wrote 1594 WP_130995158.1 to chunk 4
Wrote 1595 WP_115349318.1 to chunk 5
Wrote 1596 EDS8890067.1 to chunk 6
Wrote 1597 WP_097234256.1 to chunk 7
Wrote 1598 WP_135344757.1 to chunk 8
Wrote 1599 ECX3441343.1 to chunk 9
Wrote 1600 WP_084543254.1 to chunk 0
Wrote 1601 EBW7278304.1 to chunk 1
Wrote 1602 EHC7841013.1 to chunk 2
Wrote 1603 CSQ67397.1 to chunk 3
Wrote 1604 WP_000055610.1 to chunk 4
Wrote 1605 WP_147186466.1 to chunk 5
Wrote 1606 WP_097369683.1 to chunk 6
Wrote 1607 ECY1403217.1 to chunk 7
Wrote 1608 WP_101701052.1 to chunk 8
Wrote 1609 WP_050152154.1 to chunk 9
Wrote 1610 EAV0895692.1 to chunk 0
Wrote 1611 EFJ3256238.1 to chunk 1
Wrote 1612 EAA5732478.1 to chunk 2
Wrote 1613 WP_032908779.1 to chunk 3
Wrote 1614 ECD2966179.1 to chunk 4
Wrote 1615 EDA9099165.1 to chunk 5
Wrote 1616 EAM4790415.1 to chunk 6
Wrote 1617 AAA92024.1 to chunk 7
Wrote 1618 EBP0094136.1 to chunk 8
Wrote 1619 WP_079773598.1 to chunk 9
Wrote 1620 EDZ9903836.1 to chunk 0
Wrote 1621 WP_171922687.1 to chunk 1
Wrote 1622 STK79138.1 to chunk 2
Wrote 1623 EQA01755.1 to chunk 3
Wrote 1624 EAQ8669080.1 to chunk 4
Wrote 1625 EBL9943256.1 to chunk 5
Wrote 1626 MBA3112788.1 to chunk 6
Wrote 1627 WP_001649502.1 to chunk 7
Wrote 1628 WP_132456480.1 to chunk 8
Wrote 1629 EFB2226282.1 to chunk 9
Wrote 1630 WP_210193527.1 to chunk 0
Wrote 1631 WP_198108219.1 to chunk 1
Wrote 1632 ECB4266548.1 to chunk 2
Wrote 1633 WP_200025808.1 to chunk 3
Wrote 1634 EGS3332848.1 to chunk 4
Wrote 1635 WP_021581199.1 to chunk 5
Wrote 1636 EAM5620994.1 to chunk 6
Wrote 1637 MIH34361.1 to chunk 7
Wrote 1638 EBW6766175.1 to chunk 8
Wrote 1639 EDY0560164.1 to chunk 9
Wrote 1640 EAB5455658.1 to chunk 0
Wrote 1641 WP_036115444.1 to chunk 1
Wrote 1642 WP_112036885.1 to chunk 2
Wrote 1643 WP_200038040.1 to chunk 3
Wrote 1644 WP_061553066.1 to chunk 4
Wrote 1645 EBG4990785.1 to chunk 5
Wrote 1646 QED65304.1 to chunk 6
Wrote 1647 WP_046459009.1 to chunk 7
Wrote 1648 EIG3690995.1 to chunk 8
Wrote 1649 EEI2803320.1 to chunk 9
Wrote 1650 EBX3160852.1 to chunk 0
Wrote 1651 EEA9787661.1 to chunk 1
Wrote 1652 RJK68086.1 to chunk 2
Wrote 1653 CHM06131.1 to chunk 3
Wrote 1654 EHK5065653.1 to chunk 4
Wrote 1655 WP_135420936.1 to chunk 5
Wrote 1656 WP_076741843.1 to chunk 6
Wrote 1657 WP_085393850.1 to chunk 7
Wrote 1658 EFK8914288.1 to chunk 8
Wrote 1659 EAT4485554.1 to chunk 9
Wrote 1660 EAR8654633.1 to chunk 0
Wrote 1661 EAO2687478.1 to chunk 1
Wrote 1662 ECF6084992.1 to chunk 2
Wrote 1663 WP_144140422.1 to chunk 3
Wrote 1664 WP_065660722.1 to chunk 4
Wrote 1665 VUC68366.1 to chunk 5
Wrote 1666 EAO9613147.1 to chunk 6
Wrote 1667 EHE7445584.1 to chunk 7
Wrote 1668 WP_210175200.1 to chunk 8
Wrote 1669 EGZ6488391.1 to chunk 9
Wrote 1670 EAT5892406.1 to chunk 0
Wrote 1671 EEG5182214.1 to chunk 1
Wrote 1672 WP_023185205.1 to chunk 2
Wrote 1673 EEK5540784.1 to chunk 3
Wrote 1674 WP_000055600.1 to chunk 4
Wrote 1675 EAA3110375.1 to chunk 5
Wrote 1676 VEB51949.1 to chunk 6
Wrote 1677 WP_226068092.1 to chunk 7
Wrote 1678 WP_080206741.1 to chunk 8
Wrote 1679 WP_172722792.1 to chunk 9
Wrote 1680 WP_127175010.1 to chunk 0
Wrote 1681 WP_145578171.1 to chunk 1
Wrote 1682 HAU4284249.1 to chunk 2
Wrote 1683 TNG91876.1 to chunk 3
Wrote 1684 WP_023228058.1 to chunk 4
Wrote 1685 CGA88502.1 to chunk 5
Wrote 1686 ELO35957.1 to chunk 6
Wrote 1687 WP_160434270.1 to chunk 7
Wrote 1688 WP_013319850.1 to chunk 8
Wrote 1689 WP_079826362.1 to chunk 9
Wrote 1690 WP_171804277.1 to chunk 0
Wrote 1691 WP_024551628.1 to chunk 1
Wrote 1692 WP_050115237.1 to chunk 2
Wrote 1693 WP_076933398.1 to chunk 3
Wrote 1694 WP_045049788.1 to chunk 4
Wrote 1695 WP_017345728.1 to chunk 5
Wrote 1696 EBZ6190633.1 to chunk 6
Wrote 1697 EGB5707719.1 to chunk 7
Wrote 1698 ECC1669631.1 to chunk 8
Wrote 1699 EBS0023057.1 to chunk 9
Wrote 1700 WP_130987539.1 to chunk 0
Wrote 1701 ECC5145607.1 to chunk 1
Wrote 1702 WP_044702225.1 to chunk 2
Wrote 1703 EGW1827016.1 to chunk 3
Wrote 1704 WP_134216446.1 to chunk 4
Wrote 1705 WP_213892625.1 to chunk 5
Wrote 1706 WP_063916870.1 to chunk 6
Wrote 1707 ECG4565852.1 to chunk 7
Wrote 1708 WP_079786411.1 to chunk 8
Wrote 1709 EHS0939911.1 to chunk 9
Wrote 1710 HAF2427679.1 to chunk 0
Wrote 1711 WP_211924781.1 to chunk 1
Wrote 1712 EBA9359467.1 to chunk 2
Wrote 1713 EEA2664621.1 to chunk 3
Wrote 1714 EGP1157220.1 to chunk 4
Wrote 1715 EDQ6181330.1 to chunk 5
Wrote 1716 EBL3836583.1 to chunk 6
Wrote 1717 EBR5057872.1 to chunk 7
Wrote 1718 EFQ5290382.1 to chunk 8
Wrote 1719 EBA0866284.1 to chunk 9
Wrote 1720 EBX8733208.1 to chunk 0
Wrote 1721 WP_079952029.1 to chunk 1
Wrote 1722 MBS6486518.1 to chunk 2
Wrote 1723 ECF6495924.1 to chunk 3
Wrote 1724 EHJ3436385.1 to chunk 4
Wrote 1725 EEI3953629.1 to chunk 5
Wrote 1726 ECY4959579.1 to chunk 6
Wrote 1727 WP_031602115.1 to chunk 7
Wrote 1728 WP_208293303.1 to chunk 8
Wrote 1729 ECY1100674.1 to chunk 9
Wrote 1730 EBQ8806543.1 to chunk 0
Wrote 1731 ECY5309741.1 to chunk 1
Wrote 1732 EAP8715326.1 to chunk 2
Wrote 1733 WP_078237534.1 to chunk 3
Wrote 1734 WP_001730696.1 to chunk 4
Wrote 1735 EFA3261092.1 to chunk 5
Wrote 1736 EII9599950.1 to chunk 6
Wrote 1737 EBV1415478.1 to chunk 7
Wrote 1738 EBN1895742.1 to chunk 8
Wrote 1739 WP_001524958.1 to chunk 9
Wrote 1740 ECD1482994.1 to chunk 0
Wrote 1741 EDZ2537915.1 to chunk 1
Wrote 1742 WP_111769645.1 to chunk 2
Wrote 1743 EGP9600067.1 to chunk 3
Wrote 1744 EEF4507073.1 to chunk 4
Wrote 1745 EAA7088512.1 to chunk 5
Wrote 1746 WP_023195000.1 to chunk 6
Wrote 1747 EFU6402565.1 to chunk 7
Wrote 1748 EDH9168297.1 to chunk 8
Wrote 1749 EAO6911248.1 to chunk 9
Wrote 1750 WP_120053137.1 to chunk 0
Wrote 1751 EDA8447926.1 to chunk 1
Wrote 1752 WP_080151550.1 to chunk 2
Wrote 1753 HAC6654495.1 to chunk 3
Wrote 1754 WP_138013133.1 to chunk 4
Wrote 1755 EHI9049227.1 to chunk 5
Wrote 1756 WP_216284162.1 to chunk 6
Wrote 1757 HAE0387616.1 to chunk 7
Wrote 1758 EIC8860898.1 to chunk 8
Wrote 1759 WP_023219574.1 to chunk 9
Wrote 1760 EDM9572143.1 to chunk 0
Wrote 1761 EDZ4550637.1 to chunk 1
Wrote 1762 EEI3844002.1 to chunk 2
Wrote 1763 EFS8882994.1 to chunk 3
Wrote 1764 EHO4509545.1 to chunk 4
Wrote 1765 EIO4361803.1 to chunk 5
Wrote 1766 ECZ2575478.1 to chunk 6
Wrote 1767 EDE7412023.1 to chunk 7
Wrote 1768 WP_079939632.1 to chunk 8
Wrote 1769 EAW4774715.1 to chunk 9
Wrote 1770 EDU9493025.1 to chunk 0
Wrote 1771 ECJ0111220.1 to chunk 1
Wrote 1772 WP_079813094.1 to chunk 2
Wrote 1773 WP_079957763.1 to chunk 3
Wrote 1774 EAO2755632.1 to chunk 4
Wrote 1775 EBJ5588261.1 to chunk 5
Wrote 1776 WP_080234067.1 to chunk 6
Wrote 1777 WP_023137100.1 to chunk 7
Wrote 1778 EHI8890302.1 to chunk 8
Wrote 1779 HAU5792951.1 to chunk 9
Wrote 1780 WP_058116607.1 to chunk 0
Wrote 1781 WP_075829921.1 to chunk 1
Wrote 1782 EHH0586566.1 to chunk 2
Wrote 1783 WP_050323183.1 to chunk 3
Wrote 1784 EAO5527341.1 to chunk 4
Wrote 1785 EAB3752664.1 to chunk 5
Wrote 1786 EBE7102265.1 to chunk 6
Wrote 1787 KDS03574.1 to chunk 7
Wrote 1788 EGK2108697.1 to chunk 8
Wrote 1789 EBV8483705.1 to chunk 9
Wrote 1790 EAR9310774.1 to chunk 0
Wrote 1791 WP_191234410.1 to chunk 1
Wrote 1792 HAT5959083.1 to chunk 2
Wrote 1793 WP_020839747.1 to chunk 3
Wrote 1794 EAQ5502254.1 to chunk 4
Wrote 1795 WP_194212828.1 to chunk 5
Wrote 1796 ECO1424153.1 to chunk 6
Wrote 1797 WP_079809359.1 to chunk 7
Wrote 1798 WP_032950629.1 to chunk 8
Wrote 1799 EEC0833043.1 to chunk 9
Wrote 1800 ECX4148167.1 to chunk 0
Wrote 1801 EEE2003703.1 to chunk 1
Wrote 1802 EDU4961873.1 to chunk 2
Wrote 1803 EGZ3830719.1 to chunk 3
Wrote 1804 EHB3541149.1 to chunk 4
Wrote 1805 HAK8393424.1 to chunk 5
Wrote 1806 EGZ3994622.1 to chunk 6
Wrote 1807 EDY2774606.1 to chunk 7
Wrote 1808 EAB6497571.1 to chunk 8
Wrote 1809 EDN6416109.1 to chunk 9
Wrote 1810 EDT6888068.1 to chunk 0
Wrote 1811 EGB7050171.1 to chunk 1
Wrote 1812 EBD7859538.1 to chunk 2
Wrote 1813 WP_110027951.1 to chunk 3
Wrote 1814 WP_076010391.1 to chunk 4
Wrote 1815 ECF6571897.1 to chunk 5
Wrote 1816 EDK0261383.1 to chunk 6
Wrote 1817 EBJ4822145.1 to chunk 7
Wrote 1818 EDR2741302.1 to chunk 8
Wrote 1819 EDS6427130.1 to chunk 9
Wrote 1820 WP_226101342.1 to chunk 0
Wrote 1821 ECG8600688.1 to chunk 1
Wrote 1822 EEW9830708.1 to chunk 2
Wrote 1823 EBF4620191.1 to chunk 3
Wrote 1824 EAZ0217949.1 to chunk 4
Wrote 1825 WP_024110292.1 to chunk 5
Wrote 1826 EBG2637635.1 to chunk 6
Wrote 1827 ECG8777266.1 to chunk 7
Wrote 1828 EFU8646123.1 to chunk 8
Wrote 1829 HBC2906041.1 to chunk 9
Wrote 1830 EAA0891905.1 to chunk 0
Wrote 1831 EEG5568950.1 to chunk 1
Wrote 1832 WP_115489963.1 to chunk 2
Wrote 1833 MBM8451955.1 to chunk 3
Wrote 1834 EDT6763766.1 to chunk 4
Wrote 1835 EAY2231792.1 to chunk 5
Wrote 1836 EDI7679803.1 to chunk 6
Wrote 1837 WP_080194634.1 to chunk 7
Wrote 1838 EDX9716770.1 to chunk 8
Wrote 1839 WP_058668339.1 to chunk 9
Wrote 1840 EDT7224305.1 to chunk 0
Wrote 1841 EHI4156954.1 to chunk 1
Wrote 1842 EBZ1003435.1 to chunk 2
Wrote 1843 WP_058111135.1 to chunk 3
Wrote 1844 EAQ9872844.1 to chunk 4
Wrote 1845 HAK6357562.1 to chunk 5
Wrote 1846 EDI1396123.1 to chunk 6
Wrote 1847 HAT3899580.1 to chunk 7
Wrote 1848 EHZ8932649.1 to chunk 8
Wrote 1849 EAP5061722.1 to chunk 9
Wrote 1850 WP_110398623.1 to chunk 0
Wrote 1851 EDD6728879.1 to chunk 1
Wrote 1852 EGH9157004.1 to chunk 2
Wrote 1853 WP_049009036.1 to chunk 3
Wrote 1854 WP_106086890.1 to chunk 4
Wrote 1855 EAA8474953.1 to chunk 5
Wrote 1856 EFY46781.1 to chunk 6
Wrote 1857 WP_145055601.1 to chunk 7
Wrote 1858 WP_132923818.1 to chunk 8
Wrote 1859 WP_079983746.1 to chunk 9
Wrote 1860 WP_012763851.1 to chunk 0
Wrote 1861 WP_130028657.1 to chunk 1
Wrote 1862 HAE1409948.1 to chunk 2
Wrote 1863 ECW4028881.1 to chunk 3
Wrote 1864 EEC3243442.1 to chunk 4
Wrote 1865 WP_181509863.1 to chunk 5
Wrote 1866 WP_221865766.1 to chunk 6
Wrote 1867 EBT1548868.1 to chunk 7
Wrote 1868 EAW6899399.1 to chunk 8
Wrote 1869 WP_038397327.1 to chunk 9
Wrote 1870 EEJ2352019.1 to chunk 0
Wrote 1871 EEJ5120568.1 to chunk 1
Wrote 1872 EDT7241054.1 to chunk 2
Wrote 1873 EDG5205188.1 to chunk 3
Wrote 1874 EDW0653969.1 to chunk 4
Wrote 1875 WP_019084350.1 to chunk 5
Wrote 1876 EAA8371039.1 to chunk 6
Wrote 1877 EAA8742296.1 to chunk 7
Wrote 1878 ECG8512660.1 to chunk 8
Wrote 1879 ECA6438639.1 to chunk 9
Wrote 1880 WP_088734623.1 to chunk 0
Wrote 1881 WP_063389949.1 to chunk 1
Wrote 1882 MBS6058875.1 to chunk 2
Wrote 1883 ECD6794075.1 to chunk 3
Wrote 1884 WP_053528818.1 to chunk 4
Wrote 1885 WP_109273300.1 to chunk 5
Wrote 1886 EAZ2932103.1 to chunk 6
Wrote 1887 EEI1841283.1 to chunk 7
Wrote 1888 WP_134949448.1 to chunk 8
Wrote 1889 WP_221872630.1 to chunk 9
Wrote 1890 WP_115199066.1 to chunk 0
Wrote 1891 ECP1082188.1 to chunk 1
Wrote 1892 EBS0185798.1 to chunk 2
Wrote 1893 EGY5301946.1 to chunk 3
Wrote 1894 WP_219827019.1 to chunk 4
Wrote 1895 EBK5657007.1 to chunk 5
Wrote 1896 WP_094862463.1 to chunk 6
Wrote 1897 EDR6495298.1 to chunk 7
Wrote 1898 EBO3295824.1 to chunk 8
Wrote 1899 EAN8507989.1 to chunk 9
Wrote 1900 EAX5864241.1 to chunk 0
Wrote 1901 ECE4237779.1 to chunk 1
Wrote 1902 EEA9833153.1 to chunk 2
Wrote 1903 EHJ0297346.1 to chunk 3
Wrote 1904 WP_219657630.1 to chunk 4
Wrote 1905 WP_192989672.1 to chunk 5
Wrote 1906 HAK2209004.1 to chunk 6
Wrote 1907 EEP6116996.1 to chunk 7
Wrote 1908 WP_198447881.1 to chunk 8
Wrote 1909 EAT7533198.1 to chunk 9
Wrote 1910 EAM7996662.1 to chunk 0
Wrote 1911 WP_079811459.1 to chunk 1
Wrote 1912 WP_226092826.1 to chunk 2
Wrote 1913 EBB6987627.1 to chunk 3
Wrote 1914 WP_110371798.1 to chunk 4
Wrote 1915 EAA7277502.1 to chunk 5
Wrote 1916 EBA7188070.1 to chunk 6
Wrote 1917 EID8007262.1 to chunk 7
Wrote 1918 WP_012886492.1 to chunk 8
Wrote 1919 ECK4846929.1 to chunk 9
Wrote 1920 VXC45129.1 to chunk 0
Wrote 1921 ECI6405767.1 to chunk 1
Wrote 1922 WP_226510002.1 to chunk 2
Wrote 1923 WP_023640969.1 to chunk 3
Wrote 1924 EHT9118548.1 to chunk 4
Wrote 1925 EBA4611387.1 to chunk 5
Wrote 1926 WP_168361241.1 to chunk 6
Wrote 1927 EAA6684735.1 to chunk 7
Wrote 1928 WP_229235887.1 to chunk 8
Wrote 1929 EAT6687852.1 to chunk 9
Wrote 1930 WP_098071704.1 to chunk 0
Wrote 1931 EAQ0410249.1 to chunk 1
Wrote 1932 EBA1559749.1 to chunk 2
Wrote 1933 EBA6945607.1 to chunk 3
Wrote 1934 WP_171849987.1 to chunk 4
Wrote 1935 ECS6017366.1 to chunk 5
Wrote 1936 ESF02176.1 to chunk 6
Wrote 1937 EFA48078.1 to chunk 7
Wrote 1938 EDN7233388.1 to chunk 8
Wrote 1939 MBG6242700.1 to chunk 9
Wrote 1940 ECS1581059.1 to chunk 0
Wrote 1941 EDT7402701.1 to chunk 1
Wrote 1942 EGA4154728.1 to chunk 2
Wrote 1943 EAA7244786.1 to chunk 3
Wrote 1944 EAO4669280.1 to chunk 4
Wrote 1945 EAO9045593.1 to chunk 5
Wrote 1946 EGL1037007.1 to chunk 6
Wrote 1947 ECY6952038.1 to chunk 7
Wrote 1948 WP_071432571.1 to chunk 8
Wrote 1949 EAR7151487.1 to chunk 9
Wrote 1950 EBB1920569.1 to chunk 0
Wrote 1951 WP_039692797.1 to chunk 1
Wrote 1952 WP_225820877.1 to chunk 2
Wrote 1953 ECD2822823.1 to chunk 3
Wrote 1954 WP_114053018.1 to chunk 4
Wrote 1955 EHG9037828.1 to chunk 5
Wrote 1956 EGS2523567.1 to chunk 6
Wrote 1957 WP_064596876.1 to chunk 7
Wrote 1958 ECA2934154.1 to chunk 8
Wrote 1959 EDZ3451654.1 to chunk 9
Wrote 1960 WP_066597501.1 to chunk 0
Wrote 1961 WP_219244963.1 to chunk 1
Wrote 1962 WP_169405391.1 to chunk 2
Wrote 1963 EGF0065523.1 to chunk 3
Wrote 1964 WP_016942869.1 to chunk 4
Wrote 1965 WP_219952066.1 to chunk 5
Wrote 1966 WP_208790016.1 to chunk 6
Wrote 1967 EAW8148518.1 to chunk 7
Wrote 1968 EAC2144831.1 to chunk 8
Wrote 1969 HAU3088951.1 to chunk 9
Wrote 1970 EDS4736015.1 to chunk 0
Wrote 1971 EDW1325072.1 to chunk 1
Wrote 1972 EAS5078678.1 to chunk 2
Wrote 1973 EBG1676427.1 to chunk 3
Wrote 1974 EBC5056412.1 to chunk 4
Wrote 1975 AZK52669.1 to chunk 5
Wrote 1976 ECK9472068.1 to chunk 6
Wrote 1977 EIG8364249.1 to chunk 7
Wrote 1978 EEH8832966.1 to chunk 8
Wrote 1979 WP_076737555.1 to chunk 9
Wrote 1980 ECK7264950.1 to chunk 0
Wrote 1981 WP_058108368.1 to chunk 1
Wrote 1982 EFU6992549.1 to chunk 2
Wrote 1983 ECG3341520.1 to chunk 3
Wrote 1984 EDS6805773.1 to chunk 4
Wrote 1985 EGO9893082.1 to chunk 5
Wrote 1986 ECD2227222.1 to chunk 6
Wrote 1987 CNU17804.1 to chunk 7
Wrote 1988 EGM7523990.1 to chunk 8
Wrote 1989 EAT9001446.1 to chunk 9
Wrote 1990 EAN3696888.1 to chunk 0
Wrote 1991 HBM0736392.1 to chunk 1
Wrote 1992 ECJ6674982.1 to chunk 2
Wrote 1993 WP_203437847.1 to chunk 3
Wrote 1994 EEJ8590713.1 to chunk 4
Wrote 1995 WP_079949039.1 to chunk 5
Wrote 1996 EBQ6211951.1 to chunk 6
Wrote 1997 WP_076736058.1 to chunk 7
Wrote 1998 ECJ2264653.1 to chunk 8
Wrote 1999 EFP5299959.1 to chunk 9
Wrote 2000 WP_038391978.1 to chunk 0
Wrote 2001 EBF4217666.1 to chunk 1
Wrote 2002 WP_227953886.1 to chunk 2
Wrote 2003 EDS9375146.1 to chunk 3
Wrote 2004 EDQ1066890.1 to chunk 4
Wrote 2005 WP_227240867.1 to chunk 5
Wrote 2006 WP_064042919.1 to chunk 6
Wrote 2007 EBJ0809059.1 to chunk 7
Wrote 2008 WP_037400977.1 to chunk 8
Wrote 2009 ECV8684395.1 to chunk 9
Wrote 2010 HAU7027928.1 to chunk 0
Wrote 2011 WP_064082387.1 to chunk 1
Wrote 2012 AKO45908.1 to chunk 2
Wrote 2013 WP_205438975.1 to chunk 3
Wrote 2014 WP_137989872.1 to chunk 4
Wrote 2015 WP_107760658.1 to chunk 5
Wrote 2016 WP_212409480.1 to chunk 6
Wrote 2017 WP_038920506.1 to chunk 7
Wrote 2018 WP_121480710.1 to chunk 8
Wrote 2019 WP_166733845.1 to chunk 9
Wrote 2020 EHB4000955.1 to chunk 0
Wrote 2021 WP_084912505.1 to chunk 1
Wrote 2022 WP_025119012.1 to chunk 2
Wrote 2023 EBY1625634.1 to chunk 3
Wrote 2024 EBV2199412.1 to chunk 4
Wrote 2025 AAP96583.1 to chunk 5
Wrote 2026 WP_041603565.1 to chunk 6
Wrote 2027 VTR49964.1 to chunk 7
Wrote 2028 CCJ95040.1 to chunk 8
Wrote 2029 WP_222158881.1 to chunk 9
Wrote 2030 WP_024484177.1 to chunk 0
Wrote 2031 WP_111749808.1 to chunk 1
Wrote 2032 WP_135056216.1 to chunk 2
Wrote 2033 QIM63804.1 to chunk 3
Wrote 2034 WP_099823054.1 to chunk 4
Wrote 2035 EHC43611.1 to chunk 5
Wrote 2036 WP_005608909.1 to chunk 6
Wrote 2037 WP_039709312.1 to chunk 7
Wrote 2038 WP_005613094.1 to chunk 8
Wrote 2039 WP_215578094.1 to chunk 9
Wrote 2040 WP_009874557.1 to chunk 0
Wrote 2041 CRK85745.1 to chunk 1
Wrote 2042 WP_229583610.1 to chunk 2
Wrote 2043 WP_138317707.1 to chunk 3
Wrote 2044 WP_112110197.1 to chunk 4
Wrote 2045 WP_176671795.1 to chunk 5
Wrote 2046 WP_025218134.1 to chunk 6
Wrote 2047 WP_178219271.1 to chunk 7
Wrote 2048 WP_188157335.1 to chunk 8
Wrote 2049 WP_226318093.1 to chunk 9
Wrote 2050 WP_032844392.1 to chunk 0
Wrote 2051 WP_042801688.1 to chunk 1
Wrote 2052 WP_006248470.1 to chunk 2
Wrote 2053 WP_147010923.1 to chunk 3
Wrote 2054 AAC45844.1 to chunk 4
Wrote 2055 ACF61556.1 to chunk 5
Wrote 2056 ACF69242.1 to chunk 6
Wrote 2057 WP_000055605.1 to chunk 7
Wrote 2058 ACF89798.1 to chunk 8
Wrote 2059 ACH73921.1 to chunk 9
Wrote 2060 ACH50550.1 to chunk 0
Wrote 2061 CAS11643.1 to chunk 1
Wrote 2062 CAR10598.2 to chunk 2
Wrote 2063 BAI33073.1 to chunk 3
Wrote 2064 ADT77417.1 to chunk 4
# Elapsed 0.010 cpu 0 real seconds
