
muscle 5.1.linux64 [12f0e2]  396Gb RAM, 32 cores
Built Jan 13 2022 23:17:13
(C) Copyright 2004-2021 Robert C. Edgar.
https://drive5.com

Input: 14 seqs, avg length 373, max 384

00:00 3.9Mb  CPU has 32 cores, defaulting to 20 threads

WARNING: Max OMP threads 1

00:00 3.9Mb     1.1% Calc posteriors00:01 4.1Mb    11.0% Calc posteriors00:02 4.4Mb    50.5% Calc posteriors00:03 4.7Mb    91.2% Calc posteriors00:03 4.8Mb   100.0% Calc posteriors
00:03 11Mb      1.1% Consistency (1/2)00:03 11Mb    100.0% Consistency (1/2)
00:03 11Mb      1.1% Consistency (2/2)00:03 11Mb    100.0% Consistency (2/2)
00:03 11Mb      7.7% UPGMA5           00:03 11Mb    100.0% UPGMA5
00:03 11Mb      1.0% Refining00:03 11Mb    100.0% Refining
/zhome/2b/2/141636/.lsbatch/1652281894.13557721.shell: line 31: /work3/garryg/bioP/bin/malign: No such file or directory
inputType: FASTA


muscle 5.1.linux64 [12f0e2]  396Gb RAM, 24 cores
Built Jan 13 2022 23:17:13
(C) Copyright 2004-2021 Robert C. Edgar.
https://drive5.com

Input: 14 seqs, avg length 373, max 384

00:00 3.9Mb  CPU has 24 cores, defaulting to 20 threads

WARNING: Max OMP threads 1

00:00 3.9Mb     1.1% Calc posteriors00:01 4.1Mb    13.2% Calc posteriors00:02 4.4Mb    48.4% Calc posteriors00:03 4.7Mb    83.5% Calc posteriors00:03 4.8Mb   100.0% Calc posteriors
00:03 11Mb      1.1% Consistency (1/2)00:03 11Mb    100.0% Consistency (1/2)
00:03 11Mb      1.1% Consistency (2/2)00:03 11Mb    100.0% Consistency (2/2)
00:03 11Mb      7.7% UPGMA5           00:03 11Mb    100.0% UPGMA5
00:03 11Mb      1.0% Refining00:03 11Mb    100.0% Refining
INFO:Malign:Fasta contains 14 valid records
INFO:Malign:Aligned already
INFO:Malign:Align contains 14 valid records
inputType: FASTA

