
muscle 5.1.linux64 [12f0e2]  396Gb RAM, 32 cores
Built Jan 13 2022 23:17:13
(C) Copyright 2004-2021 Robert C. Edgar.
https://drive5.com

Input: 20 seqs, avg length 395, max 406

00:00 3.9Mb  CPU has 32 cores, defaulting to 20 threads

WARNING: Max OMP threads 1

00:00 3.9Mb    0.53% Calc posteriors00:01 4.7Mb    14.7% Calc posteriors00:02 4.7Mb    30.5% Calc posteriors00:03 4.8Mb    45.3% Calc posteriors00:04 5.4Mb    60.5% Calc posteriors00:05 5.4Mb    75.8% Calc posteriors00:06 5.6Mb    91.1% Calc posteriors00:06 5.8Mb   100.0% Calc posteriors
00:06 5.8Mb    0.53% Consistency (1/2)00:06 8.3Mb   100.0% Consistency (1/2)
00:06 8.3Mb    0.53% Consistency (2/2)00:06 8.3Mb   100.0% Consistency (2/2)
00:06 8.3Mb     5.3% UPGMA5           00:06 8.3Mb   100.0% UPGMA5
00:06 8.5Mb     1.0% Refining00:06 9.5Mb   100.0% Refining
INFO:Malign:No identity filter
INFO:Malign:Star /work3/idamei/ssn-clusterings/2206071111/clusters/0020_204/seeds.txt
INFO:Malign:Star highlights 5
INFO:Malign:No identity filter
INFO:Malign:Fasta contains 20 valid records
INFO:Malign:Aligned already
INFO:Malign:Align contains 20 valid records
inputType: FASTA
================================================================================
WARNINGS

One or more weights was less than -50 bits.
To avoid such amino acid dominating the logo position, these was reduced to -50
bits.
To remove this warning you could try choosing the option of pseudo counts.
================================================================================

