
muscle 5.1.linux64 [12f0e2]  396Gb RAM, 32 cores
Built Jan 13 2022 23:17:13
(C) Copyright 2004-2021 Robert C. Edgar.
https://drive5.com

Input: 23 seqs, avg length 409, max 429

00:00 3.9Mb  CPU has 32 cores, defaulting to 20 threads

WARNING: Max OMP threads 1

00:00 3.9Mb     0.4% Calc posteriors00:01 4.7Mb    10.7% Calc posteriors00:02 12Mb     23.7% Calc posteriors00:03 5.5Mb    36.0% Calc posteriors00:04 5.5Mb    47.4% Calc posteriors00:05 13Mb     58.5% Calc posteriors00:06 6.3Mb    69.6% Calc posteriors00:07 6.3Mb    80.2% Calc posteriors00:08 6.6Mb    91.3% Calc posteriors00:08 7.4Mb   100.0% Calc posteriors
00:08 7.4Mb     0.4% Consistency (1/2)00:08 11Mb    100.0% Consistency (1/2)
00:08 11Mb      0.4% Consistency (2/2)00:09 11Mb     71.1% Consistency (2/2)00:09 11Mb    100.0% Consistency (2/2)
00:09 11Mb      4.5% UPGMA5           00:09 11Mb    100.0% UPGMA5
00:09 11Mb      1.0% Refining00:09 12Mb    100.0% Refining
INFO:Malign:No identity filter
INFO:Malign:Star /work3/idamei/ssn-clusterings/2206071111/clusters/0023_64/seeds.txt
INFO:Malign:Star highlights 0
INFO:Malign:No identity filter
INFO:Malign:Fasta contains 23 valid records
INFO:Malign:Aligned already
INFO:Malign:Align contains 23 valid records
inputType: FASTA
================================================================================
WARNINGS

One or more weights was less than -50 bits.
To avoid such amino acid dominating the logo position, these was reduced to -50
bits.
To remove this warning you could try choosing the option of pseudo counts.
================================================================================

