
muscle 5.1.linux64 [12f0e2]  396Gb RAM, 24 cores
Built Jan 13 2022 23:17:13
(C) Copyright 2004-2021 Robert C. Edgar.
https://drive5.com

Input: 17 seqs, avg length 407, max 426

00:00 3.9Mb  CPU has 24 cores, defaulting to 20 threads

WARNING: Max OMP threads 1

00:00 3.9Mb    0.74% Calc posteriors00:01 4.7Mb    17.6% Calc posteriors00:02 4.7Mb    40.4% Calc posteriors00:03 4.7Mb    61.0% Calc posteriors00:04 5.0Mb    80.9% Calc posteriors00:04 5.7Mb   100.0% Calc posteriors
00:04 5.7Mb    0.74% Consistency (1/2)00:05 6.4Mb     1.5% Consistency (1/2)00:05 7.8Mb   100.0% Consistency (1/2)
00:05 7.8Mb    0.74% Consistency (2/2)00:05 7.8Mb   100.0% Consistency (2/2)
00:05 7.8Mb     6.2% UPGMA5           00:05 7.8Mb   100.0% UPGMA5
00:05 7.8Mb     1.0% Refining00:05 8.4Mb   100.0% Refining
INFO:Malign:No identity filter
INFO:Malign:Star /work3/idamei/ssn-clusterings/2206011120/clusters/0017_39/seeds.txt
INFO:Malign:Star highlights 0
INFO:Malign:No identity filter
INFO:Malign:Fasta contains 17 valid records
INFO:Malign:Aligned already
INFO:Malign:Align contains 17 valid records
inputType: FASTA

