
muscle 5.1.linux64 [12f0e2]  396Gb RAM, 24 cores
Built Jan 13 2022 23:17:13
(C) Copyright 2004-2021 Robert C. Edgar.
https://drive5.com

Input: 14 seqs, avg length 429, max 436

00:00 3.9Mb  CPU has 24 cores, defaulting to 20 threads

WARNING: Max OMP threads 1

00:00 3.9Mb     1.1% Calc posteriors00:01 4.8Mb    29.7% Calc posteriors00:02 4.8Mb    59.3% Calc posteriors00:03 4.8Mb    86.8% Calc posteriors00:03 5.6Mb   100.0% Calc posteriors
00:03 5.6Mb     1.1% Consistency (1/2)00:03 7.1Mb   100.0% Consistency (1/2)
00:03 7.1Mb     1.1% Consistency (2/2)00:03 7.1Mb   100.0% Consistency (2/2)
00:03 7.1Mb     7.7% UPGMA5           00:03 7.1Mb   100.0% UPGMA5
00:03 7.1Mb     1.0% Refining00:03 7.6Mb   100.0% Refining
INFO:Malign:No identity filter
INFO:Malign:Star /work3/idamei/ssn-clusterings/2206011120/clusters/0014_64/seeds.txt
INFO:Malign:Star highlights 1
INFO:Malign:No identity filter
INFO:Malign:Fasta contains 14 valid records
INFO:Malign:Aligned already
INFO:Malign:Align contains 14 valid records
inputType: FASTA


muscle 5.1.linux64 [12f0e2]  131Gb RAM, 20 cores
Built Jan 13 2022 23:17:13
(C) Copyright 2004-2021 Robert C. Edgar.
https://drive5.com

Input: 14 seqs, avg length 429, max 436


WARNING: Max OMP threads 1

00:00 3.9Mb  CPU has 20 cores, running 1 threads
00:00 3.9Mb     1.1% Calc posteriors00:01 4.8Mb    28.6% Calc posteriors00:02 4.8Mb    62.6% Calc posteriors00:03 6.3Mb    93.4% Calc posteriors00:03 5.6Mb   100.0% Calc posteriors
00:03 5.6Mb     1.1% Consistency (1/2)00:03 7.1Mb   100.0% Consistency (1/2)
00:03 7.1Mb     1.1% Consistency (2/2)00:03 7.1Mb   100.0% Consistency (2/2)
00:03 7.1Mb     7.7% UPGMA5           00:03 7.1Mb   100.0% UPGMA5
00:03 7.1Mb     1.0% Refining00:03 7.6Mb   100.0% Refining
INFO:Malign:No identity filter
INFO:Malign:Star /work3/idamei/ssn-clusterings/2206011120/clusters/0014_64/seeds.txt
INFO:Malign:Star highlights 1
INFO:Malign:No identity filter
INFO:Malign:Fasta contains 14 valid records
INFO:Malign:Aligned already
INFO:Malign:Align contains 14 valid records
inputType: FASTA

