
muscle 5.1.linux64 [12f0e2]  396Gb RAM, 24 cores
Built Jan 13 2022 23:17:13
(C) Copyright 2004-2021 Robert C. Edgar.
https://drive5.com

Input: 14 seqs, avg length 446, max 496

00:00 3.9Mb  CPU has 24 cores, defaulting to 20 threads

WARNING: Max OMP threads 1

00:00 3.9Mb     1.1% Calc posteriors00:01 4.8Mb    22.0% Calc posteriors00:02 13Mb     51.6% Calc posteriors00:03 4.9Mb    83.5% Calc posteriors00:03 14Mb    100.0% Calc posteriors
00:03 14Mb      1.1% Consistency (1/2)00:03 14Mb    100.0% Consistency (1/2)
00:03 14Mb      1.1% Consistency (2/2)00:03 14Mb    100.0% Consistency (2/2)
00:03 14Mb      7.7% UPGMA5           00:03 14Mb    100.0% UPGMA5
00:03 14Mb      1.0% Refining00:04 14Mb     16.0% Refining00:04 14Mb    100.0% Refining
/zhome/2b/2/141636/.lsbatch/1652281867.13557580.shell: line 31: /work3/garryg/bioP/bin/malign: No such file or directory
inputType: FASTA


muscle 5.1.linux64 [12f0e2]  396Gb RAM, 24 cores
Built Jan 13 2022 23:17:13
(C) Copyright 2004-2021 Robert C. Edgar.
https://drive5.com

Input: 14 seqs, avg length 446, max 496

00:00 3.9Mb  CPU has 24 cores, defaulting to 20 threads

WARNING: Max OMP threads 1

00:00 3.9Mb     1.1% Calc posteriors00:01 4.8Mb    13.2% Calc posteriors00:02 13Mb     37.4% Calc posteriors00:03 14Mb     61.5% Calc posteriors00:04 13Mb     85.7% Calc posteriors00:04 14Mb    100.0% Calc posteriors
00:04 14Mb      1.1% Consistency (1/2)00:04 14Mb    100.0% Consistency (1/2)
00:04 14Mb      1.1% Consistency (2/2)00:04 14Mb    100.0% Consistency (2/2)
00:04 14Mb      7.7% UPGMA5           00:05 14Mb     15.4% UPGMA500:05 14Mb    100.0% UPGMA5
00:05 14Mb      1.0% Refining00:05 14Mb    100.0% Refining
INFO:Malign:Fasta contains 14 valid records
INFO:Malign:Aligned already
INFO:Malign:Align contains 14 valid records
inputType: FASTA

