
muscle 5.1.linux64 [12f0e2]  131Gb RAM, 20 cores
Built Jan 13 2022 23:17:13
(C) Copyright 2004-2021 Robert C. Edgar.
https://drive5.com

Input: 11 seqs, avg length 409, max 424


WARNING: Max OMP threads 1

00:00 3.9Mb  CPU has 20 cores, running 1 threads
00:00 3.9Mb     1.8% Calc posteriors00:01 5.4Mb    32.7% Calc posteriors00:02 4.7Mb    85.5% Calc posteriors00:02 4.7Mb   100.0% Calc posteriors
00:02 4.7Mb     1.8% Consistency (1/2)00:02 6.0Mb   100.0% Consistency (1/2)
00:02 6.0Mb     1.8% Consistency (2/2)00:02 6.8Mb   100.0% Consistency (2/2)
00:02 6.8Mb    10.0% UPGMA5           00:02 6.8Mb   100.0% UPGMA5
00:02 6.8Mb     1.0% Refining00:02 7.1Mb   100.0% Refining
INFO:Malign:No identity filter
INFO:Malign:Star /work3/idamei/wzy/ssn-clusterings/2210041007/superclusterings/2210041009/superclusters/0011_1_83/seeds.txt
INFO:Malign:Star highlights 1 from comma-separated list
Read FASTA line_by_line from /work3/idamei/wzy/ssn-clusterings/2210041007/superclusterings/2210041009/superclusters/0011_1_83/sequences.afa 11 elements
INFO:Malign:No identity filter
INFO:Malign:Fasta contains 11 valid records
INFO:Malign:Aligned already
INFO:Malign:Align contains 11 valid records
FastTree Version 2.1.11 SSE3
Alignment: /work3/idamei/wzy/ssn-clusterings/2210041007/superclusterings/2210041009/superclusters/0011_1_83/sequences.afa
Amino acid distances: BLOSUM45 Joins: balanced Support: SH-like 1000
Search: Normal +NNI +SPR (2 rounds range 10) +ML-NNI opt-each=1
TopHits: 1.00*sqrtN close=default refresh=0.80
ML Model: Jones-Taylor-Thorton, CAT approximation with 20 rate categories
Initial topology in 0.00 seconds
Refining topology: 13 rounds ME-NNIs, 2 rounds ME-SPRs, 7 rounds ML-NNIs
Total branch-length 4.557 after 0.03 sec
ML-NNI round 1: LogLk = -8175.909 NNIs 0 max delta 0.00 Time 0.08
Switched to using 20 rate categories (CAT approximation)
Rate categories were divided by 0.865 so that average rate = 1.0
CAT-based log-likelihoods may not be comparable across runs
Use -gamma for approximate but comparable Gamma(20) log-likelihoods
      0.10 seconds: ML NNI round 2 of 7, 1 of 8 splits
ML-NNI round 2: LogLk = -7831.923 NNIs 0 max delta 0.00 Time 0.11
Turning off heuristics for final round of ML NNIs (converged)
ML-NNI round 3: LogLk = -7827.814 NNIs 0 max delta 0.00 Time 0.16 (final)
Optimize all lengths: LogLk = -7827.775 Time 0.18
Total time: 0.23 seconds Unique: 10/11 Bad splits: 0/7
