
muscle 5.1.linux64 [12f0e2]  396Gb RAM, 24 cores
Built Jan 13 2022 23:17:13
(C) Copyright 2004-2021 Robert C. Edgar.
https://drive5.com

Input: 15 seqs, avg length 445, max 496

00:00 3.9Mb  CPU has 24 cores, defaulting to 20 threads

WARNING: Max OMP threads 1

00:00 3.9Mb    0.95% Calc posteriors00:01 4.9Mb     5.7% Calc posteriors00:02 14Mb     26.7% Calc posteriors00:03 4.9Mb    49.5% Calc posteriors00:04 14Mb     70.5% Calc posteriors00:05 5.2Mb    93.3% Calc posteriors00:05 5.2Mb   100.0% Calc posteriors
00:05 14Mb     0.95% Consistency (1/2)00:05 14Mb    100.0% Consistency (1/2)
00:05 14Mb     0.95% Consistency (2/2)00:05 14Mb    100.0% Consistency (2/2)
00:05 14Mb      7.1% UPGMA5           00:05 14Mb    100.0% UPGMA5
00:05 14Mb      1.0% Refining00:05 14Mb    100.0% Refining
INFO:Malign:No identity filter
INFO:Malign:Star /work3/idamei/ssn-clusterings/2206021344/clusters/0015_88/seeds.txt
INFO:Malign:Star highlights 1
INFO:Malign:No identity filter
INFO:Malign:Fasta contains 15 valid records
INFO:Malign:Aligned already
INFO:Malign:Align contains 15 valid records
inputType: FASTA
================================================================================
WARNINGS

One or more weights was less than -50 bits.
To avoid such amino acid dominating the logo position, these was reduced to -50
bits.
To remove this warning you could try choosing the option of pseudo counts.
================================================================================

