
muscle 5.1.linux64 [12f0e2]  396Gb RAM, 24 cores
Built Jan 13 2022 23:17:13
(C) Copyright 2004-2021 Robert C. Edgar.
https://drive5.com

Input: 4 seqs, avg length 371, max 384

00:00 3.9Mb  CPU has 24 cores, defaulting to 20 threads

WARNING: Max OMP threads 1

00:00 3.9Mb    16.7% Calc posteriors00:01 3.9Mb    33.3% Calc posteriors00:01 9.7Mb   100.0% Calc posteriors
00:01 9.7Mb    16.7% Consistency (1/2)00:01 9.7Mb   100.0% Consistency (1/2)
00:01 9.7Mb    16.7% Consistency (2/2)00:01 9.7Mb   100.0% Consistency (2/2)
00:01 9.7Mb    33.3% UPGMA5           00:01 9.7Mb   100.0% UPGMA5
00:01 9.7Mb     1.0% Refining00:01 9.7Mb   100.0% Refining
INFO:Malign:No identity filter
INFO:Malign:Star /work3/idamei/ssn-clusterings/2206011120/clusters/0004_38/seeds.txt
INFO:Malign:Star highlights 0
INFO:Malign:No identity filter
INFO:Malign:Fasta contains 4 valid records
INFO:Malign:Aligned already
INFO:Malign:Align contains 4 valid records
inputType: FASTA


muscle 5.1.linux64 [12f0e2]  396Gb RAM, 32 cores
Built Jan 13 2022 23:17:13
(C) Copyright 2004-2021 Robert C. Edgar.
https://drive5.com

Input: 4 seqs, avg length 371, max 384

00:00 3.9Mb  CPU has 32 cores, defaulting to 20 threads

WARNING: Max OMP threads 1

00:00 3.9Mb    16.7% Calc posteriors00:00 9.7Mb   100.0% Calc posteriors
00:00 9.7Mb    16.7% Consistency (1/2)00:00 9.7Mb   100.0% Consistency (1/2)
00:00 9.7Mb    16.7% Consistency (2/2)00:00 9.7Mb   100.0% Consistency (2/2)
00:00 9.7Mb    33.3% UPGMA5           00:00 9.7Mb   100.0% UPGMA5
00:00 9.7Mb     1.0% Refining00:00 9.7Mb   100.0% Refining
INFO:Malign:No identity filter
INFO:Malign:Star /work3/idamei/ssn-clusterings/2206011120/clusters/0004_38/seeds.txt
INFO:Malign:Star highlights 0
INFO:Malign:No identity filter
INFO:Malign:Fasta contains 4 valid records
INFO:Malign:Aligned already
INFO:Malign:Align contains 4 valid records
inputType: FASTA

