
muscle 5.1.linux64 [12f0e2]  396Gb RAM, 32 cores
Built Jan 13 2022 23:17:13
(C) Copyright 2004-2021 Robert C. Edgar.
https://drive5.com

Input: 11 seqs, avg length 381, max 384

00:00 3.9Mb  CPU has 32 cores, defaulting to 20 threads

WARNING: Max OMP threads 1

00:00 3.9Mb     1.8% Calc posteriors00:01 4.7Mb    49.1% Calc posteriors00:01 4.7Mb   100.0% Calc posteriors
00:01 4.7Mb     1.8% Consistency (1/2)00:01 5.9Mb   100.0% Consistency (1/2)
00:01 5.9Mb     1.8% Consistency (2/2)00:01 5.9Mb   100.0% Consistency (2/2)
00:02 5.9Mb    10.0% UPGMA5           00:02 5.9Mb   100.0% UPGMA5
00:02 5.9Mb     1.0% Refining00:02 6.3Mb   100.0% Refining
/zhome/2b/2/141636/.lsbatch/1652281883.13557664.shell: line 31: /work3/garryg/bioP/bin/malign: No such file or directory
inputType: FASTA


muscle 5.1.linux64 [12f0e2]  792Gb RAM, 32 cores
Built Jan 13 2022 23:17:13
(C) Copyright 2004-2021 Robert C. Edgar.
https://drive5.com

Input: 11 seqs, avg length 381, max 384

00:00 3.9Mb  CPU has 32 cores, defaulting to 20 threads

WARNING: Max OMP threads 1

00:00 3.9Mb     1.8% Calc posteriors00:01 4.7Mb    52.7% Calc posteriors00:01 4.7Mb   100.0% Calc posteriors
00:01 4.7Mb     1.8% Consistency (1/2)00:01 5.9Mb   100.0% Consistency (1/2)
00:01 5.9Mb     1.8% Consistency (2/2)00:01 5.9Mb   100.0% Consistency (2/2)
00:01 5.9Mb    10.0% UPGMA5           00:02 5.9Mb    20.0% UPGMA500:02 5.9Mb   100.0% UPGMA5
00:02 5.9Mb     1.0% Refining00:02 6.3Mb   100.0% Refining
INFO:Malign:Fasta contains 11 valid records
INFO:Malign:Aligned already
INFO:Malign:Align contains 11 valid records
inputType: FASTA

