
muscle 5.1.linux64 [12f0e2]  396Gb RAM, 24 cores
Built Jan 13 2022 23:17:13
(C) Copyright 2004-2021 Robert C. Edgar.
https://drive5.com

Input: 21 seqs, avg length 396, max 422

00:00 3.9Mb  CPU has 24 cores, defaulting to 20 threads

WARNING: Max OMP threads 1

00:00 3.9Mb    0.48% Calc posteriors00:01 4.7Mb    14.3% Calc posteriors00:02 11Mb     32.4% Calc posteriors00:03 13Mb     49.5% Calc posteriors00:04 13Mb     65.7% Calc posteriors00:05 13Mb     81.9% Calc posteriors00:06 13Mb     99.0% Calc posteriors00:06 14Mb    100.0% Calc posteriors
00:06 14Mb     0.48% Consistency (1/2)00:06 14Mb    100.0% Consistency (1/2)
00:06 14Mb     0.48% Consistency (2/2)00:06 14Mb    100.0% Consistency (2/2)
00:06 14Mb      5.0% UPGMA5           00:06 14Mb    100.0% UPGMA5
00:06 14Mb      1.0% Refining00:06 14Mb    100.0% Refining
INFO:Malign:No identity filter
INFO:Malign:Star /work3/idamei/wzy/ssn-clusterings/2209140925/super-clusters/0021_1_193/seeds.txt
INFO:Malign:Star highlights 1 from comma-separated list
Read FASTA line_by_line from /work3/idamei/wzy/ssn-clusterings/2209140925/super-clusters/0021_1_193/sequences.afa 21 elements
INFO:Malign:No identity filter
INFO:Malign:Fasta contains 21 valid records
INFO:Malign:Aligned already
INFO:Malign:Align contains 21 valid records
FastTree Version 2.1.11 SSE3
Alignment: /work3/idamei/wzy/ssn-clusterings/2209140925/super-clusters/0021_1_193/sequences.afa
Amino acid distances: BLOSUM45 Joins: balanced Support: SH-like 1000
Search: Normal +NNI +SPR (2 rounds range 10) +ML-NNI opt-each=1
TopHits: 1.00*sqrtN close=default refresh=0.80
ML Model: Jones-Taylor-Thorton, CAT approximation with 20 rate categories
Initial topology in 0.00 seconds
Refining topology: 17 rounds ME-NNIs, 2 rounds ME-SPRs, 9 rounds ML-NNIs
Total branch-length 7.511 after 0.07 sec
ML-NNI round 1: LogLk = -13390.604 NNIs 0 max delta 0.00 Time 0.18
      0.18 seconds: Site likelihoods with rate category 1 of 20
Switched to using 20 rate categories (CAT approximation)
Rate categories were divided by 0.924 so that average rate = 1.0
CAT-based log-likelihoods may not be comparable across runs
Use -gamma for approximate but comparable Gamma(20) log-likelihoods
ML-NNI round 2: LogLk = -12705.070 NNIs 0 max delta 0.00 Time 0.25
Turning off heuristics for final round of ML NNIs (converged)
ML-NNI round 3: LogLk = -12699.366 NNIs 0 max delta 0.00 Time 0.36 (final)
      0.35 seconds: ML Lengths 1 of 18 splits
Optimize all lengths: LogLk = -12699.284 Time 0.39
Total time: 0.48 seconds Unique: 20/21 Bad splits: 0/17
