
muscle 5.1.linux64 [12f0e2]  396Gb RAM, 24 cores
Built Jan 13 2022 23:17:13
(C) Copyright 2004-2021 Robert C. Edgar.
https://drive5.com

Input: 24 seqs, avg length 410, max 428

00:00 3.9Mb  CPU has 24 cores, defaulting to 20 threads

WARNING: Max OMP threads 1

00:00 3.9Mb    0.36% Calc posteriors00:01 4.8Mb     6.5% Calc posteriors00:02 12Mb     16.3% Calc posteriors00:03 4.8Mb    26.4% Calc posteriors00:04 12Mb     35.5% Calc posteriors00:05 5.6Mb    46.0% Calc posteriors00:06 5.6Mb    55.8% Calc posteriors00:07 5.7Mb    65.9% Calc posteriors00:08 13Mb     75.7% Calc posteriors00:09 6.2Mb    84.8% Calc posteriors00:10 6.4Mb    93.8% Calc posteriors00:10 6.6Mb   100.0% Calc posteriors
00:10 14Mb     0.36% Consistency (1/2)00:10 14Mb    100.0% Consistency (1/2)
00:10 14Mb     0.36% Consistency (2/2)00:10 14Mb    100.0% Consistency (2/2)
00:10 14Mb      4.3% UPGMA5           00:10 14Mb    100.0% UPGMA5
00:10 14Mb      1.0% Refining00:10 14Mb    100.0% Refining
INFO:Malign:No identity filter
INFO:Malign:Star /work3/idamei/ssn-clusterings/2206070959/clusters/0024_20/seeds.txt
INFO:Malign:Star highlights 5
INFO:Malign:No identity filter
INFO:Malign:Fasta contains 24 valid records
INFO:Malign:Aligned already
INFO:Malign:Align contains 24 valid records
inputType: FASTA
================================================================================
WARNINGS

One or more weights was less than -50 bits.
To avoid such amino acid dominating the logo position, these was reduced to -50
bits.
To remove this warning you could try choosing the option of pseudo counts.
================================================================================

