
muscle 5.1.linux64 [12f0e2]  396Gb RAM, 24 cores
Built Jan 13 2022 23:17:13
(C) Copyright 2004-2021 Robert C. Edgar.
https://drive5.com

Input: 8 seqs, avg length 390, max 390

00:00 3.9Mb  CPU has 24 cores, defaulting to 20 threads

WARNING: Max OMP threads 1

00:00 3.9Mb     3.6% Calc posteriors00:01 4.1Mb    60.7% Calc posteriors00:01 4.2Mb   100.0% Calc posteriors
00:01 4.2Mb     3.6% Consistency (1/2)00:01 5.5Mb   100.0% Consistency (1/2)
00:01 5.5Mb     3.6% Consistency (2/2)00:01 5.5Mb   100.0% Consistency (2/2)
00:01 5.5Mb    14.3% UPGMA5           00:01 5.5Mb   100.0% UPGMA5
00:01 5.5Mb     1.0% Refining00:01 5.7Mb   100.0% Refining
INFO:Malign:No identity filter
INFO:Malign:Star /work3/idamei/ssn-clusterings/2206011120/clusters/0008_192/seeds.txt
INFO:Malign:Star highlights 5
INFO:Malign:No identity filter
INFO:Malign:Fasta contains 8 valid records
INFO:Malign:Aligned already
INFO:Malign:Align contains 8 valid records
inputType: FASTA


muscle 5.1.linux64 [12f0e2]  792Gb RAM, 32 cores
Built Jan 13 2022 23:17:13
(C) Copyright 2004-2021 Robert C. Edgar.
https://drive5.com

Input: 8 seqs, avg length 390, max 390

00:00 3.9Mb  CPU has 32 cores, defaulting to 20 threads

WARNING: Max OMP threads 1

00:00 3.9Mb     3.6% Calc posteriors00:00 4.2Mb   100.0% Calc posteriors
00:01 4.2Mb     3.6% Consistency (1/2)00:01 5.5Mb   100.0% Consistency (1/2)
00:01 5.5Mb     3.6% Consistency (2/2)00:01 5.5Mb   100.0% Consistency (2/2)
00:01 5.5Mb    14.3% UPGMA5           00:01 5.5Mb   100.0% UPGMA5
00:01 5.5Mb     1.0% Refining00:01 5.7Mb   100.0% Refining
INFO:Malign:No identity filter
INFO:Malign:Star /work3/idamei/ssn-clusterings/2206011120/clusters/0008_192/seeds.txt
INFO:Malign:Star highlights 5
INFO:Malign:No identity filter
INFO:Malign:Fasta contains 8 valid records
INFO:Malign:Aligned already
INFO:Malign:Align contains 8 valid records
inputType: FASTA

