
muscle 5.1.linux64 [12f0e2]  528Gb RAM, 48 cores
Built Jan 13 2022 23:17:13
(C) Copyright 2004-2021 Robert C. Edgar.
https://drive5.com

Input: 9 seqs, avg length 377, max 400

00:00 3.9Mb  CPU has 48 cores, defaulting to 20 threads

WARNING: Max OMP threads 1

00:00 3.9Mb     2.8% Calc posteriors00:01 4.7Mb    66.7% Calc posteriors00:01 10Mb    100.0% Calc posteriors
00:01 10Mb      2.8% Consistency (1/2)00:01 10Mb    100.0% Consistency (1/2)
00:01 10Mb      2.8% Consistency (2/2)00:01 10Mb    100.0% Consistency (2/2)
00:01 10Mb     12.5% UPGMA5           00:01 10Mb    100.0% UPGMA5
00:01 10Mb      1.0% Refining00:01 10Mb    100.0% Refining
INFO:Malign:No identity filter
INFO:Malign:Star /work3/idamei/wzy/ssn-clusterings/2210041007/superclusterings/2210041009/superclusters/0009_2_23/seeds.txt
INFO:Malign:Star highlights 1 from comma-separated list
Read FASTA line_by_line from /work3/idamei/wzy/ssn-clusterings/2210041007/superclusterings/2210041009/superclusters/0009_2_23/sequences.afa 9 elements
INFO:Malign:No identity filter
INFO:Malign:Fasta contains 9 valid records
INFO:Malign:Aligned already
INFO:Malign:Align contains 9 valid records
FastTree Version 2.1.11 SSE3
Alignment: /work3/idamei/wzy/ssn-clusterings/2210041007/superclusterings/2210041009/superclusters/0009_2_23/sequences.afa
Amino acid distances: BLOSUM45 Joins: balanced Support: SH-like 1000
Search: Normal +NNI +SPR (2 rounds range 10) +ML-NNI opt-each=1
TopHits: 1.00*sqrtN close=default refresh=0.80
ML Model: Jones-Taylor-Thorton, CAT approximation with 20 rate categories
Initial topology in 0.00 seconds
Refining topology: 13 rounds ME-NNIs, 2 rounds ME-SPRs, 6 rounds ML-NNIs
Total branch-length 2.937 after 0.01 sec
ML-NNI round 1: LogLk = -4836.977 NNIs 0 max delta 0.00 Time 0.04
Switched to using 20 rate categories (CAT approximation)
Rate categories were divided by 0.814 so that average rate = 1.0
CAT-based log-likelihoods may not be comparable across runs
Use -gamma for approximate but comparable Gamma(20) log-likelihoods
ML-NNI round 2: LogLk = -4611.196 NNIs 0 max delta 0.00 Time 0.06
Turning off heuristics for final round of ML NNIs (converged)
ML-NNI round 3: LogLk = -4608.489 NNIs 0 max delta 0.00 Time 0.09 (final)
Optimize all lengths: LogLk = -4608.429 Time 0.11
Total time: 0.13 seconds Unique: 9/9 Bad splits: 0/6
