
muscle 5.1.linux64 [12f0e2]  396Gb RAM, 24 cores
Built Jan 13 2022 23:17:13
(C) Copyright 2004-2021 Robert C. Edgar.
https://drive5.com

Input: 77 seqs, avg length 438, max 477

00:00 4.2Mb  CPU has 24 cores, defaulting to 20 threads

WARNING: Max OMP threads 1

00:00 4.2Mb   0.034% Calc posteriors
00:01 5.2Mb    0.51% Calc posteriors
00:02 5.2Mb     1.4% Calc posteriors
00:03 5.4Mb     2.3% Calc posteriors
00:04 6.6Mb     3.2% Calc posteriors
00:05 6.6Mb     4.1% Calc posteriors
00:06 6.7Mb     5.0% Calc posteriorssupercluster
00:07 7.1Mb     5.9% Calc posteriors
00:08 7.5Mb     6.8% Calc posteriorssupercluster
00:09 8.0Mb     7.7% Calc posteriors
00:10 8.3Mb     8.6% Calc posteriors
00:11 17Mb      9.5% Calc posteriors
00:12 17Mb     10.4% Calc posteriors
00:13 17Mb     11.6% Calc posteriors
00:14 10Mb     12.7% Calc posteriors
00:15 11Mb     13.6% Calc posteriors
00:16 11Mb     14.5% Calc posteriors
00:17 12Mb     15.4% Calc posteriors
00:18 12Mb     16.3% Calc posteriors
00:19 21Mb     17.2% Calc posteriors
00:20 14Mb     18.1% Calc posteriors
00:21 14Mb     19.0% Calc posteriors
00:22 15Mb     20.0% Calc posteriors
00:23 15Mb     20.9% Calc posteriors
00:24 15Mb     21.8% Calc posteriorssupercluster
00:25 15Mb     22.7% Calc posteriors
00:26 16Mb     23.6% Calc posteriors
00:27 16Mb     24.5% Calc posteriors
00:28 17Mb     25.4% Calc posteriors
00:29 26Mb     26.3% Calc posteriors
00:30 18Mb     27.2% Calc posteriors
00:31 18Mb     28.0% Calc posteriors
00:32 19Mb     28.8% Calc posteriors
00:33 28Mb     29.8% Calc posteriors
00:34 28Mb     30.8% Calc posteriors
00:35 20Mb     31.7% Calc posteriors
00:36 29Mb     32.7% Calc posteriors
00:37 21Mb     33.7% Calc posteriors
00:38 30Mb     34.6% Calc posteriors
00:39 22Mb     35.6% Calc posteriors
00:40 22Mb     36.5% Calc posteriors
00:41 23Mb     37.4% Calc posteriors
00:42 23Mb     38.3% Calc posteriors
00:43 32Mb     39.2% Calc posteriors
00:44 24Mb     40.2% Calc posteriors
00:45 33Mb     41.1% Calc posteriors
00:46 25Mb     42.0% Calc posteriors
00:47 34Mb     42.9% Calc posteriors
00:48 26Mb     43.8% Calc posteriors
00:49 27Mb     44.7% Calc posteriors
00:50 36Mb     45.7% Calc posteriors
00:51 36Mb     46.5% Calc posteriors
00:52 37Mb     47.5% Calc posteriors
00:53 37Mb     48.5% Calc posteriors
00:54 29Mb     49.5% Calc posteriors
00:55 30Mb     50.3% Calc posteriors
00:56 30Mb     51.2% Calc posteriors
00:57 31Mb     52.1% Calc posteriors
00:58 31Mb     53.0% Calc posteriors
00:59 40Mb     54.0% Calc posteriors
01:00 32Mb     55.0% Calc posteriors
01:01 41Mb     55.9% Calc posteriors
01:02 33Mb     56.8% Calc posteriors
01:03 34Mb     57.7% Calc posteriors
01:04 34Mb     58.6% Calc posteriors
01:05 35Mb     59.5% Calc posteriors
01:06 35Mb     60.4% Calc posteriors
01:07 44Mb     61.3% Calc posteriors
01:08 45Mb     62.3% Calc posteriors
01:09 45Mb     63.2% Calc posteriors
01:10 46Mb     64.2% Calc posteriors
01:11 38Mb     65.1% Calc posteriors
01:12 38Mb     66.0% Calc posteriors
01:13 39Mb     66.8% Calc posteriors
01:14 48Mb     67.8% Calc posteriors
01:15 48Mb     68.7% Calc posteriors
01:16 49Mb     69.7% Calc posteriors
01:17 50Mb     70.7% Calc posteriors
01:18 50Mb     71.7% Calc posteriors
01:19 51Mb     72.7% Calc posteriors
01:20 43Mb     73.7% Calc posteriors
01:21 52Mb     74.5% Calc posteriors
01:22 52Mb     75.4% Calc posteriors
01:23 44Mb     76.3% Calc posteriors
01:24 54Mb     77.3% Calc posteriors
01:25 54Mb     78.3% Calc posteriors
01:26 54Mb     79.3% Calc posteriors
01:27 55Mb     80.3% Calc posteriors
01:28 55Mb     81.4% Calc posteriors
01:29 56Mb     82.4% Calc posteriors
01:30 56Mb     83.4% Calc posteriors
01:31 57Mb     84.4% Calc posteriors
01:32 57Mb     85.4% Calc posteriors
01:33 57Mb     86.4% Calc posteriors
01:34 58Mb     87.5% Calc posteriors
01:35 58Mb     88.5% Calc posteriors
01:36 58Mb     89.5% Calc posteriors
01:37 51Mb     90.5% Calc posteriors
01:38 59Mb     91.5% Calc posteriors
01:39 60Mb     92.5% Calc posteriors
01:40 60Mb     93.6% Calc posteriors
01:41 60Mb     94.7% Calc posteriors
01:42 61Mb     95.7% Calc posteriors
01:43 62Mb     96.8% Calc posteriors
01:44 62Mb     97.9% Calc posteriors
01:45 62Mb     98.9% Calc posteriors
01:46 63Mb     99.9% Calc posteriors
01:46 63Mb    100.0% Calc posteriors
01:46 63Mb    0.034% Consistency (1/2)
01:47 63Mb      3.6% Consistency (1/2)
01:48 63Mb      8.4% Consistency (1/2)
01:49 63Mb     13.3% Consistency (1/2)
01:50 65Mb     18.0% Consistency (1/2)
01:51 66Mb     22.7% Consistency (1/2)
01:52 69Mb     27.5% Consistency (1/2)
01:53 72Mb     33.4% Consistency (1/2)
01:54 75Mb     38.0% Consistency (1/2)
01:55 78Mb     43.7% Consistency (1/2)
01:56 80Mb     49.4% Consistency (1/2)
01:57 83Mb     55.2% Consistency (1/2)
01:58 87Mb     61.9% Consistency (1/2)
01:59 91Mb     69.7% Consistency (1/2)
02:00 98Mb     80.1% Consistency (1/2)
02:01 104Mb    95.4% Consistency (1/2)
02:01 105Mb   100.0% Consistency (1/2)
02:01 105Mb   0.034% Consistency (2/2)
02:02 106Mb     3.1% Consistency (2/2)
02:03 106Mb     8.0% Consistency (2/2)
02:04 106Mb    12.9% Consistency (2/2)
02:05 106Mb    17.6% Consistency (2/2)
02:06 106Mb    22.4% Consistency (2/2)
02:07 106Mb    27.1% Consistency (2/2)
02:08 106Mb    32.0% Consistency (2/2)
02:09 106Mb    37.6% Consistency (2/2)
02:10 106Mb    42.4% Consistency (2/2)
02:11 106Mb    48.1% Consistency (2/2)
02:12 106Mb    54.7% Consistency (2/2)
02:13 106Mb    60.7% Consistency (2/2)
02:14 106Mb    68.3% Consistency (2/2)
02:15 106Mb    78.2% Consistency (2/2)
02:16 106Mb    92.6% Consistency (2/2)
02:16 106Mb   100.0% Consistency (2/2)
02:16 106Mb     1.3% UPGMA5           
02:16 106Mb   100.0% UPGMA5
02:16 106Mb     1.0% Refining
02:17 111Mb    52.0% Refining
02:17 115Mb   100.0% Refining
INFO:Malign:No identity filter
INFO:Malign:Star /work3/idamei/wzy/ssn-clusterings/2206101141/super-clusters/0077_2_15/seeds.txt
INFO:Malign:Star highlights 1 from comma-separated list
Read FASTA line_by_line from /work3/idamei/wzy/ssn-clusterings/2206101141/super-clusters/0077_2_15/sequences.afa 77 elements
INFO:Malign:No identity filter
INFO:Malign:Fasta contains 77 valid records
INFO:Malign:Aligned already
INFO:Malign:Align contains 77 valid records
inputType: FASTA
================================================================================
WARNINGS

One or more weights was less than -50 bits.
To avoid such amino acid dominating the logo position, these was reduced to -50
bits.
To remove this warning you could try choosing the option of pseudo counts.
================================================================================

FastTree Version 2.1.11 SSE3
Alignment: /work3/idamei/wzy/ssn-clusterings/2206101141/super-clusters/0077_2_15/sequences.afa
Amino acid distances: BLOSUM45 Joins: balanced Support: SH-like 1000
Search: Normal +NNI +SPR (2 rounds range 10) +ML-NNI opt-each=1
TopHits: 1.00*sqrtN close=default refresh=0.80
ML Model: Jones-Taylor-Thorton, CAT approximation with 20 rate categories
Initial topology in 0.04 seconds
Refining topology: 25 rounds ME-NNIs, 2 rounds ME-SPRs, 13 rounds ML-NNIs
      0.17 seconds: SPR round   1 of   2, 101 of 152 nodes
      0.38 seconds: SPR round   2 of   2, 101 of 152 nodes
Total branch-length 26.686 after 0.47 sec
      0.59 seconds: ML NNI round 1 of 13, 1 of 75 splits
ML-NNI round 1: LogLk = -53000.099 NNIs 7 max delta 5.12 Time 1.01
      1.01 seconds: Site likelihoods with rate category 1 of 20
      1.12 seconds: Site likelihoods with rate category 12 of 20
Switched to using 20 rate categories (CAT approximation)
Rate categories were divided by 1.012 so that average rate = 1.0
CAT-based log-likelihoods may not be comparable across runs
Use -gamma for approximate but comparable Gamma(20) log-likelihoods
ML-NNI round 2: LogLk = -50821.264 NNIs 1 max delta 0.77 Time 1.43
      1.43 seconds: ML NNI round 3 of 13, 1 of 75 splits
ML-NNI round 3: LogLk = -50817.718 NNIs 1 max delta 0.10 Time 1.53
Turning off heuristics for final round of ML NNIs (converged)
ML-NNI round 4: LogLk = -50801.229 NNIs 1 max delta 3.38 Time 2.08 (final)
      2.07 seconds: ML Lengths 1 of 75 splits
Optimize all lengths: LogLk = -50800.453 Time 2.23
Total time: 2.69 seconds Unique: 77/77 Bad splits: 1/74 Worst delta-LogLk 3.424
