
muscle 5.1.linux64 [12f0e2]  528Gb RAM, 24 cores
Built Jan 13 2022 23:17:13
(C) Copyright 2004-2021 Robert C. Edgar.
https://drive5.com

Input: 20 seqs, avg length 421, max 432

00:00 3.9Mb  CPU has 24 cores, defaulting to 20 threads

WARNING: Max OMP threads 1

00:00 3.9Mb    0.53% Calc posteriors00:01 11Mb      7.4% Calc posteriors00:02 4.5Mb    21.6% Calc posteriors00:03 12Mb     36.3% Calc posteriors00:04 5.2Mb    51.1% Calc posteriors00:05 5.6Mb    65.3% Calc posteriors00:06 13Mb     78.4% Calc posteriors00:07 13Mb     91.6% Calc posteriors00:07 14Mb    100.0% Calc posteriors
00:07 6.5Mb    0.53% Consistency (1/2)00:07 10Mb    100.0% Consistency (1/2)
00:07 10Mb     0.53% Consistency (2/2)00:08 10Mb     54.2% Consistency (2/2)00:08 10Mb    100.0% Consistency (2/2)
00:08 10Mb      5.3% UPGMA5           00:08 10Mb    100.0% UPGMA5
00:08 10Mb      1.0% Refining00:08 11Mb    100.0% Refining
INFO:Malign:No identity filter
INFO:Malign:Star /work3/idamei/ssn-clusterings/2206071104/clusters/0020_34/seeds.txt
INFO:Malign:Star highlights 1
INFO:Malign:No identity filter
INFO:Malign:Fasta contains 20 valid records
INFO:Malign:Aligned already
INFO:Malign:Align contains 20 valid records
inputType: FASTA
================================================================================
WARNINGS

One or more weights was less than -50 bits.
To avoid such amino acid dominating the logo position, these was reduced to -50
bits.
To remove this warning you could try choosing the option of pseudo counts.
================================================================================

