
muscle 5.1.linux64 [12f0e2]  396Gb RAM, 24 cores
Built Jan 13 2022 23:17:13
(C) Copyright 2004-2021 Robert C. Edgar.
https://drive5.com

Input: 20 seqs, avg length 373, max 390

00:00 3.9Mb  CPU has 24 cores, defaulting to 20 threads

WARNING: Max OMP threads 1

00:00 3.9Mb    0.53% Calc posteriors00:01 4.1Mb     7.9% Calc posteriors00:02 4.8Mb    28.9% Calc posteriors00:03 4.9Mb    49.5% Calc posteriors00:04 5.3Mb    70.0% Calc posteriors00:05 12Mb     91.1% Calc posteriors00:05 5.9Mb   100.0% Calc posteriors
00:05 5.9Mb    0.53% Consistency (1/2)00:05 8.8Mb   100.0% Consistency (1/2)
00:05 8.8Mb    0.53% Consistency (2/2)00:05 8.8Mb   100.0% Consistency (2/2)
00:05 8.8Mb     5.3% UPGMA5           00:05 8.8Mb   100.0% UPGMA5
00:05 8.8Mb     1.0% Refining00:05 9.8Mb   100.0% Refining
INFO:Malign:No identity filter
INFO:Malign:Star /work3/idamei/wzy/ssn-clusterings/2209140925/super-clusters/0020_1_117/seeds.txt
INFO:Malign:Star highlights 1 from comma-separated list
Read FASTA line_by_line from /work3/idamei/wzy/ssn-clusterings/2209140925/super-clusters/0020_1_117/sequences.afa 20 elements
INFO:Malign:No identity filter
INFO:Malign:Fasta contains 20 valid records
INFO:Malign:Aligned already
INFO:Malign:Align contains 20 valid records
FastTree Version 2.1.11 SSE3
Alignment: /work3/idamei/wzy/ssn-clusterings/2209140925/super-clusters/0020_1_117/sequences.afa
Amino acid distances: BLOSUM45 Joins: balanced Support: SH-like 1000
Search: Normal +NNI +SPR (2 rounds range 10) +ML-NNI opt-each=1
TopHits: 1.00*sqrtN close=default refresh=0.80
ML Model: Jones-Taylor-Thorton, CAT approximation with 20 rate categories
Initial topology in 0.00 seconds
Refining topology: 17 rounds ME-NNIs, 2 rounds ME-SPRs, 8 rounds ML-NNIs
Total branch-length 4.477 after 0.05 sec
ML-NNI round 1: LogLk = -8395.144 NNIs 2 max delta 1.49 Time 0.14
      0.14 seconds: Site likelihoods with rate category 1 of 20
Switched to using 20 rate categories (CAT approximation)
Rate categories were divided by 0.882 so that average rate = 1.0
CAT-based log-likelihoods may not be comparable across runs
Use -gamma for approximate but comparable Gamma(20) log-likelihoods
ML-NNI round 2: LogLk = -7970.194 NNIs 1 max delta 0.00 Time 0.23
Turning off heuristics for final round of ML NNIs (converged)
ML-NNI round 3: LogLk = -7965.093 NNIs 0 max delta 0.00 Time 0.33 (final)
      0.32 seconds: ML Lengths 1 of 17 splits
Optimize all lengths: LogLk = -7965.088 Time 0.36
Total time: 0.44 seconds Unique: 19/20 Bad splits: 0/16
