
muscle 5.1.linux64 [12f0e2]  396Gb RAM, 24 cores
Built Jan 13 2022 23:17:13
(C) Copyright 2004-2021 Robert C. Edgar.
https://drive5.com

Input: 23 seqs, avg length 400, max 441

00:00 3.9Mb  CPU has 24 cores, defaulting to 20 threads

WARNING: Max OMP threads 1

00:00 3.9Mb     0.4% Calc posteriors00:01 12Mb      5.5% Calc posteriors00:02 12Mb     16.2% Calc posteriors00:03 5.0Mb    27.3% Calc posteriors00:04 12Mb     37.5% Calc posteriors00:05 5.9Mb    47.8% Calc posteriors00:06 13Mb     57.3% Calc posteriors00:07 13Mb     67.2% Calc posteriors00:08 15Mb     77.1% Calc posteriors00:09 8.0Mb    86.6% Calc posteriors00:10 15Mb     98.4% Calc posteriors00:10 15Mb    100.0% Calc posteriors
00:10 15Mb      0.4% Consistency (1/2)00:10 15Mb    100.0% Consistency (1/2)
00:10 15Mb      0.4% Consistency (2/2)00:11 15Mb     0.79% Consistency (2/2)00:11 15Mb    100.0% Consistency (2/2)
00:11 15Mb      4.5% UPGMA5           00:11 15Mb    100.0% UPGMA5
00:11 15Mb      1.0% Refining00:12 15Mb     95.0% Refining00:12 15Mb    100.0% Refining
INFO:Malign:No identity filter
INFO:Malign:Star /work3/idamei/wzy/ssn-clusterings/2209140925/super-clusters/0023_2_23/seeds.txt
INFO:Malign:Star highlights 1 from comma-separated list
Read FASTA line_by_line from /work3/idamei/wzy/ssn-clusterings/2209140925/super-clusters/0023_2_23/sequences.afa 23 elements
INFO:Malign:No identity filter
INFO:Malign:Fasta contains 23 valid records
INFO:Malign:Aligned already
INFO:Malign:Align contains 23 valid records
FastTree Version 2.1.11 SSE3
Alignment: /work3/idamei/wzy/ssn-clusterings/2209140925/super-clusters/0023_2_23/sequences.afa
Amino acid distances: BLOSUM45 Joins: balanced Support: SH-like 1000
Search: Normal +NNI +SPR (2 rounds range 10) +ML-NNI opt-each=1
TopHits: 1.00*sqrtN close=default refresh=0.80
ML Model: Jones-Taylor-Thorton, CAT approximation with 20 rate categories
Initial topology in 0.01 seconds
Refining topology: 18 rounds ME-NNIs, 2 rounds ME-SPRs, 9 rounds ML-NNIs
      0.10 seconds: ME NNI round 13 of 18, 1 of 19 splits
Total branch-length 6.644 after 0.12 sec
ML-NNI round 1: LogLk = -11332.654 NNIs 2 max delta 0.45 Time 0.26
      0.26 seconds: Site likelihoods with rate category 1 of 20
Switched to using 20 rate categories (CAT approximation)
Rate categories were divided by 0.866 so that average rate = 1.0
CAT-based log-likelihoods may not be comparable across runs
Use -gamma for approximate but comparable Gamma(20) log-likelihoods
ML-NNI round 2: LogLk = -10981.863 NNIs 0 max delta 0.00 Time 0.40
Turning off heuristics for final round of ML NNIs (converged)
      0.40 seconds: ML NNI round 3 of 9, 1 of 19 splits
ML-NNI round 3: LogLk = -10981.405 NNIs 0 max delta 0.00 Time 0.56 (final)
      0.55 seconds: ML Lengths 1 of 19 splits
Optimize all lengths: LogLk = -10981.387 Time 0.60
Total time: 0.74 seconds Unique: 21/23 Bad splits: 0/18
