
muscle 5.1.linux64 [12f0e2]  396Gb RAM, 24 cores
Built Jan 13 2022 23:17:13
(C) Copyright 2004-2021 Robert C. Edgar.
https://drive5.com

Input: 20 seqs, avg length 421, max 432

00:01 3.9Mb  CPU has 24 cores, defaulting to 20 threads

WARNING: Max OMP threads 1

00:01 3.9Mb    0.53% Calc posteriors00:02 4.4Mb    18.4% Calc posteriors00:03 4.8Mb    35.8% Calc posteriors00:04 5.2Mb    52.1% Calc posteriors00:05 13Mb     68.4% Calc posteriors00:06 6.1Mb    83.7% Calc posteriors00:06 14Mb    100.0% Calc posteriors
00:06 6.5Mb    0.53% Consistency (1/2)00:07 8.0Mb    12.1% Consistency (1/2)00:07 10Mb    100.0% Consistency (1/2)
00:07 10Mb     0.53% Consistency (2/2)00:07 10Mb    100.0% Consistency (2/2)
00:07 10Mb      5.3% UPGMA5           00:07 10Mb    100.0% UPGMA5
00:07 10Mb      1.0% Refining00:07 11Mb    100.0% Refining
INFO:Malign:No identity filter
INFO:Malign:Star /work3/idamei/wzy/ssn-clusterings/2209081049/super-clusters/0020_1_223/seeds.txt
INFO:Malign:Star highlights 1 from comma-separated list
Read FASTA line_by_line from /work3/idamei/wzy/ssn-clusterings/2209081049/super-clusters/0020_1_223/sequences.afa 20 elements
INFO:Malign:No identity filter
INFO:Malign:Fasta contains 20 valid records
INFO:Malign:Aligned already
INFO:Malign:Align contains 20 valid records
FastTree Version 2.1.11 SSE3
Alignment: /work3/idamei/wzy/ssn-clusterings/2209081049/super-clusters/0020_1_223/sequences.afa
Amino acid distances: BLOSUM45 Joins: balanced Support: SH-like 1000
Search: Normal +NNI +SPR (2 rounds range 10) +ML-NNI opt-each=1
TopHits: 1.00*sqrtN close=default refresh=0.80
ML Model: Jones-Taylor-Thorton, CAT approximation with 20 rate categories
Initial topology in 0.00 seconds
Refining topology: 17 rounds ME-NNIs, 2 rounds ME-SPRs, 8 rounds ML-NNIs
Total branch-length 2.763 after 0.05 sec
ML-NNI round 1: LogLk = -5738.258 NNIs 1 max delta 4.47 Time 0.14
      0.14 seconds: Site likelihoods with rate category 1 of 20
Switched to using 20 rate categories (CAT approximation)
Rate categories were divided by 0.814 so that average rate = 1.0
CAT-based log-likelihoods may not be comparable across runs
Use -gamma for approximate but comparable Gamma(20) log-likelihoods
ML-NNI round 2: LogLk = -5473.242 NNIs 0 max delta 0.00 Time 0.24
Turning off heuristics for final round of ML NNIs (converged)
ML-NNI round 3: LogLk = -5473.019 NNIs 0 max delta 0.00 Time 0.33 (final)
      0.33 seconds: ML Lengths 1 of 17 splits
Optimize all lengths: LogLk = -5472.998 Time 0.37
Total time: 0.45 seconds Unique: 19/20 Bad splits: 0/16
