
muscle 5.1.linux64 [12f0e2]  396Gb RAM, 24 cores
Built Jan 13 2022 23:17:13
(C) Copyright 2004-2021 Robert C. Edgar.
https://drive5.com

Input: 13 seqs, avg length 380, max 384

00:00 3.9Mb  CPU has 24 cores, defaulting to 20 threads

WARNING: Max OMP threads 1

00:00 3.9Mb     1.3% Calc posteriors00:01 4.6Mb    42.3% Calc posteriors00:02 4.6Mb    92.3% Calc posteriors00:02 4.7Mb   100.0% Calc posteriors
00:02 4.7Mb     1.3% Consistency (1/2)00:02 6.5Mb   100.0% Consistency (1/2)
00:02 6.5Mb     1.3% Consistency (2/2)00:02 6.5Mb   100.0% Consistency (2/2)
00:02 6.5Mb     8.3% UPGMA5           00:02 6.5Mb   100.0% UPGMA5
00:02 6.5Mb     1.0% Refining00:02 6.8Mb   100.0% Refining
INFO:Malign:No identity filter
INFO:Malign:Star /work3/idamei/wzy/ssn-clusterings/2209121518/clusters/0013_99/seeds.txt
INFO:Malign:Star highlights 4
Read FASTA line_by_line from /work3/idamei/wzy/ssn-clusterings/2209121518/clusters/0013_99/sequences.afa 13 elements
INFO:Malign:No identity filter
INFO:Malign:Fasta contains 13 valid records
INFO:Malign:Aligned already
INFO:Malign:Align contains 13 valid records
FastTree Version 2.1.11 SSE3
Alignment: /work3/idamei/wzy/ssn-clusterings/2209121518/clusters/0013_99/sequences.afa
Amino acid distances: BLOSUM45 Joins: balanced Support: SH-like 1000
Search: Normal +NNI +SPR (2 rounds range 10) +ML-NNI opt-each=1
TopHits: 1.00*sqrtN close=default refresh=0.80
ML Model: Jones-Taylor-Thorton, CAT approximation with 20 rate categories
Ignored unknown character X (seen 1 times)
Initial topology in 0.00 seconds
Refining topology: 14 rounds ME-NNIs, 2 rounds ME-SPRs, 7 rounds ML-NNIs
Total branch-length 2.153 after 0.02 sec
ML-NNI round 1: LogLk = -4465.890 NNIs 2 max delta 4.10 Time 0.07
Switched to using 20 rate categories (CAT approximation)
Rate categories were divided by 0.814 so that average rate = 1.0
CAT-based log-likelihoods may not be comparable across runs
Use -gamma for approximate but comparable Gamma(20) log-likelihoods
ML-NNI round 2: LogLk = -4258.105 NNIs 0 max delta 0.00 Time 0.12
Turning off heuristics for final round of ML NNIs (converged)
      0.12 seconds: ML NNI round 3 of 7, 1 of 10 splits
ML-NNI round 3: LogLk = -4258.035 NNIs 0 max delta 0.00 Time 0.18 (final)
Optimize all lengths: LogLk = -4258.035 Time 0.19
Total time: 0.24 seconds Unique: 12/13 Bad splits: 0/9
