
muscle 5.1.linux64 [12f0e2]  396Gb RAM, 24 cores
Built Jan 13 2022 23:17:13
(C) Copyright 2004-2021 Robert C. Edgar.
https://drive5.com

Input: 23 seqs, avg length 409, max 429

00:00 3.9Mb  CPU has 24 cores, defaulting to 20 threads

WARNING: Max OMP threads 1

00:00 3.9Mb     0.4% Calc posteriors00:01 4.7Mb     3.6% Calc posteriors00:02 4.7Mb    17.4% Calc posteriors00:03 12Mb     32.4% Calc posteriors00:04 5.5Mb    45.5% Calc posteriors00:05 5.5Mb    57.3% Calc posteriors00:06 6.3Mb    70.0% Calc posteriors00:07 6.3Mb    81.8% Calc posteriors00:08 14Mb     94.9% Calc posteriors00:08 7.4Mb   100.0% Calc posteriors
00:08 7.4Mb     0.4% Consistency (1/2)00:08 11Mb    100.0% Consistency (1/2)
00:08 11Mb      0.4% Consistency (2/2)00:08 11Mb    100.0% Consistency (2/2)
00:08 11Mb      4.5% UPGMA5           00:08 11Mb    100.0% UPGMA5
00:08 11Mb      1.0% Refining00:08 12Mb    100.0% Refining
INFO:Malign:No identity filter
INFO:Malign:Star /work3/idamei/ssn-clusterings/2206070959/clusters/0023_47/seeds.txt
INFO:Malign:Star highlights 0
INFO:Malign:No identity filter
INFO:Malign:Fasta contains 23 valid records
INFO:Malign:Aligned already
INFO:Malign:Align contains 23 valid records
inputType: FASTA
================================================================================
WARNINGS

One or more weights was less than -50 bits.
To avoid such amino acid dominating the logo position, these was reduced to -50
bits.
To remove this warning you could try choosing the option of pseudo counts.
================================================================================

