
muscle 5.1.linux64 [12f0e2]  396Gb RAM, 24 cores
Built Jan 13 2022 23:17:13
(C) Copyright 2004-2021 Robert C. Edgar.
https://drive5.com

Input: 12 seqs, avg length 396, max 411

00:00 3.9Mb  CPU has 24 cores, defaulting to 20 threads

WARNING: Max OMP threads 1

00:00 3.9Mb     1.5% Calc posteriors00:01 4.7Mb    40.9% Calc posteriors00:02 4.7Mb    95.5% Calc posteriors00:02 4.7Mb   100.0% Calc posteriors
00:02 5.4Mb     1.5% Consistency (1/2)00:02 6.6Mb   100.0% Consistency (1/2)
00:02 6.6Mb     1.5% Consistency (2/2)00:02 6.6Mb   100.0% Consistency (2/2)
00:02 6.6Mb     9.1% UPGMA5           00:02 6.6Mb   100.0% UPGMA5
00:02 6.6Mb     1.0% Refining00:02 6.9Mb   100.0% Refining
/zhome/2b/2/141636/.lsbatch/1652281900.13557747.shell: line 31: /work3/garryg/bioP/bin/malign: No such file or directory
inputType: FASTA


muscle 5.1.linux64 [12f0e2]  396Gb RAM, 24 cores
Built Jan 13 2022 23:17:13
(C) Copyright 2004-2021 Robert C. Edgar.
https://drive5.com

Input: 12 seqs, avg length 396, max 411

00:00 3.9Mb  CPU has 24 cores, defaulting to 20 threads

WARNING: Max OMP threads 1

00:00 3.9Mb     1.5% Calc posteriors00:01 4.7Mb    30.3% Calc posteriors00:02 4.7Mb    80.3% Calc posteriors00:02 4.7Mb   100.0% Calc posteriors
00:02 5.4Mb     1.5% Consistency (1/2)00:02 6.6Mb   100.0% Consistency (1/2)
00:02 6.6Mb     1.5% Consistency (2/2)00:02 6.6Mb   100.0% Consistency (2/2)
00:02 6.6Mb     9.1% UPGMA5           00:02 6.6Mb   100.0% UPGMA5
00:02 6.6Mb     1.0% Refining00:02 6.9Mb   100.0% Refining
INFO:Malign:Fasta contains 12 valid records
INFO:Malign:Aligned already
INFO:Malign:Align contains 12 valid records
inputType: FASTA

