
muscle 5.1.linux64 [12f0e2]  792Gb RAM, 32 cores
Built Jan 13 2022 23:17:13
(C) Copyright 2004-2021 Robert C. Edgar.
https://drive5.com

Input: 28 seqs, avg length 384, max 404

00:00 3.9Mb  CPU has 32 cores, defaulting to 20 threads

WARNING: Max OMP threads 1

00:00 3.9Mb    0.26% Calc posteriors00:01 4.7Mb     6.1% Calc posteriors00:02 4.8Mb    13.8% Calc posteriors00:03 5.5Mb    22.2% Calc posteriors00:04 6.1Mb    30.2% Calc posteriors00:05 6.1Mb    37.6% Calc posteriors00:06 6.5Mb    45.2% Calc posteriors00:07 6.9Mb    52.9% Calc posteriors00:08 7.3Mb    60.3% Calc posteriors00:09 7.8Mb    67.7% Calc posteriors00:10 8.3Mb    75.4% Calc posteriors00:11 8.7Mb    83.6% Calc posteriors00:12 9.1Mb    91.3% Calc posteriors00:13 9.8Mb    99.2% Calc posteriors00:13 9.8Mb   100.0% Calc posteriors
00:13 9.8Mb    0.26% Consistency (1/2)00:13 16Mb    100.0% Consistency (1/2)
00:13 16Mb     0.26% Consistency (2/2)00:14 16Mb     16.9% Consistency (2/2)00:14 16Mb    100.0% Consistency (2/2)
00:14 16Mb      3.7% UPGMA5           00:14 16Mb    100.0% UPGMA5
00:14 16Mb      1.0% Refining00:14 18Mb    100.0% Refining
INFO:Malign:No identity filter
INFO:Malign:Star /work3/idamei/ssn-clusterings/2206071104/clusters/0028_151/seeds.txt
INFO:Malign:Star highlights 2
INFO:Malign:No identity filter
INFO:Malign:Fasta contains 28 valid records
INFO:Malign:Aligned already
INFO:Malign:Align contains 28 valid records
inputType: FASTA
================================================================================
WARNINGS

One or more weights was less than -50 bits.
To avoid such amino acid dominating the logo position, these was reduced to -50
bits.
To remove this warning you could try choosing the option of pseudo counts.
================================================================================

