
muscle 5.1.linux64 [12f0e2]  396Gb RAM, 32 cores
Built Jan 13 2022 23:17:13
(C) Copyright 2004-2021 Robert C. Edgar.
https://drive5.com

Input: 16 seqs, avg length 346, max 369

00:00 3.9Mb  CPU has 32 cores, defaulting to 20 threads

WARNING: Max OMP threads 1

00:00 3.9Mb    0.83% Calc posteriors00:01 4.6Mb    12.5% Calc posteriors00:02 9.6Mb    46.7% Calc posteriors00:03 5.3Mb    79.2% Calc posteriors00:03 5.3Mb   100.0% Calc posteriors
00:03 5.3Mb    0.83% Consistency (1/2)00:03 6.7Mb   100.0% Consistency (1/2)
00:03 6.7Mb    0.83% Consistency (2/2)00:03 6.7Mb   100.0% Consistency (2/2)
00:03 6.7Mb     6.7% UPGMA5           00:03 6.7Mb   100.0% UPGMA5
00:03 6.8Mb     1.0% Refining00:03 7.8Mb   100.0% Refining
INFO:Malign:No identity filter
INFO:Malign:Star /work3/idamei/ssn-clusterings/2206071111/clusters/0016_84/seeds.txt
INFO:Malign:Star highlights 0
INFO:Malign:No identity filter
INFO:Malign:Fasta contains 16 valid records
INFO:Malign:Aligned already
INFO:Malign:Align contains 16 valid records

================================================================================
ERROR
Error occurred during parsing of your input file.
Unknown symbol (J) encountered in a sequence.

You could either remove the symbol, or provide a background frequencies for all
symbols.
================================================================================

