
muscle 5.1.linux64 [12f0e2]  396Gb RAM, 24 cores
Built Jan 13 2022 23:17:13
(C) Copyright 2004-2021 Robert C. Edgar.
https://drive5.com

Input: 19 seqs, avg length 395, max 408

00:00 3.9Mb  CPU has 24 cores, defaulting to 20 threads

WARNING: Max OMP threads 1

00:00 3.9Mb    0.58% Calc posteriors00:01 4.7Mb    14.6% Calc posteriors00:02 4.7Mb    31.6% Calc posteriors00:03 4.8Mb    48.5% Calc posteriors00:04 5.5Mb    65.5% Calc posteriors00:05 5.5Mb    81.9% Calc posteriors00:06 5.6Mb    98.2% Calc posteriors00:06 5.6Mb   100.0% Calc posteriors
00:06 5.6Mb    0.58% Consistency (1/2)00:06 8.2Mb   100.0% Consistency (1/2)
00:06 8.2Mb    0.58% Consistency (2/2)00:06 8.2Mb   100.0% Consistency (2/2)
00:06 8.2Mb     5.6% UPGMA5           00:06 8.2Mb   100.0% UPGMA5
00:06 8.2Mb     1.0% Refining00:06 9.2Mb   100.0% Refining
INFO:Malign:No identity filter
INFO:Malign:Star /work3/idamei/ssn-clusterings/2206011120/clusters/0019_122/seeds.txt
INFO:Malign:Star highlights 4
INFO:Malign:No identity filter
INFO:Malign:Fasta contains 19 valid records
INFO:Malign:Aligned already
INFO:Malign:Align contains 19 valid records
inputType: FASTA

