
muscle 5.1.linux64 [12f0e2]  396Gb RAM, 24 cores
Built Jan 13 2022 23:17:13
(C) Copyright 2004-2021 Robert C. Edgar.
https://drive5.com

Input: 15 seqs, avg length 327, max 343

00:00 3.9Mb  CPU has 24 cores, defaulting to 20 threads

WARNING: Max OMP threads 1

00:00 3.9Mb    0.95% Calc posteriors00:01 4.5Mb    40.0% Calc posteriors00:02 4.9Mb    85.7% Calc posteriors00:02 5.1Mb   100.0% Calc posteriors
00:02 5.1Mb    0.95% Consistency (1/2)00:02 6.9Mb   100.0% Consistency (1/2)
00:02 6.9Mb    0.95% Consistency (2/2)00:02 6.9Mb   100.0% Consistency (2/2)
00:02 6.9Mb     7.1% UPGMA5           00:02 6.9Mb   100.0% UPGMA5
00:02 6.9Mb     1.0% Refining00:02 7.6Mb   100.0% Refining
INFO:Malign:No identity filter
INFO:Malign:Star /work3/idamei/wzy/ssn-clusterings/2209140925/super-clusters/0015_1_155/seeds.txt
INFO:Malign:Star highlights 1 from comma-separated list
Read FASTA line_by_line from /work3/idamei/wzy/ssn-clusterings/2209140925/super-clusters/0015_1_155/sequences.afa 15 elements
INFO:Malign:No identity filter
INFO:Malign:Fasta contains 15 valid records
INFO:Malign:Aligned already
INFO:Malign:Align contains 15 valid records
FastTree Version 2.1.11 SSE3
Alignment: /work3/idamei/wzy/ssn-clusterings/2209140925/super-clusters/0015_1_155/sequences.afa
Amino acid distances: BLOSUM45 Joins: balanced Support: SH-like 1000
Search: Normal +NNI +SPR (2 rounds range 10) +ML-NNI opt-each=1
TopHits: 1.00*sqrtN close=default refresh=0.80
ML Model: Jones-Taylor-Thorton, CAT approximation with 20 rate categories
Initial topology in 0.00 seconds
Refining topology: 16 rounds ME-NNIs, 2 rounds ME-SPRs, 8 rounds ML-NNIs
Total branch-length 5.030 after 0.04 sec
ML-NNI round 1: LogLk = -8019.586 NNIs 0 max delta 0.00 Time 0.10
      0.10 seconds: Site likelihoods with rate category 4 of 20
Switched to using 20 rate categories (CAT approximation)
Rate categories were divided by 0.898 so that average rate = 1.0
CAT-based log-likelihoods may not be comparable across runs
Use -gamma for approximate but comparable Gamma(20) log-likelihoods
ML-NNI round 2: LogLk = -7634.405 NNIs 0 max delta 0.00 Time 0.14
Turning off heuristics for final round of ML NNIs (converged)
ML-NNI round 3: LogLk = -7631.941 NNIs 0 max delta 0.00 Time 0.21 (final)
      0.20 seconds: ML Lengths 1 of 13 splits
Optimize all lengths: LogLk = -7631.859 Time 0.23
Total time: 0.29 seconds Unique: 15/15 Bad splits: 0/12
