
muscle 5.1.linux64 [12f0e2]  396Gb RAM, 24 cores
Built Jan 13 2022 23:17:13
(C) Copyright 2004-2021 Robert C. Edgar.
https://drive5.com

Input: 26 seqs, avg length 408, max 500

00:00 3.9Mb  CPU has 24 cores, defaulting to 20 threads

WARNING: Max OMP threads 1

00:00 3.9Mb    0.31% Calc posteriors00:01 12Mb      3.4% Calc posteriors00:02 12Mb     12.6% Calc posteriors00:03 4.9Mb    20.6% Calc posteriors00:04 12Mb     29.2% Calc posteriors00:05 12Mb     38.2% Calc posteriors00:06 13Mb     47.4% Calc posteriors00:07 13Mb     56.9% Calc posteriors00:08 14Mb     66.2% Calc posteriors00:09 14Mb     75.7% Calc posteriors00:10 14Mb     84.6% Calc posteriors00:11 14Mb     93.8% Calc posteriors00:11 14Mb    100.0% Calc posteriors
00:11 14Mb     0.31% Consistency (1/2)00:11 14Mb    100.0% Consistency (1/2)
00:11 14Mb     0.31% Consistency (2/2)00:12 14Mb     32.6% Consistency (2/2)00:12 14Mb    100.0% Consistency (2/2)
00:12 14Mb      4.0% UPGMA5           00:12 14Mb    100.0% UPGMA5
00:12 14Mb      1.0% Refining00:12 14Mb    100.0% Refining
INFO:Malign:No identity filter
INFO:Malign:Star /work3/idamei/ssn-clusterings/2206070959/clusters/0026_137/seeds.txt
INFO:Malign:Star highlights 0
INFO:Malign:No identity filter
INFO:Malign:Fasta contains 26 valid records
INFO:Malign:Aligned already
INFO:Malign:Align contains 26 valid records
inputType: FASTA
================================================================================
WARNINGS

One or more weights was less than -50 bits.
To avoid such amino acid dominating the logo position, these was reduced to -50
bits.
To remove this warning you could try choosing the option of pseudo counts.
================================================================================

