
muscle 5.1.linux64 [12f0e2]  396Gb RAM, 24 cores
Built Jan 13 2022 23:17:13
(C) Copyright 2004-2021 Robert C. Edgar.
https://drive5.com

Input: 18 seqs, avg length 441, max 463

00:01 3.9Mb  CPU has 24 cores, defaulting to 20 threads

WARNING: Max OMP threads 1

00:01 3.9Mb    0.65% Calc posteriors00:02 4.9Mb    20.3% Calc posteriors00:03 4.9Mb    38.6% Calc posteriors00:04 5.0Mb    57.5% Calc posteriors00:05 5.4Mb    76.5% Calc posteriors00:06 6.4Mb    93.5% Calc posteriors00:06 6.4Mb   100.0% Calc posteriors
00:06 7.3Mb    0.65% Consistency (1/2)00:06 8.9Mb   100.0% Consistency (1/2)
00:06 8.9Mb    0.65% Consistency (2/2)00:06 8.9Mb   100.0% Consistency (2/2)
00:06 8.9Mb     5.9% UPGMA5           00:06 8.9Mb   100.0% UPGMA5
00:06 9.2Mb     1.0% Refining00:06 10.0Mb  100.0% Refining
INFO:Malign:No identity filter
INFO:Malign:Star /work3/idamei/wzy/ssn-clusterings/2209081049/super-clusters/0018_2_19/seeds.txt
INFO:Malign:Star highlights 1 from comma-separated list
Read FASTA line_by_line from /work3/idamei/wzy/ssn-clusterings/2209081049/super-clusters/0018_2_19/sequences.afa 18 elements
INFO:Malign:No identity filter
INFO:Malign:Fasta contains 18 valid records
INFO:Malign:Aligned already
INFO:Malign:Align contains 18 valid records
FastTree Version 2.1.11 SSE3
Alignment: /work3/idamei/wzy/ssn-clusterings/2209081049/super-clusters/0018_2_19/sequences.afa
Amino acid distances: BLOSUM45 Joins: balanced Support: SH-like 1000
Search: Normal +NNI +SPR (2 rounds range 10) +ML-NNI opt-each=1
TopHits: 1.00*sqrtN close=default refresh=0.80
ML Model: Jones-Taylor-Thorton, CAT approximation with 20 rate categories
Initial topology in 0.00 seconds
Refining topology: 16 rounds ME-NNIs, 2 rounds ME-SPRs, 8 rounds ML-NNIs
Total branch-length 4.925 after 0.05 sec
ML-NNI round 1: LogLk = -10898.723 NNIs 0 max delta 0.00 Time 0.13
      0.13 seconds: Site likelihoods with rate category 1 of 20
Switched to using 20 rate categories (CAT approximation)
Rate categories were divided by 0.897 so that average rate = 1.0
CAT-based log-likelihoods may not be comparable across runs
Use -gamma for approximate but comparable Gamma(20) log-likelihoods
ML-NNI round 2: LogLk = -10352.598 NNIs 0 max delta 0.00 Time 0.18
Turning off heuristics for final round of ML NNIs (converged)
ML-NNI round 3: LogLk = -10345.949 NNIs 0 max delta 0.00 Time 0.26 (final)
      0.26 seconds: ML Lengths 1 of 14 splits
Optimize all lengths: LogLk = -10345.694 Time 0.29
Total time: 0.36 seconds Unique: 16/18 Bad splits: 0/13
