
muscle 5.1.linux64 [12f0e2]  396Gb RAM, 24 cores
Built Jan 13 2022 23:17:13
(C) Copyright 2004-2021 Robert C. Edgar.
https://drive5.com

Input: 13 seqs, avg length 408, max 440

00:00 3.9Mb  CPU has 24 cores, defaulting to 20 threads

WARNING: Max OMP threads 1

00:00 3.9Mb     1.3% Calc posteriors00:01 4.7Mb    19.2% Calc posteriors00:02 4.7Mb    52.6% Calc posteriors00:03 4.7Mb    85.9% Calc posteriors00:03 4.8Mb   100.0% Calc posteriors
00:03 4.8Mb     1.3% Consistency (1/2)00:03 6.8Mb   100.0% Consistency (1/2)
00:03 6.8Mb     1.3% Consistency (2/2)00:03 6.8Mb   100.0% Consistency (2/2)
00:03 6.8Mb     8.3% UPGMA5           00:03 6.8Mb   100.0% UPGMA5
00:03 6.8Mb     1.0% Refining00:03 7.4Mb   100.0% Refining
INFO:Malign:No identity filter
INFO:Malign:Star /work3/idamei/ssn-clusterings/2206011120/clusters/0013_50/seeds.txt
INFO:Malign:Star highlights 2
INFO:Malign:No identity filter
INFO:Malign:Fasta contains 13 valid records
INFO:Malign:Aligned already
INFO:Malign:Align contains 13 valid records
inputType: FASTA

