
muscle 5.1.linux64 [12f0e2]  396Gb RAM, 32 cores
Built Jan 13 2022 23:17:13
(C) Copyright 2004-2021 Robert C. Edgar.
https://drive5.com

Input: 2 seqs, avg length 432, max 439

00:00 3.9Mb  CPU has 32 cores, defaulting to 20 threads

WARNING: Max OMP threads 1

00:00 3.9Mb   100.0% Calc posteriors
00:00 3.9Mb   100.0% UPGMA5         
/zhome/2b/2/141636/.lsbatch/1652281871.13557601.shell: line 31: /work3/garryg/bioP/bin/malign: No such file or directory
inputType: FASTA


muscle 5.1.linux64 [12f0e2]  396Gb RAM, 32 cores
Built Jan 13 2022 23:17:13
(C) Copyright 2004-2021 Robert C. Edgar.
https://drive5.com

Input: 2 seqs, avg length 432, max 439

00:00 3.9Mb  CPU has 32 cores, defaulting to 20 threads

WARNING: Max OMP threads 1

00:00 3.9Mb   100.0% Calc posteriors
00:00 3.9Mb   100.0% UPGMA5         
INFO:Malign:Fasta contains 2 valid records
INFO:Malign:Aligned already
INFO:Malign:Align contains 2 valid records
inputType: FASTA

