
muscle 5.1.linux64 [12f0e2]  792Gb RAM, 24 cores
Built Jan 13 2022 23:17:13
(C) Copyright 2004-2021 Robert C. Edgar.
https://drive5.com

Input: 12 seqs, avg length 395, max 422

00:00 3.9Mb  CPU has 24 cores, defaulting to 20 threads

WARNING: Max OMP threads 1

00:00 3.9Mb     1.5% Calc posteriors00:01 3.9Mb     3.0% Calc posteriors00:02 4.7Mb    45.5% Calc posteriors00:03 4.7Mb    89.4% Calc posteriors00:03 11Mb    100.0% Calc posteriors
00:03 11Mb      1.5% Consistency (1/2)00:03 11Mb    100.0% Consistency (1/2)
00:03 11Mb      1.5% Consistency (2/2)00:03 11Mb    100.0% Consistency (2/2)
00:03 11Mb      9.1% UPGMA5           00:03 11Mb    100.0% UPGMA5
00:03 11Mb      1.0% Refining00:03 11Mb    100.0% Refining
INFO:Malign:No identity filter
INFO:Malign:Star /work3/idamei/ssn-clusterings/2206070959/clusters/0012_143/seeds.txt
INFO:Malign:Star highlights 1
INFO:Malign:No identity filter
INFO:Malign:Fasta contains 12 valid records
INFO:Malign:Aligned already
INFO:Malign:Align contains 12 valid records
inputType: FASTA
================================================================================
WARNINGS

One or more weights was less than -50 bits.
To avoid such amino acid dominating the logo position, these was reduced to -50
bits.
To remove this warning you could try choosing the option of pseudo counts.
================================================================================

