
muscle 5.1.linux64 [12f0e2]  396Gb RAM, 24 cores
Built Jan 13 2022 23:17:13
(C) Copyright 2004-2021 Robert C. Edgar.
https://drive5.com

Input: 24 seqs, avg length 366, max 384

00:00 3.9Mb  CPU has 24 cores, defaulting to 20 threads

WARNING: Max OMP threads 1

00:00 3.9Mb    0.36% Calc posteriors00:01 4.6Mb    10.5% Calc posteriors00:02 4.8Mb    24.6% Calc posteriors00:03 5.7Mb    38.8% Calc posteriors00:04 5.7Mb    52.5% Calc posteriors00:05 6.1Mb    65.6% Calc posteriors00:06 6.5Mb    81.2% Calc posteriors00:07 13Mb     95.7% Calc posteriors00:07 13Mb    100.0% Calc posteriors
00:07 13Mb     0.36% Consistency (1/2)00:07 13Mb    100.0% Consistency (1/2)
00:07 13Mb     0.36% Consistency (2/2)00:07 13Mb    100.0% Consistency (2/2)
00:07 13Mb      4.3% UPGMA5           00:07 13Mb    100.0% UPGMA5
00:07 13Mb      1.0% Refining00:07 13Mb    100.0% Refining
INFO:Malign:No identity filter
INFO:Malign:Star /work3/idamei/wzy/ssn-clusterings/2209161239/super-clusters/0024_1_135/seeds.txt
INFO:Malign:Star highlights 1 from comma-separated list
Read FASTA line_by_line from /work3/idamei/wzy/ssn-clusterings/2209161239/super-clusters/0024_1_135/sequences.afa 24 elements
INFO:Malign:No identity filter
INFO:Malign:Fasta contains 24 valid records
INFO:Malign:Aligned already
INFO:Malign:Align contains 24 valid records
FastTree Version 2.1.11 SSE3
Alignment: /work3/idamei/wzy/ssn-clusterings/2209161239/super-clusters/0024_1_135/sequences.afa
Amino acid distances: BLOSUM45 Joins: balanced Support: SH-like 1000
Search: Normal +NNI +SPR (2 rounds range 10) +ML-NNI opt-each=1
TopHits: 1.00*sqrtN close=default refresh=0.80
ML Model: Jones-Taylor-Thorton, CAT approximation with 20 rate categories
Initial topology in 0.01 seconds
Refining topology: 18 rounds ME-NNIs, 2 rounds ME-SPRs, 9 rounds ML-NNIs
Total branch-length 4.973 after 0.07 sec
ML-NNI round 1: LogLk = -8761.045 NNIs 2 max delta 1.76 Time 0.18
      0.18 seconds: Site likelihoods with rate category 1 of 20
Switched to using 20 rate categories (CAT approximation)
Rate categories were divided by 0.886 so that average rate = 1.0
CAT-based log-likelihoods may not be comparable across runs
Use -gamma for approximate but comparable Gamma(20) log-likelihoods
ML-NNI round 2: LogLk = -8403.145 NNIs 2 max delta 0.16 Time 0.29
      0.28 seconds: ML NNI round 3 of 9, 1 of 22 splits
ML-NNI round 3: LogLk = -8403.002 NNIs 1 max delta 0.00 Time 0.32
Turning off heuristics for final round of ML NNIs (converged)
ML-NNI round 4: LogLk = -8400.693 NNIs 0 max delta 0.00 Time 0.43 (final)
      0.42 seconds: ML Lengths 1 of 22 splits
Optimize all lengths: LogLk = -8400.681 Time 0.46
Total time: 0.57 seconds Unique: 24/24 Bad splits: 0/21
