
muscle 5.1.linux64 [12f0e2]  396Gb RAM, 24 cores
Built Jan 13 2022 23:17:13
(C) Copyright 2004-2021 Robert C. Edgar.
https://drive5.com

Input: 21 seqs, avg length 466, max 491

00:00 3.9Mb  CPU has 24 cores, defaulting to 20 threads

WARNING: Max OMP threads 1

00:00 3.9Mb    0.48% Calc posteriors00:01 4.9Mb     6.7% Calc posteriors00:02 4.9Mb    20.5% Calc posteriors00:03 4.9Mb    32.4% Calc posteriors00:04 5.3Mb    44.8% Calc posteriors00:05 6.3Mb    56.7% Calc posteriors00:06 6.3Mb    69.0% Calc posteriors00:07 6.4Mb    81.4% Calc posteriors00:08 6.7Mb    94.3% Calc posteriors00:08 6.8Mb   100.0% Calc posteriors
00:08 6.8Mb    0.48% Consistency (1/2)00:08 11Mb    100.0% Consistency (1/2)
00:08 11Mb     0.48% Consistency (2/2)00:08 11Mb    100.0% Consistency (2/2)
00:08 11Mb      5.0% UPGMA5           00:08 11Mb    100.0% UPGMA5
00:08 11Mb      1.0% Refining00:09 12Mb     66.0% Refining00:09 13Mb    100.0% Refining
INFO:Malign:No identity filter
INFO:Malign:Star /work3/idamei/wzy/ssn-clusterings/2210041007/superclusterings/2210041009/superclusters/0021_1_190/seeds.txt
INFO:Malign:Star highlights 1 from comma-separated list
Read FASTA line_by_line from /work3/idamei/wzy/ssn-clusterings/2210041007/superclusterings/2210041009/superclusters/0021_1_190/sequences.afa 21 elements
INFO:Malign:No identity filter
INFO:Malign:Fasta contains 21 valid records
INFO:Malign:Aligned already
INFO:Malign:Align contains 21 valid records
FastTree Version 2.1.11 SSE3
Alignment: /work3/idamei/wzy/ssn-clusterings/2210041007/superclusterings/2210041009/superclusters/0021_1_190/sequences.afa
Amino acid distances: BLOSUM45 Joins: balanced Support: SH-like 1000
Search: Normal +NNI +SPR (2 rounds range 10) +ML-NNI opt-each=1
TopHits: 1.00*sqrtN close=default refresh=0.80
ML Model: Jones-Taylor-Thorton, CAT approximation with 20 rate categories
Initial topology in 0.01 seconds
Refining topology: 18 rounds ME-NNIs, 2 rounds ME-SPRs, 9 rounds ML-NNIs
      0.13 seconds: ME NNI round 13 of 18, 1 of 19 splits
Total branch-length 8.626 after 0.14 sec
ML-NNI round 1: LogLk = -18357.097 NNIs 2 max delta 1.28 Time 0.31
      0.31 seconds: Site likelihoods with rate category 1 of 20
Switched to using 20 rate categories (CAT approximation)
Rate categories were divided by 0.964 so that average rate = 1.0
CAT-based log-likelihoods may not be comparable across runs
Use -gamma for approximate but comparable Gamma(20) log-likelihoods
ML-NNI round 2: LogLk = -17507.402 NNIs 1 max delta 0.08 Time 0.49
Turning off heuristics for final round of ML NNIs (converged)
      0.49 seconds: ML NNI round 3 of 9, 1 of 19 splits
ML-NNI round 3: LogLk = -17501.198 NNIs 1 max delta 0.04 Time 0.68 (final)
      0.68 seconds: ML Lengths 1 of 19 splits
Optimize all lengths: LogLk = -17501.115 Time 0.73
Total time: 0.87 seconds Unique: 21/21 Bad splits: 0/18
