
muscle 5.1.linux64 [12f0e2]  396Gb RAM, 32 cores
Built Jan 13 2022 23:17:13
(C) Copyright 2004-2021 Robert C. Edgar.
https://drive5.com

Input: 22 seqs, avg length 346, max 355

00:00 3.9Mb  CPU has 32 cores, defaulting to 20 threads

WARNING: Max OMP threads 1

00:00 3.9Mb    0.43% Calc posteriors00:01 4.6Mb    12.1% Calc posteriors00:02 4.6Mb    29.9% Calc posteriors00:03 4.9Mb    47.2% Calc posteriors00:04 5.2Mb    64.1% Calc posteriors00:05 5.5Mb    82.3% Calc posteriors00:05 5.8Mb   100.0% Calc posteriors
00:06 5.9Mb    0.43% Consistency (1/2)00:06 8.3Mb   100.0% Consistency (1/2)
00:06 8.3Mb    0.43% Consistency (2/2)00:06 8.3Mb   100.0% Consistency (2/2)
00:06 8.3Mb     4.8% UPGMA5           00:06 8.3Mb   100.0% UPGMA5
00:06 8.5Mb     1.0% Refining00:06 9.6Mb   100.0% Refining
/zhome/2b/2/141636/.lsbatch/1652281901.13557755.shell: line 31: /work3/garryg/bioP/bin/malign: No such file or directory
inputType: FASTA


muscle 5.1.linux64 [12f0e2]  396Gb RAM, 24 cores
Built Jan 13 2022 23:17:13
(C) Copyright 2004-2021 Robert C. Edgar.
https://drive5.com

Input: 22 seqs, avg length 346, max 355

00:00 3.9Mb  CPU has 24 cores, defaulting to 20 threads

WARNING: Max OMP threads 1

00:00 3.9Mb    0.43% Calc posteriors00:01 4.6Mb    10.8% Calc posteriors00:02 4.6Mb    30.3% Calc posteriors00:03 4.9Mb    49.4% Calc posteriors00:04 5.3Mb    69.3% Calc posteriors00:05 5.7Mb    90.0% Calc posteriors00:05 5.8Mb   100.0% Calc posteriors
00:05 5.9Mb    0.43% Consistency (1/2)00:05 8.3Mb   100.0% Consistency (1/2)
00:05 8.3Mb    0.43% Consistency (2/2)00:05 8.3Mb   100.0% Consistency (2/2)
00:05 8.3Mb     4.8% UPGMA5           00:05 8.3Mb   100.0% UPGMA5
00:05 8.5Mb     1.0% Refining00:05 9.6Mb   100.0% Refining
INFO:Malign:Fasta contains 22 valid records
INFO:Malign:Aligned already
INFO:Malign:Align contains 22 valid records
inputType: FASTA

