
muscle 5.1.linux64 [12f0e2]  396Gb RAM, 32 cores
Built Jan 13 2022 23:17:13
(C) Copyright 2004-2021 Robert C. Edgar.
https://drive5.com

Input: 20 seqs, avg length 382, max 385

00:00 3.9Mb  CPU has 32 cores, defaulting to 20 threads

WARNING: Max OMP threads 1

00:00 3.9Mb    0.53% Calc posteriors00:01 4.7Mb    15.3% Calc posteriors00:02 4.7Mb    36.3% Calc posteriors00:03 4.9Mb    56.8% Calc posteriors00:04 5.6Mb    74.7% Calc posteriors00:05 5.6Mb    93.2% Calc posteriors00:05 5.6Mb   100.0% Calc posteriors
00:05 5.6Mb    0.53% Consistency (1/2)00:05 8.0Mb   100.0% Consistency (1/2)
00:05 8.0Mb    0.53% Consistency (2/2)00:05 8.0Mb   100.0% Consistency (2/2)
00:05 8.0Mb     5.3% UPGMA5           00:05 8.0Mb   100.0% UPGMA5
00:05 8.2Mb     1.0% Refining00:05 9.0Mb   100.0% Refining
INFO:Malign:No identity filter
INFO:Malign:Star /work3/idamei/ssn-clusterings/2206011120/clusters/0020_70/seeds.txt
INFO:Malign:Star highlights 7
INFO:Malign:No identity filter
INFO:Malign:Fasta contains 20 valid records
INFO:Malign:Aligned already
INFO:Malign:Align contains 20 valid records
inputType: FASTA


muscle 5.1.linux64 [12f0e2]  131Gb RAM, 20 cores
Built Jan 13 2022 23:17:13
(C) Copyright 2004-2021 Robert C. Edgar.
https://drive5.com

Input: 20 seqs, avg length 382, max 385


WARNING: Max OMP threads 1

00:00 3.9Mb  CPU has 20 cores, running 1 threads
00:00 3.9Mb    0.53% Calc posteriors00:01 4.7Mb    11.6% Calc posteriors00:02 4.7Mb    33.7% Calc posteriors00:03 4.9Mb    54.7% Calc posteriors00:04 5.6Mb    74.2% Calc posteriors00:05 5.6Mb    93.2% Calc posteriors00:05 5.6Mb   100.0% Calc posteriors
00:05 5.6Mb    0.53% Consistency (1/2)00:05 8.0Mb   100.0% Consistency (1/2)
00:05 8.0Mb    0.53% Consistency (2/2)00:05 8.0Mb   100.0% Consistency (2/2)
00:05 8.0Mb     5.3% UPGMA5           00:05 8.0Mb   100.0% UPGMA5
00:05 8.2Mb     1.0% Refining00:05 9.0Mb   100.0% Refining
INFO:Malign:No identity filter
INFO:Malign:Star /work3/idamei/ssn-clusterings/2206011120/clusters/0020_70/seeds.txt
INFO:Malign:Star highlights 7
INFO:Malign:No identity filter
INFO:Malign:Fasta contains 20 valid records
INFO:Malign:Aligned already
INFO:Malign:Align contains 20 valid records
inputType: FASTA

