
muscle 5.1.linux64 [12f0e2]  792Gb RAM, 32 cores
Built Jan 13 2022 23:17:13
(C) Copyright 2004-2021 Robert C. Edgar.
https://drive5.com

Input: 25 seqs, avg length 449, max 463

00:00 3.9Mb  CPU has 32 cores, defaulting to 20 threads

WARNING: Max OMP threads 1

00:00 3.9Mb    0.33% Calc posteriors00:01 4.9Mb     4.0% Calc posteriors00:02 4.9Mb    11.7% Calc posteriors00:03 4.9Mb    19.3% Calc posteriors00:04 5.0Mb    27.0% Calc posteriors00:05 14Mb     35.0% Calc posteriors00:06 6.1Mb    43.0% Calc posteriors00:07 6.1Mb    50.7% Calc posteriors00:08 14Mb     58.3% Calc posteriors00:09 6.4Mb    66.0% Calc posteriors00:10 6.7Mb    74.0% Calc posteriors00:11 7.0Mb    82.0% Calc posteriors00:12 7.9Mb    89.7% Calc posteriors00:13 7.9Mb    98.0% Calc posteriors00:13 7.9Mb   100.0% Calc posteriors
00:13 7.9Mb    0.33% Consistency (1/2)00:13 12Mb    100.0% Consistency (1/2)
00:13 12Mb     0.33% Consistency (2/2)00:13 12Mb    100.0% Consistency (2/2)
00:13 12Mb      4.2% UPGMA5           00:13 12Mb    100.0% UPGMA5
00:13 12Mb      1.0% Refining00:13 14Mb    100.0% Refining
INFO:Malign:No identity filter
INFO:Malign:Star /work3/idamei/ssn-clusterings/2206011120/clusters/0025_97/seeds.txt
INFO:Malign:Star highlights 1
INFO:Malign:No identity filter
INFO:Malign:Fasta contains 25 valid records
INFO:Malign:Aligned already
INFO:Malign:Align contains 25 valid records
inputType: FASTA

