
muscle 5.1.linux64 [12f0e2]  792Gb RAM, 32 cores
Built Jan 13 2022 23:17:13
(C) Copyright 2004-2021 Robert C. Edgar.
https://drive5.com

Input: 16 seqs, avg length 374, max 425

00:00 3.9Mb  CPU has 32 cores, defaulting to 20 threads

WARNING: Max OMP threads 1

00:00 3.9Mb    0.83% Calc posteriors00:01 4.7Mb    27.5% Calc posteriors00:02 4.8Mb    67.5% Calc posteriors00:03 11Mb    100.0% Calc posteriors
00:03 4.9Mb    0.83% Consistency (1/2)00:03 6.7Mb   100.0% Consistency (1/2)
00:03 6.7Mb    0.83% Consistency (2/2)00:03 6.7Mb   100.0% Consistency (2/2)
00:03 6.7Mb     6.7% UPGMA5           00:03 6.7Mb   100.0% UPGMA5
00:03 7.0Mb     1.0% Refining00:03 7.5Mb   100.0% Refining
/zhome/2b/2/141636/.lsbatch/1652281900.13557746.shell: line 31: /work3/garryg/bioP/bin/malign: No such file or directory

================================================================================
ERROR
Error occurred during parsing of your input file.
Unknown symbol ([) encountered in a sequence.

You could either remove the symbol, or provide a background frequencies for all
symbols.
================================================================================


muscle 5.1.linux64 [12f0e2]  396Gb RAM, 32 cores
Built Jan 13 2022 23:17:13
(C) Copyright 2004-2021 Robert C. Edgar.
https://drive5.com

Input: 16 seqs, avg length 374, max 425

00:00 3.9Mb  CPU has 32 cores, defaulting to 20 threads

WARNING: Max OMP threads 1

00:00 3.9Mb    0.83% Calc posteriors00:01 4.7Mb    24.2% Calc posteriors00:02 4.8Mb    65.8% Calc posteriors00:02 11Mb    100.0% Calc posteriors
00:03 4.9Mb    0.83% Consistency (1/2)00:03 6.7Mb   100.0% Consistency (1/2)
00:03 6.7Mb    0.83% Consistency (2/2)00:03 6.7Mb   100.0% Consistency (2/2)
00:03 6.7Mb     6.7% UPGMA5           00:03 6.7Mb   100.0% UPGMA5
00:03 7.0Mb     1.0% Refining00:03 7.5Mb   100.0% Refining
INFO:Malign:Fasta contains 16 valid records
INFO:Malign:Aligned already
INFO:Malign:Align contains 16 valid records

================================================================================
ERROR
Error occurred during parsing of your input file.
Unknown symbol ([) encountered in a sequence.

You could either remove the symbol, or provide a background frequencies for all
symbols.
================================================================================

