
muscle 5.1.linux64 [12f0e2]  131Gb RAM, 20 cores
Built Jan 13 2022 23:17:13
(C) Copyright 2004-2021 Robert C. Edgar.
https://drive5.com

Input: 6 seqs, avg length 469, max 477


WARNING: Max OMP threads 1

00:00 3.9Mb  CPU has 20 cores, running 1 threads
00:00 3.9Mb     6.7% Calc posteriors00:00 4.9Mb   100.0% Calc posteriors
00:00 4.9Mb     6.7% Consistency (1/2)00:00 5.8Mb   100.0% Consistency (1/2)
00:00 5.8Mb     6.7% Consistency (2/2)00:00 5.8Mb   100.0% Consistency (2/2)
00:00 5.8Mb    20.0% UPGMA5           00:00 5.8Mb   100.0% UPGMA5
00:00 5.8Mb     1.0% Refining00:01 6.1Mb    30.0% Refining00:01 6.1Mb   100.0% Refining
INFO:Malign:No identity filter
INFO:Malign:Star /work3/idamei/wzy/ssn-clusterings/2210041007/superclusterings/2210041009/superclusters/0006_1_61/seeds.txt
INFO:Malign:Star highlights 1 from comma-separated list
Read FASTA line_by_line from /work3/idamei/wzy/ssn-clusterings/2210041007/superclusterings/2210041009/superclusters/0006_1_61/sequences.afa 6 elements
INFO:Malign:No identity filter
INFO:Malign:Fasta contains 6 valid records
INFO:Malign:Aligned already
INFO:Malign:Align contains 6 valid records
FastTree Version 2.1.11 SSE3
Alignment: /work3/idamei/wzy/ssn-clusterings/2210041007/superclusterings/2210041009/superclusters/0006_1_61/sequences.afa
Amino acid distances: BLOSUM45 Joins: balanced Support: SH-like 1000
Search: Normal +NNI +SPR (2 rounds range 10) +ML-NNI opt-each=1
TopHits: 1.00*sqrtN close=default refresh=0.80
ML Model: Jones-Taylor-Thorton, CAT approximation with 20 rate categories
Initial topology in 0.00 seconds
Refining topology: 9 rounds ME-NNIs, 2 rounds ME-SPRs, 5 rounds ML-NNIs
Total branch-length 1.298 after 0.00 sec
ML-NNI round 1: LogLk = -3641.269 NNIs 0 max delta 0.00 Time 0.02
Switched to using 20 rate categories (CAT approximation)
Rate categories were divided by 0.765 so that average rate = 1.0
CAT-based log-likelihoods may not be comparable across runs
Use -gamma for approximate but comparable Gamma(20) log-likelihoods
ML-NNI round 2: LogLk = -3479.346 NNIs 0 max delta 0.00 Time 0.03
Turning off heuristics for final round of ML NNIs (converged)
ML-NNI round 3: LogLk = -3477.853 NNIs 0 max delta 0.00 Time 0.05 (final)
Optimize all lengths: LogLk = -3477.842 Time 0.06
Total time: 0.08 seconds Unique: 5/6 Bad splits: 0/2
