
muscle 5.1.linux64 [12f0e2]  792Gb RAM, 24 cores
Built Jan 13 2022 23:17:13
(C) Copyright 2004-2021 Robert C. Edgar.
https://drive5.com

Input: 20 seqs, avg length 347, max 365

00:00 3.9Mb  CPU has 24 cores, defaulting to 20 threads

WARNING: Max OMP threads 1

00:00 3.9Mb    0.53% Calc posteriors00:01 4.5Mb    14.2% Calc posteriors00:02 4.7Mb    32.6% Calc posteriors00:03 5.4Mb    49.5% Calc posteriors00:04 11Mb     67.9% Calc posteriors00:05 5.9Mb    85.8% Calc posteriors00:05 6.2Mb   100.0% Calc posteriors
00:05 6.2Mb    0.53% Consistency (1/2)00:05 9.1Mb   100.0% Consistency (1/2)
00:05 9.1Mb    0.53% Consistency (2/2)00:06 9.1Mb    53.2% Consistency (2/2)00:06 9.1Mb   100.0% Consistency (2/2)
00:06 9.1Mb     5.3% UPGMA5           00:06 9.1Mb   100.0% UPGMA5
00:06 9.3Mb     1.0% Refining00:06 10Mb    100.0% Refining
INFO:Malign:No identity filter
INFO:Malign:Star /work3/idamei/wzy/ssn-clusterings/2209081049/super-clusters/0020_1_125/seeds.txt
INFO:Malign:Star highlights 1 from comma-separated list
Read FASTA line_by_line from /work3/idamei/wzy/ssn-clusterings/2209081049/super-clusters/0020_1_125/sequences.afa 20 elements
INFO:Malign:No identity filter
INFO:Malign:Fasta contains 20 valid records
INFO:Malign:Aligned already
INFO:Malign:Align contains 20 valid records
FastTree Version 2.1.11 SSE3
Alignment: /work3/idamei/wzy/ssn-clusterings/2209081049/super-clusters/0020_1_125/sequences.afa
Amino acid distances: BLOSUM45 Joins: balanced Support: SH-like 1000
Search: Normal +NNI +SPR (2 rounds range 10) +ML-NNI opt-each=1
TopHits: 1.00*sqrtN close=default refresh=0.80
ML Model: Jones-Taylor-Thorton, CAT approximation with 20 rate categories
Initial topology in 0.01 seconds
Refining topology: 17 rounds ME-NNIs, 2 rounds ME-SPRs, 9 rounds ML-NNIs
Total branch-length 5.768 after 0.08 sec
      0.10 seconds: ML NNI round 1 of 9, 1 of 18 splits
ML-NNI round 1: LogLk = -9640.918 NNIs 2 max delta 3.00 Time 0.20
      0.20 seconds: Site likelihoods with rate category 5 of 20
Switched to using 20 rate categories (CAT approximation)
Rate categories were divided by 0.920 so that average rate = 1.0
CAT-based log-likelihoods may not be comparable across runs
Use -gamma for approximate but comparable Gamma(20) log-likelihoods
ML-NNI round 2: LogLk = -9192.427 NNIs 0 max delta 0.00 Time 0.31
Turning off heuristics for final round of ML NNIs (converged)
      0.31 seconds: ML NNI round 3 of 9, 1 of 18 splits
ML-NNI round 3: LogLk = -9188.730 NNIs 0 max delta 0.00 Time 0.45 (final)
      0.44 seconds: ML Lengths 1 of 18 splits
Optimize all lengths: LogLk = -9188.703 Time 0.49
Total time: 0.59 seconds Unique: 20/20 Bad splits: 0/17
