
muscle 5.1.linux64 [12f0e2]  396Gb RAM, 24 cores
Built Jan 13 2022 23:17:13
(C) Copyright 2004-2021 Robert C. Edgar.
https://drive5.com

Input: 24 seqs, avg length 373, max 391

00:00 3.9Mb  CPU has 24 cores, defaulting to 20 threads

WARNING: Max OMP threads 1

00:00 3.9Mb    0.36% Calc posteriors00:01 4.6Mb     6.5% Calc posteriors00:02 4.6Mb    18.8% Calc posteriors00:03 5.3Mb    30.4% Calc posteriors00:04 5.3Mb    40.9% Calc posteriors00:05 5.4Mb    51.8% Calc posteriors00:06 5.7Mb    63.0% Calc posteriors00:07 6.0Mb    74.6% Calc posteriors00:08 6.3Mb    86.6% Calc posteriors00:09 6.6Mb    97.8% Calc posteriors00:09 6.6Mb   100.0% Calc posteriors
00:09 6.6Mb    0.36% Consistency (1/2)00:09 10.0Mb  100.0% Consistency (1/2)
00:09 10.0Mb   0.36% Consistency (2/2)00:09 10.0Mb  100.0% Consistency (2/2)
00:09 10.0Mb    4.3% UPGMA5           00:09 10.0Mb  100.0% UPGMA5
00:09 10Mb      1.0% Refining00:09 11Mb    100.0% Refining
INFO:Malign:No identity filter
INFO:Malign:Star /work3/idamei/ssn-clusterings/2206011120/clusters/0024_4/seeds.txt
INFO:Malign:Star highlights 1
INFO:Malign:No identity filter
INFO:Malign:Fasta contains 24 valid records
INFO:Malign:Aligned already
INFO:Malign:Align contains 24 valid records
inputType: FASTA

