
muscle 5.1.linux64 [12f0e2]  396Gb RAM, 24 cores
Built Jan 13 2022 23:17:13
(C) Copyright 2004-2021 Robert C. Edgar.
https://drive5.com

Input: 10 seqs, avg length 389, max 408

00:00 3.9Mb  CPU has 24 cores, defaulting to 20 threads

WARNING: Max OMP threads 1

00:00 3.9Mb     2.2% Calc posteriors00:01 4.0Mb    11.1% Calc posteriors00:02 10Mb     75.6% Calc posteriors00:02 10Mb    100.0% Calc posteriors
00:02 4.5Mb     2.2% Consistency (1/2)00:02 5.8Mb   100.0% Consistency (1/2)
00:02 5.8Mb     2.2% Consistency (2/2)00:02 5.8Mb   100.0% Consistency (2/2)
00:02 5.8Mb    11.1% UPGMA5           00:02 5.8Mb   100.0% UPGMA5
00:02 5.8Mb     1.0% Refining00:02 6.3Mb   100.0% Refining
INFO:Malign:No identity filter
INFO:Malign:Star /work3/idamei/wzy/ssn-clusterings/2209140925/super-clusters/0010_1_153/seeds.txt
INFO:Malign:Star highlights 1 from comma-separated list
Read FASTA line_by_line from /work3/idamei/wzy/ssn-clusterings/2209140925/super-clusters/0010_1_153/sequences.afa 10 elements
INFO:Malign:No identity filter
INFO:Malign:Fasta contains 10 valid records
INFO:Malign:Aligned already
INFO:Malign:Align contains 10 valid records
FastTree Version 2.1.11 SSE3
Alignment: /work3/idamei/wzy/ssn-clusterings/2209140925/super-clusters/0010_1_153/sequences.afa
Amino acid distances: BLOSUM45 Joins: balanced Support: SH-like 1000
Search: Normal +NNI +SPR (2 rounds range 10) +ML-NNI opt-each=1
TopHits: 1.00*sqrtN close=default refresh=0.80
ML Model: Jones-Taylor-Thorton, CAT approximation with 20 rate categories
Initial topology in 0.00 seconds
Refining topology: 13 rounds ME-NNIs, 2 rounds ME-SPRs, 7 rounds ML-NNIs
Total branch-length 2.673 after 0.02 sec
ML-NNI round 1: LogLk = -5353.525 NNIs 1 max delta 0.16 Time 0.07
Switched to using 20 rate categories (CAT approximation)
Rate categories were divided by 0.837 so that average rate = 1.0
CAT-based log-likelihoods may not be comparable across runs
Use -gamma for approximate but comparable Gamma(20) log-likelihoods
      0.10 seconds: ML NNI round 2 of 7, 1 of 8 splits
ML-NNI round 2: LogLk = -5079.722 NNIs 0 max delta 0.00 Time 0.12
Turning off heuristics for final round of ML NNIs (converged)
ML-NNI round 3: LogLk = -5076.970 NNIs 0 max delta 0.00 Time 0.17 (final)
Optimize all lengths: LogLk = -5076.938 Time 0.19
Total time: 0.24 seconds Unique: 10/10 Bad splits: 0/7
