
muscle 5.1.linux64 [12f0e2]  264Gb RAM, 24 cores
Built Jan 13 2022 23:17:13
(C) Copyright 2004-2021 Robert C. Edgar.
https://drive5.com

Input: 25 seqs, avg length 409, max 428

00:00 3.9Mb  CPU has 24 cores, defaulting to 20 threads

WARNING: Max OMP threads 1

00:00 3.9Mb    0.33% Calc posteriors00:01 4.8Mb     7.3% Calc posteriors00:02 4.8Mb    17.0% Calc posteriors00:03 4.8Mb    26.7% Calc posteriors00:04 5.7Mb    35.7% Calc posteriors00:05 13Mb     45.7% Calc posteriors00:06 5.7Mb    54.7% Calc posteriors00:07 13Mb     64.7% Calc posteriors00:08 13Mb     74.3% Calc posteriors00:09 6.4Mb    83.7% Calc posteriors00:10 14Mb     92.7% Calc posteriors00:10 14Mb    100.0% Calc posteriors
00:10 6.9Mb    0.33% Consistency (1/2)00:10 11Mb    100.0% Consistency (1/2)
00:10 11Mb     0.33% Consistency (2/2)00:11 11Mb     30.7% Consistency (2/2)00:11 11Mb    100.0% Consistency (2/2)
00:11 11Mb      4.2% UPGMA5           00:11 11Mb    100.0% UPGMA5
00:11 11Mb      1.0% Refining00:11 12Mb    100.0% Refining
INFO:Malign:No identity filter
INFO:Malign:Star /work3/idamei/ssn-clusterings/2206071104/clusters/0025_90/seeds.txt
INFO:Malign:Star highlights 5
INFO:Malign:No identity filter
INFO:Malign:Fasta contains 25 valid records
INFO:Malign:Aligned already
INFO:Malign:Align contains 25 valid records
inputType: FASTA
================================================================================
WARNINGS

One or more weights was less than -50 bits.
To avoid such amino acid dominating the logo position, these was reduced to -50
bits.
To remove this warning you could try choosing the option of pseudo counts.
================================================================================

