
muscle 5.1.linux64 [12f0e2]  131Gb RAM, 20 cores
Built Jan 13 2022 23:17:13
(C) Copyright 2004-2021 Robert C. Edgar.
https://drive5.com

Input: 31 seqs, avg length 359, max 379


WARNING: Max OMP threads 1

00:00 3.9Mb  CPU has 20 cores, running 1 threads
00:00 3.9Mb    0.22% Calc posteriors00:01 4.7Mb     3.0% Calc posteriors00:02 4.7Mb    10.8% Calc posteriors00:03 10Mb     18.9% Calc posteriors00:04 5.5Mb    26.9% Calc posteriors00:05 5.9Mb    34.8% Calc posteriors00:06 6.4Mb    42.8% Calc posteriors00:07 6.9Mb    50.1% Calc posteriors00:08 13Mb     57.6% Calc posteriors00:09 7.8Mb    65.4% Calc posteriors00:10 8.3Mb    73.3% Calc posteriors00:11 14Mb     81.3% Calc posteriors00:12 15Mb     89.2% Calc posteriors00:13 15Mb     97.0% Calc posteriors00:13 9.9Mb   100.0% Calc posteriors
00:13 16Mb     0.22% Consistency (1/2)00:13 16Mb    100.0% Consistency (1/2)
00:14 16Mb     0.22% Consistency (2/2)00:14 16Mb    100.0% Consistency (2/2)
00:14 16Mb      3.3% UPGMA5           00:14 16Mb    100.0% UPGMA5
00:14 17Mb      1.0% Refining00:14 18Mb    100.0% Refining
INFO:Malign:No identity filter
INFO:Malign:Star /work3/idamei/wzy/ssn-clusterings/2210041007/superclusterings/2210041009/superclusters/0031_1_60/seeds.txt
INFO:Malign:Star highlights 1 from comma-separated list
Read FASTA line_by_line from /work3/idamei/wzy/ssn-clusterings/2210041007/superclusterings/2210041009/superclusters/0031_1_60/sequences.afa 31 elements
INFO:Malign:No identity filter
INFO:Malign:Fasta contains 31 valid records
INFO:Malign:Aligned already
INFO:Malign:Align contains 31 valid records
FastTree Version 2.1.11 SSE3
Alignment: /work3/idamei/wzy/ssn-clusterings/2210041007/superclusterings/2210041009/superclusters/0031_1_60/sequences.afa
Amino acid distances: BLOSUM45 Joins: balanced Support: SH-like 1000
Search: Normal +NNI +SPR (2 rounds range 10) +ML-NNI opt-each=1
TopHits: 1.00*sqrtN close=default refresh=0.80
ML Model: Jones-Taylor-Thorton, CAT approximation with 20 rate categories
Initial topology in 0.01 seconds
Refining topology: 20 rounds ME-NNIs, 2 rounds ME-SPRs, 10 rounds ML-NNIs
      0.14 seconds: ME NNI round 13 of 20, 1 of 29 splits
Total branch-length 11.940 after 0.15 sec
ML-NNI round 1: LogLk = -18235.823 NNIs 2 max delta 3.93 Time 0.33
      0.33 seconds: Site likelihoods with rate category 1 of 20
Switched to using 20 rate categories (CAT approximation)
Rate categories were divided by 0.973 so that average rate = 1.0
CAT-based log-likelihoods may not be comparable across runs
Use -gamma for approximate but comparable Gamma(20) log-likelihoods
ML-NNI round 2: LogLk = -17556.509 NNIs 4 max delta 1.89 Time 0.54
      0.53 seconds: ML NNI round 3 of 10, 1 of 29 splits
ML-NNI round 3: LogLk = -17554.894 NNIs 2 max delta 1.42 Time 0.64
      0.64 seconds: ML NNI round 4 of 10, 1 of 29 splits
ML-NNI round 4: LogLk = -17553.707 NNIs 2 max delta 0.52 Time 0.73
ML-NNI round 5: LogLk = -17552.757 NNIs 0 max delta 0.00 Time 0.78
Turning off heuristics for final round of ML NNIs (converged)
      0.77 seconds: ML NNI round 6 of 10, 1 of 29 splits
ML-NNI round 6: LogLk = -17547.848 NNIs 0 max delta 0.00 Time 0.98 (final)
      0.98 seconds: ML Lengths 1 of 29 splits
Optimize all lengths: LogLk = -17547.745 Time 1.04
Total time: 1.21 seconds Unique: 31/31 Bad splits: 0/28
