
muscle 5.1.linux64 [12f0e2]  792Gb RAM, 32 cores
Built Jan 13 2022 23:17:13
(C) Copyright 2004-2021 Robert C. Edgar.
https://drive5.com

Input: 18 seqs, avg length 398, max 439

00:00 3.9Mb  CPU has 32 cores, defaulting to 20 threads

WARNING: Max OMP threads 1

00:00 3.9Mb    0.65% Calc posteriors00:01 11Mb      6.5% Calc posteriors00:02 4.7Mb    28.8% Calc posteriors00:03 12Mb     49.0% Calc posteriors00:04 13Mb     71.2% Calc posteriors00:05 5.9Mb    92.2% Calc posteriors00:05 7.5Mb   100.0% Calc posteriors
00:05 14Mb     0.65% Consistency (1/2)00:05 14Mb    100.0% Consistency (1/2)
00:05 14Mb     0.65% Consistency (2/2)00:05 14Mb    100.0% Consistency (2/2)
00:05 14Mb      5.9% UPGMA5           00:06 14Mb     11.8% UPGMA500:06 14Mb    100.0% UPGMA5
00:06 14Mb      1.0% Refining00:06 14Mb    100.0% Refining
INFO:Malign:No identity filter
INFO:Malign:Star /work3/idamei/wzy/ssn-clusterings/2210041007/superclusterings/2210101123/superclusters/0018_2_19/seeds.txt
INFO:Malign:Star highlights 1 from comma-separated list
Read FASTA line_by_line from /work3/idamei/wzy/ssn-clusterings/2210041007/superclusterings/2210101123/superclusters/0018_2_19/sequences.afa 18 elements
INFO:Malign:No identity filter
INFO:Malign:Fasta contains 18 valid records
INFO:Malign:Aligned already
INFO:Malign:Align contains 18 valid records
FastTree Version 2.1.11 SSE3
Alignment: /work3/idamei/wzy/ssn-clusterings/2210041007/superclusterings/2210101123/superclusters/0018_2_19/sequences.afa
Amino acid distances: BLOSUM45 Joins: balanced Support: SH-like 1000
Search: Normal +NNI +SPR (2 rounds range 10) +ML-NNI opt-each=1
TopHits: 1.00*sqrtN close=default refresh=0.80
ML Model: Jones-Taylor-Thorton, CAT approximation with 20 rate categories
Initial topology in 0.00 seconds
Refining topology: 16 rounds ME-NNIs, 2 rounds ME-SPRs, 8 rounds ML-NNIs
Total branch-length 5.079 after 0.07 sec
ML-NNI round 1: LogLk = -9143.351 NNIs 6 max delta 15.75 Time 0.19
      0.19 seconds: Site likelihoods with rate category 1 of 20
Switched to using 20 rate categories (CAT approximation)
Rate categories were divided by 0.849 so that average rate = 1.0
CAT-based log-likelihoods may not be comparable across runs
Use -gamma for approximate but comparable Gamma(20) log-likelihoods
ML-NNI round 2: LogLk = -8740.307 NNIs 0 max delta 0.00 Time 0.34
Turning off heuristics for final round of ML NNIs (converged)
      0.33 seconds: ML NNI round 3 of 8, 1 of 15 splits
ML-NNI round 3: LogLk = -8739.133 NNIs 0 max delta 0.00 Time 0.45 (final)
      0.44 seconds: ML Lengths 1 of 15 splits
Optimize all lengths: LogLk = -8739.125 Time 0.48
Total time: 0.59 seconds Unique: 17/18 Bad splits: 0/14
